#
# A fatal error has been detected by the Java Runtime Environment:
#
#  Internal Error (nativeInst_x86.cpp:270), pid=54406, tid=27911
#  guarantee(!os::is_MP() || is_aligned) failed: destination must be aligned
#
# JRE version: OpenJDK Runtime Environment GraalVM CE 21.2.0 (11.0.12+6) (build 11.0.12+6-jvmci-21.2-b08)
# Java VM: OpenJDK 64-Bit Server VM GraalVM CE 21.2.0 (11.0.12+6-jvmci-21.2-b08, mixed mode, sharing, tiered, jvmci, jvmci compiler, compressed oops, g1 gc, bsd-amd64)
# No core dump will be written. Core dumps have been disabled. To enable core dumping, try "ulimit -c unlimited" before starting Java again
#
# If you would like to submit a bug report, please visit:
#   https://github.com/oracle/graal/issues
#

---------------  S U M M A R Y ------------

Command Line: -XX:+UnlockExperimentalVMOptions -XX:+EnableJVMCIProduct -XX:-UnlockExperimentalVMOptions -XX:ThreadPriorityPolicy=1 -Xverify:none -Dquarkus-internal.serialized-app-model.path=/Users/plawn/Documents/petiteStack/petit_chat/target/quarkus/bootstrap/dev-app-model.dat -javaagent:/Users/plawn/.m2/repository/io/quarkus/quarkus-class-change-agent/2.15.0.Final/quarkus-class-change-agent-2.15.0.Final.jar -agentlib:jdwp=transport=dt_socket,address=localhost:5005,server=y,suspend=n -Djava.util.logging.manager=org.jboss.logmanager.LogManager /Users/plawn/Documents/petiteStack/petit_chat/target/petit_chat-dev.jar

Host: MacBookPro14,1 x86_64 2300 MHz, 4 cores, 8G, Darwin 19.6.0
Time: Tue Dec 27 23:38:41 2022 CET elapsed time: 278.477776 seconds (0d 0h 4m 38s)

---------------  T H R E A D  ---------------

Current thread (0x00007fa071f1e800):  JavaThread "Console Shutdown Hook" [_thread_in_vm, id=27911, stack(0x0000700004c5b000,0x0000700004d5b000)]

Stack: [0x0000700004c5b000,0x0000700004d5b000],  sp=0x0000700004d56f60,  free space=1007k
Native frames: (J=compiled Java code, A=aot compiled Java code, j=interpreted, Vv=VM code, C=native code)
V  [libjvm.dylib+0x7a0ba3]  _ZN7VMError14report_and_dieEiPKcS1_P13__va_list_tagP6ThreadPhPvS7_S1_im+0x663
V  [libjvm.dylib+0x7a12a1]  _ZN7VMError14report_and_dieEP6ThreadPvPKciS4_S4_P13__va_list_tag+0x47
V  [libjvm.dylib+0x26c454]  _Z15report_vm_errorPKciS0_S0_z+0xa9
V  [libjvm.dylib+0x639c2c]  _ZN10NativeCall23set_destination_mt_safeEPh+0x66
V  [libjvm.dylib+0x23966d]  _ZN10CompiledIC27internal_set_ic_destinationEPhbPvb+0x77
V  [libjvm.dylib+0x6d561b]  _ZN13SharedRuntime19reresolve_call_siteEP10JavaThreadP6Thread+0x1ed
V  [libjvm.dylib+0x6d21d0]  _ZN13SharedRuntime19handle_wrong_methodEP10JavaThread+0xa4
v  ~RuntimeStub::wrong_method_stub
J 3469 jvmci java.util.regex.Pattern$GroupHead.match(Ljava/util/regex/Matcher;ILjava/lang/CharSequence;)Z java.base@11.0.12 (47 bytes) @ 0x000000011b0085a2 [0x000000011b0083a0+0x0000000000000202]
J 5147 jvmci java.util.regex.Pattern$Start.match(Ljava/util/regex/Matcher;ILjava/lang/CharSequence;)Z java.base@11.0.12 (90 bytes) @ 0x000000011b06f150 [0x000000011b06f020+0x0000000000000130]
J 5139 jvmci java.util.regex.Matcher.search(I)Z java.base@11.0.12 (154 bytes) @ 0x000000011b06fed7 [0x000000011b06fd60+0x0000000000000177]
J 3622 c1 java.util.regex.Matcher.find()Z java.base@11.0.12 (69 bytes) @ 0x0000000111944d5c [0x0000000111944c40+0x000000000000011c]
j  org.aesh.readline.terminal.impl.ExecPty.doGetFlag(Ljava/lang/String;Ljava/lang/Enum;)Ljava/lang/Boolean;+39
j  org.aesh.readline.terminal.impl.ExecPty.doGetAttr(Ljava/lang/String;)Lorg/aesh/terminal/Attributes;+33
j  org.aesh.readline.terminal.impl.ExecPty.getAttr()Lorg/aesh/terminal/Attributes;+34
j  org.aesh.readline.terminal.impl.ExecPty.setAttr(Lorg/aesh/terminal/Attributes;)V+1
j  org.aesh.readline.terminal.impl.AbstractPosixTerminal.setAttributes(Lorg/aesh/terminal/Attributes;)V+5
j  org.aesh.readline.tty.terminal.TerminalConnection.setAttributes(Lorg/aesh/terminal/Attributes;)V+5
j  io.quarkus.deployment.console.AeshConsole.end(Lorg/aesh/terminal/Connection;)V+5
j  io.quarkus.deployment.console.AeshConsole.lambda$setup$2(Lorg/aesh/terminal/Connection;Ljava/lang/Void;)V+2
j  io.quarkus.deployment.console.AeshConsole$$Lambda$367.accept(Ljava/lang/Object;)V+12
j  org.aesh.readline.tty.terminal.TerminalConnection.close()V+17
j  io.quarkus.deployment.console.AeshConsole$2.run()V+4
j  java.lang.Thread.run()V+11 java.base@11.0.12
v  ~StubRoutines::call_stub
V  [libjvm.dylib+0x3a8fdc]  _ZN9JavaCalls11call_helperEP9JavaValueRK12methodHandleP17JavaCallArgumentsP6Thread+0x21c
V  [libjvm.dylib+0x3a8440]  _ZN9JavaCalls12call_virtualEP9JavaValueP5KlassP6SymbolS5_P17JavaCallArgumentsP6Thread+0xee
V  [libjvm.dylib+0x3a84fc]  _ZN9JavaCalls12call_virtualEP9JavaValue6HandleP5KlassP6SymbolS6_P6Thread+0x62
V  [libjvm.dylib+0x42df9d]  _ZL12thread_entryP10JavaThreadP6Thread+0x78
V  [libjvm.dylib+0x758aa8]  _ZN10JavaThread17thread_main_innerEv+0x82
V  [libjvm.dylib+0x7588f2]  _ZN10JavaThread3runEv+0x174
V  [libjvm.dylib+0x756698]  _ZN6Thread8call_runEv+0x68
V  [libjvm.dylib+0x65bdd9]  _ZL19thread_native_entryP6Thread+0x139
C  [libsystem_pthread.dylib+0x6109]  _pthread_start+0x94
C  [libsystem_pthread.dylib+0x1b8b]  thread_start+0xf

Java frames: (J=compiled Java code, j=interpreted, Vv=VM code)
v  ~RuntimeStub::wrong_method_stub
J 3469 jvmci java.util.regex.Pattern$GroupHead.match(Ljava/util/regex/Matcher;ILjava/lang/CharSequence;)Z java.base@11.0.12 (47 bytes) @ 0x000000011b0085a2 [0x000000011b0083a0+0x0000000000000202]
J 5147 jvmci java.util.regex.Pattern$Start.match(Ljava/util/regex/Matcher;ILjava/lang/CharSequence;)Z java.base@11.0.12 (90 bytes) @ 0x000000011b06f150 [0x000000011b06f020+0x0000000000000130]
J 5139 jvmci java.util.regex.Matcher.search(I)Z java.base@11.0.12 (154 bytes) @ 0x000000011b06fed7 [0x000000011b06fd60+0x0000000000000177]
J 3622 c1 java.util.regex.Matcher.find()Z java.base@11.0.12 (69 bytes) @ 0x0000000111944d5c [0x0000000111944c40+0x000000000000011c]
j  org.aesh.readline.terminal.impl.ExecPty.doGetFlag(Ljava/lang/String;Ljava/lang/Enum;)Ljava/lang/Boolean;+39
j  org.aesh.readline.terminal.impl.ExecPty.doGetAttr(Ljava/lang/String;)Lorg/aesh/terminal/Attributes;+33
j  org.aesh.readline.terminal.impl.ExecPty.getAttr()Lorg/aesh/terminal/Attributes;+34
j  org.aesh.readline.terminal.impl.ExecPty.setAttr(Lorg/aesh/terminal/Attributes;)V+1
j  org.aesh.readline.terminal.impl.AbstractPosixTerminal.setAttributes(Lorg/aesh/terminal/Attributes;)V+5
j  org.aesh.readline.tty.terminal.TerminalConnection.setAttributes(Lorg/aesh/terminal/Attributes;)V+5
j  io.quarkus.deployment.console.AeshConsole.end(Lorg/aesh/terminal/Connection;)V+5
j  io.quarkus.deployment.console.AeshConsole.lambda$setup$2(Lorg/aesh/terminal/Connection;Ljava/lang/Void;)V+2
j  io.quarkus.deployment.console.AeshConsole$$Lambda$367.accept(Ljava/lang/Object;)V+12
j  org.aesh.readline.tty.terminal.TerminalConnection.close()V+17
j  io.quarkus.deployment.console.AeshConsole$2.run()V+4
j  java.lang.Thread.run()V+11 java.base@11.0.12
v  ~StubRoutines::call_stub

---------------  P R O C E S S  ---------------

Threads class SMR info:
_java_thread_list=0x00007fa07043ae60, length=31, elements={
0x00007fa072813000, 0x00007fa072817800, 0x00007fa071078800, 0x00007fa07180a800,
0x00007fa07180b800, 0x00007fa071848800, 0x00007fa071849800, 0x00007fa07281d800,
0x00007fa07111d000, 0x00007fa07111e000, 0x00007fa071147800, 0x00007fa072a43800,
0x00007fa074097000, 0x00007fa071e9f000, 0x00007fa071f0d800, 0x00007fa072f4e800,
0x00007fa07177e000, 0x00007fa071cc6000, 0x00007fa071797800, 0x00007fa071791800,
0x00007fa07173d800, 0x00007fa072f2a800, 0x00007fa071d28800, 0x00007fa071f2f000,
0x00007fa071cb5000, 0x00007fa071780000, 0x00007fa071f1e800, 0x00007fa071d1b800,
0x00007fa071cdc800, 0x00007fa072f09800, 0x00007fa070c33800
}

Java Threads: ( => current thread )
  0x00007fa072813000 JavaThread "Reference Handler" daemon [_thread_blocked, id=16643, stack(0x0000700002975000,0x0000700002a75000)]
  0x00007fa072817800 JavaThread "Finalizer" daemon [_thread_blocked, id=16131, stack(0x0000700002a78000,0x0000700002b78000)]
  0x00007fa071078800 JavaThread "Signal Dispatcher" daemon [_thread_blocked, id=21763, stack(0x0000700002c81000,0x0000700002d81000)]
  0x00007fa07180a800 JavaThread "Service Thread" daemon [_thread_blocked, id=22531, stack(0x0000700002d84000,0x0000700002e84000)]
  0x00007fa07180b800 JavaThread "JVMCI-native CompilerThread0" daemon [_thread_blocked, id=23043, stack(0x0000700002e87000,0x0000700003087000)]
  0x00007fa071848800 JavaThread "C1 CompilerThread0" daemon [_thread_in_vm, id=42755, stack(0x000070000308a000,0x000070000328a000)]
  0x00007fa071849800 JavaThread "Sweeper thread" daemon [_thread_blocked, id=42243, stack(0x000070000328d000,0x000070000338d000)]
  0x00007fa07281d800 JavaThread "Common-Cleaner" daemon [_thread_blocked, id=41475, stack(0x0000700003390000,0x0000700003490000)]
  0x00007fa07111d000 JavaThread "JDWP Transport Listener: dt_socket" daemon [_thread_in_native, id=24323, stack(0x0000700003516000,0x0000700003616000)]
  0x00007fa07111e000 JavaThread "JDWP Event Helper Thread" daemon [_thread_blocked, id=39939, stack(0x0000700003619000,0x0000700003719000)]
  0x00007fa071147800 JavaThread "Libgraal MBean Registration" daemon [_thread_blocked, id=25347, stack(0x000070000381f000,0x000070000391f000)]
  0x00007fa072a43800 JavaThread "ForkJoinPool.commonPool-worker-3" daemon [_thread_blocked, id=37635, stack(0x0000700003f34000,0x0000700004034000)]
  0x00007fa074097000 JavaThread "Aesh InputStream Reader" daemon [_thread_in_native, id=92675, stack(0x0000700009430000,0x0000700009530000)]
  0x00007fa071e9f000 JavaThread "vertx-blocked-thread-checker" daemon [_thread_blocked, id=93443, stack(0x0000700009533000,0x0000700009633000)]
  0x00007fa071f0d800 JavaThread "[DevConsole]vert.x-eventloop-thread-0" [_thread_in_native, id=93955, stack(0x0000700009636000,0x0000700009736000)]
  0x00007fa072f4e800 JavaThread "Quarkus Main Thread" [_thread_blocked, id=53255, stack(0x0000700004340000,0x0000700004440000)]
  0x00007fa07177e000 JavaThread "executor-thread-0" daemon [_thread_blocked, id=36107, stack(0x0000700004443000,0x0000700004543000)]
  0x00007fa071cc6000 JavaThread "vertx-blocked-thread-checker" daemon [_thread_blocked, id=64519, stack(0x0000700004546000,0x0000700004646000)]
  0x00007fa071797800 JavaThread "vert.x-eventloop-thread-0" [_thread_in_vm, id=80647, stack(0x0000700004649000,0x0000700004749000)]
  0x00007fa071791800 JavaThread "vert.x-eventloop-thread-1" [_thread_in_native, id=27655, stack(0x000070000474c000,0x000070000484c000)]
  0x00007fa07173d800 JavaThread "vert.x-eventloop-thread-2" [_thread_in_native, id=70407, stack(0x000070000484f000,0x000070000494f000)]
  0x00007fa072f2a800 JavaThread "vert.x-acceptor-thread-0" [_thread_in_native, id=28679, stack(0x0000700004952000,0x0000700004a52000)]
  0x00007fa071d28800 JavaThread "vert.x-eventloop-thread-3" [_thread_in_native, id=129543, stack(0x0000700004a55000,0x0000700004b55000)]
  0x00007fa071f2f000 JavaThread "DestroyJavaVM" [_thread_blocked, id=9987, stack(0x0000700002260000,0x0000700002360000)]
  0x00007fa071cb5000 JavaThread "Thread-86" daemon [_thread_blocked, id=87819, stack(0x000070000413a000,0x000070000423a000)]
  0x00007fa071780000 JavaThread "Quarkus Shutdown Thread" [_thread_blocked, id=53003, stack(0x000070000423d000,0x000070000433d000)]
=>0x00007fa071f1e800 JavaThread "Console Shutdown Hook" [_thread_in_vm, id=27911, stack(0x0000700004c5b000,0x0000700004d5b000)]
  0x00007fa071d1b800 JavaThread "Shutdown thread" [_thread_blocked, id=88839, stack(0x0000700004d5e000,0x0000700004e5e000)]
  0x00007fa071cdc800 JavaThread "Aesh Shutdown Hook" [_thread_in_vm, id=32263, stack(0x0000700004f64000,0x0000700005064000)]
  0x00007fa072f09800 JavaThread "process reaper" daemon [_thread_blocked, id=31755, stack(0x0000700002bfe000,0x0000700002c22000)]
  0x00007fa070c33800 JavaThread "process reaper" daemon [_thread_blocked, id=26123, stack(0x0000700002c25000,0x0000700002c49000)]

Other Threads:
  0x00007fa07080f800 VMThread "VM Thread" [stack: 0x0000700002872000,0x0000700002972000] [id=12291]
  0x00007fa07299a000 WatcherThread [stack: 0x000070000371c000,0x000070000381c000] [id=24835]
  0x00007fa07100b800 GCTaskThread "GC Thread#0" [stack: 0x0000700002363000,0x0000700002463000] [id=20739]
  0x00007fa07136a800 GCTaskThread "GC Thread#1" [stack: 0x0000700003922000,0x0000700003a22000] [id=14855]
  0x00007fa07136b000 GCTaskThread "GC Thread#2" [stack: 0x0000700003a25000,0x0000700003b25000] [id=40967]
  0x00007fa070813800 GCTaskThread "GC Thread#3" [stack: 0x0000700004037000,0x0000700004137000] [id=37123]
  0x00007fa071032000 ConcurrentGCThread "G1 Main Marker" [stack: 0x0000700002466000,0x0000700002566000] [id=20227]
  0x00007fa072812000 ConcurrentGCThread "G1 Conc#0" [stack: 0x0000700002569000,0x0000700002669000] [id=19203]
  0x00007fa071832000 ConcurrentGCThread "G1 Refine#0" [stack: 0x000070000266c000,0x000070000276c000] [id=18691]
  0x00007fa071929000 ConcurrentGCThread "G1 Refine#1" [stack: 0x0000700003b28000,0x0000700003c28000] [id=25603]
  0x00007fa07192a000 ConcurrentGCThread "G1 Refine#2" [stack: 0x0000700003c2b000,0x0000700003d2b000] [id=38915]
  0x00007fa0713ff000 ConcurrentGCThread "G1 Refine#3" [stack: 0x0000700003d2e000,0x0000700003e2e000] [id=25859]
  0x00007fa071833000 ConcurrentGCThread "G1 Young RemSet Sampling" [stack: 0x000070000276f000,0x000070000286f000] [id=18179]

Threads with active compile tasks:
JVMCI-native CompilerThread0 278485 6147       4       java.lang.Thread::onSpinWait (1 bytes)
C1 CompilerThread0 278485 6152       3       java.util.regex.Pattern$BmpCharPredicate$$Lambda$91/0x00000008400cc440::is (13 bytes)

VM state:not at safepoint (normal execution)

VM Mutex/Monitor currently owned by a thread:  ([mutex/lock_event])
[0x00007fa0704065d0] Patching_lock - owner thread: 0x00007fa071f1e800
[0x00007fa0704078d0] CompiledIC_lock - owner thread: 0x00007fa071f1e800
[0x00007fa070407c50] Compile_lock - owner thread: 0x00007fa071848800
[0x00007fa070407dd0] MethodCompileQueue_lock - owner thread: 0x00007fa071848800

Heap address: 0x0000000780000000, size: 2048 MB, Compressed Oops mode: Zero based, Oop shift amount: 3
Narrow klass base: 0x0000000800000000, Narrow klass shift: 3
Compressed class space size: 1073741824 Address: 0x0000000840000000

Heap:
 garbage-first heap   total 214016K, used 86762K [0x0000000780000000, 0x0000000800000000)
  region size 1024K, 9 young (9216K), 1 survivors (1024K)
 Metaspace       used 52727K, capacity 55246K, committed 55504K, reserved 1097728K
  class space    used 6437K, capacity 7455K, committed 7500K, reserved 1048576K
Heap Regions: E=young(eden), S=young(survivor), O=old, HS=humongous(starts), HC=humongous(continues), CS=collection set, F=free, A=archive, TAMS=top-at-mark-start (previous, next)
|   0|0x0000000780000000, 0x0000000780100000, 0x0000000780100000|100%| O|  |TAMS 0x0000000780100000, 0x0000000780000000| Untracked 
|   1|0x0000000780100000, 0x0000000780200000, 0x0000000780200000|100%| O|  |TAMS 0x0000000780200000, 0x0000000780100000| Untracked 
|   2|0x0000000780200000, 0x0000000780300000, 0x0000000780300000|100%|HS|  |TAMS 0x0000000780300000, 0x0000000780200000| Complete 
|   3|0x0000000780300000, 0x0000000780400000, 0x0000000780400000|100%|HC|  |TAMS 0x0000000780400000, 0x0000000780300000| Complete 
|   4|0x0000000780400000, 0x0000000780500000, 0x0000000780500000|100%| O|  |TAMS 0x0000000780500000, 0x0000000780400000| Untracked 
|   5|0x0000000780500000, 0x0000000780600000, 0x0000000780600000|100%| O|  |TAMS 0x0000000780600000, 0x0000000780500000| Untracked 
|   6|0x0000000780600000, 0x0000000780700000, 0x0000000780700000|100%| O|  |TAMS 0x0000000780700000, 0x0000000780600000| Untracked 
|   7|0x0000000780700000, 0x0000000780800000, 0x0000000780800000|100%| O|  |TAMS 0x0000000780800000, 0x0000000780700000| Untracked 
|   8|0x0000000780800000, 0x0000000780900000, 0x0000000780900000|100%| O|  |TAMS 0x0000000780900000, 0x0000000780800000| Untracked 
|   9|0x0000000780900000, 0x0000000780a00000, 0x0000000780a00000|100%| O|  |TAMS 0x0000000780a00000, 0x0000000780900000| Untracked 
|  10|0x0000000780a00000, 0x0000000780b00000, 0x0000000780b00000|100%| O|  |TAMS 0x0000000780b00000, 0x0000000780a00000| Untracked 
|  11|0x0000000780b00000, 0x0000000780c00000, 0x0000000780c00000|100%| O|  |TAMS 0x0000000780c00000, 0x0000000780b00000| Untracked 
|  12|0x0000000780c00000, 0x0000000780d00000, 0x0000000780d00000|100%| O|  |TAMS 0x0000000780d00000, 0x0000000780c00000| Untracked 
|  13|0x0000000780d00000, 0x0000000780e00000, 0x0000000780e00000|100%| O|  |TAMS 0x0000000780e00000, 0x0000000780d00000| Untracked 
|  14|0x0000000780e00000, 0x0000000780f00000, 0x0000000780f00000|100%| O|  |TAMS 0x0000000780f00000, 0x0000000780e00000| Untracked 
|  15|0x0000000780f00000, 0x0000000781000000, 0x0000000781000000|100%| O|  |TAMS 0x0000000781000000, 0x0000000780f00000| Untracked 
|  16|0x0000000781000000, 0x0000000781100000, 0x0000000781100000|100%| O|  |TAMS 0x0000000781100000, 0x0000000781000000| Untracked 
|  17|0x0000000781100000, 0x0000000781200000, 0x0000000781200000|100%| O|  |TAMS 0x0000000781200000, 0x0000000781100000| Untracked 
|  18|0x0000000781200000, 0x0000000781300000, 0x0000000781300000|100%| O|  |TAMS 0x0000000781300000, 0x0000000781200000| Untracked 
|  19|0x0000000781300000, 0x0000000781400000, 0x0000000781400000|100%| O|  |TAMS 0x0000000781400000, 0x0000000781300000| Untracked 
|  20|0x0000000781400000, 0x0000000781500000, 0x0000000781500000|100%| O|  |TAMS 0x0000000781500000, 0x0000000781400000| Untracked 
|  21|0x0000000781500000, 0x0000000781600000, 0x0000000781600000|100%| O|  |TAMS 0x0000000781600000, 0x0000000781500000| Untracked 
|  22|0x0000000781600000, 0x0000000781700000, 0x0000000781700000|100%| O|  |TAMS 0x0000000781700000, 0x0000000781600000| Untracked 
|  23|0x0000000781700000, 0x0000000781800000, 0x0000000781800000|100%| O|  |TAMS 0x0000000781800000, 0x0000000781700000| Untracked 
|  24|0x0000000781800000, 0x0000000781900000, 0x0000000781900000|100%| O|  |TAMS 0x0000000781900000, 0x0000000781800000| Untracked 
|  25|0x0000000781900000, 0x0000000781a00000, 0x0000000781a00000|100%| O|  |TAMS 0x0000000781a00000, 0x0000000781900000| Untracked 
|  26|0x0000000781a00000, 0x0000000781b00000, 0x0000000781b00000|100%| O|  |TAMS 0x0000000781b00000, 0x0000000781a00000| Untracked 
|  27|0x0000000781b00000, 0x0000000781c00000, 0x0000000781c00000|100%| O|  |TAMS 0x0000000781c00000, 0x0000000781b00000| Untracked 
|  28|0x0000000781c00000, 0x0000000781d00000, 0x0000000781d00000|100%| O|  |TAMS 0x0000000781d00000, 0x0000000781c00000| Untracked 
|  29|0x0000000781d00000, 0x0000000781e00000, 0x0000000781e00000|100%| O|  |TAMS 0x0000000781e00000, 0x0000000781d00000| Untracked 
|  30|0x0000000781e00000, 0x0000000781f00000, 0x0000000781f00000|100%| O|  |TAMS 0x0000000781f00000, 0x0000000781e00000| Untracked 
|  31|0x0000000781f00000, 0x0000000782000000, 0x0000000782000000|100%| O|  |TAMS 0x0000000782000000, 0x0000000781f00000| Untracked 
|  32|0x0000000782000000, 0x0000000782100000, 0x0000000782100000|100%| O|  |TAMS 0x0000000782100000, 0x0000000782000000| Untracked 
|  33|0x0000000782100000, 0x0000000782200000, 0x0000000782200000|100%| O|  |TAMS 0x0000000782200000, 0x0000000782100000| Untracked 
|  34|0x0000000782200000, 0x0000000782300000, 0x0000000782300000|100%|HS|  |TAMS 0x0000000782300000, 0x0000000782200000| Complete 
|  35|0x0000000782300000, 0x0000000782400000, 0x0000000782400000|100%| O|  |TAMS 0x0000000782400000, 0x0000000782300000| Untracked 
|  36|0x0000000782400000, 0x0000000782500000, 0x0000000782500000|100%| O|  |TAMS 0x0000000782500000, 0x0000000782400000| Untracked 
|  37|0x0000000782500000, 0x0000000782600000, 0x0000000782600000|100%| O|  |TAMS 0x0000000782600000, 0x0000000782500000| Untracked 
|  38|0x0000000782600000, 0x0000000782700000, 0x0000000782700000|100%| O|  |TAMS 0x0000000782700000, 0x0000000782600000| Untracked 
|  39|0x0000000782700000, 0x0000000782800000, 0x0000000782800000|100%| O|  |TAMS 0x0000000782800000, 0x0000000782700000| Untracked 
|  40|0x0000000782800000, 0x0000000782800000, 0x0000000782900000|  0%| F|  |TAMS 0x0000000782800000, 0x0000000782800000| Untracked 
|  41|0x0000000782900000, 0x0000000782a00000, 0x0000000782a00000|100%| O|  |TAMS 0x0000000782a00000, 0x0000000782900000| Untracked 
|  42|0x0000000782a00000, 0x0000000782b00000, 0x0000000782b00000|100%| O|  |TAMS 0x0000000782b00000, 0x0000000782a00000| Untracked 
|  43|0x0000000782b00000, 0x0000000782c00000, 0x0000000782c00000|100%| O|  |TAMS 0x0000000782c00000, 0x0000000782b00000| Untracked 
|  44|0x0000000782c00000, 0x0000000782d00000, 0x0000000782d00000|100%| O|  |TAMS 0x0000000782d00000, 0x0000000782c00000| Untracked 
|  45|0x0000000782d00000, 0x0000000782e00000, 0x0000000782e00000|100%| O|  |TAMS 0x0000000782e00000, 0x0000000782d00000| Untracked 
|  46|0x0000000782e00000, 0x0000000782f00000, 0x0000000782f00000|100%| O|  |TAMS 0x0000000782f00000, 0x0000000782e00000| Untracked 
|  47|0x0000000782f00000, 0x0000000783000000, 0x0000000783000000|100%| O|  |TAMS 0x0000000783000000, 0x0000000782f00000| Untracked 
|  48|0x0000000783000000, 0x0000000783000000, 0x0000000783100000|  0%| F|  |TAMS 0x0000000783000000, 0x0000000783000000| Untracked 
|  49|0x0000000783100000, 0x0000000783100000, 0x0000000783200000|  0%| F|  |TAMS 0x0000000783100000, 0x0000000783100000| Untracked 
|  50|0x0000000783200000, 0x0000000783300000, 0x0000000783300000|100%| O|  |TAMS 0x0000000783300000, 0x0000000783200000| Untracked 
|  51|0x0000000783300000, 0x0000000783400000, 0x0000000783400000|100%| O|  |TAMS 0x0000000783400000, 0x0000000783300000| Untracked 
|  52|0x0000000783400000, 0x0000000783500000, 0x0000000783500000|100%| O|  |TAMS 0x0000000783500000, 0x0000000783400000| Untracked 
|  53|0x0000000783500000, 0x0000000783600000, 0x0000000783600000|100%| O|  |TAMS 0x0000000783600000, 0x0000000783500000| Untracked 
|  54|0x0000000783600000, 0x0000000783700000, 0x0000000783700000|100%| O|  |TAMS 0x0000000783700000, 0x0000000783600000| Untracked 
|  55|0x0000000783700000, 0x0000000783800000, 0x0000000783800000|100%| O|  |TAMS 0x0000000783800000, 0x0000000783700000| Untracked 
|  56|0x0000000783800000, 0x0000000783900000, 0x0000000783900000|100%| O|  |TAMS 0x0000000783900000, 0x0000000783800000| Untracked 
|  57|0x0000000783900000, 0x0000000783a00000, 0x0000000783a00000|100%| O|  |TAMS 0x0000000783a00000, 0x0000000783900000| Untracked 
|  58|0x0000000783a00000, 0x0000000783b00000, 0x0000000783b00000|100%| O|  |TAMS 0x0000000783b00000, 0x0000000783a00000| Untracked 
|  59|0x0000000783b00000, 0x0000000783c00000, 0x0000000783c00000|100%| O|  |TAMS 0x0000000783c00000, 0x0000000783b00000| Untracked 
|  60|0x0000000783c00000, 0x0000000783d00000, 0x0000000783d00000|100%| O|  |TAMS 0x0000000783d00000, 0x0000000783c00000| Untracked 
|  61|0x0000000783d00000, 0x0000000783e00000, 0x0000000783e00000|100%| O|  |TAMS 0x0000000783e00000, 0x0000000783d00000| Untracked 
|  62|0x0000000783e00000, 0x0000000783f00000, 0x0000000783f00000|100%| O|  |TAMS 0x0000000783f00000, 0x0000000783e00000| Untracked 
|  63|0x0000000783f00000, 0x0000000784000000, 0x0000000784000000|100%| O|  |TAMS 0x0000000784000000, 0x0000000783f00000| Untracked 
|  64|0x0000000784000000, 0x0000000784000000, 0x0000000784100000|  0%| F|  |TAMS 0x0000000784000000, 0x0000000784000000| Untracked 
|  65|0x0000000784100000, 0x0000000784100000, 0x0000000784200000|  0%| F|  |TAMS 0x0000000784100000, 0x0000000784100000| Untracked 
|  66|0x0000000784200000, 0x0000000784200000, 0x0000000784300000|  0%| F|  |TAMS 0x0000000784200000, 0x0000000784200000| Untracked 
|  67|0x0000000784300000, 0x0000000784400000, 0x0000000784400000|100%| O|  |TAMS 0x0000000784400000, 0x0000000784300000| Untracked 
|  68|0x0000000784400000, 0x0000000784500000, 0x0000000784500000|100%| O|  |TAMS 0x0000000784500000, 0x0000000784400000| Untracked 
|  69|0x0000000784500000, 0x0000000784500000, 0x0000000784600000|  0%| F|  |TAMS 0x0000000784500000, 0x0000000784500000| Untracked 
|  70|0x0000000784600000, 0x0000000784700000, 0x0000000784700000|100%| O|  |TAMS 0x0000000784700000, 0x0000000784600000| Untracked 
|  71|0x0000000784700000, 0x0000000784700000, 0x0000000784800000|  0%| F|  |TAMS 0x0000000784700000, 0x0000000784700000| Untracked 
|  72|0x0000000784800000, 0x0000000784800000, 0x0000000784900000|  0%| F|  |TAMS 0x0000000784800000, 0x0000000784800000| Untracked 
|  73|0x0000000784900000, 0x0000000784900000, 0x0000000784a00000|  0%| F|  |TAMS 0x0000000784900000, 0x0000000784900000| Untracked 
|  74|0x0000000784a00000, 0x0000000784a00000, 0x0000000784b00000|  0%| F|  |TAMS 0x0000000784a00000, 0x0000000784a00000| Untracked 
|  75|0x0000000784b00000, 0x0000000784b00000, 0x0000000784c00000|  0%| F|  |TAMS 0x0000000784b00000, 0x0000000784b00000| Untracked 
|  76|0x0000000784c00000, 0x0000000784d00000, 0x0000000784d00000|100%| O|  |TAMS 0x0000000784d00000, 0x0000000784c00000| Untracked 
|  77|0x0000000784d00000, 0x0000000784e00000, 0x0000000784e00000|100%| O|  |TAMS 0x0000000784e00000, 0x0000000784d00000| Untracked 
|  78|0x0000000784e00000, 0x0000000784f00000, 0x0000000784f00000|100%| O|  |TAMS 0x0000000784f00000, 0x0000000784e00000| Untracked 
|  79|0x0000000784f00000, 0x0000000785000000, 0x0000000785000000|100%| O|  |TAMS 0x0000000785000000, 0x0000000784f00000| Untracked 
|  80|0x0000000785000000, 0x0000000785100000, 0x0000000785100000|100%| O|  |TAMS 0x0000000785100000, 0x0000000785000000| Untracked 
|  81|0x0000000785100000, 0x0000000785200000, 0x0000000785200000|100%| O|  |TAMS 0x0000000785200000, 0x0000000785100000| Untracked 
|  82|0x0000000785200000, 0x0000000785300000, 0x0000000785300000|100%| O|  |TAMS 0x0000000785300000, 0x0000000785200000| Untracked 
|  83|0x0000000785300000, 0x0000000785400000, 0x0000000785400000|100%| O|  |TAMS 0x0000000785400000, 0x0000000785300000| Untracked 
|  84|0x0000000785400000, 0x0000000785500000, 0x0000000785500000|100%| O|  |TAMS 0x0000000785500000, 0x0000000785400000| Untracked 
|  85|0x0000000785500000, 0x0000000785600000, 0x0000000785600000|100%| O|  |TAMS 0x000000078555ba00, 0x0000000785500000| Untracked 
|  86|0x0000000785600000, 0x0000000785700000, 0x0000000785700000|100%| O|  |TAMS 0x0000000785600000, 0x0000000785600000| Untracked 
|  87|0x0000000785700000, 0x0000000785800000, 0x0000000785800000|100%| O|  |TAMS 0x0000000785700000, 0x0000000785700000| Untracked 
|  88|0x0000000785800000, 0x0000000785900000, 0x0000000785900000|100%| O|  |TAMS 0x0000000785800000, 0x0000000785800000| Untracked 
|  89|0x0000000785900000, 0x0000000785981e00, 0x0000000785a00000| 50%| O|  |TAMS 0x0000000785900000, 0x0000000785900000| Untracked 
|  90|0x0000000785a00000, 0x0000000785a00000, 0x0000000785b00000|  0%| F|  |TAMS 0x0000000785a00000, 0x0000000785a00000| Untracked 
|  91|0x0000000785b00000, 0x0000000785b00000, 0x0000000785c00000|  0%| F|  |TAMS 0x0000000785b00000, 0x0000000785b00000| Untracked 
|  92|0x0000000785c00000, 0x0000000785c00000, 0x0000000785d00000|  0%| F|  |TAMS 0x0000000785c00000, 0x0000000785c00000| Untracked 
|  93|0x0000000785d00000, 0x0000000785d00000, 0x0000000785e00000|  0%| F|  |TAMS 0x0000000785d00000, 0x0000000785d00000| Untracked 
|  94|0x0000000785e00000, 0x0000000785e00000, 0x0000000785f00000|  0%| F|  |TAMS 0x0000000785e00000, 0x0000000785e00000| Untracked 
|  95|0x0000000785f00000, 0x0000000785f00000, 0x0000000786000000|  0%| F|  |TAMS 0x0000000785f00000, 0x0000000785f00000| Untracked 
|  96|0x0000000786000000, 0x0000000786000000, 0x0000000786100000|  0%| F|  |TAMS 0x0000000786000000, 0x0000000786000000| Untracked 
|  97|0x0000000786100000, 0x0000000786100000, 0x0000000786200000|  0%| F|  |TAMS 0x0000000786100000, 0x0000000786100000| Untracked 
|  98|0x0000000786200000, 0x0000000786200000, 0x0000000786300000|  0%| F|  |TAMS 0x0000000786200000, 0x0000000786200000| Untracked 
|  99|0x0000000786300000, 0x0000000786300000, 0x0000000786400000|  0%| F|  |TAMS 0x0000000786300000, 0x0000000786300000| Untracked 
| 100|0x0000000786400000, 0x0000000786400000, 0x0000000786500000|  0%| F|  |TAMS 0x0000000786400000, 0x0000000786400000| Untracked 
| 101|0x0000000786500000, 0x0000000786500000, 0x0000000786600000|  0%| F|  |TAMS 0x0000000786500000, 0x0000000786500000| Untracked 
| 102|0x0000000786600000, 0x0000000786600000, 0x0000000786700000|  0%| F|  |TAMS 0x0000000786600000, 0x0000000786600000| Untracked 
| 103|0x0000000786700000, 0x0000000786700000, 0x0000000786800000|  0%| F|  |TAMS 0x0000000786700000, 0x0000000786700000| Untracked 
| 104|0x0000000786800000, 0x0000000786800000, 0x0000000786900000|  0%| F|  |TAMS 0x0000000786800000, 0x0000000786800000| Untracked 
| 105|0x0000000786900000, 0x0000000786900000, 0x0000000786a00000|  0%| F|  |TAMS 0x0000000786900000, 0x0000000786900000| Untracked 
| 106|0x0000000786a00000, 0x0000000786a00000, 0x0000000786b00000|  0%| F|  |TAMS 0x0000000786a00000, 0x0000000786a00000| Untracked 
| 107|0x0000000786b00000, 0x0000000786b00000, 0x0000000786c00000|  0%| F|  |TAMS 0x0000000786b00000, 0x0000000786b00000| Untracked 
| 108|0x0000000786c00000, 0x0000000786c00000, 0x0000000786d00000|  0%| F|  |TAMS 0x0000000786c00000, 0x0000000786c00000| Untracked 
| 109|0x0000000786d00000, 0x0000000786d00000, 0x0000000786e00000|  0%| F|  |TAMS 0x0000000786d00000, 0x0000000786d00000| Untracked 
| 110|0x0000000786e00000, 0x0000000786e00000, 0x0000000786f00000|  0%| F|  |TAMS 0x0000000786e00000, 0x0000000786e00000| Untracked 
| 111|0x0000000786f00000, 0x0000000786f00000, 0x0000000787000000|  0%| F|  |TAMS 0x0000000786f00000, 0x0000000786f00000| Untracked 
| 112|0x0000000787000000, 0x0000000787000000, 0x0000000787100000|  0%| F|  |TAMS 0x0000000787000000, 0x0000000787000000| Untracked 
| 113|0x0000000787100000, 0x0000000787100000, 0x0000000787200000|  0%| F|  |TAMS 0x0000000787100000, 0x0000000787100000| Untracked 
| 114|0x0000000787200000, 0x0000000787200000, 0x0000000787300000|  0%| F|  |TAMS 0x0000000787200000, 0x0000000787200000| Untracked 
| 115|0x0000000787300000, 0x0000000787300000, 0x0000000787400000|  0%| F|  |TAMS 0x0000000787300000, 0x0000000787300000| Untracked 
| 116|0x0000000787400000, 0x0000000787400000, 0x0000000787500000|  0%| F|  |TAMS 0x0000000787400000, 0x0000000787400000| Untracked 
| 117|0x0000000787500000, 0x0000000787500000, 0x0000000787600000|  0%| F|  |TAMS 0x0000000787500000, 0x0000000787500000| Untracked 
| 118|0x0000000787600000, 0x0000000787600000, 0x0000000787700000|  0%| F|  |TAMS 0x0000000787600000, 0x0000000787600000| Untracked 
| 119|0x0000000787700000, 0x0000000787700000, 0x0000000787800000|  0%| F|  |TAMS 0x0000000787700000, 0x0000000787700000| Untracked 
| 120|0x0000000787800000, 0x0000000787800000, 0x0000000787900000|  0%| F|  |TAMS 0x0000000787800000, 0x0000000787800000| Untracked 
| 121|0x0000000787900000, 0x0000000787900000, 0x0000000787a00000|  0%| F|  |TAMS 0x0000000787900000, 0x0000000787900000| Untracked 
| 122|0x0000000787a00000, 0x0000000787a00000, 0x0000000787b00000|  0%| F|  |TAMS 0x0000000787a00000, 0x0000000787a00000| Untracked 
| 123|0x0000000787b00000, 0x0000000787b00000, 0x0000000787c00000|  0%| F|  |TAMS 0x0000000787b00000, 0x0000000787b00000| Untracked 
| 124|0x0000000787c00000, 0x0000000787c00000, 0x0000000787d00000|  0%| F|  |TAMS 0x0000000787c00000, 0x0000000787c00000| Untracked 
| 125|0x0000000787d00000, 0x0000000787d00000, 0x0000000787e00000|  0%| F|  |TAMS 0x0000000787d00000, 0x0000000787d00000| Untracked 
| 126|0x0000000787e00000, 0x0000000787e00000, 0x0000000787f00000|  0%| F|  |TAMS 0x0000000787e00000, 0x0000000787e00000| Untracked 
| 127|0x0000000787f00000, 0x0000000787f00000, 0x0000000788000000|  0%| F|  |TAMS 0x0000000787f00000, 0x0000000787f00000| Untracked 
| 128|0x0000000788000000, 0x0000000788000000, 0x0000000788100000|  0%| F|  |TAMS 0x0000000788000000, 0x0000000788000000| Untracked 
| 129|0x0000000788100000, 0x0000000788100000, 0x0000000788200000|  0%| F|  |TAMS 0x0000000788100000, 0x0000000788100000| Untracked 
| 130|0x0000000788200000, 0x0000000788200000, 0x0000000788300000|  0%| F|  |TAMS 0x0000000788200000, 0x0000000788200000| Untracked 
| 131|0x0000000788300000, 0x0000000788300000, 0x0000000788400000|  0%| F|  |TAMS 0x0000000788300000, 0x0000000788300000| Untracked 
| 132|0x0000000788400000, 0x0000000788400000, 0x0000000788500000|  0%| F|  |TAMS 0x0000000788400000, 0x0000000788400000| Untracked 
| 133|0x0000000788500000, 0x0000000788500000, 0x0000000788600000|  0%| F|  |TAMS 0x0000000788500000, 0x0000000788500000| Untracked 
| 134|0x0000000788600000, 0x0000000788600000, 0x0000000788700000|  0%| F|  |TAMS 0x0000000788600000, 0x0000000788600000| Untracked 
| 135|0x0000000788700000, 0x0000000788700000, 0x0000000788800000|  0%| F|  |TAMS 0x0000000788700000, 0x0000000788700000| Untracked 
| 136|0x0000000788800000, 0x0000000788800000, 0x0000000788900000|  0%| F|  |TAMS 0x0000000788800000, 0x0000000788800000| Untracked 
| 137|0x0000000788900000, 0x0000000788900000, 0x0000000788a00000|  0%| F|  |TAMS 0x0000000788900000, 0x0000000788900000| Untracked 
| 138|0x0000000788a00000, 0x0000000788a00000, 0x0000000788b00000|  0%| F|  |TAMS 0x0000000788a00000, 0x0000000788a00000| Untracked 
| 139|0x0000000788b00000, 0x0000000788b00000, 0x0000000788c00000|  0%| F|  |TAMS 0x0000000788b00000, 0x0000000788b00000| Untracked 
| 140|0x0000000788c00000, 0x0000000788c00000, 0x0000000788d00000|  0%| F|  |TAMS 0x0000000788c00000, 0x0000000788c00000| Untracked 
| 141|0x0000000788d00000, 0x0000000788d00000, 0x0000000788e00000|  0%| F|  |TAMS 0x0000000788d00000, 0x0000000788d00000| Untracked 
| 142|0x0000000788e00000, 0x0000000788e00000, 0x0000000788f00000|  0%| F|  |TAMS 0x0000000788e00000, 0x0000000788e00000| Untracked 
| 143|0x0000000788f00000, 0x0000000788f00000, 0x0000000789000000|  0%| F|  |TAMS 0x0000000788f00000, 0x0000000788f00000| Untracked 
| 144|0x0000000789000000, 0x0000000789000000, 0x0000000789100000|  0%| F|  |TAMS 0x0000000789000000, 0x0000000789000000| Untracked 
| 145|0x0000000789100000, 0x0000000789100000, 0x0000000789200000|  0%| F|  |TAMS 0x0000000789100000, 0x0000000789100000| Untracked 
| 146|0x0000000789200000, 0x0000000789200000, 0x0000000789300000|  0%| F|  |TAMS 0x0000000789200000, 0x0000000789200000| Untracked 
| 147|0x0000000789300000, 0x0000000789300000, 0x0000000789400000|  0%| F|  |TAMS 0x0000000789300000, 0x0000000789300000| Untracked 
| 148|0x0000000789400000, 0x0000000789400000, 0x0000000789500000|  0%| F|  |TAMS 0x0000000789400000, 0x0000000789400000| Untracked 
| 149|0x0000000789500000, 0x0000000789500000, 0x0000000789600000|  0%| F|  |TAMS 0x0000000789500000, 0x0000000789500000| Untracked 
| 150|0x0000000789600000, 0x0000000789600000, 0x0000000789700000|  0%| F|  |TAMS 0x0000000789600000, 0x0000000789600000| Untracked 
| 151|0x0000000789700000, 0x0000000789700000, 0x0000000789800000|  0%| F|  |TAMS 0x0000000789700000, 0x0000000789700000| Untracked 
| 152|0x0000000789800000, 0x0000000789800000, 0x0000000789900000|  0%| F|  |TAMS 0x0000000789800000, 0x0000000789800000| Untracked 
| 153|0x0000000789900000, 0x0000000789900000, 0x0000000789a00000|  0%| F|  |TAMS 0x0000000789900000, 0x0000000789900000| Untracked 
| 154|0x0000000789a00000, 0x0000000789a00000, 0x0000000789b00000|  0%| F|  |TAMS 0x0000000789a00000, 0x0000000789a00000| Untracked 
| 155|0x0000000789b00000, 0x0000000789b00000, 0x0000000789c00000|  0%| F|  |TAMS 0x0000000789b00000, 0x0000000789b00000| Untracked 
| 156|0x0000000789c00000, 0x0000000789c00000, 0x0000000789d00000|  0%| F|  |TAMS 0x0000000789c00000, 0x0000000789c00000| Untracked 
| 157|0x0000000789d00000, 0x0000000789d00000, 0x0000000789e00000|  0%| F|  |TAMS 0x0000000789d00000, 0x0000000789d00000| Untracked 
| 158|0x0000000789e00000, 0x0000000789e00000, 0x0000000789f00000|  0%| F|  |TAMS 0x0000000789e00000, 0x0000000789e00000| Untracked 
| 159|0x0000000789f00000, 0x0000000789f00000, 0x000000078a000000|  0%| F|  |TAMS 0x0000000789f00000, 0x0000000789f00000| Untracked 
| 160|0x000000078a000000, 0x000000078a000000, 0x000000078a100000|  0%| F|  |TAMS 0x000000078a000000, 0x000000078a000000| Untracked 
| 161|0x000000078a100000, 0x000000078a100000, 0x000000078a200000|  0%| F|  |TAMS 0x000000078a100000, 0x000000078a100000| Untracked 
| 162|0x000000078a200000, 0x000000078a200000, 0x000000078a300000|  0%| F|  |TAMS 0x000000078a200000, 0x000000078a200000| Untracked 
| 163|0x000000078a300000, 0x000000078a300000, 0x000000078a400000|  0%| F|  |TAMS 0x000000078a300000, 0x000000078a300000| Untracked 
| 164|0x000000078a400000, 0x000000078a400000, 0x000000078a500000|  0%| F|  |TAMS 0x000000078a400000, 0x000000078a400000| Untracked 
| 165|0x000000078a500000, 0x000000078a500000, 0x000000078a600000|  0%| F|  |TAMS 0x000000078a500000, 0x000000078a500000| Untracked 
| 166|0x000000078a600000, 0x000000078a600000, 0x000000078a700000|  0%| F|  |TAMS 0x000000078a600000, 0x000000078a600000| Untracked 
| 167|0x000000078a700000, 0x000000078a700000, 0x000000078a800000|  0%| F|  |TAMS 0x000000078a700000, 0x000000078a700000| Untracked 
| 168|0x000000078a800000, 0x000000078a800000, 0x000000078a900000|  0%| F|  |TAMS 0x000000078a800000, 0x000000078a800000| Untracked 
| 169|0x000000078a900000, 0x000000078a900000, 0x000000078aa00000|  0%| F|  |TAMS 0x000000078a900000, 0x000000078a900000| Untracked 
| 170|0x000000078aa00000, 0x000000078aa00000, 0x000000078ab00000|  0%| F|  |TAMS 0x000000078aa00000, 0x000000078aa00000| Untracked 
| 171|0x000000078ab00000, 0x000000078ab00000, 0x000000078ac00000|  0%| F|  |TAMS 0x000000078ab00000, 0x000000078ab00000| Untracked 
| 172|0x000000078ac00000, 0x000000078ac00000, 0x000000078ad00000|  0%| F|  |TAMS 0x000000078ac00000, 0x000000078ac00000| Untracked 
| 173|0x000000078ad00000, 0x000000078ad00000, 0x000000078ae00000|  0%| F|  |TAMS 0x000000078ad00000, 0x000000078ad00000| Untracked 
| 174|0x000000078ae00000, 0x000000078ae00000, 0x000000078af00000|  0%| F|  |TAMS 0x000000078ae00000, 0x000000078ae00000| Untracked 
| 175|0x000000078af00000, 0x000000078af00000, 0x000000078b000000|  0%| F|  |TAMS 0x000000078af00000, 0x000000078af00000| Untracked 
| 176|0x000000078b000000, 0x000000078b000000, 0x000000078b100000|  0%| F|  |TAMS 0x000000078b000000, 0x000000078b000000| Untracked 
| 177|0x000000078b100000, 0x000000078b100000, 0x000000078b200000|  0%| F|  |TAMS 0x000000078b100000, 0x000000078b100000| Untracked 
| 178|0x000000078b200000, 0x000000078b200000, 0x000000078b300000|  0%| F|  |TAMS 0x000000078b200000, 0x000000078b200000| Untracked 
| 179|0x000000078b300000, 0x000000078b300000, 0x000000078b400000|  0%| F|  |TAMS 0x000000078b300000, 0x000000078b300000| Untracked 
| 180|0x000000078b400000, 0x000000078b400000, 0x000000078b500000|  0%| F|  |TAMS 0x000000078b400000, 0x000000078b400000| Untracked 
| 181|0x000000078b500000, 0x000000078b500000, 0x000000078b600000|  0%| F|  |TAMS 0x000000078b500000, 0x000000078b500000| Untracked 
| 182|0x000000078b600000, 0x000000078b600000, 0x000000078b700000|  0%| F|  |TAMS 0x000000078b600000, 0x000000078b600000| Untracked 
| 183|0x000000078b700000, 0x000000078b700000, 0x000000078b800000|  0%| F|  |TAMS 0x000000078b700000, 0x000000078b700000| Untracked 
| 184|0x000000078b800000, 0x000000078b800000, 0x000000078b900000|  0%| F|  |TAMS 0x000000078b800000, 0x000000078b800000| Untracked 
| 185|0x000000078b900000, 0x000000078b900000, 0x000000078ba00000|  0%| F|  |TAMS 0x000000078b900000, 0x000000078b900000| Untracked 
| 186|0x000000078ba00000, 0x000000078ba00000, 0x000000078bb00000|  0%| F|  |TAMS 0x000000078ba00000, 0x000000078ba00000| Untracked 
| 187|0x000000078bb00000, 0x000000078bb00000, 0x000000078bc00000|  0%| F|  |TAMS 0x000000078bb00000, 0x000000078bb00000| Untracked 
| 188|0x000000078bc00000, 0x000000078bc00000, 0x000000078bd00000|  0%| F|  |TAMS 0x000000078bc00000, 0x000000078bc00000| Untracked 
| 189|0x000000078bd00000, 0x000000078bd00000, 0x000000078be00000|  0%| F|  |TAMS 0x000000078bd00000, 0x000000078bd00000| Untracked 
| 190|0x000000078be00000, 0x000000078be00000, 0x000000078bf00000|  0%| F|  |TAMS 0x000000078be00000, 0x000000078be00000| Untracked 
| 191|0x000000078bf00000, 0x000000078bf00000, 0x000000078c000000|  0%| F|  |TAMS 0x000000078bf00000, 0x000000078bf00000| Untracked 
| 192|0x000000078c000000, 0x000000078c000000, 0x000000078c100000|  0%| F|  |TAMS 0x000000078c000000, 0x000000078c000000| Untracked 
| 193|0x000000078c100000, 0x000000078c100000, 0x000000078c200000|  0%| F|  |TAMS 0x000000078c100000, 0x000000078c100000| Untracked 
| 194|0x000000078c200000, 0x000000078c200000, 0x000000078c300000|  0%| F|  |TAMS 0x000000078c200000, 0x000000078c200000| Untracked 
| 195|0x000000078c300000, 0x000000078c300000, 0x000000078c400000|  0%| F|  |TAMS 0x000000078c300000, 0x000000078c300000| Untracked 
| 196|0x000000078c400000, 0x000000078c400000, 0x000000078c500000|  0%| F|  |TAMS 0x000000078c400000, 0x000000078c400000| Untracked 
| 197|0x000000078c500000, 0x000000078c500000, 0x000000078c600000|  0%| F|  |TAMS 0x000000078c500000, 0x000000078c500000| Untracked 
| 198|0x000000078c600000, 0x000000078c63b160, 0x000000078c700000| 23%| E|  |TAMS 0x000000078c600000, 0x000000078c600000| Complete 
| 199|0x000000078c700000, 0x000000078c781ce0, 0x000000078c800000| 50%| S|CS|TAMS 0x000000078c700000, 0x000000078c700000| Complete 
| 200|0x000000078c800000, 0x000000078c900000, 0x000000078c900000|100%| E|CS|TAMS 0x000000078c800000, 0x000000078c800000| Complete 
| 201|0x000000078c900000, 0x000000078ca00000, 0x000000078ca00000|100%| E|CS|TAMS 0x000000078c900000, 0x000000078c900000| Complete 
| 202|0x000000078ca00000, 0x000000078cb00000, 0x000000078cb00000|100%| E|CS|TAMS 0x000000078ca00000, 0x000000078ca00000| Complete 
| 203|0x000000078cb00000, 0x000000078cc00000, 0x000000078cc00000|100%| E|CS|TAMS 0x000000078cb00000, 0x000000078cb00000| Complete 
| 204|0x000000078cc00000, 0x000000078cd00000, 0x000000078cd00000|100%| E|CS|TAMS 0x000000078cc00000, 0x000000078cc00000| Complete 
| 205|0x000000078cd00000, 0x000000078ce00000, 0x000000078ce00000|100%| E|  |TAMS 0x000000078cd00000, 0x000000078cd00000| Complete 
| 206|0x000000078ce00000, 0x000000078cf00000, 0x000000078cf00000|100%| E|CS|TAMS 0x000000078ce00000, 0x000000078ce00000| Complete 
|1020|0x00000007bfc00000, 0x00000007bfc4c000, 0x00000007bfd00000| 29%|OA|  |TAMS 0x00000007bfc4c000, 0x00000007bfc00000| Untracked 
|1021|0x00000007bfd00000, 0x00000007bfd6b000, 0x00000007bfe00000| 41%|CA|  |TAMS 0x00000007bfd6b000, 0x00000007bfd00000| Untracked 

Card table byte_map: [0x0000000105cf4000,0x00000001060f4000] _byte_map_base: 0x00000001020f4000

Marking Bits (Prev, Next): (CMBitMap*) 0x00007fa071029250, (CMBitMap*) 0x00007fa071029218
 Prev Bits: [0x0000000126bd6000, 0x0000000128bd6000)
 Next Bits: [0x0000000124bd6000, 0x0000000126bd6000)

Polling page: 0x0000000103fe4000

Metaspace:

Usage:
  Non-class:     46,67 MB capacity,    45,21 MB ( 97%) used,     1,18 MB (  3%) free+waste,   290,50 KB ( <1%) overhead. 
      Class:      7,28 MB capacity,     6,29 MB ( 86%) used,   879,75 KB ( 12%) free+waste,   138,19 KB (  2%) overhead. 
       Both:     53,95 MB capacity,    51,49 MB ( 95%) used,     2,04 MB (  4%) free+waste,   428,69 KB ( <1%) overhead. 

Virtual space:
  Non-class space:       48,00 MB reserved,      46,88 MB ( 98%) committed 
      Class space:        1,00 GB reserved,       7,32 MB ( <1%) committed 
             Both:        1,05 GB reserved,      54,20 MB (  5%) committed 

Chunk freelists:
   Non-Class:  21,00 KB
       Class:  1,00 KB
        Both:  22,00 KB

MaxMetaspaceSize: unlimited
CompressedClassSpaceSize: 1,00 GB
Initial GC threshold: 20,80 MB
Current GC threshold: 74,09 MB
CDS: on

CodeHeap 'non-profiled nmethods': size=160992Kb used=2361Kb max_used=2361Kb free=158630Kb
 bounds [0x000000011ae9e000, 0x000000011be9e000, 0x0000000124bd6000]
CodeHeap 'profiled nmethods': size=160992Kb used=13286Kb max_used=13286Kb free=147705Kb
 bounds [0x0000000111166000, 0x0000000112166000, 0x000000011ae9e000]
CodeHeap 'non-nmethods': size=5696Kb used=1412Kb max_used=1417Kb free=4283Kb
 bounds [0x0000000110bd6000, 0x0000000111166000, 0x0000000111166000]
 total_blobs=6649 nmethods=6014 adapters=553
 compilation: enabled
              stopped_count=0, restarted_count=0
 full_count=0

JVMCI Events (6 events):
Event: 0,075 Thread 0x00007fa072809000 created new JVMCI runtime 0 (0x00007fa07200a1f0)
Event: 0,075 Thread 0x00007fa072809000 created new JVMCI runtime -1 (0x00007fa07200a350)
Event: 0,162 Thread 0x00007fa07180b800 loaded JVMCI shared library from /Users/plawn/.sdkman/candidates/java/21.2.0.r11-grl/lib/libjvmcicompiler.dylib
Event: 0,179 Thread 0x00007fa07180b800 created JavaVM[1]@0x000000012f393738 for JVMCI runtime 0
Event: 0,179 Thread 0x00007fa07180b800 initializing JVMCI runtime 0
Event: 0,181 Thread 0x00007fa07180b800 initialized JVMCI runtime 0

Compilation events (20 events):
Event: 278,460 Thread 0x00007fa07180b800 6141       4       java.util.ArrayList::add (25 bytes)
Event: 278,460 Thread 0x00007fa071848800 nmethod 6140 0x0000000111e5c690 code [0x0000000111e5c880, 0x0000000111e5cdf0]
Event: 278,463 Thread 0x00007fa071848800 6143       1       java.lang.Thread::isDaemon (5 bytes)
Event: 278,463 Thread 0x00007fa071848800 nmethod 6143 0x000000011b0ead90 code [0x000000011b0eaf20, 0x000000011b0eaff0]
Event: 278,467 Thread 0x00007fa07180b800 nmethod 6141 0x000000011b0eb090 code [0x000000011b0eb220, 0x000000011b0eb5f0]
Event: 278,467 Thread 0x00007fa07180b800 6142       4       java.util.ArrayList::add (23 bytes)
Event: 278,471 Thread 0x00007fa071848800 6144       1       java.lang.ThreadGroup::getMaxPriority (5 bytes)
Event: 278,471 Thread 0x00007fa071848800 nmethod 6144 0x000000011b0eb790 code [0x000000011b0eb920, 0x000000011b0eb9f0]
Event: 278,474 Thread 0x00007fa07180b800 nmethod 6142 0x000000011b0eba90 code [0x000000011b0ebc20, 0x000000011b0ebfb0]
Event: 278,474 Thread 0x00007fa07180b800 6145       4       java.lang.invoke.MemberName::initResolved (53 bytes)
Event: 278,474 Thread 0x00007fa071848800 6146       3       java.util.concurrent.SynchronousQueue$TransferStack::shouldSpin (30 bytes)
Event: 278,474 Thread 0x00007fa071848800 nmethod 6146 0x0000000111e5cf90 code [0x0000000111e5d140, 0x0000000111e5d3f0]
Event: 278,475 Thread 0x00007fa071848800 6148       3       java.util.regex.Pattern::Single (7 bytes)
Event: 278,476 Thread 0x00007fa071848800 nmethod 6148 0x0000000111e5d510 code [0x0000000111e5d6e0, 0x0000000111e5da50]
Event: 278,476 Thread 0x00007fa071848800 6149       3       java.util.regex.Pattern$Dollar::study (14 bytes)
Event: 278,476 Thread 0x00007fa071848800 nmethod 6149 0x0000000111e5dc10 code [0x0000000111e5ddc0, 0x0000000111e5e120]
Event: 278,476 Thread 0x00007fa071848800 6151       3       java.util.regex.Pattern$BmpCharProperty::match (55 bytes)
Event: 278,476 Thread 0x00007fa07180b800 nmethod 6145 0x000000011b0ec110 code [0x000000011b0ec2a0, 0x000000011b0ec400]
Event: 278,476 Thread 0x00007fa07180b800 6147       4       java.lang.Thread::onSpinWait (1 bytes)
Event: 278,477 Thread 0x00007fa071848800 nmethod 6151 0x0000000111e5e210 code [0x0000000111e5e3e0, 0x0000000111e5ecc0]

GC Heap History (20 events):
Event: 7,824 GC heap before
{Heap before GC invocations=8 (full 0):
 garbage-first heap   total 133120K, used 88796K [0x0000000780000000, 0x0000000800000000)
  region size 1024K, 37 young (37888K), 5 survivors (5120K)
 Metaspace       used 19723K, capacity 20657K, committed 20736K, reserved 1067008K
  class space    used 2205K, capacity 2560K, committed 2560K, reserved 1048576K
}
Event: 7,837 GC heap after
{Heap after GC invocations=9 (full 0):
 garbage-first heap   total 159744K, used 59554K [0x0000000780000000, 0x0000000800000000)
  region size 1024K, 3 young (3072K), 3 survivors (3072K)
 Metaspace       used 19723K, capacity 20657K, committed 20736K, reserved 1067008K
  class space    used 2205K, capacity 2560K, committed 2560K, reserved 1048576K
}
Event: 7,893 GC heap before
{Heap before GC invocations=9 (full 0):
 garbage-first heap   total 159744K, used 64674K [0x0000000780000000, 0x0000000800000000)
  region size 1024K, 10 young (10240K), 3 survivors (3072K)
 Metaspace       used 20268K, capacity 21156K, committed 21296K, reserved 1069056K
  class space    used 2270K, capacity 2599K, committed 2688K, reserved 1048576K
}
Event: 7,900 GC heap after
{Heap after GC invocations=10 (full 0):
 garbage-first heap   total 159744K, used 59782K [0x0000000780000000, 0x0000000800000000)
  region size 1024K, 3 young (3072K), 3 survivors (3072K)
 Metaspace       used 20268K, capacity 21156K, committed 21296K, reserved 1069056K
  class space    used 2270K, capacity 2599K, committed 2688K, reserved 1048576K
}
Event: 8,387 GC heap before
{Heap before GC invocations=11 (full 0):
 garbage-first heap   total 159744K, used 96646K [0x0000000780000000, 0x0000000800000000)
  region size 1024K, 42 young (43008K), 3 survivors (3072K)
 Metaspace       used 23808K, capacity 24839K, committed 25164K, reserved 1071104K
  class space    used 2665K, capacity 3076K, committed 3148K, reserved 1048576K
}
Event: 8,399 GC heap after
{Heap after GC invocations=12 (full 0):
 garbage-first heap   total 159744K, used 60458K [0x0000000780000000, 0x0000000800000000)
  region size 1024K, 6 young (6144K), 6 survivors (6144K)
 Metaspace       used 23808K, capacity 24839K, committed 25164K, reserved 1071104K
  class space    used 2665K, capacity 3076K, committed 3148K, reserved 1048576K
}
Event: 8,698 GC heap before
{Heap before GC invocations=13 (full 0):
 garbage-first heap   total 159744K, used 103466K [0x0000000780000000, 0x0000000800000000)
  region size 1024K, 49 young (50176K), 6 survivors (6144K)
 Metaspace       used 26520K, capacity 27666K, committed 27852K, reserved 1073152K
  class space    used 2961K, capacity 3444K, committed 3532K, reserved 1048576K
}
Event: 8,710 GC heap after
{Heap after GC invocations=14 (full 0):
 garbage-first heap   total 159744K, used 62517K [0x0000000780000000, 0x0000000800000000)
  region size 1024K, 6 young (6144K), 6 survivors (6144K)
 Metaspace       used 26520K, capacity 27666K, committed 27852K, reserved 1073152K
  class space    used 2961K, capacity 3444K, committed 3532K, reserved 1048576K
}
Event: 8,909 GC heap before
{Heap before GC invocations=14 (full 0):
 garbage-first heap   total 159744K, used 113717K [0x0000000780000000, 0x0000000800000000)
  region size 1024K, 56 young (57344K), 6 survivors (6144K)
 Metaspace       used 29202K, capacity 30906K, committed 31052K, reserved 1077248K
  class space    used 3407K, capacity 4113K, committed 4172K, reserved 1048576K
}
Event: 8,924 GC heap after
{Heap after GC invocations=15 (full 0):
 garbage-first heap   total 159744K, used 69192K [0x0000000780000000, 0x0000000800000000)
  region size 1024K, 7 young (7168K), 7 survivors (7168K)
 Metaspace       used 29202K, capacity 30906K, committed 31052K, reserved 1077248K
  class space    used 3407K, capacity 4113K, committed 4172K, reserved 1048576K
}
Event: 9,300 GC heap before
{Heap before GC invocations=15 (full 0):
 garbage-first heap   total 159744K, used 118344K [0x0000000780000000, 0x0000000800000000)
  region size 1024K, 56 young (57344K), 7 survivors (7168K)
 Metaspace       used 33553K, capacity 35594K, committed 35916K, reserved 1081344K
  class space    used 4016K, capacity 4845K, committed 4940K, reserved 1048576K
}
Event: 9,315 GC heap after
{Heap after GC invocations=16 (full 0):
 garbage-first heap   total 214016K, used 76846K [0x0000000780000000, 0x0000000800000000)
  region size 1024K, 7 young (7168K), 7 survivors (7168K)
 Metaspace       used 33553K, capacity 35594K, committed 35916K, reserved 1081344K
  class space    used 4016K, capacity 4845K, committed 4940K, reserved 1048576K
}
Event: 9,790 GC heap before
{Heap before GC invocations=16 (full 0):
 garbage-first heap   total 214016K, used 140334K [0x0000000780000000, 0x0000000800000000)
  region size 1024K, 70 young (71680K), 7 survivors (7168K)
 Metaspace       used 38481K, capacity 40611K, committed 40908K, reserved 1085440K
  class space    used 4583K, capacity 5477K, committed 5580K, reserved 1048576K
}
Event: 9,806 GC heap after
{Heap after GC invocations=17 (full 0):
 garbage-first heap   total 214016K, used 87700K [0x0000000780000000, 0x0000000800000000)
  region size 1024K, 9 young (9216K), 9 survivors (9216K)
 Metaspace       used 38481K, capacity 40611K, committed 40908K, reserved 1085440K
  class space    used 4583K, capacity 5477K, committed 5580K, reserved 1048576K
}
Event: 9,936 GC heap before
{Heap before GC invocations=17 (full 0):
 garbage-first heap   total 214016K, used 99988K [0x0000000780000000, 0x0000000800000000)
  region size 1024K, 23 young (23552K), 9 survivors (9216K)
 Metaspace       used 41418K, capacity 43695K, committed 43860K, reserved 1087488K
  class space    used 5029K, capacity 5997K, committed 6092K, reserved 1048576K
}
Event: 9,946 GC heap after
{Heap after GC invocations=18 (full 0):
 garbage-first heap   total 214016K, used 89570K [0x0000000780000000, 0x0000000800000000)
  region size 1024K, 2 young (2048K), 2 survivors (2048K)
 Metaspace       used 41418K, capacity 43695K, committed 43860K, reserved 1087488K
  class space    used 5029K, capacity 5997K, committed 6092K, reserved 1048576K
}
Event: 10,406 GC heap before
{Heap before GC invocations=19 (full 0):
 garbage-first heap   total 214016K, used 137698K [0x0000000780000000, 0x0000000800000000)
  region size 1024K, 50 young (51200K), 2 survivors (2048K)
 Metaspace       used 49675K, capacity 52088K, committed 52304K, reserved 1095680K
  class space    used 6070K, capacity 7061K, committed 7116K, reserved 1048576K
}
Event: 10,411 GC heap after
{Heap after GC invocations=20 (full 0):
 garbage-first heap   total 214016K, used 90548K [0x0000000780000000, 0x0000000800000000)
  region size 1024K, 3 young (3072K), 3 survivors (3072K)
 Metaspace       used 49675K, capacity 52088K, committed 52304K, reserved 1095680K
  class space    used 6070K, capacity 7061K, committed 7116K, reserved 1048576K
}
Event: 10,497 GC heap before
{Heap before GC invocations=20 (full 0):
 garbage-first heap   total 214016K, used 96692K [0x0000000780000000, 0x0000000800000000)
  region size 1024K, 10 young (10240K), 3 survivors (3072K)
 Metaspace       used 51280K, capacity 53784K, committed 54096K, reserved 1095680K
  class space    used 6266K, capacity 7266K, committed 7372K, reserved 1048576K
}
Event: 10,506 GC heap after
{Heap after GC invocations=21 (full 0):
 garbage-first heap   total 214016K, used 80618K [0x0000000780000000, 0x0000000800000000)
  region size 1024K, 1 young (1024K), 1 survivors (1024K)
 Metaspace       used 51280K, capacity 53784K, committed 54096K, reserved 1095680K
  class space    used 6266K, capacity 7266K, committed 7372K, reserved 1048576K
}

Deoptimization events (20 events):
Event: 10,476 Thread 0x00007fa072f4e800 DEOPT PACKING pc=0x000000011b0b0127 sp=0x000070000443d8f0
Event: 10,476 Thread 0x00007fa072f4e800 DEOPT UNPACKING pc=0x0000000110c20451 sp=0x000070000443ce50 mode 1
Event: 10,476 Thread 0x00007fa072f4e800 DEOPT PACKING pc=0x000000011b09fd8c sp=0x000070000443da60
Event: 10,476 Thread 0x00007fa072f4e800 DEOPT UNPACKING pc=0x0000000110c20451 sp=0x000070000443cf18 mode 1
Event: 10,476 Thread 0x00007fa072f4e800 DEOPT PACKING pc=0x0000000111d3550c sp=0x000070000443e170
Event: 10,476 Thread 0x00007fa072f4e800 DEOPT UNPACKING pc=0x0000000110c20451 sp=0x000070000443d660 mode 1
Event: 10,476 Thread 0x00007fa072f4e800 DEOPT PACKING pc=0x000000011140f504 sp=0x000070000443d7d0
Event: 10,476 Thread 0x00007fa072f4e800 DEOPT UNPACKING pc=0x0000000110c20451 sp=0x000070000443cc88 mode 1
Event: 10,476 Thread 0x00007fa072f4e800 DEOPT PACKING pc=0x000000011131565c sp=0x000070000443d8a0
Event: 10,476 Thread 0x00007fa072f4e800 DEOPT UNPACKING pc=0x0000000110c20451 sp=0x000070000443cd68 mode 1
Event: 10,476 Thread 0x00007fa072f4e800 DEOPT PACKING pc=0x000000011b0b0127 sp=0x000070000443d8f0
Event: 10,476 Thread 0x00007fa072f4e800 DEOPT UNPACKING pc=0x0000000110c20451 sp=0x000070000443ce50 mode 1
Event: 10,476 Thread 0x00007fa072f4e800 DEOPT PACKING pc=0x000000011b09fd8c sp=0x000070000443da60
Event: 10,476 Thread 0x00007fa072f4e800 DEOPT UNPACKING pc=0x0000000110c20451 sp=0x000070000443cf18 mode 1
Event: 10,476 Thread 0x00007fa072f4e800 DEOPT PACKING pc=0x0000000111d3550c sp=0x000070000443e170
Event: 10,476 Thread 0x00007fa072f4e800 DEOPT UNPACKING pc=0x0000000110c20451 sp=0x000070000443d660 mode 1
Event: 278,441 Thread 0x00007fa074097000 Uncommon trap: trap_request=0xffffffcd fr.pc=0x000000011af2e7f5 relative=0x00000000000002d5
Event: 278,441 Thread 0x00007fa074097000 Uncommon trap: reason=intrinsic_or_type_checked_inlining action=reinterpret pc=0x000000011af2e7f5 method=java.nio.HeapByteBuffer.put(Ljava/nio/ByteBuffer;)Ljava/nio/ByteBuffer; @ 0 jvmci
Event: 278,441 Thread 0x00007fa074097000 DEOPT PACKING pc=0x000000011af2e7f5 sp=0x000070000952f790
Event: 278,441 Thread 0x00007fa074097000 DEOPT UNPACKING pc=0x0000000110c20451 sp=0x000070000952ec58 mode 3

Classes redefined (0 events):
No events

Internal exceptions (20 events):
Event: 9,537 Thread 0x00007fa071cce800 Implicit null exception at 0x000000011af9cb92 to 0x000000011af9ccc6
Event: 9,764 Thread 0x00007fa07180b800 Exception <a 'java/lang/NoSuchMethodError'{0x000000078c8d7498}: 'void java.lang.invoke.VarHandle.setRelease(java.util.concurrent.ForkJoinTask[], int, java.util.concurrent.ForkJoinTask)'> (0x000000078c8d7498) thrown at [./src/hotspot/share/interpreter/linkResolver.cpp, line 773]
Event: 9,778 Thread 0x00007fa07180b800 Exception <a 'java/lang/NoSuchMethodError'{0x000000078c8d77e8}: 'void java.lang.invoke.VarHandle.getAndAdd(java.util.concurrent.ForkJoinPool, long)'> (0x000000078c8d77e8) thrown at [./src/hotspot/share/interpreter/linkResolver.cpp, line 773]
Event: 9,824 Thread 0x00007fa072f4e800 Exception <a 'sun/nio/fs/UnixException'{0x000000078cde57f8}> (0x000000078cde57f8) thrown at [./src/hotspot/share/prims/jni.cpp, line 611]
Event: 9,967 Thread 0x00007fa072f4e800 Exception <a 'java/lang/IncompatibleClassChangeError'{0x000000078cd80298}: Found class java.lang.Object, but interface was expected> (0x000000078cd80298) thrown at [./src/hotspot/share/interpreter/linkResolver.cpp, line 839]
Event: 9,984 Thread 0x00007fa072f4e800 Exception <a 'java/lang/IncompatibleClassChangeError'{0x000000078cb7f420}: Found class java.lang.Object, but interface was expected> (0x000000078cb7f420) thrown at [./src/hotspot/share/interpreter/linkResolver.cpp, line 839]
Event: 10,104 Thread 0x00007fa072f4e800 Exception <a 'java/lang/NoSuchMethodError'{0x000000078be514f0}: 'java.lang.Object java.lang.invoke.DirectMethodHandle$Holder.invokeSpecialIFC(java.lang.Object, java.lang.Object, java.lang.Object, java.lang.Object)'> (0x000000078be514f0) thrown at [./src/hotspot/share/interpreter/linkResolver.cpp, line 773]
Event: 10,238 Thread 0x00007fa072f4e800 Exception <a 'java/lang/NoSuchMethodError'{0x000000078ac4eaf0}: 'long java.lang.invoke.DirectMethodHandle$Holder.invokeSpecial(java.lang.Object, java.lang.Object)'> (0x000000078ac4eaf0) thrown at [./src/hotspot/share/interpreter/linkResolver.cpp, line 773]
Event: 10,239 Thread 0x00007fa072f4e800 Exception <a 'java/lang/NoSuchMethodError'{0x000000078ac80798}: 'long java.lang.invoke.DirectMethodHandle$Holder.invokeStatic(java.lang.Object, java.lang.Object)'> (0x000000078ac80798) thrown at [./src/hotspot/share/interpreter/linkResolver.cpp, line 773]
Event: 10,239 Thread 0x00007fa072f4e800 Exception <a 'java/lang/NoSuchMethodError'{0x000000078ac835c0}: 'long java.lang.invoke.DirectMethodHandle$Holder.invokeStaticInit(java.lang.Object, java.lang.Object)'> (0x000000078ac835c0) thrown at [./src/hotspot/share/interpreter/linkResolver.cpp, line 773]
Event: 10,241 Thread 0x00007fa072f4e800 Exception <a 'java/lang/NoSuchMethodError'{0x000000078acb0558}: 'long java.lang.invoke.DirectMethodHandle$Holder.invokeInterface(java.lang.Object, java.lang.Object)'> (0x000000078acb0558) thrown at [./src/hotspot/share/interpreter/linkResolver.cpp, line 773]
Event: 10,241 Thread 0x00007fa072f4e800 Exception <a 'java/lang/IncompatibleClassChangeError'{0x000000078acb32f0}: Found class java.lang.Object, but interface was expected> (0x000000078acb32f0) thrown at [./src/hotspot/share/interpreter/linkResolver.cpp, line 839]
Event: 10,285 Thread 0x00007fa072f4e800 Exception <a 'sun/nio/fs/UnixException'{0x000000078a84c9a8}> (0x000000078a84c9a8) thrown at [./src/hotspot/share/prims/jni.cpp, line 611]
Event: 10,441 Thread 0x00007fa072f4e800 Exception <a 'java/lang/NoSuchMethodError'{0x000000078cc547e8}: 'void java.lang.invoke.DirectMethodHandle$Holder.invokeSpecial(java.lang.Object, java.lang.Object, float)'> (0x000000078cc547e8) thrown at [./src/hotspot/share/interpreter/linkResolver.cpp, line 773]
Event: 10,452 Thread 0x00007fa072f4e800 Exception <a 'java/lang/NoSuchMethodError'{0x000000078cceff70}: 'void java.lang.invoke.DirectMethodHandle$Holder.invokeStaticInit(java.lang.Object, java.lang.Object, java.lang.Object)'> (0x000000078cceff70) thrown at [./src/hotspot/share/interpreter/linkResolver.cpp, line 773]
Event: 10,465 Thread 0x00007fa072f4e800 Exception <a 'sun/nio/fs/UnixException'{0x000000078ca30810}> (0x000000078ca30810) thrown at [./src/hotspot/share/prims/jni.cpp, line 611]
Event: 10,478 Thread 0x00007fa072f4e800 Exception <a 'java/lang/NoSuchMethodError'{0x000000078c93b150}: 'java.lang.Object java.lang.invoke.DirectMethodHandle$Holder.invokeSpecial(java.lang.Object, java.lang.Object, java.lang.Object, java.lang.Object, java.lang.Object, java.lang.Object, java.lang.Object, java.lang.Object, java.lang.Object, java.lang.Object, java.lang.Object, java.lang.Object, java.lang.Object, java.lang.Object)'> (0x000000078c93b150) thrown at [./src/hotspot/share/interpreter/linkResolver.cpp, line 773]
Event: 10,478 Thread 0x00007fa072f4e800 Exception <a 'java/lang/NoSuchMethodError'{0x000000078c93fc18}: 'java.lang.Object java.lang.invoke.Invokers$Holder.linkToTargetMethod(java.lang.Object, java.lang.Object, java.lang.Object, java.lang.Object, java.lang.Object, java.lang.Object, java.lang.Object, java.lang.Object, java.lang.Object, java.lang.Object, java.lang.Object, java.lang.Object, java.lang.Object)'> (0x000000078c93fc18) thrown at [./src/hotspot/share/interpreter/linkResolver.cpp, line 773]
Event: 10,554 Thread 0x00007fa07173d800 Exception <a 'java/lang/NoSuchMethodError'{0x000000078cba0f00}: 'void java.lang.invoke.DirectMethodHandle$Holder.invokeSpecial(java.lang.Object, java.lang.Object, int, java.lang.Object, java.lang.Object, java.lang.Object)'> (0x000000078cba0f00) thrown at [./src/hotspot/share/interpreter/linkResolver.cpp, line 773]
Event: 10,581 Thread 0x00007fa072809000 Exception <a 'java/lang/IncompatibleClassChangeError'{0x000000078c915aa8}: Found class java.lang.Object, but interface was expected> (0x000000078c915aa8) thrown at [./src/hotspot/share/interpreter/linkResolver.cpp, line 839]

Events (20 events):
Event: 278,473 Executing VM operation: RevokeBias
Event: 278,473 Thread 0x00007fa070c33800 Thread added: 0x00007fa070c33800
Event: 278,473 Protecting memory [0x0000700002c25000,0x0000700002c29000] with protection modes 0
Event: 278,473 Executing VM operation: RevokeBias done
Event: 278,473 Executing VM operation: RevokeBias
Event: 278,474 Executing VM operation: RevokeBias done
Event: 278,474 Protecting memory [0x0000700004b58000,0x0000700004b5c000] with protection modes 3
Event: 278,474 Thread 0x00007fa072ee3800 Thread exited: 0x00007fa072ee3800
Event: 278,474 Executing VM operation: RevokeBias
Event: 278,474 Executing VM operation: RevokeBias done
Event: 278,474 loading class io/vertx/core/Promise
Event: 278,474 loading class io/vertx/core/Promise done
Event: 278,474 Executing VM operation: RevokeBias
Event: 278,475 Executing VM operation: RevokeBias done
Event: 278,475 Executing VM operation: RevokeBias
Event: 278,475 Executing VM operation: RevokeBias done
Event: 278,475 Executing VM operation: RevokeBias
Event: 278,475 Executing VM operation: RevokeBias done
Event: 278,475 Executing VM operation: RevokeBias
Event: 278,475 Executing VM operation: RevokeBias done


Dynamic libraries:
0x00007fff2d179000 	/System/Library/Frameworks/Cocoa.framework/Versions/A/Cocoa
0x00007fff3a972000 	/System/Library/Frameworks/Security.framework/Versions/A/Security
0x00007fff2c0de000 	/System/Library/Frameworks/ApplicationServices.framework/Versions/A/ApplicationServices
0x00007fff6762f000 	/usr/lib/libz.1.dylib
0x0000000103fa5000 	/Users/plawn/.sdkman/candidates/java/21.2.0.r11-grl/lib/jli/libjli.dylib
0x00007fff650f3000 	/usr/lib/libSystem.B.dylib
0x00007fff2b2ce000 	/System/Library/Frameworks/AppKit.framework/Versions/C/AppKit
0x00007fff2dafd000 	/System/Library/Frameworks/CoreData.framework/Versions/A/CoreData
0x00007fff306d8000 	/System/Library/Frameworks/Foundation.framework/Versions/C/Foundation
0x00007fff5f108000 	/System/Library/PrivateFrameworks/UIFoundation.framework/Versions/A/UIFoundation
0x00007fff5a19c000 	/System/Library/PrivateFrameworks/RemoteViewServices.framework/Versions/A/RemoteViewServices
0x00007fff61c63000 	/System/Library/PrivateFrameworks/XCTTargetBootstrap.framework/Versions/A/XCTTargetBootstrap
0x00007fff2dee8000 	/System/Library/Frameworks/CoreDisplay.framework/Versions/A/CoreDisplay
0x00007fff33593000 	/System/Library/Frameworks/Metal.framework/Versions/A/Metal
0x00007fff48189000 	/System/Library/PrivateFrameworks/DesktopServicesPriv.framework/Versions/A/DesktopServicesPriv
0x00007fff6622e000 	/usr/lib/liblangid.dylib
0x00007fff4741e000 	/System/Library/PrivateFrameworks/CoreSVG.framework/Versions/A/CoreSVG
0x00007fff5d2f8000 	/System/Library/PrivateFrameworks/SkyLight.framework/Versions/A/SkyLight
0x00007fff2e49c000 	/System/Library/Frameworks/CoreGraphics.framework/Versions/A/CoreGraphics
0x00007fff29ca2000 	/System/Library/Frameworks/Accelerate.framework/Versions/A/Accelerate
0x00007fff67520000 	/usr/lib/libxml2.2.dylib
0x00007fff53127000 	/System/Library/PrivateFrameworks/IconServices.framework/Versions/A/IconServices
0x00007fff30eb7000 	/System/Library/Frameworks/IOSurface.framework/Versions/A/IOSurface
0x00007fff64c1d000 	/usr/lib/libDiagnosticMessagesClient.dylib
0x00007fff47fe3000 	/System/Library/PrivateFrameworks/DFRFoundation.framework/Versions/A/DFRFoundation
0x00007fff65fbd000 	/usr/lib/libicucore.A.dylib
0x00007fff2c410000 	/System/Library/Frameworks/AudioToolbox.framework/Versions/A/AudioToolbox
0x00007fff2c4f3000 	/System/Library/Frameworks/AudioUnit.framework/Versions/A/AudioUnit
0x00007fff652f5000 	/usr/lib/libauto.dylib
0x00007fff48085000 	/System/Library/PrivateFrameworks/DataDetectorsCore.framework/Versions/A/DataDetectorsCore
0x00007fff2cc9a000 	/System/Library/Frameworks/Carbon.framework/Versions/A/Frameworks/HIToolbox.framework/Versions/A/HIToolbox
0x00007fff39b6c000 	/System/Library/Frameworks/QuartzCore.framework/Versions/A/QuartzCore
0x00007fff2cfd9000 	/System/Library/Frameworks/Carbon.framework/Versions/A/Frameworks/SpeechRecognition.framework/Versions/A/SpeechRecognition
0x00007fff47af7000 	/System/Library/PrivateFrameworks/CoreUI.framework/Versions/A/CoreUI
0x00007fff2d568000 	/System/Library/Frameworks/CoreAudio.framework/Versions/A/CoreAudio
0x00007fff30397000 	/System/Library/Frameworks/DiskArbitration.framework/Versions/A/DiskArbitration
0x00007fff55177000 	/System/Library/PrivateFrameworks/MultitouchSupport.framework/Versions/A/MultitouchSupport
0x00007fff65e84000 	/usr/lib/libenergytrace.dylib
0x00007fff30e11000 	/System/Library/Frameworks/IOKit.framework/Versions/A/IOKit
0x00007fff2f403000 	/System/Library/Frameworks/CoreServices.framework/Versions/A/CoreServices
0x00007fff5732f000 	/System/Library/PrivateFrameworks/PerformanceAnalysis.framework/Versions/A/PerformanceAnalysis
0x00007fff38b9f000 	/System/Library/Frameworks/OpenGL.framework/Versions/A/OpenGL
0x00007fff66f53000 	/usr/lib/libobjc.A.dylib
0x00007fff2d187000 	/System/Library/Frameworks/ColorSync.framework/Versions/A/ColorSync
0x00007fff2e01b000 	/System/Library/Frameworks/CoreFoundation.framework/Versions/A/CoreFoundation
0x00007fff2eb1f000 	/System/Library/Frameworks/CoreImage.framework/Versions/A/CoreImage
0x00007fff2fe76000 	/System/Library/Frameworks/CoreText.framework/Versions/A/CoreText
0x00007fff30f47000 	/System/Library/Frameworks/ImageIO.framework/Versions/A/ImageIO
0x00007fff653d9000 	/usr/lib/libc++.1.dylib
0x00007fff65455000 	/usr/lib/libcompression.dylib
0x00007fff64f61000 	/usr/lib/libMobileGestalt.dylib
0x00007fff5ee72000 	/System/Library/PrivateFrameworks/TextureIO.framework/Versions/A/TextureIO
0x00007fff65258000 	/usr/lib/libate.dylib
0x00007fff53330000 	/System/Library/PrivateFrameworks/InternationalSupport.framework/Versions/A/InternationalSupport
0x00007fff67ef0000 	/usr/lib/system/libcache.dylib
0x00007fff67ef6000 	/usr/lib/system/libcommonCrypto.dylib
0x00007fff67f02000 	/usr/lib/system/libcompiler_rt.dylib
0x00007fff67f0a000 	/usr/lib/system/libcopyfile.dylib
0x00007fff67f14000 	/usr/lib/system/libcorecrypto.dylib
0x00007fff680b3000 	/usr/lib/system/libdispatch.dylib
0x00007fff680f4000 	/usr/lib/system/libdyld.dylib
0x00007fff6812b000 	/usr/lib/system/libkeymgr.dylib
0x00007fff68139000 	/usr/lib/system/liblaunch.dylib
0x00007fff6813a000 	/usr/lib/system/libmacho.dylib
0x00007fff68140000 	/usr/lib/system/libquarantine.dylib
0x00007fff68143000 	/usr/lib/system/libremovefile.dylib
0x00007fff68145000 	/usr/lib/system/libsystem_asl.dylib
0x00007fff6815d000 	/usr/lib/system/libsystem_blocks.dylib
0x00007fff6815e000 	/usr/lib/system/libsystem_c.dylib
0x00007fff681e6000 	/usr/lib/system/libsystem_configuration.dylib
0x00007fff681ea000 	/usr/lib/system/libsystem_coreservices.dylib
0x00007fff681ee000 	/usr/lib/system/libsystem_darwin.dylib
0x00007fff681f7000 	/usr/lib/system/libsystem_dnssd.dylib
0x00007fff681ff000 	/usr/lib/system/libsystem_featureflags.dylib
0x00007fff68201000 	/usr/lib/system/libsystem_info.dylib
0x00007fff6827c000 	/usr/lib/system/libsystem_m.dylib
0x00007fff682c4000 	/usr/lib/system/libsystem_malloc.dylib
0x00007fff682ec000 	/usr/lib/system/libsystem_networkextension.dylib
0x00007fff682fa000 	/usr/lib/system/libsystem_notify.dylib
0x00007fff68318000 	/usr/lib/system/libsystem_sandbox.dylib
0x00007fff6831d000 	/usr/lib/system/libsystem_secinit.dylib
0x00007fff6824f000 	/usr/lib/system/libsystem_kernel.dylib
0x00007fff68304000 	/usr/lib/system/libsystem_platform.dylib
0x00007fff6830d000 	/usr/lib/system/libsystem_pthread.dylib
0x00007fff68320000 	/usr/lib/system/libsystem_symptoms.dylib
0x00007fff68328000 	/usr/lib/system/libsystem_trace.dylib
0x00007fff68340000 	/usr/lib/system/libunwind.dylib
0x00007fff68346000 	/usr/lib/system/libxpc.dylib
0x00007fff6542c000 	/usr/lib/libc++abi.dylib
0x00007fff66230000 	/usr/lib/liblzma.5.dylib
0x00007fff65eab000 	/usr/lib/libfakelink.dylib
0x00007fff651e5000 	/usr/lib/libarchive.2.dylib
0x00007fff3ba23000 	/System/Library/Frameworks/SystemConfiguration.framework/Versions/A/SystemConfiguration
0x00007fff64b50000 	/usr/lib/libCRFSuite.dylib
0x00007fff2c88a000 	/System/Library/Frameworks/CFNetwork.framework/Versions/A/CFNetwork
0x00007fff653bb000 	/usr/lib/libbsm.0.dylib
0x00007fff6812c000 	/usr/lib/system/libkxld.dylib
0x00007fff41960000 	/System/Library/PrivateFrameworks/AppleFSCompression.framework/Versions/A/AppleFSCompression
0x00007fff65746000 	/usr/lib/libcoretls.dylib
0x00007fff6575d000 	/usr/lib/libcoretls_cfhelpers.dylib
0x00007fff66f99000 	/usr/lib/libpam.2.dylib
0x00007fff670ce000 	/usr/lib/libsqlite3.dylib
0x00007fff6750d000 	/usr/lib/libxar.1.dylib
0x00007fff653cc000 	/usr/lib/libbz2.1.0.dylib
0x00007fff65ecc000 	/usr/lib/libiconv.2.dylib
0x00007fff65442000 	/usr/lib/libcharset.1.dylib
0x00007fff66a36000 	/usr/lib/libnetwork.dylib
0x00007fff66fa0000 	/usr/lib/libpcap.A.dylib
0x00007fff6519a000 	/usr/lib/libapple_nghttp2.dylib
0x00007fff2f7ba000 	/System/Library/Frameworks/CoreServices.framework/Versions/A/Frameworks/FSEvents.framework/Versions/A/FSEvents
0x00007fff2f48a000 	/System/Library/Frameworks/CoreServices.framework/Versions/A/Frameworks/CarbonCore.framework/Versions/A/CarbonCore
0x00007fff2f9fe000 	/System/Library/Frameworks/CoreServices.framework/Versions/A/Frameworks/Metadata.framework/Versions/A/Metadata
0x00007fff2fa97000 	/System/Library/Frameworks/CoreServices.framework/Versions/A/Frameworks/OSServices.framework/Versions/A/OSServices
0x00007fff2fac5000 	/System/Library/Frameworks/CoreServices.framework/Versions/A/Frameworks/SearchKit.framework/Versions/A/SearchKit
0x00007fff2f404000 	/System/Library/Frameworks/CoreServices.framework/Versions/A/Frameworks/AE.framework/Versions/A/AE
0x00007fff2f7c3000 	/System/Library/Frameworks/CoreServices.framework/Versions/A/Frameworks/LaunchServices.framework/Versions/A/LaunchServices
0x00007fff2f76c000 	/System/Library/Frameworks/CoreServices.framework/Versions/A/Frameworks/DictionaryServices.framework/Versions/A/DictionaryServices
0x00007fff2fb2d000 	/System/Library/Frameworks/CoreServices.framework/Versions/A/Frameworks/SharedFileList.framework/Versions/A/SharedFileList
0x00007fff349be000 	/System/Library/Frameworks/NetFS.framework/Versions/A/NetFS
0x00007fff556a7000 	/System/Library/PrivateFrameworks/NetAuth.framework/Versions/A/NetAuth
0x00007fff62030000 	/System/Library/PrivateFrameworks/login.framework/Versions/A/Frameworks/loginsupport.framework/Versions/A/loginsupport
0x00007fff5e93d000 	/System/Library/PrivateFrameworks/TCC.framework/Versions/A/TCC
0x00007fff46591000 	/System/Library/PrivateFrameworks/CoreNLP.framework/Versions/A/CoreNLP
0x00007fff54ba4000 	/System/Library/PrivateFrameworks/MetadataUtilities.framework/Versions/A/MetadataUtilities
0x00007fff66308000 	/usr/lib/libmecabra.dylib
0x00007fff66260000 	/usr/lib/libmecab.dylib
0x00007fff65ebc000 	/usr/lib/libgermantok.dylib
0x00007fff65181000 	/usr/lib/libThaiTokenizer.dylib
0x00007fff64b87000 	/usr/lib/libChineseTokenizer.dylib
0x00007fff29cba000 	/System/Library/Frameworks/Accelerate.framework/Versions/A/Frameworks/vImage.framework/Versions/A/vImage
0x00007fff2b124000 	/System/Library/Frameworks/Accelerate.framework/Versions/A/Frameworks/vecLib.framework/Versions/A/vecLib
0x00007fff2b061000 	/System/Library/Frameworks/Accelerate.framework/Versions/A/Frameworks/vecLib.framework/Versions/A/libvMisc.dylib
0x00007fff2ae89000 	/System/Library/Frameworks/Accelerate.framework/Versions/A/Frameworks/vecLib.framework/Versions/A/libvDSP.dylib
0x00007fff2a311000 	/System/Library/Frameworks/Accelerate.framework/Versions/A/Frameworks/vecLib.framework/Versions/A/libBLAS.dylib
0x00007fff2aa4d000 	/System/Library/Frameworks/Accelerate.framework/Versions/A/Frameworks/vecLib.framework/Versions/A/libLAPACK.dylib
0x00007fff2ade9000 	/System/Library/Frameworks/Accelerate.framework/Versions/A/Frameworks/vecLib.framework/Versions/A/libLinearAlgebra.dylib
0x00007fff2ae76000 	/System/Library/Frameworks/Accelerate.framework/Versions/A/Frameworks/vecLib.framework/Versions/A/libSparseBLAS.dylib
0x00007fff2adff000 	/System/Library/Frameworks/Accelerate.framework/Versions/A/Frameworks/vecLib.framework/Versions/A/libQuadrature.dylib
0x00007fff2a579000 	/System/Library/Frameworks/Accelerate.framework/Versions/A/Frameworks/vecLib.framework/Versions/A/libBNNS.dylib
0x00007fff2ae05000 	/System/Library/Frameworks/Accelerate.framework/Versions/A/Frameworks/vecLib.framework/Versions/A/libSparse.dylib
0x00007fff53718000 	/System/Library/PrivateFrameworks/LanguageModeling.framework/Versions/A/LanguageModeling
0x00007fff45f41000 	/System/Library/PrivateFrameworks/CoreEmoji.framework/Versions/A/CoreEmoji
0x00007fff53836000 	/System/Library/PrivateFrameworks/LinguisticData.framework/Versions/A/LinguisticData
0x00007fff537e7000 	/System/Library/PrivateFrameworks/Lexicon.framework/Versions/A/Lexicon
0x00007fff65443000 	/usr/lib/libcmph.dylib
0x00007fff375ad000 	/System/Library/Frameworks/OpenDirectory.framework/Versions/A/Frameworks/CFOpenDirectory.framework/Versions/A/CFOpenDirectory
0x00007fff375ca000 	/System/Library/Frameworks/OpenDirectory.framework/Versions/A/OpenDirectory
0x00007fff3fa0d000 	/System/Library/PrivateFrameworks/APFS.framework/Versions/A/APFS
0x00007fff3acbc000 	/System/Library/Frameworks/SecurityFoundation.framework/Versions/A/SecurityFoundation
0x00007fff67509000 	/usr/lib/libutil.dylib
0x00007fff47476000 	/System/Library/PrivateFrameworks/CoreServicesStore.framework/Versions/A/CoreServicesStore
0x00007fff3ad73000 	/System/Library/Frameworks/ServiceManagement.framework/Versions/A/ServiceManagement
0x00007fff43130000 	/System/Library/PrivateFrameworks/BackgroundTaskManagement.framework/Versions/A/BackgroundTaskManagement
0x00007fff67606000 	/usr/lib/libxslt.1.dylib
0x00007fff41fd3000 	/System/Library/PrivateFrameworks/AppleSystemInfo.framework/Versions/A/AppleSystemInfo
0x00007fff31162000 	/System/Library/Frameworks/ImageIO.framework/Versions/A/Resources/libJPEG.dylib
0x00007fff31421000 	/System/Library/Frameworks/ImageIO.framework/Versions/A/Resources/libTIFF.dylib
0x00007fff31404000 	/System/Library/Frameworks/ImageIO.framework/Versions/A/Resources/libPng.dylib
0x00007fff310a4000 	/System/Library/Frameworks/ImageIO.framework/Versions/A/Resources/libGIF.dylib
0x00007fff310a8000 	/System/Library/Frameworks/ImageIO.framework/Versions/A/Resources/libJP2.dylib
0x00007fff3141f000 	/System/Library/Frameworks/ImageIO.framework/Versions/A/Resources/libRadiance.dylib
0x00007fff65e85000 	/usr/lib/libexpat.1.dylib
0x00007fff41abb000 	/System/Library/PrivateFrameworks/AppleJPEG.framework/Versions/A/AppleJPEG
0x00007fff4a78c000 	/System/Library/PrivateFrameworks/FontServices.framework/libFontParser.dylib
0x00007fff61032000 	/System/Library/PrivateFrameworks/WatchdogClient.framework/Versions/A/WatchdogClient
0x00007fff52d73000 	/System/Library/PrivateFrameworks/IOAccelerator.framework/Versions/A/IOAccelerator
0x00007fff3392e000 	/System/Library/Frameworks/MetalPerformanceShaders.framework/Versions/A/MetalPerformanceShaders
0x00007fff4f509000 	/System/Library/PrivateFrameworks/GPUWrangler.framework/Versions/A/GPUWrangler
0x00007fff52d88000 	/System/Library/PrivateFrameworks/IOPresentment.framework/Versions/A/IOPresentment
0x00007fff47ff6000 	/System/Library/PrivateFrameworks/DSExternalDisplay.framework/Versions/A/DSExternalDisplay
0x00007fff37f3e000 	/System/Library/Frameworks/OpenGL.framework/Versions/A/Libraries/libCoreFSCache.dylib
0x00007fff3367a000 	/System/Library/Frameworks/MetalPerformanceShaders.framework/Frameworks/MPSCore.framework/Versions/A/MPSCore
0x00007fff336b8000 	/System/Library/Frameworks/MetalPerformanceShaders.framework/Frameworks/MPSImage.framework/Versions/A/MPSImage
0x00007fff3377f000 	/System/Library/Frameworks/MetalPerformanceShaders.framework/Frameworks/MPSNeuralNetwork.framework/Versions/A/MPSNeuralNetwork
0x00007fff33743000 	/System/Library/Frameworks/MetalPerformanceShaders.framework/Frameworks/MPSMatrix.framework/Versions/A/MPSMatrix
0x00007fff338de000 	/System/Library/Frameworks/MetalPerformanceShaders.framework/Frameworks/MPSRayIntersector.framework/Versions/A/MPSRayIntersector
0x00007fff33769000 	/System/Library/Frameworks/MetalPerformanceShaders.framework/Frameworks/MPSNDArray.framework/Versions/A/MPSNDArray
0x00007fff54bf1000 	/System/Library/PrivateFrameworks/MetalTools.framework/Versions/A/MetalTools
0x00007fff40be7000 	/System/Library/PrivateFrameworks/AggregateDictionary.framework/Versions/A/AggregateDictionary
0x00007fff45989000 	/System/Library/PrivateFrameworks/CoreAnalytics.framework/Versions/A/CoreAnalytics
0x00007fff41ef2000 	/System/Library/PrivateFrameworks/AppleSauce.framework/Versions/A/AppleSauce
0x00007fff64e43000 	/usr/lib/libIOReport.dylib
0x00007fff3002e000 	/System/Library/Frameworks/CoreVideo.framework/Versions/A/CoreVideo
0x00007fff50982000 	/System/Library/PrivateFrameworks/GraphVisualizer.framework/Versions/A/GraphVisualizer
0x00007fff49cd2000 	/System/Library/PrivateFrameworks/FaceCore.framework/Versions/A/FaceCore
0x00007fff37554000 	/System/Library/Frameworks/OpenCL.framework/Versions/A/OpenCL
0x00007fff64c65000 	/usr/lib/libFosl_dynamic.dylib
0x00007fff560c7000 	/System/Library/PrivateFrameworks/OTSVG.framework/Versions/A/OTSVG
0x00007fff2c1e3000 	/System/Library/Frameworks/ApplicationServices.framework/Versions/A/Frameworks/ATS.framework/Versions/A/Resources/libFontRegistry.dylib
0x00007fff4a95d000 	/System/Library/PrivateFrameworks/FontServices.framework/libhvf.dylib
0x00007fff37f49000 	/System/Library/Frameworks/OpenGL.framework/Versions/A/Libraries/libGFXShared.dylib
0x00007fff38127000 	/System/Library/Frameworks/OpenGL.framework/Versions/A/Libraries/libGLU.dylib
0x00007fff37f52000 	/System/Library/Frameworks/OpenGL.framework/Versions/A/Libraries/libGL.dylib
0x00007fff37f5d000 	/System/Library/Frameworks/OpenGL.framework/Versions/A/Libraries/libGLImage.dylib
0x00007fff37f3b000 	/System/Library/Frameworks/OpenGL.framework/Versions/A/Libraries/libCVMSPluginSupport.dylib
0x00007fff37f44000 	/System/Library/Frameworks/OpenGL.framework/Versions/A/Libraries/libCoreVMClient.dylib
0x00007fff668d7000 	/usr/lib/libncurses.5.4.dylib
0x00007fff2c0df000 	/System/Library/Frameworks/ApplicationServices.framework/Versions/A/Frameworks/ATS.framework/Versions/A/ATS
0x00007fff2c2ac000 	/System/Library/Frameworks/ApplicationServices.framework/Versions/A/Frameworks/ColorSyncLegacy.framework/Versions/A/ColorSyncLegacy
0x00007fff2c34a000 	/System/Library/Frameworks/ApplicationServices.framework/Versions/A/Frameworks/HIServices.framework/Versions/A/HIServices
0x00007fff2c3a2000 	/System/Library/Frameworks/ApplicationServices.framework/Versions/A/Frameworks/LangAnalysis.framework/Versions/A/LangAnalysis
0x00007fff2c3b1000 	/System/Library/Frameworks/ApplicationServices.framework/Versions/A/Frameworks/PrintCore.framework/Versions/A/PrintCore
0x00007fff2c3f7000 	/System/Library/Frameworks/ApplicationServices.framework/Versions/A/Frameworks/QD.framework/Versions/A/QD
0x00007fff2c402000 	/System/Library/Frameworks/ApplicationServices.framework/Versions/A/Frameworks/SpeechSynthesis.framework/Versions/A/SpeechSynthesis
0x00007fff2c27c000 	/System/Library/Frameworks/ApplicationServices.framework/Versions/A/Frameworks/ATSUI.framework/Versions/A/ATSUI
0x00007fff65d1b000 	/usr/lib/libcups.2.dylib
0x00007fff329c9000 	/System/Library/Frameworks/Kerberos.framework/Versions/A/Kerberos
0x00007fff30b0a000 	/System/Library/Frameworks/GSS.framework/Versions/A/GSS
0x00007fff6705a000 	/usr/lib/libresolv.9.dylib
0x00007fff50b2f000 	/System/Library/PrivateFrameworks/Heimdal.framework/Versions/A/Heimdal
0x00007fff329dc000 	/System/Library/Frameworks/Kerberos.framework/Versions/A/Libraries/libHeimdalProxy.dylib
0x00007fff65ec2000 	/usr/lib/libheimdal-asn1.dylib
0x00007fff44e21000 	/System/Library/PrivateFrameworks/CommonAuth.framework/Versions/A/CommonAuth
0x00007fff42070000 	/System/Library/PrivateFrameworks/AssertionServices.framework/Versions/A/AssertionServices
0x00007fff42c13000 	/System/Library/PrivateFrameworks/AudioToolboxCore.framework/Versions/A/AudioToolboxCore
0x00007fff61ce0000 	/System/Library/PrivateFrameworks/caulk.framework/Versions/A/caulk
0x00007fff431dc000 	/System/Library/PrivateFrameworks/BaseBoard.framework/Versions/A/BaseBoard
0x00007fff5a32a000 	/System/Library/PrivateFrameworks/RunningBoardServices.framework/Versions/A/RunningBoardServices
0x00007fff5733b000 	/System/Library/PrivateFrameworks/PersistentConnection.framework/Versions/A/PersistentConnection
0x00007fff59d23000 	/System/Library/PrivateFrameworks/ProtocolBuffer.framework/Versions/A/ProtocolBuffer
0x00007fff44e45000 	/System/Library/PrivateFrameworks/CommonUtilities.framework/Versions/A/CommonUtilities
0x00007fff4336a000 	/System/Library/PrivateFrameworks/Bom.framework/Versions/A/Bom
0x00007fff64b16000 	/usr/lib/libAudioToolboxUtility.dylib
0x00007fff4313a000 	/System/Library/PrivateFrameworks/Backup.framework/Versions/A/Backup
0x00007fff47f17000 	/System/Library/PrivateFrameworks/CrashReporterSupport.framework/Versions/A/CrashReporterSupport
0x00007fff5bdbc000 	/System/Library/PrivateFrameworks/Sharing.framework/Versions/A/Sharing
0x00007fff4167e000 	/System/Library/PrivateFrameworks/Apple80211.framework/Versions/A/Apple80211
0x00007fff42e57000 	/System/Library/PrivateFrameworks/AuthKit.framework/Versions/A/AuthKit
0x00007fff47c24000 	/System/Library/PrivateFrameworks/CoreUtils.framework/Versions/A/CoreUtils
0x00007fff30073000 	/System/Library/Frameworks/CoreWLAN.framework/Versions/A/CoreWLAN
0x00007fff30c97000 	/System/Library/Frameworks/IOBluetooth.framework/Versions/A/IOBluetooth
0x00007fff54ef6000 	/System/Library/PrivateFrameworks/MobileKeyBag.framework/Versions/A/MobileKeyBag
0x00007fff46a29000 	/System/Library/PrivateFrameworks/CorePhoneNumbers.framework/Versions/A/CorePhoneNumbers
0x00007fff41a6e000 	/System/Library/PrivateFrameworks/AppleIDAuthSupport.framework/Versions/A/AppleIDAuthSupport
0x00007fff349cb000 	/System/Library/Frameworks/Network.framework/Versions/A/Network
0x00007fff535c4000 	/System/Library/PrivateFrameworks/KeychainCircle.framework/Versions/A/KeychainCircle
0x00007fff2dac4000 	/System/Library/Frameworks/CoreBluetooth.framework/Versions/A/CoreBluetooth
0x00007fff5de3b000 	/System/Library/PrivateFrameworks/SpeechRecognitionCore.framework/Versions/A/SpeechRecognitionCore
0x0000000104800000 	/Users/plawn/.sdkman/candidates/java/21.2.0.r11-grl/lib/server/libjvm.dylib
0x0000000103fc7000 	/Users/plawn/.sdkman/candidates/java/21.2.0.r11-grl/lib/libverify.dylib
0x00000001055bd000 	/Users/plawn/.sdkman/candidates/java/21.2.0.r11-grl/lib/libjava.dylib
0x0000000103fd8000 	/Users/plawn/.sdkman/candidates/java/21.2.0.r11-grl/lib/libjimage.dylib
0x0000000103fe6000 	/Users/plawn/.sdkman/candidates/java/21.2.0.r11-grl/lib/libinstrument.dylib
0x00000001055e9000 	/Users/plawn/.sdkman/candidates/java/21.2.0.r11-grl/lib/libjdwp.dylib
0x0000000105666000 	/Users/plawn/.sdkman/candidates/java/21.2.0.r11-grl/lib/libzip.dylib
0x000000012c722000 	/Users/plawn/.sdkman/candidates/java/21.2.0.r11-grl/lib/libjvmcicompiler.dylib
0x0000000106d48000 	/Users/plawn/.sdkman/candidates/java/21.2.0.r11-grl/lib/libnio.dylib
0x0000000106d5a000 	/Users/plawn/.sdkman/candidates/java/21.2.0.r11-grl/lib/libnet.dylib
0x0000000106d73000 	/Users/plawn/.sdkman/candidates/java/21.2.0.r11-grl/lib/libdt_socket.dylib
0x0000000106d7d000 	/Users/plawn/.sdkman/candidates/java/21.2.0.r11-grl/lib/libmanagement.dylib
0x0000000106d87000 	/Users/plawn/.sdkman/candidates/java/21.2.0.r11-grl/lib/libmanagement_ext.dylib
0x0000000106db4000 	/Users/plawn/.sdkman/candidates/java/21.2.0.r11-grl/lib/libextnet.dylib


VM Arguments:
jvm_args: -XX:+UnlockExperimentalVMOptions -XX:+EnableJVMCIProduct -XX:-UnlockExperimentalVMOptions -XX:ThreadPriorityPolicy=1 -Xverify:none -Dquarkus-internal.serialized-app-model.path=/Users/plawn/Documents/petiteStack/petit_chat/target/quarkus/bootstrap/dev-app-model.dat -javaagent:/Users/plawn/.m2/repository/io/quarkus/quarkus-class-change-agent/2.15.0.Final/quarkus-class-change-agent-2.15.0.Final.jar -agentlib:jdwp=transport=dt_socket,address=localhost:5005,server=y,suspend=n -Djava.util.logging.manager=org.jboss.logmanager.LogManager 
java_command: /Users/plawn/Documents/petiteStack/petit_chat/target/petit_chat-dev.jar
java_class_path (initial): /Users/plawn/Documents/petiteStack/petit_chat/target/petit_chat-dev.jar
Launcher Type: SUN_STANDARD

[Global flags]
     bool BytecodeVerificationLocal                = false                                     {product} {command line}
     bool BytecodeVerificationRemote               = false                                     {product} {command line}
     intx CICompilerCount                          = 3                                         {product} {ergonomic}
     uint ConcGCThreads                            = 1                                         {product} {ergonomic}
     bool EnableJVMCIProduct                       = true                                {JVMCI product} {jimage}
     uint G1ConcRefinementThreads                  = 4                                         {product} {ergonomic}
   size_t G1HeapRegionSize                         = 1048576                                   {product} {ergonomic}
    uintx GCDrainStackTargetSize                   = 64                                        {product} {ergonomic}
   size_t InitialHeapSize                          = 134217728                                 {product} {ergonomic}
   size_t MarkStackSize                            = 4194304                                   {product} {ergonomic}
   size_t MaxHeapSize                              = 2147483648                                {product} {ergonomic}
   size_t MaxNewSize                               = 1287651328                                {product} {ergonomic}
   size_t MinHeapDeltaBytes                        = 1048576                                   {product} {ergonomic}
    uintx NonNMethodCodeHeapSize                   = 5830732                                {pd product} {ergonomic}
    uintx NonProfiledCodeHeapSize                  = 164856794                              {pd product} {ergonomic}
    uintx ProfiledCodeHeapSize                     = 164856794                              {pd product} {ergonomic}
    uintx ReservedCodeCacheSize                    = 335544320                              {pd product} {ergonomic}
     bool SegmentedCodeCache                       = true                                      {product} {ergonomic}
     intx ThreadPriorityPolicy                     = 1                                         {product} {jimage}
     bool UseCompressedClassPointers               = true                                 {lp64_product} {ergonomic}
     bool UseCompressedOops                        = true                                 {lp64_product} {ergonomic}
     bool UseG1GC                                  = true                                      {product} {ergonomic}

Logging:
Log output configuration:
 #0: stdout all=warning uptime,level,tags
 #1: stderr all=off uptime,level,tags

Environment Variables:
JAVA_HOME=/Users/plawn/.sdkman/candidates/java/current
PATH=/Users/plawn/.pyenv/shims:/Library/Frameworks/Python.framework/Versions/3.8/bin:/Library/Frameworks/Python.framework/Versions/3.9/bin:/Users/plawn/.cargo/bin:/Users/plawn/.yarn/bin:/Users/plawn/.config/yarn/global/node_modules/.bin:/Users/plawn/.deno/bin:/Users/plawn/.bun/bin:/opt/apache-maven-3.6.3/bin:/Users/plawn/Library/pnpm:/Applications/MATLAB_R2016a.app/bin/:/Library/Frameworks/Python.framework/Versions/3.7/bin:/usr/local/bin:/usr/bin:/bin:/usr/sbin:/sbin:/usr/local/go/bin:/Library/Apple/usr/bin:/Users/plawn/.sdkman/candidates/micronaut/current/bin:/Users/plawn/.sdkman/candidates/java/current/bin:/Users/plawn/.pyenv/shims:/Library/Frameworks/Python.framework/Versions/3.8/bin:/Library/Frameworks/Python.framework/Versions/3.9/bin:/Users/plawn/.cargo/bin:/Users/plawn/.yarn/bin:/Users/plawn/.config/yarn/global/node_modules/.bin:/Users/plawn/.deno/bin:/Users/plawn/.bun/bin:/opt/apache-maven-3.6.3/bin:/Users/plawn/Library/pnpm:/Applications/MATLAB_R2016a.app/bin/:/Library/Frameworks/Python.framework/Versions/3.7/bin:/Users/plawn/Applications/Tools/flutter/bin:/Users/plawn/Applications/Tools/flutter/bin
SHELL=/bin/bash
LANG=fr_FR.UTF-8

Signal Handlers:
SIGSEGV: [libjvm.dylib+0x7a19d8], sa_mask[0]=11111111011111110111111111111111, sa_flags=SA_ONSTACK|SA_RESTART|SA_SIGINFO
SIGBUS: [libjvm.dylib+0x7a19d8], sa_mask[0]=11111111011111110111111111111111, sa_flags=SA_RESTART|SA_SIGINFO
SIGFPE: [libjvm.dylib+0x7a19d8], sa_mask[0]=11111111011111110111111111111111, sa_flags=SA_RESTART|SA_SIGINFO
SIGPIPE: [libjvm.dylib+0x65df15], sa_mask[0]=11111111011111110111111111111111, sa_flags=SA_RESTART|SA_SIGINFO
SIGXFSZ: [libjvm.dylib+0x65df15], sa_mask[0]=11111111011111110111111111111111, sa_flags=SA_RESTART|SA_SIGINFO
SIGILL: [libjvm.dylib+0x7a19d8], sa_mask[0]=11111111011111110111111111111111, sa_flags=SA_RESTART|SA_SIGINFO
SIGUSR2: [libjvm.dylib+0x65e4ff], sa_mask[0]=00100000000000000000000000000000, sa_flags=SA_RESTART|SA_SIGINFO
SIGHUP: [libjvm.dylib+0x65d087], sa_mask[0]=11111111011111110111111111111111, sa_flags=SA_RESTART|SA_SIGINFO
SIGINT: [libjvm.dylib+0x65d087], sa_mask[0]=11111111011111110111111111111111, sa_flags=SA_RESTART|SA_SIGINFO
SIGTERM: [libjvm.dylib+0x65d087], sa_mask[0]=11111111011111110111111111111111, sa_flags=SA_RESTART|SA_SIGINFO
SIGQUIT: [libjvm.dylib+0x65d087], sa_mask[0]=11111111011111110111111111111111, sa_flags=SA_RESTART|SA_SIGINFO


---------------  S Y S T E M  ---------------

OS:uname:Darwin 19.6.0 Darwin Kernel Version 19.6.0: Mon Aug 31 22:12:52 PDT 2020; root:xnu-6153.141.2~1/RELEASE_X86_64 x86_64
OS uptime: 2 days 22:35 hours
rlimit (soft/hard): STACK 8192k/65532k , CORE 0k/infinity , NPROC 1392/2088 , NOFILE 10240/infinity , AS infinity/infinity , CPU infinity/infinity , DATA infinity/infinity , FSIZE infinity/infinity , MEMLOCK infinity/infinity , RSS infinity/infinity
load average:2,18 2,21 2,26

CPU:total 4 (initial active 4) (2 cores per cpu, 2 threads per core) family 6 model 142 stepping 9 microcode 0xd6, cmov, cx8, fxsr, mmx, sse, sse2, sse3, ssse3, sse4.1, sse4.2, popcnt, avx, avx2, aes, clmul, erms, rtm, 3dnowpref, lzcnt, ht, tsc, tscinvbit, bmi1, bmi2, adx, fma

Memory: 4k page, physical 8388608k(234728k free), swap 6291456k(1305856k free)

vm_info: OpenJDK 64-Bit Server VM (11.0.12+6-jvmci-21.2-b08) for bsd-amd64 JRE (11.0.12+6-jvmci-21.2-b08), built on Jul 19 2021 17:16:18 by "graal" with clang 4.2.1 Compatible Apple LLVM 10.0.0 (clang-1000.11.45.5)

END.
