#
# A fatal error has been detected by the Java Runtime Environment:
#
#  Internal Error (nativeInst_x86.cpp:270), pid=8469, tid=61959
#  guarantee(!os::is_MP() || is_aligned) failed: destination must be aligned
#
# JRE version: OpenJDK Runtime Environment GraalVM CE 21.2.0 (11.0.12+6) (build 11.0.12+6-jvmci-21.2-b08)
# Java VM: OpenJDK 64-Bit Server VM GraalVM CE 21.2.0 (11.0.12+6-jvmci-21.2-b08, mixed mode, sharing, tiered, jvmci, jvmci compiler, compressed oops, g1 gc, bsd-amd64)
# No core dump will be written. Core dumps have been disabled. To enable core dumping, try "ulimit -c unlimited" before starting Java again
#
# If you would like to submit a bug report, please visit:
#   https://github.com/oracle/graal/issues
#

---------------  S U M M A R Y ------------

Command Line: -XX:+UnlockExperimentalVMOptions -XX:+EnableJVMCIProduct -XX:-UnlockExperimentalVMOptions -XX:ThreadPriorityPolicy=1 -Xverify:none -Dquarkus-internal.serialized-app-model.path=/Users/plawn/Documents/petiteStack/petit_chat/target/quarkus/bootstrap/dev-app-model.dat -javaagent:/Users/plawn/.m2/repository/io/quarkus/quarkus-class-change-agent/2.15.0.Final/quarkus-class-change-agent-2.15.0.Final.jar -agentlib:jdwp=transport=dt_socket,address=localhost:5005,server=y,suspend=n -Djava.util.logging.manager=org.jboss.logmanager.LogManager /Users/plawn/Documents/petiteStack/petit_chat/target/petit_chat-dev.jar

Host: MacBookPro14,1 x86_64 2300 MHz, 4 cores, 8G, Darwin 19.6.0
Time: Sun Dec 25 18:15:05 2022 CET elapsed time: 18.197837 seconds (0d 0h 0m 18s)

---------------  T H R E A D  ---------------

Current thread (0x00007fdfee7ae000):  JavaThread "Aesh Shutdown Hook" [_thread_in_vm, id=61959, stack(0x0000700008602000,0x0000700008702000)]

Stack: [0x0000700008602000,0x0000700008702000],  sp=0x00007000086fe040,  free space=1008k
Native frames: (J=compiled Java code, A=aot compiled Java code, j=interpreted, Vv=VM code, C=native code)
V  [libjvm.dylib+0x7a0ba3]  VMError::report_and_die(int, char const*, char const*, __va_list_tag*, Thread*, unsigned char*, void*, void*, char const*, int, unsigned long)+0x663
V  [libjvm.dylib+0x7a12a1]  VMError::report_and_die(Thread*, void*, char const*, int, char const*, char const*, __va_list_tag*)+0x47
V  [libjvm.dylib+0x26c454]  report_vm_error(char const*, int, char const*, char const*, ...)+0xa9
V  [libjvm.dylib+0x639c2c]  NativeCall::set_destination_mt_safe(unsigned char*)+0x66
V  [libjvm.dylib+0x23966d]  CompiledIC::internal_set_ic_destination(unsigned char*, bool, void*, bool)+0x77
V  [libjvm.dylib+0x6d561b]  SharedRuntime::reresolve_call_site(JavaThread*, Thread*)+0x1ed
V  [libjvm.dylib+0x6d21d0]  SharedRuntime::handle_wrong_method(JavaThread*)+0xa4
v  ~RuntimeStub::wrong_method_stub
J 5274 jvmci java.util.regex.Pattern$GroupHead.match(Ljava/util/regex/Matcher;ILjava/lang/CharSequence;)Z java.base@11.0.12 (47 bytes) @ 0x00000001230a91a2 [0x00000001230a8fa0+0x0000000000000202]
J 5375 jvmci java.util.regex.Pattern$Start.match(Ljava/util/regex/Matcher;ILjava/lang/CharSequence;)Z java.base@11.0.12 (90 bytes) @ 0x00000001230bbad0 [0x00000001230bb9a0+0x0000000000000130]
J 5275 jvmci java.util.regex.Matcher.search(I)Z java.base@11.0.12 (154 bytes) @ 0x00000001230aacb6 [0x00000001230aab40+0x0000000000000176]
J 4006 c1 java.util.regex.Matcher.find()Z java.base@11.0.12 (69 bytes) @ 0x00000001199f265c [0x00000001199f2540+0x000000000000011c]
j  org.aesh.readline.terminal.impl.ExecPty.doGetFlag(Ljava/lang/String;Ljava/lang/Enum;)Ljava/lang/Boolean;+39
j  org.aesh.readline.terminal.impl.ExecPty.doGetAttr(Ljava/lang/String;)Lorg/aesh/terminal/Attributes;+137
j  org.aesh.readline.terminal.impl.ExecPty.getAttr()Lorg/aesh/terminal/Attributes;+34
j  org.aesh.readline.terminal.impl.ExecPty.setAttr(Lorg/aesh/terminal/Attributes;)V+1
j  org.aesh.readline.terminal.impl.AbstractPosixTerminal.close()V+8
j  org.aesh.readline.terminal.impl.PosixSysTerminal.close()V+66
j  org.aesh.readline.terminal.impl.PosixSysTerminal$$Lambda$360.run()V+4
j  org.aesh.readline.terminal.utils.ShutdownHooks.runTasks()V+61
j  org.aesh.readline.terminal.utils.ShutdownHooks.access$000()V+0
j  org.aesh.readline.terminal.utils.ShutdownHooks$1.run()V+0
v  ~StubRoutines::call_stub
V  [libjvm.dylib+0x3a8fdc]  JavaCalls::call_helper(JavaValue*, methodHandle const&, JavaCallArguments*, Thread*)+0x21c
V  [libjvm.dylib+0x3a8440]  JavaCalls::call_virtual(JavaValue*, Klass*, Symbol*, Symbol*, JavaCallArguments*, Thread*)+0xee
V  [libjvm.dylib+0x3a84fc]  JavaCalls::call_virtual(JavaValue*, Handle, Klass*, Symbol*, Symbol*, Thread*)+0x62
V  [libjvm.dylib+0x42df9d]  thread_entry(JavaThread*, Thread*)+0x78
V  [libjvm.dylib+0x758aa8]  JavaThread::thread_main_inner()+0x82
V  [libjvm.dylib+0x7588f2]  JavaThread::run()+0x174
V  [libjvm.dylib+0x756698]  Thread::call_run()+0x68
V  [libjvm.dylib+0x65bdd9]  thread_native_entry(Thread*)+0x139
C  [libsystem_pthread.dylib+0x6109]  _pthread_start+0x94
C  [libsystem_pthread.dylib+0x1b8b]  thread_start+0xf

Java frames: (J=compiled Java code, j=interpreted, Vv=VM code)
v  ~RuntimeStub::wrong_method_stub
J 5274 jvmci java.util.regex.Pattern$GroupHead.match(Ljava/util/regex/Matcher;ILjava/lang/CharSequence;)Z java.base@11.0.12 (47 bytes) @ 0x00000001230a91a2 [0x00000001230a8fa0+0x0000000000000202]
J 5375 jvmci java.util.regex.Pattern$Start.match(Ljava/util/regex/Matcher;ILjava/lang/CharSequence;)Z java.base@11.0.12 (90 bytes) @ 0x00000001230bbad0 [0x00000001230bb9a0+0x0000000000000130]
J 5275 jvmci java.util.regex.Matcher.search(I)Z java.base@11.0.12 (154 bytes) @ 0x00000001230aacb6 [0x00000001230aab40+0x0000000000000176]
J 4006 c1 java.util.regex.Matcher.find()Z java.base@11.0.12 (69 bytes) @ 0x00000001199f265c [0x00000001199f2540+0x000000000000011c]
j  org.aesh.readline.terminal.impl.ExecPty.doGetFlag(Ljava/lang/String;Ljava/lang/Enum;)Ljava/lang/Boolean;+39
j  org.aesh.readline.terminal.impl.ExecPty.doGetAttr(Ljava/lang/String;)Lorg/aesh/terminal/Attributes;+137
j  org.aesh.readline.terminal.impl.ExecPty.getAttr()Lorg/aesh/terminal/Attributes;+34
j  org.aesh.readline.terminal.impl.ExecPty.setAttr(Lorg/aesh/terminal/Attributes;)V+1
j  org.aesh.readline.terminal.impl.AbstractPosixTerminal.close()V+8
j  org.aesh.readline.terminal.impl.PosixSysTerminal.close()V+66
j  org.aesh.readline.terminal.impl.PosixSysTerminal$$Lambda$360.run()V+4
j  org.aesh.readline.terminal.utils.ShutdownHooks.runTasks()V+61
j  org.aesh.readline.terminal.utils.ShutdownHooks.access$000()V+0
j  org.aesh.readline.terminal.utils.ShutdownHooks$1.run()V+0
v  ~StubRoutines::call_stub

---------------  P R O C E S S  ---------------

Threads class SMR info:
_java_thread_list=0x00007fdfecca7d10, length=31, elements={
0x00007fdfed016800, 0x00007fdfee087000, 0x00007fdfed017000, 0x00007fdfee088800,
0x00007fdfed841000, 0x00007fdfed842000, 0x00007fdfed845000, 0x00007fdfef80e000,
0x00007fdfee261000, 0x00007fdfee264000, 0x00007fdfee27f000, 0x00007fdfee438800,
0x00007fdff0143000, 0x00007fdff016a000, 0x00007fdfed69e000, 0x00007fdff015e800,
0x00007fdfeddf3000, 0x00007fdfee51b800, 0x00007fdfeff0c800, 0x00007fdfeff8d800,
0x00007fdfed606800, 0x00007fdfed4da800, 0x00007fdfefff6800, 0x00007fdfedd79000,
0x00007fdff0210000, 0x00007fdfed00c800, 0x00007fdfeff36800, 0x00007fdff0215000,
0x00007fdff0147800, 0x00007fdfee7ae000, 0x00007fdfeffb0000
}

Java Threads: ( => current thread )
  0x00007fdfed016800 JavaThread "Reference Handler" daemon [_thread_blocked, id=14595, stack(0x0000700006219000,0x0000700006319000)]
  0x00007fdfee087000 JavaThread "Finalizer" daemon [_thread_blocked, id=15363, stack(0x000070000631c000,0x000070000641c000)]
  0x00007fdfed017000 JavaThread "Signal Dispatcher" daemon [_thread_blocked, id=21763, stack(0x0000700006525000,0x0000700006625000)]
  0x00007fdfee088800 JavaThread "Service Thread" daemon [_thread_blocked, id=43011, stack(0x0000700006628000,0x0000700006728000)]
  0x00007fdfed841000 JavaThread "JVMCI-native CompilerThread0" daemon [_thread_blocked, id=42243, stack(0x000070000672b000,0x000070000692b000)]
  0x00007fdfed842000 JavaThread "C1 CompilerThread0" daemon [_thread_in_vm, id=22787, stack(0x000070000692e000,0x0000700006b2e000)]
  0x00007fdfed845000 JavaThread "Sweeper thread" daemon [_thread_blocked, id=41731, stack(0x0000700006b31000,0x0000700006c31000)]
  0x00007fdfef80e000 JavaThread "Common-Cleaner" daemon [_thread_blocked, id=41219, stack(0x0000700006c34000,0x0000700006d34000)]
  0x00007fdfee261000 JavaThread "JDWP Transport Listener: dt_socket" daemon [_thread_in_native, id=24579, stack(0x0000700006dba000,0x0000700006eba000)]
  0x00007fdfee264000 JavaThread "JDWP Event Helper Thread" daemon [_thread_blocked, id=40451, stack(0x0000700006ebd000,0x0000700006fbd000)]
  0x00007fdfee27f000 JavaThread "Libgraal MBean Registration" daemon [_thread_blocked, id=39683, stack(0x00007000070c3000,0x00007000071c3000)]
  0x00007fdfee438800 JavaThread "ForkJoinPool.commonPool-worker-3" daemon [_thread_blocked, id=38659, stack(0x00007000074cf000,0x00007000075cf000)]
  0x00007fdff0143000 JavaThread "process reaper" daemon [_thread_blocked, id=93443, stack(0x00007000064a2000,0x00007000064c6000)]
  0x00007fdff016a000 JavaThread "Aesh InputStream Reader" daemon [_thread_in_native, id=125443, stack(0x000070000cfdd000,0x000070000d0dd000)]
  0x00007fdfed69e000 JavaThread "vertx-blocked-thread-checker" daemon [_thread_blocked, id=94467, stack(0x000070000d0e0000,0x000070000d1e0000)]
  0x00007fdff015e800 JavaThread "[DevConsole]vert.x-eventloop-thread-0" [_thread_in_native, id=124419, stack(0x000070000d1e3000,0x000070000d2e3000)]
  0x00007fdfeddf3000 JavaThread "ForkJoinPool.commonPool-worker-5" daemon [_thread_blocked, id=54791, stack(0x00007000079de000,0x0000700007ade000)]
  0x00007fdfee51b800 JavaThread "ForkJoinPool.commonPool-worker-7" daemon [_thread_blocked, id=53767, stack(0x0000700007ae1000,0x0000700007be1000)]
  0x00007fdfeff0c800 JavaThread "Quarkus Main Thread" [_thread_blocked, id=129799, stack(0x0000700007be4000,0x0000700007ce4000)]
  0x00007fdfeff8d800 JavaThread "executor-thread-0" daemon [_thread_blocked, id=34827, stack(0x0000700007ce7000,0x0000700007de7000)]
  0x00007fdfed606800 JavaThread "vertx-blocked-thread-checker" daemon [_thread_blocked, id=128519, stack(0x0000700007dea000,0x0000700007eea000)]
  0x00007fdfed4da800 JavaThread "vert.x-eventloop-thread-0" [_thread_in_native, id=57863, stack(0x0000700007eed000,0x0000700007fed000)]
  0x00007fdfefff6800 JavaThread "vert.x-eventloop-thread-1" [_thread_in_native, id=58119, stack(0x0000700007ff0000,0x00007000080f0000)]
  0x00007fdfedd79000 JavaThread "vert.x-acceptor-thread-0" [_thread_in_native, id=84999, stack(0x00007000080f3000,0x00007000081f3000)]
  0x00007fdff0210000 JavaThread "vert.x-eventloop-thread-2" [_thread_in_native, id=84743, stack(0x00007000081f6000,0x00007000082f6000)]
  0x00007fdfed00c800 JavaThread "DestroyJavaVM" [_thread_blocked, id=6147, stack(0x0000700005b04000,0x0000700005c04000)]
  0x00007fdfeff36800 JavaThread "Thread-89" daemon [_thread_blocked, id=50439, stack(0x00007000082f9000,0x00007000083f9000)]
  0x00007fdff0215000 JavaThread "Quarkus Shutdown Thread" [_thread_blocked, id=80391, stack(0x00007000083fc000,0x00007000084fc000)]
  0x00007fdff0147800 JavaThread "Shutdown thread" [_thread_in_native, id=61703, stack(0x00007000084ff000,0x00007000085ff000)]
=>0x00007fdfee7ae000 JavaThread "Aesh Shutdown Hook" [_thread_in_vm, id=61959, stack(0x0000700008602000,0x0000700008702000)]
  0x00007fdfeffb0000 JavaThread "Console Shutdown Hook" [_thread_blocked, id=49927, stack(0x0000700008705000,0x0000700008805000)]

Other Threads:
  0x00007fdfef810000 VMThread "VM Thread" [stack: 0x0000700006116000,0x0000700006216000] [id=19203]
  0x00007fdfee265000 WatcherThread [stack: 0x0000700006fc0000,0x00007000070c0000] [id=25091]
  0x00007fdfed015800 GCTaskThread "GC Thread#0" [stack: 0x0000700005c07000,0x0000700005d07000] [id=11523]
  0x00007fdfeda30800 GCTaskThread "GC Thread#1" [stack: 0x00007000071c6000,0x00007000072c6000] [id=17159]
  0x00007fdfed865800 GCTaskThread "GC Thread#2" [stack: 0x00007000072c9000,0x00007000073c9000] [id=23815]
  0x00007fdfee4cf800 GCTaskThread "GC Thread#3" [stack: 0x00007000075d2000,0x00007000076d2000] [id=38147]
  0x00007fdfed82c800 ConcurrentGCThread "G1 Main Marker" [stack: 0x0000700005d0a000,0x0000700005e0a000] [id=20739]
  0x00007fdfee01b000 ConcurrentGCThread "G1 Conc#0" [stack: 0x0000700005e0d000,0x0000700005f0d000] [id=20227]
  0x00007fdfee067000 ConcurrentGCThread "G1 Refine#0" [stack: 0x0000700005f10000,0x0000700006010000] [id=12803]
  0x00007fdfed505800 ConcurrentGCThread "G1 Refine#1" [stack: 0x00007000076d5000,0x00007000077d5000] [id=26115]
  0x00007fdfee4e7000 ConcurrentGCThread "G1 Refine#2" [stack: 0x00007000077d8000,0x00007000078d8000] [id=26627]
  0x00007fdfee4e8000 ConcurrentGCThread "G1 Refine#3" [stack: 0x00007000078db000,0x00007000079db000] [id=26883]
  0x00007fdfed82d800 ConcurrentGCThread "G1 Young RemSet Sampling" [stack: 0x0000700006013000,0x0000700006113000] [id=19715]

Threads with active compile tasks:
JVMCI-native CompilerThread0  18206 5756       4       java.io.InputStream::readNBytes (274 bytes)
C1 CompilerThread0  18206 5766       3       java.util.regex.Pattern$Begin::match (62 bytes)

VM state:synchronizing (normal execution)

VM Mutex/Monitor currently owned by a thread:  ([mutex/lock_event])
[0x00007fdfecf066a0] Patching_lock - owner thread: 0x00007fdfee7ae000
[0x00007fdfecf07120] Threads_lock - owner thread: 0x00007fdfef810000
[0x00007fdfecf079a0] CompiledIC_lock - owner thread: 0x00007fdfee7ae000
[0x00007fdfecf07d20] Compile_lock - owner thread: 0x00007fdfed842000
[0x00007fdfecf07ea0] MethodCompileQueue_lock - owner thread: 0x00007fdfed842000

Heap address: 0x0000000780000000, size: 2048 MB, Compressed Oops mode: Zero based, Oop shift amount: 3
Narrow klass base: 0x0000000800000000, Narrow klass shift: 3
Compressed class space size: 1073741824 Address: 0x0000000840000000

Heap:
 garbage-first heap   total 204800K, used 116715K [0x0000000780000000, 0x0000000800000000)
  region size 1024K, 56 young (57344K), 1 survivors (1024K)
 Metaspace       used 51462K, capacity 53798K, committed 53988K, reserved 1095680K
  class space    used 6268K, capacity 7225K, committed 7244K, reserved 1048576K
Heap Regions: E=young(eden), S=young(survivor), O=old, HS=humongous(starts), HC=humongous(continues), CS=collection set, F=free, A=archive, TAMS=top-at-mark-start (previous, next)
|   0|0x0000000780000000, 0x0000000780100000, 0x0000000780100000|100%| O|  |TAMS 0x0000000780100000, 0x0000000780000000| Untracked 
|   1|0x0000000780100000, 0x0000000780200000, 0x0000000780200000|100%| O|  |TAMS 0x0000000780200000, 0x0000000780100000| Untracked 
|   2|0x0000000780200000, 0x0000000780300000, 0x0000000780300000|100%| O|  |TAMS 0x0000000780300000, 0x0000000780200000| Untracked 
|   3|0x0000000780300000, 0x0000000780400000, 0x0000000780400000|100%| O|  |TAMS 0x0000000780400000, 0x0000000780300000| Untracked 
|   4|0x0000000780400000, 0x0000000780500000, 0x0000000780500000|100%| O|  |TAMS 0x0000000780500000, 0x0000000780400000| Untracked 
|   5|0x0000000780500000, 0x0000000780600000, 0x0000000780600000|100%| O|  |TAMS 0x0000000780600000, 0x0000000780500000| Untracked 
|   6|0x0000000780600000, 0x0000000780700000, 0x0000000780700000|100%| O|  |TAMS 0x0000000780700000, 0x0000000780600000| Untracked 
|   7|0x0000000780700000, 0x0000000780800000, 0x0000000780800000|100%| O|  |TAMS 0x0000000780800000, 0x0000000780700000| Untracked 
|   8|0x0000000780800000, 0x0000000780900000, 0x0000000780900000|100%| O|  |TAMS 0x0000000780900000, 0x0000000780800000| Untracked 
|   9|0x0000000780900000, 0x0000000780a00000, 0x0000000780a00000|100%| O|  |TAMS 0x0000000780a00000, 0x0000000780900000| Untracked 
|  10|0x0000000780a00000, 0x0000000780b00000, 0x0000000780b00000|100%| O|  |TAMS 0x0000000780b00000, 0x0000000780a00000| Untracked 
|  11|0x0000000780b00000, 0x0000000780c00000, 0x0000000780c00000|100%| O|  |TAMS 0x0000000780c00000, 0x0000000780b00000| Untracked 
|  12|0x0000000780c00000, 0x0000000780d00000, 0x0000000780d00000|100%| O|  |TAMS 0x0000000780d00000, 0x0000000780c00000| Untracked 
|  13|0x0000000780d00000, 0x0000000780e00000, 0x0000000780e00000|100%| O|  |TAMS 0x0000000780e00000, 0x0000000780d00000| Untracked 
|  14|0x0000000780e00000, 0x0000000780f00000, 0x0000000780f00000|100%| O|  |TAMS 0x0000000780f00000, 0x0000000780e00000| Untracked 
|  15|0x0000000780f00000, 0x0000000781000000, 0x0000000781000000|100%| O|  |TAMS 0x0000000781000000, 0x0000000780f00000| Untracked 
|  16|0x0000000781000000, 0x0000000781100000, 0x0000000781100000|100%| O|  |TAMS 0x0000000781100000, 0x0000000781000000| Untracked 
|  17|0x0000000781100000, 0x0000000781200000, 0x0000000781200000|100%| O|  |TAMS 0x0000000781200000, 0x0000000781100000| Untracked 
|  18|0x0000000781200000, 0x0000000781300000, 0x0000000781300000|100%| O|  |TAMS 0x0000000781300000, 0x0000000781200000| Untracked 
|  19|0x0000000781300000, 0x0000000781400000, 0x0000000781400000|100%| O|  |TAMS 0x0000000781400000, 0x0000000781300000| Untracked 
|  20|0x0000000781400000, 0x0000000781500000, 0x0000000781500000|100%| O|  |TAMS 0x0000000781500000, 0x0000000781400000| Untracked 
|  21|0x0000000781500000, 0x0000000781600000, 0x0000000781600000|100%| O|  |TAMS 0x0000000781600000, 0x0000000781500000| Untracked 
|  22|0x0000000781600000, 0x0000000781700000, 0x0000000781700000|100%| O|  |TAMS 0x0000000781700000, 0x0000000781600000| Untracked 
|  23|0x0000000781700000, 0x0000000781800000, 0x0000000781800000|100%| O|  |TAMS 0x0000000781800000, 0x0000000781700000| Untracked 
|  24|0x0000000781800000, 0x0000000781900000, 0x0000000781900000|100%| O|  |TAMS 0x0000000781900000, 0x0000000781800000| Untracked 
|  25|0x0000000781900000, 0x0000000781a00000, 0x0000000781a00000|100%| O|  |TAMS 0x0000000781a00000, 0x0000000781900000| Untracked 
|  26|0x0000000781a00000, 0x0000000781b00000, 0x0000000781b00000|100%| O|  |TAMS 0x0000000781b00000, 0x0000000781a00000| Untracked 
|  27|0x0000000781b00000, 0x0000000781c00000, 0x0000000781c00000|100%| O|  |TAMS 0x0000000781c00000, 0x0000000781b00000| Untracked 
|  28|0x0000000781c00000, 0x0000000781d00000, 0x0000000781d00000|100%| O|  |TAMS 0x0000000781d00000, 0x0000000781c00000| Untracked 
|  29|0x0000000781d00000, 0x0000000781e00000, 0x0000000781e00000|100%| O|  |TAMS 0x0000000781e00000, 0x0000000781d00000| Untracked 
|  30|0x0000000781e00000, 0x0000000781f00000, 0x0000000781f00000|100%| O|  |TAMS 0x0000000781f00000, 0x0000000781e00000| Untracked 
|  31|0x0000000781f00000, 0x0000000782000000, 0x0000000782000000|100%| O|  |TAMS 0x0000000782000000, 0x0000000781f00000| Untracked 
|  32|0x0000000782000000, 0x0000000782100000, 0x0000000782100000|100%| O|  |TAMS 0x0000000782100000, 0x0000000782000000| Untracked 
|  33|0x0000000782100000, 0x0000000782200000, 0x0000000782200000|100%| O|  |TAMS 0x0000000782200000, 0x0000000782100000| Untracked 
|  34|0x0000000782200000, 0x0000000782300000, 0x0000000782300000|100%| O|  |TAMS 0x0000000782300000, 0x0000000782200000| Untracked 
|  35|0x0000000782300000, 0x0000000782400000, 0x0000000782400000|100%| O|  |TAMS 0x0000000782400000, 0x0000000782300000| Untracked 
|  36|0x0000000782400000, 0x0000000782500000, 0x0000000782500000|100%| O|  |TAMS 0x0000000782500000, 0x0000000782400000| Untracked 
|  37|0x0000000782500000, 0x0000000782600000, 0x0000000782600000|100%| O|  |TAMS 0x0000000782600000, 0x0000000782500000| Untracked 
|  38|0x0000000782600000, 0x0000000782700000, 0x0000000782700000|100%| O|  |TAMS 0x0000000782700000, 0x0000000782600000| Untracked 
|  39|0x0000000782700000, 0x0000000782800000, 0x0000000782800000|100%| O|  |TAMS 0x0000000782800000, 0x0000000782700000| Untracked 
|  40|0x0000000782800000, 0x0000000782900000, 0x0000000782900000|100%| O|  |TAMS 0x0000000782900000, 0x0000000782800000| Untracked 
|  41|0x0000000782900000, 0x0000000782a00000, 0x0000000782a00000|100%| O|  |TAMS 0x0000000782a00000, 0x0000000782900000| Untracked 
|  42|0x0000000782a00000, 0x0000000782b00000, 0x0000000782b00000|100%| O|  |TAMS 0x0000000782b00000, 0x0000000782a00000| Untracked 
|  43|0x0000000782b00000, 0x0000000782c00000, 0x0000000782c00000|100%| O|  |TAMS 0x0000000782c00000, 0x0000000782b00000| Untracked 
|  44|0x0000000782c00000, 0x0000000782d00000, 0x0000000782d00000|100%| O|  |TAMS 0x0000000782d00000, 0x0000000782c00000| Untracked 
|  45|0x0000000782d00000, 0x0000000782e00000, 0x0000000782e00000|100%| O|  |TAMS 0x0000000782e00000, 0x0000000782d00000| Untracked 
|  46|0x0000000782e00000, 0x0000000782f00000, 0x0000000782f00000|100%| O|  |TAMS 0x0000000782f00000, 0x0000000782e00000| Untracked 
|  47|0x0000000782f00000, 0x0000000783000000, 0x0000000783000000|100%| O|  |TAMS 0x0000000783000000, 0x0000000782f00000| Untracked 
|  48|0x0000000783000000, 0x0000000783100000, 0x0000000783100000|100%| O|  |TAMS 0x0000000783100000, 0x0000000783000000| Untracked 
|  49|0x0000000783100000, 0x0000000783200000, 0x0000000783200000|100%| O|  |TAMS 0x0000000783200000, 0x0000000783100000| Untracked 
|  50|0x0000000783200000, 0x0000000783300000, 0x0000000783300000|100%| O|  |TAMS 0x0000000783300000, 0x0000000783200000| Untracked 
|  51|0x0000000783300000, 0x0000000783400000, 0x0000000783400000|100%| O|  |TAMS 0x0000000783400000, 0x0000000783300000| Untracked 
|  52|0x0000000783400000, 0x0000000783500000, 0x0000000783500000|100%| O|  |TAMS 0x0000000783500000, 0x0000000783400000| Untracked 
|  53|0x0000000783500000, 0x0000000783600000, 0x0000000783600000|100%| O|  |TAMS 0x0000000783600000, 0x0000000783500000| Untracked 
|  54|0x0000000783600000, 0x0000000783700000, 0x0000000783700000|100%| O|  |TAMS 0x0000000783700000, 0x0000000783600000| Untracked 
|  55|0x0000000783700000, 0x0000000783800000, 0x0000000783800000|100%| O|  |TAMS 0x0000000783800000, 0x0000000783700000| Untracked 
|  56|0x0000000783800000, 0x0000000783900000, 0x0000000783900000|100%| O|  |TAMS 0x0000000783900000, 0x0000000783800000| Untracked 
|  57|0x0000000783900000, 0x0000000783a00000, 0x0000000783a00000|100%| O|  |TAMS 0x0000000783a00000, 0x0000000783900000| Untracked 
|  58|0x0000000783a00000, 0x0000000783b00000, 0x0000000783b00000|100%| O|  |TAMS 0x0000000783b00000, 0x0000000783a00000| Untracked 
|  59|0x0000000783b00000, 0x0000000783b43c00, 0x0000000783c00000| 26%| O|  |TAMS 0x0000000783b43c00, 0x0000000783b00000| Untracked 
|  60|0x0000000783c00000, 0x0000000783c00000, 0x0000000783d00000|  0%| F|  |TAMS 0x0000000783c00000, 0x0000000783c00000| Untracked 
|  61|0x0000000783d00000, 0x0000000783d00000, 0x0000000783e00000|  0%| F|  |TAMS 0x0000000783d00000, 0x0000000783d00000| Untracked 
|  62|0x0000000783e00000, 0x0000000783e00000, 0x0000000783f00000|  0%| F|  |TAMS 0x0000000783e00000, 0x0000000783e00000| Untracked 
|  63|0x0000000783f00000, 0x0000000783f00000, 0x0000000784000000|  0%| F|  |TAMS 0x0000000783f00000, 0x0000000783f00000| Untracked 
|  64|0x0000000784000000, 0x0000000784000000, 0x0000000784100000|  0%| F|  |TAMS 0x0000000784000000, 0x0000000784000000| Untracked 
|  65|0x0000000784100000, 0x0000000784100000, 0x0000000784200000|  0%| F|  |TAMS 0x0000000784100000, 0x0000000784100000| Untracked 
|  66|0x0000000784200000, 0x0000000784200000, 0x0000000784300000|  0%| F|  |TAMS 0x0000000784200000, 0x0000000784200000| Untracked 
|  67|0x0000000784300000, 0x0000000784300000, 0x0000000784400000|  0%| F|  |TAMS 0x0000000784300000, 0x0000000784300000| Untracked 
|  68|0x0000000784400000, 0x0000000784400000, 0x0000000784500000|  0%| F|  |TAMS 0x0000000784400000, 0x0000000784400000| Untracked 
|  69|0x0000000784500000, 0x0000000784500000, 0x0000000784600000|  0%| F|  |TAMS 0x0000000784500000, 0x0000000784500000| Untracked 
|  70|0x0000000784600000, 0x0000000784600000, 0x0000000784700000|  0%| F|  |TAMS 0x0000000784600000, 0x0000000784600000| Untracked 
|  71|0x0000000784700000, 0x0000000784700000, 0x0000000784800000|  0%| F|  |TAMS 0x0000000784700000, 0x0000000784700000| Untracked 
|  72|0x0000000784800000, 0x0000000784800000, 0x0000000784900000|  0%| F|  |TAMS 0x0000000784800000, 0x0000000784800000| Untracked 
|  73|0x0000000784900000, 0x0000000784900000, 0x0000000784a00000|  0%| F|  |TAMS 0x0000000784900000, 0x0000000784900000| Untracked 
|  74|0x0000000784a00000, 0x0000000784a00000, 0x0000000784b00000|  0%| F|  |TAMS 0x0000000784a00000, 0x0000000784a00000| Untracked 
|  75|0x0000000784b00000, 0x0000000784b00000, 0x0000000784c00000|  0%| F|  |TAMS 0x0000000784b00000, 0x0000000784b00000| Untracked 
|  76|0x0000000784c00000, 0x0000000784c00000, 0x0000000784d00000|  0%| F|  |TAMS 0x0000000784c00000, 0x0000000784c00000| Untracked 
|  77|0x0000000784d00000, 0x0000000784d00000, 0x0000000784e00000|  0%| F|  |TAMS 0x0000000784d00000, 0x0000000784d00000| Untracked 
|  78|0x0000000784e00000, 0x0000000784e00000, 0x0000000784f00000|  0%| F|  |TAMS 0x0000000784e00000, 0x0000000784e00000| Untracked 
|  79|0x0000000784f00000, 0x0000000784f00000, 0x0000000785000000|  0%| F|  |TAMS 0x0000000784f00000, 0x0000000784f00000| Untracked 
|  80|0x0000000785000000, 0x0000000785000000, 0x0000000785100000|  0%| F|  |TAMS 0x0000000785000000, 0x0000000785000000| Untracked 
|  81|0x0000000785100000, 0x0000000785100000, 0x0000000785200000|  0%| F|  |TAMS 0x0000000785100000, 0x0000000785100000| Untracked 
|  82|0x0000000785200000, 0x0000000785200000, 0x0000000785300000|  0%| F|  |TAMS 0x0000000785200000, 0x0000000785200000| Untracked 
|  83|0x0000000785300000, 0x0000000785300000, 0x0000000785400000|  0%| F|  |TAMS 0x0000000785300000, 0x0000000785300000| Untracked 
|  84|0x0000000785400000, 0x0000000785400000, 0x0000000785500000|  0%| F|  |TAMS 0x0000000785400000, 0x0000000785400000| Untracked 
|  85|0x0000000785500000, 0x0000000785500000, 0x0000000785600000|  0%| F|  |TAMS 0x0000000785500000, 0x0000000785500000| Untracked 
|  86|0x0000000785600000, 0x0000000785600000, 0x0000000785700000|  0%| F|  |TAMS 0x0000000785600000, 0x0000000785600000| Untracked 
|  87|0x0000000785700000, 0x0000000785700000, 0x0000000785800000|  0%| F|  |TAMS 0x0000000785700000, 0x0000000785700000| Untracked 
|  88|0x0000000785800000, 0x0000000785800000, 0x0000000785900000|  0%| F|  |TAMS 0x0000000785800000, 0x0000000785800000| Untracked 
|  89|0x0000000785900000, 0x0000000785900000, 0x0000000785a00000|  0%| F|  |TAMS 0x0000000785900000, 0x0000000785900000| Untracked 
|  90|0x0000000785a00000, 0x0000000785a00000, 0x0000000785b00000|  0%| F|  |TAMS 0x0000000785a00000, 0x0000000785a00000| Untracked 
|  91|0x0000000785b00000, 0x0000000785b00000, 0x0000000785c00000|  0%| F|  |TAMS 0x0000000785b00000, 0x0000000785b00000| Untracked 
|  92|0x0000000785c00000, 0x0000000785c00000, 0x0000000785d00000|  0%| F|  |TAMS 0x0000000785c00000, 0x0000000785c00000| Untracked 
|  93|0x0000000785d00000, 0x0000000785d00000, 0x0000000785e00000|  0%| F|  |TAMS 0x0000000785d00000, 0x0000000785d00000| Untracked 
|  94|0x0000000785e00000, 0x0000000785e00000, 0x0000000785f00000|  0%| F|  |TAMS 0x0000000785e00000, 0x0000000785e00000| Untracked 
|  95|0x0000000785f00000, 0x0000000785f00000, 0x0000000786000000|  0%| F|  |TAMS 0x0000000785f00000, 0x0000000785f00000| Untracked 
|  96|0x0000000786000000, 0x0000000786000000, 0x0000000786100000|  0%| F|  |TAMS 0x0000000786000000, 0x0000000786000000| Untracked 
|  97|0x0000000786100000, 0x0000000786100000, 0x0000000786200000|  0%| F|  |TAMS 0x0000000786100000, 0x0000000786100000| Untracked 
|  98|0x0000000786200000, 0x0000000786200000, 0x0000000786300000|  0%| F|  |TAMS 0x0000000786200000, 0x0000000786200000| Untracked 
|  99|0x0000000786300000, 0x0000000786300000, 0x0000000786400000|  0%| F|  |TAMS 0x0000000786300000, 0x0000000786300000| Untracked 
| 100|0x0000000786400000, 0x0000000786400000, 0x0000000786500000|  0%| F|  |TAMS 0x0000000786400000, 0x0000000786400000| Untracked 
| 101|0x0000000786500000, 0x0000000786500000, 0x0000000786600000|  0%| F|  |TAMS 0x0000000786500000, 0x0000000786500000| Untracked 
| 102|0x0000000786600000, 0x0000000786600000, 0x0000000786700000|  0%| F|  |TAMS 0x0000000786600000, 0x0000000786600000| Untracked 
| 103|0x0000000786700000, 0x0000000786700000, 0x0000000786800000|  0%| F|  |TAMS 0x0000000786700000, 0x0000000786700000| Untracked 
| 104|0x0000000786800000, 0x0000000786800000, 0x0000000786900000|  0%| F|  |TAMS 0x0000000786800000, 0x0000000786800000| Untracked 
| 105|0x0000000786900000, 0x0000000786900000, 0x0000000786a00000|  0%| F|  |TAMS 0x0000000786900000, 0x0000000786900000| Untracked 
| 106|0x0000000786a00000, 0x0000000786a00000, 0x0000000786b00000|  0%| F|  |TAMS 0x0000000786a00000, 0x0000000786a00000| Untracked 
| 107|0x0000000786b00000, 0x0000000786b00000, 0x0000000786c00000|  0%| F|  |TAMS 0x0000000786b00000, 0x0000000786b00000| Untracked 
| 108|0x0000000786c00000, 0x0000000786c00000, 0x0000000786d00000|  0%| F|  |TAMS 0x0000000786c00000, 0x0000000786c00000| Untracked 
| 109|0x0000000786d00000, 0x0000000786d00000, 0x0000000786e00000|  0%| F|  |TAMS 0x0000000786d00000, 0x0000000786d00000| Untracked 
| 110|0x0000000786e00000, 0x0000000786e00000, 0x0000000786f00000|  0%| F|  |TAMS 0x0000000786e00000, 0x0000000786e00000| Untracked 
| 111|0x0000000786f00000, 0x0000000786f00000, 0x0000000787000000|  0%| F|  |TAMS 0x0000000786f00000, 0x0000000786f00000| Untracked 
| 112|0x0000000787000000, 0x0000000787000000, 0x0000000787100000|  0%| F|  |TAMS 0x0000000787000000, 0x0000000787000000| Untracked 
| 113|0x0000000787100000, 0x0000000787100000, 0x0000000787200000|  0%| F|  |TAMS 0x0000000787100000, 0x0000000787100000| Untracked 
| 114|0x0000000787200000, 0x0000000787200000, 0x0000000787300000|  0%| F|  |TAMS 0x0000000787200000, 0x0000000787200000| Untracked 
| 115|0x0000000787300000, 0x0000000787300000, 0x0000000787400000|  0%| F|  |TAMS 0x0000000787300000, 0x0000000787300000| Untracked 
| 116|0x0000000787400000, 0x0000000787400000, 0x0000000787500000|  0%| F|  |TAMS 0x0000000787400000, 0x0000000787400000| Untracked 
| 117|0x0000000787500000, 0x0000000787500000, 0x0000000787600000|  0%| F|  |TAMS 0x0000000787500000, 0x0000000787500000| Untracked 
| 118|0x0000000787600000, 0x0000000787600000, 0x0000000787700000|  0%| F|  |TAMS 0x0000000787600000, 0x0000000787600000| Untracked 
| 119|0x0000000787700000, 0x0000000787700000, 0x0000000787800000|  0%| F|  |TAMS 0x0000000787700000, 0x0000000787700000| Untracked 
| 120|0x0000000787800000, 0x0000000787800000, 0x0000000787900000|  0%| F|  |TAMS 0x0000000787800000, 0x0000000787800000| Untracked 
| 121|0x0000000787900000, 0x0000000787900000, 0x0000000787a00000|  0%| F|  |TAMS 0x0000000787900000, 0x0000000787900000| Untracked 
| 122|0x0000000787a00000, 0x0000000787a00000, 0x0000000787b00000|  0%| F|  |TAMS 0x0000000787a00000, 0x0000000787a00000| Untracked 
| 123|0x0000000787b00000, 0x0000000787b00000, 0x0000000787c00000|  0%| F|  |TAMS 0x0000000787b00000, 0x0000000787b00000| Untracked 
| 124|0x0000000787c00000, 0x0000000787c00000, 0x0000000787d00000|  0%| F|  |TAMS 0x0000000787c00000, 0x0000000787c00000| Untracked 
| 125|0x0000000787d00000, 0x0000000787d00000, 0x0000000787e00000|  0%| F|  |TAMS 0x0000000787d00000, 0x0000000787d00000| Untracked 
| 126|0x0000000787e00000, 0x0000000787e00000, 0x0000000787f00000|  0%| F|  |TAMS 0x0000000787e00000, 0x0000000787e00000| Untracked 
| 127|0x0000000787f00000, 0x0000000787f00000, 0x0000000788000000|  0%| F|  |TAMS 0x0000000787f00000, 0x0000000787f00000| Untracked 
| 128|0x0000000788000000, 0x0000000788000000, 0x0000000788100000|  0%| F|  |TAMS 0x0000000788000000, 0x0000000788000000| Untracked 
| 129|0x0000000788100000, 0x0000000788100000, 0x0000000788200000|  0%| F|  |TAMS 0x0000000788100000, 0x0000000788100000| Untracked 
| 130|0x0000000788200000, 0x0000000788200000, 0x0000000788300000|  0%| F|  |TAMS 0x0000000788200000, 0x0000000788200000| Untracked 
| 131|0x0000000788300000, 0x0000000788300000, 0x0000000788400000|  0%| F|  |TAMS 0x0000000788300000, 0x0000000788300000| Untracked 
| 132|0x0000000788400000, 0x0000000788400000, 0x0000000788500000|  0%| F|  |TAMS 0x0000000788400000, 0x0000000788400000| Untracked 
| 133|0x0000000788500000, 0x0000000788500000, 0x0000000788600000|  0%| F|  |TAMS 0x0000000788500000, 0x0000000788500000| Untracked 
| 134|0x0000000788600000, 0x0000000788600000, 0x0000000788700000|  0%| F|  |TAMS 0x0000000788600000, 0x0000000788600000| Untracked 
| 135|0x0000000788700000, 0x0000000788700000, 0x0000000788800000|  0%| F|  |TAMS 0x0000000788700000, 0x0000000788700000| Untracked 
| 136|0x0000000788800000, 0x0000000788800000, 0x0000000788900000|  0%| F|  |TAMS 0x0000000788800000, 0x0000000788800000| Untracked 
| 137|0x0000000788900000, 0x0000000788900000, 0x0000000788a00000|  0%| F|  |TAMS 0x0000000788900000, 0x0000000788900000| Untracked 
| 138|0x0000000788a00000, 0x0000000788a00000, 0x0000000788b00000|  0%| F|  |TAMS 0x0000000788a00000, 0x0000000788a00000| Untracked 
| 139|0x0000000788b00000, 0x0000000788b00000, 0x0000000788c00000|  0%| F|  |TAMS 0x0000000788b00000, 0x0000000788b00000| Untracked 
| 140|0x0000000788c00000, 0x0000000788c00000, 0x0000000788d00000|  0%| F|  |TAMS 0x0000000788c00000, 0x0000000788c00000| Untracked 
| 141|0x0000000788d00000, 0x0000000788e00000, 0x0000000788e00000|100%| S|CS|TAMS 0x0000000788d00000, 0x0000000788d00000| Complete 
| 142|0x0000000788e00000, 0x0000000788e00000, 0x0000000788f00000|  0%| F|  |TAMS 0x0000000788e00000, 0x0000000788e00000| Untracked 
| 143|0x0000000788f00000, 0x0000000788fc0478, 0x0000000789000000| 75%| E|  |TAMS 0x0000000788f00000, 0x0000000788f00000| Complete 
| 144|0x0000000789000000, 0x0000000789100000, 0x0000000789100000|100%| E|CS|TAMS 0x0000000789000000, 0x0000000789000000| Complete 
| 145|0x0000000789100000, 0x0000000789200000, 0x0000000789200000|100%| E|CS|TAMS 0x0000000789100000, 0x0000000789100000| Complete 
| 146|0x0000000789200000, 0x0000000789300000, 0x0000000789300000|100%| E|CS|TAMS 0x0000000789200000, 0x0000000789200000| Complete 
| 147|0x0000000789300000, 0x0000000789400000, 0x0000000789400000|100%| E|  |TAMS 0x0000000789300000, 0x0000000789300000| Complete 
| 148|0x0000000789400000, 0x0000000789500000, 0x0000000789500000|100%| E|CS|TAMS 0x0000000789400000, 0x0000000789400000| Complete 
| 149|0x0000000789500000, 0x0000000789600000, 0x0000000789600000|100%| E|CS|TAMS 0x0000000789500000, 0x0000000789500000| Complete 
| 150|0x0000000789600000, 0x0000000789700000, 0x0000000789700000|100%| E|CS|TAMS 0x0000000789600000, 0x0000000789600000| Complete 
| 151|0x0000000789700000, 0x0000000789800000, 0x0000000789800000|100%| E|CS|TAMS 0x0000000789700000, 0x0000000789700000| Complete 
| 152|0x0000000789800000, 0x0000000789900000, 0x0000000789900000|100%| E|CS|TAMS 0x0000000789800000, 0x0000000789800000| Complete 
| 153|0x0000000789900000, 0x0000000789a00000, 0x0000000789a00000|100%| E|CS|TAMS 0x0000000789900000, 0x0000000789900000| Complete 
| 154|0x0000000789a00000, 0x0000000789b00000, 0x0000000789b00000|100%| E|CS|TAMS 0x0000000789a00000, 0x0000000789a00000| Complete 
| 155|0x0000000789b00000, 0x0000000789c00000, 0x0000000789c00000|100%| E|CS|TAMS 0x0000000789b00000, 0x0000000789b00000| Complete 
| 156|0x0000000789c00000, 0x0000000789d00000, 0x0000000789d00000|100%| E|CS|TAMS 0x0000000789c00000, 0x0000000789c00000| Complete 
| 157|0x0000000789d00000, 0x0000000789e00000, 0x0000000789e00000|100%| E|CS|TAMS 0x0000000789d00000, 0x0000000789d00000| Complete 
| 158|0x0000000789e00000, 0x0000000789f00000, 0x0000000789f00000|100%| E|CS|TAMS 0x0000000789e00000, 0x0000000789e00000| Complete 
| 159|0x0000000789f00000, 0x000000078a000000, 0x000000078a000000|100%| E|CS|TAMS 0x0000000789f00000, 0x0000000789f00000| Complete 
| 160|0x000000078a000000, 0x000000078a100000, 0x000000078a100000|100%| E|CS|TAMS 0x000000078a000000, 0x000000078a000000| Complete 
| 161|0x000000078a100000, 0x000000078a200000, 0x000000078a200000|100%| E|CS|TAMS 0x000000078a100000, 0x000000078a100000| Complete 
| 162|0x000000078a200000, 0x000000078a300000, 0x000000078a300000|100%| E|CS|TAMS 0x000000078a200000, 0x000000078a200000| Complete 
| 163|0x000000078a300000, 0x000000078a400000, 0x000000078a400000|100%| E|CS|TAMS 0x000000078a300000, 0x000000078a300000| Complete 
| 164|0x000000078a400000, 0x000000078a500000, 0x000000078a500000|100%| E|CS|TAMS 0x000000078a400000, 0x000000078a400000| Complete 
| 165|0x000000078a500000, 0x000000078a600000, 0x000000078a600000|100%| E|CS|TAMS 0x000000078a500000, 0x000000078a500000| Complete 
| 166|0x000000078a600000, 0x000000078a700000, 0x000000078a700000|100%| E|CS|TAMS 0x000000078a600000, 0x000000078a600000| Complete 
| 167|0x000000078a700000, 0x000000078a800000, 0x000000078a800000|100%| E|CS|TAMS 0x000000078a700000, 0x000000078a700000| Complete 
| 168|0x000000078a800000, 0x000000078a900000, 0x000000078a900000|100%| E|CS|TAMS 0x000000078a800000, 0x000000078a800000| Complete 
| 169|0x000000078a900000, 0x000000078aa00000, 0x000000078aa00000|100%| E|CS|TAMS 0x000000078a900000, 0x000000078a900000| Complete 
| 170|0x000000078aa00000, 0x000000078ab00000, 0x000000078ab00000|100%| E|CS|TAMS 0x000000078aa00000, 0x000000078aa00000| Complete 
| 171|0x000000078ab00000, 0x000000078ac00000, 0x000000078ac00000|100%| E|CS|TAMS 0x000000078ab00000, 0x000000078ab00000| Complete 
| 172|0x000000078ac00000, 0x000000078ad00000, 0x000000078ad00000|100%| E|CS|TAMS 0x000000078ac00000, 0x000000078ac00000| Complete 
| 173|0x000000078ad00000, 0x000000078ae00000, 0x000000078ae00000|100%| E|CS|TAMS 0x000000078ad00000, 0x000000078ad00000| Complete 
| 174|0x000000078ae00000, 0x000000078af00000, 0x000000078af00000|100%| E|CS|TAMS 0x000000078ae00000, 0x000000078ae00000| Complete 
| 175|0x000000078af00000, 0x000000078b000000, 0x000000078b000000|100%| E|CS|TAMS 0x000000078af00000, 0x000000078af00000| Complete 
| 176|0x000000078b000000, 0x000000078b100000, 0x000000078b100000|100%| E|CS|TAMS 0x000000078b000000, 0x000000078b000000| Complete 
| 177|0x000000078b100000, 0x000000078b200000, 0x000000078b200000|100%| E|CS|TAMS 0x000000078b100000, 0x000000078b100000| Complete 
| 178|0x000000078b200000, 0x000000078b300000, 0x000000078b300000|100%| E|CS|TAMS 0x000000078b200000, 0x000000078b200000| Complete 
| 179|0x000000078b300000, 0x000000078b400000, 0x000000078b400000|100%| E|CS|TAMS 0x000000078b300000, 0x000000078b300000| Complete 
| 180|0x000000078b400000, 0x000000078b500000, 0x000000078b500000|100%| E|CS|TAMS 0x000000078b400000, 0x000000078b400000| Complete 
| 181|0x000000078b500000, 0x000000078b600000, 0x000000078b600000|100%| E|CS|TAMS 0x000000078b500000, 0x000000078b500000| Complete 
| 182|0x000000078b600000, 0x000000078b700000, 0x000000078b700000|100%| E|CS|TAMS 0x000000078b600000, 0x000000078b600000| Complete 
| 183|0x000000078b700000, 0x000000078b800000, 0x000000078b800000|100%| E|CS|TAMS 0x000000078b700000, 0x000000078b700000| Complete 
| 184|0x000000078b800000, 0x000000078b900000, 0x000000078b900000|100%| E|CS|TAMS 0x000000078b800000, 0x000000078b800000| Complete 
| 185|0x000000078b900000, 0x000000078ba00000, 0x000000078ba00000|100%| E|CS|TAMS 0x000000078b900000, 0x000000078b900000| Complete 
| 186|0x000000078ba00000, 0x000000078bb00000, 0x000000078bb00000|100%| E|CS|TAMS 0x000000078ba00000, 0x000000078ba00000| Complete 
| 187|0x000000078bb00000, 0x000000078bc00000, 0x000000078bc00000|100%| E|CS|TAMS 0x000000078bb00000, 0x000000078bb00000| Complete 
| 188|0x000000078bc00000, 0x000000078bd00000, 0x000000078bd00000|100%| E|CS|TAMS 0x000000078bc00000, 0x000000078bc00000| Complete 
| 189|0x000000078bd00000, 0x000000078be00000, 0x000000078be00000|100%| E|CS|TAMS 0x000000078bd00000, 0x000000078bd00000| Complete 
| 190|0x000000078be00000, 0x000000078bf00000, 0x000000078bf00000|100%| E|CS|TAMS 0x000000078be00000, 0x000000078be00000| Complete 
| 191|0x000000078bf00000, 0x000000078c000000, 0x000000078c000000|100%| E|CS|TAMS 0x000000078bf00000, 0x000000078bf00000| Complete 
| 192|0x000000078c000000, 0x000000078c100000, 0x000000078c100000|100%| E|CS|TAMS 0x000000078c000000, 0x000000078c000000| Complete 
| 193|0x000000078c100000, 0x000000078c200000, 0x000000078c200000|100%| E|CS|TAMS 0x000000078c100000, 0x000000078c100000| Complete 
| 194|0x000000078c200000, 0x000000078c300000, 0x000000078c300000|100%| E|CS|TAMS 0x000000078c200000, 0x000000078c200000| Complete 
| 195|0x000000078c300000, 0x000000078c400000, 0x000000078c400000|100%| E|CS|TAMS 0x000000078c300000, 0x000000078c300000| Complete 
| 196|0x000000078c400000, 0x000000078c500000, 0x000000078c500000|100%| E|CS|TAMS 0x000000078c400000, 0x000000078c400000| Complete 
| 197|0x000000078c500000, 0x000000078c600000, 0x000000078c600000|100%| E|CS|TAMS 0x000000078c500000, 0x000000078c500000| Complete 
|1020|0x00000007bfc00000, 0x00000007bfc4c000, 0x00000007bfd00000| 29%|OA|  |TAMS 0x00000007bfc4c000, 0x00000007bfc00000| Untracked 
|1021|0x00000007bfd00000, 0x00000007bfd6b000, 0x00000007bfe00000| 41%|CA|  |TAMS 0x00000007bfd6b000, 0x00000007bfd00000| Untracked 

Card table byte_map: [0x000000010ae33000,0x000000010b233000] _byte_map_base: 0x0000000107233000

Marking Bits (Prev, Next): (CMBitMap*) 0x00007fdfed814c50, (CMBitMap*) 0x00007fdfed814c18
 Prev Bits: [0x000000010d633000, 0x000000010f633000)
 Next Bits: [0x000000010b633000, 0x000000010d633000)

Polling page: 0x00000001090ff000

Metaspace:

Usage:
  Non-class:     45,48 MB capacity,    44,13 MB ( 97%) used,     1,08 MB (  2%) free+waste,   271,94 KB ( <1%) overhead. 
      Class:      7,06 MB capacity,     6,12 MB ( 87%) used,   826,70 KB ( 11%) free+waste,   129,62 KB (  2%) overhead. 
       Both:     52,54 MB capacity,    50,26 MB ( 96%) used,     1,89 MB (  4%) free+waste,   401,56 KB ( <1%) overhead. 

Virtual space:
  Non-class space:       46,00 MB reserved,      45,65 MB (>99%) committed 
      Class space:        1,00 GB reserved,       7,07 MB ( <1%) committed 
             Both:        1,04 GB reserved,      52,72 MB (  5%) committed 

Chunk freelists:
   Non-Class:  43,00 KB
       Class:  7,00 KB
        Both:  50,00 KB

MaxMetaspaceSize: unlimited
CompressedClassSpaceSize: 1,00 GB
Initial GC threshold: 20,80 MB
Current GC threshold: 72,66 MB
CDS: on

CodeHeap 'non-profiled nmethods': size=160992Kb used=2196Kb max_used=2196Kb free=158795Kb
 bounds [0x0000000122ed9000, 0x0000000123ed9000, 0x000000012cc11000]
CodeHeap 'profiled nmethods': size=160992Kb used=12479Kb max_used=12479Kb free=148512Kb
 bounds [0x00000001191a1000, 0x000000011a1a1000, 0x0000000122ed9000]
CodeHeap 'non-nmethods': size=5696Kb used=1414Kb max_used=1424Kb free=4281Kb
 bounds [0x0000000118c11000, 0x00000001191a1000, 0x00000001191a1000]
 total_blobs=6302 nmethods=5670 adapters=551
 compilation: enabled
              stopped_count=0, restarted_count=0
 full_count=0

JVMCI Events (6 events):
Event: 0,021 Thread 0x00007fdfed00c800 created new JVMCI runtime 0 (0x00007fdfee806d30)
Event: 0,021 Thread 0x00007fdfed00c800 created new JVMCI runtime -1 (0x00007fdfee806e90)
Event: 0,075 Thread 0x00007fdfed841000 loaded JVMCI shared library from /Users/plawn/.sdkman/candidates/java/21.2.0.r11-grl/lib/libjvmcicompiler.dylib
Event: 0,076 Thread 0x00007fdfed841000 created JavaVM[1]@0x0000000133b93738 for JVMCI runtime 0
Event: 0,076 Thread 0x00007fdfed841000 initializing JVMCI runtime 0
Event: 0,078 Thread 0x00007fdfed841000 initialized JVMCI runtime 0

Compilation events (20 events):
Event: 18,181 Thread 0x00007fdfed842000 5760       3       org.jboss.logging.JBossLogManagerProvider::doGetLogger (55 bytes)
Event: 18,181 Thread 0x00007fdfed842000 nmethod 5760 0x0000000119dc8310 code [0x0000000119dc8560, 0x0000000119dc90f0]
Event: 18,181 Thread 0x00007fdfed842000 5762       3       java.util.IdentityHashMap$IdentityHashMapIterator::nextIndex (72 bytes)
Event: 18,182 Thread 0x00007fdfed842000 nmethod 5762 0x0000000119dc9490 code [0x0000000119dc9680, 0x0000000119dc9be0]
Event: 18,182 Thread 0x00007fdfed842000 5763       3       java.lang.ThreadLocal::setInitialValue (50 bytes)
Event: 18,183 Thread 0x00007fdfed842000 nmethod 5763 0x0000000119dc9d90 code [0x0000000119dc9fc0, 0x0000000119dcb450]
Event: 18,186 Thread 0x00007fdfed842000 5764       3       java.lang.ProcessHandleImpl::<init> (27 bytes)
Event: 18,187 Thread 0x00007fdfed842000 nmethod 5764 0x0000000119dcb690 code [0x0000000119dcb840, 0x0000000119dcb9d0]
Event: 18,189 Thread 0x00007fdfed842000 5765       3       java.util.concurrent.SynchronousQueue$TransferStack::shouldSpin (30 bytes)
Event: 18,190 Thread 0x00007fdfed842000 nmethod 5765 0x0000000119dcba90 code [0x0000000119dcbc40, 0x0000000119dcbef0]
Event: 18,190 Thread 0x00007fdfed842000 5767 %     3       java.util.regex.Pattern::RemoveQEQuoting @ 7 (346 bytes)
Event: 18,191 Thread 0x00007fdfed842000 nmethod 5767% 0x0000000119dcc010 code [0x0000000119dcc2c0, 0x0000000119dcd510]
Event: 18,191 Thread 0x00007fdfed842000 5782       3       java.util.regex.Pattern$Slice::match (79 bytes)
Event: 18,192 Thread 0x00007fdfed842000 nmethod 5782 0x0000000119dcdc10 code [0x0000000119dcdde0, 0x0000000119dce530]
Event: 18,192 Thread 0x00007fdfed842000 5769       3       java.util.regex.Pattern$BmpCharPredicate$$Lambda$91/0x00000008400cc440::is (13 bytes)
Event: 18,192 Thread 0x00007fdfed842000 nmethod 5769 0x0000000119dce710 code [0x0000000119dce8e0, 0x0000000119dceff0]
Event: 18,192 Thread 0x00007fdfed842000 5774       3       java.util.regex.CharPredicates$$Lambda$30/0x0000000840084040::is (5 bytes)
Event: 18,192 Thread 0x00007fdfed842000 nmethod 5774 0x0000000119dcf190 code [0x0000000119dcf360, 0x0000000119dcf770]
Event: 18,192 Thread 0x00007fdfed842000 5768       3       java.util.regex.Pattern$BmpCharProperty::match (55 bytes)
Event: 18,193 Thread 0x00007fdfed842000 nmethod 5768 0x0000000119dcf910 code [0x0000000119dcfae0, 0x0000000119dd03c0]

GC Heap History (20 events):
Event: 6,663 GC heap before
{Heap before GC invocations=4 (full 0):
 garbage-first heap   total 133120K, used 88796K [0x0000000780000000, 0x0000000800000000)
  region size 1024K, 67 young (68608K), 4 survivors (4096K)
 Metaspace       used 12045K, capacity 12679K, committed 12800K, reserved 1060864K
  class space    used 1184K, capacity 1424K, committed 1536K, reserved 1048576K
}
Event: 6,687 GC heap after
{Heap after GC invocations=5 (full 0):
 garbage-first heap   total 133120K, used 36572K [0x0000000780000000, 0x0000000800000000)
  region size 1024K, 9 young (9216K), 9 survivors (9216K)
 Metaspace       used 12045K, capacity 12679K, committed 12800K, reserved 1060864K
  class space    used 1184K, capacity 1424K, committed 1536K, reserved 1048576K
}
Event: 6,952 GC heap before
{Heap before GC invocations=5 (full 0):
 garbage-first heap   total 133120K, used 69340K [0x0000000780000000, 0x0000000800000000)
  region size 1024K, 41 young (41984K), 9 survivors (9216K)
 Metaspace       used 15497K, capacity 16171K, committed 16384K, reserved 1062912K
  class space    used 1687K, capacity 1963K, committed 2048K, reserved 1048576K
}
Event: 6,969 GC heap after
{Heap after GC invocations=6 (full 0):
 garbage-first heap   total 133120K, used 41264K [0x0000000780000000, 0x0000000800000000)
  region size 1024K, 4 young (4096K), 4 survivors (4096K)
 Metaspace       used 15497K, capacity 16171K, committed 16384K, reserved 1062912K
  class space    used 1687K, capacity 1963K, committed 2048K, reserved 1048576K
}
Event: 7,193 GC heap before
{Heap before GC invocations=6 (full 0):
 garbage-first heap   total 133120K, used 81200K [0x0000000780000000, 0x0000000800000000)
  region size 1024K, 44 young (45056K), 4 survivors (4096K)
 Metaspace       used 20068K, capacity 21054K, committed 21296K, reserved 1069056K
  class space    used 2273K, capacity 2613K, committed 2688K, reserved 1048576K
}
Event: 7,200 GC heap after
{Heap after GC invocations=7 (full 0):
 garbage-first heap   total 133120K, used 43595K [0x0000000780000000, 0x0000000800000000)
  region size 1024K, 6 young (6144K), 6 survivors (6144K)
 Metaspace       used 20068K, capacity 21054K, committed 21296K, reserved 1069056K
  class space    used 2273K, capacity 2613K, committed 2688K, reserved 1048576K
}
Event: 7,210 GC heap before
{Heap before GC invocations=7 (full 0):
 garbage-first heap   total 133120K, used 43595K [0x0000000780000000, 0x0000000800000000)
  region size 1024K, 8 young (8192K), 6 survivors (6144K)
 Metaspace       used 20206K, capacity 21153K, committed 21296K, reserved 1069056K
  class space    used 2287K, capacity 2646K, committed 2688K, reserved 1048576K
}
Event: 7,219 GC heap after
{Heap after GC invocations=8 (full 0):
 garbage-first heap   total 133120K, used 43672K [0x0000000780000000, 0x0000000800000000)
  region size 1024K, 4 young (4096K), 4 survivors (4096K)
 Metaspace       used 20206K, capacity 21153K, committed 21296K, reserved 1069056K
  class space    used 2287K, capacity 2646K, committed 2688K, reserved 1048576K
}
Event: 7,499 GC heap before
{Heap before GC invocations=9 (full 0):
 garbage-first heap   total 133120K, used 80536K [0x0000000780000000, 0x0000000800000000)
  region size 1024K, 41 young (41984K), 4 survivors (4096K)
 Metaspace       used 23580K, capacity 24599K, committed 24908K, reserved 1071104K
  class space    used 2671K, capacity 3063K, committed 3148K, reserved 1048576K
}
Event: 7,508 GC heap after
{Heap after GC invocations=10 (full 0):
 garbage-first heap   total 133120K, used 46179K [0x0000000780000000, 0x0000000800000000)
  region size 1024K, 6 young (6144K), 6 survivors (6144K)
 Metaspace       used 23580K, capacity 24599K, committed 24908K, reserved 1071104K
  class space    used 2671K, capacity 3063K, committed 3148K, reserved 1048576K
}
Event: 7,708 GC heap before
{Heap before GC invocations=11 (full 0):
 garbage-first heap   total 133120K, used 85091K [0x0000000780000000, 0x0000000800000000)
  region size 1024K, 45 young (46080K), 6 survivors (6144K)
 Metaspace       used 26081K, capacity 27362K, committed 27596K, reserved 1073152K
  class space    used 2939K, capacity 3430K, committed 3532K, reserved 1048576K
}
Event: 7,720 GC heap after
{Heap after GC invocations=12 (full 0):
 garbage-first heap   total 159744K, used 48386K [0x0000000780000000, 0x0000000800000000)
  region size 1024K, 6 young (6144K), 6 survivors (6144K)
 Metaspace       used 26081K, capacity 27362K, committed 27596K, reserved 1073152K
  class space    used 2939K, capacity 3430K, committed 3532K, reserved 1048576K
}
Event: 7,948 GC heap before
{Heap before GC invocations=12 (full 0):
 garbage-first heap   total 159744K, used 99586K [0x0000000780000000, 0x0000000800000000)
  region size 1024K, 57 young (58368K), 6 survivors (6144K)
 Metaspace       used 29246K, capacity 30948K, committed 31052K, reserved 1077248K
  class space    used 3433K, capacity 4114K, committed 4172K, reserved 1048576K
}
Event: 7,962 GC heap after
{Heap after GC invocations=13 (full 0):
 garbage-first heap   total 159744K, used 53647K [0x0000000780000000, 0x0000000800000000)
  region size 1024K, 8 young (8192K), 8 survivors (8192K)
 Metaspace       used 29246K, capacity 30948K, committed 31052K, reserved 1077248K
  class space    used 3433K, capacity 4114K, committed 4172K, reserved 1048576K
}
Event: 8,321 GC heap before
{Heap before GC invocations=13 (full 0):
 garbage-first heap   total 159744K, used 104847K [0x0000000780000000, 0x0000000800000000)
  region size 1024K, 59 young (60416K), 8 survivors (8192K)
 Metaspace       used 34610K, capacity 36466K, committed 36684K, reserved 1081344K
  class space    used 4153K, capacity 4933K, committed 4940K, reserved 1048576K
}
Event: 8,328 GC heap after
{Heap after GC invocations=14 (full 0):
 garbage-first heap   total 159744K, used 52668K [0x0000000780000000, 0x0000000800000000)
  region size 1024K, 3 young (3072K), 3 survivors (3072K)
 Metaspace       used 34610K, capacity 36466K, committed 36684K, reserved 1081344K
  class space    used 4153K, capacity 4933K, committed 4940K, reserved 1048576K
}
Event: 8,788 GC heap before
{Heap before GC invocations=14 (full 0):
 garbage-first heap   total 159744K, used 107964K [0x0000000780000000, 0x0000000800000000)
  region size 1024K, 58 young (59392K), 3 survivors (3072K)
 Metaspace       used 38465K, capacity 40604K, committed 40908K, reserved 1085440K
  class space    used 4601K, capacity 5490K, committed 5580K, reserved 1048576K
}
Event: 8,798 GC heap after
{Heap after GC invocations=15 (full 0):
 garbage-first heap   total 159744K, used 61026K [0x0000000780000000, 0x0000000800000000)
  region size 1024K, 8 young (8192K), 8 survivors (8192K)
 Metaspace       used 38465K, capacity 40604K, committed 40908K, reserved 1085440K
  class space    used 4601K, capacity 5490K, committed 5580K, reserved 1048576K
}
Event: 8,908 GC heap before
{Heap before GC invocations=15 (full 0):
 garbage-first heap   total 159744K, used 71266K [0x0000000780000000, 0x0000000800000000)
  region size 1024K, 20 young (20480K), 8 survivors (8192K)
 Metaspace       used 41382K, capacity 43580K, committed 43596K, reserved 1087488K
  class space    used 5030K, capacity 5950K, committed 5964K, reserved 1048576K
}
Event: 8,917 GC heap after
{Heap after GC invocations=16 (full 0):
 garbage-first heap   total 204800K, used 62443K [0x0000000780000000, 0x0000000800000000)
  region size 1024K, 1 young (1024K), 1 survivors (1024K)
 Metaspace       used 41382K, capacity 43580K, committed 43596K, reserved 1087488K
  class space    used 5030K, capacity 5950K, committed 5964K, reserved 1048576K
}

Deoptimization events (20 events):
Event: 9,429 Thread 0x00007fdfeff0c800 DEOPT PACKING pc=0x00000001193467dc sp=0x0000700007ce17b0
Event: 9,429 Thread 0x00007fdfeff0c800 DEOPT UNPACKING pc=0x0000000118c5b451 sp=0x0000700007ce0c78 mode 1
Event: 9,429 Thread 0x00007fdfeff0c800 DEOPT PACKING pc=0x0000000119d19374 sp=0x0000700007ce1800
Event: 9,429 Thread 0x00007fdfeff0c800 DEOPT UNPACKING pc=0x0000000118c5b451 sp=0x0000700007ce0e50 mode 1
Event: 9,429 Thread 0x00007fdfeff0c800 DEOPT PACKING pc=0x00000001230ac50c sp=0x0000700007ce1a60
Event: 9,429 Thread 0x00007fdfeff0c800 DEOPT UNPACKING pc=0x0000000118c5b451 sp=0x0000700007ce0f18 mode 1
Event: 9,429 Thread 0x00007fdfeff0c800 DEOPT PACKING pc=0x0000000119cd598c sp=0x0000700007ce2170
Event: 9,429 Thread 0x00007fdfeff0c800 DEOPT UNPACKING pc=0x0000000118c5b451 sp=0x0000700007ce1660 mode 1
Event: 18,174 Thread 0x00007fdff016a000 Uncommon trap: trap_request=0xffffffcd fr.pc=0x0000000122fc94d8 relative=0x00000000000002b8
Event: 18,174 Thread 0x00007fdff016a000 Uncommon trap: reason=intrinsic_or_type_checked_inlining action=reinterpret pc=0x0000000122fc94d8 method=java.nio.HeapByteBuffer.put(Ljava/nio/ByteBuffer;)Ljava/nio/ByteBuffer; @ 0 jvmci
Event: 18,174 Thread 0x00007fdff016a000 DEOPT PACKING pc=0x0000000122fc94d8 sp=0x000070000d0dc790
Event: 18,174 Thread 0x00007fdff016a000 DEOPT UNPACKING pc=0x0000000118c5b451 sp=0x000070000d0dbc58 mode 3
Event: 18,174 Thread 0x00007fdff016a000 Uncommon trap: trap_request=0xffffffcd fr.pc=0x00000001230e5895 relative=0x00000000000002d5
Event: 18,174 Thread 0x00007fdff016a000 Uncommon trap: reason=intrinsic_or_type_checked_inlining action=reinterpret pc=0x00000001230e5895 method=java.nio.Buffer.<init>(IIII)V @ 31 jvmci
Event: 18,174 Thread 0x00007fdff016a000 DEOPT PACKING pc=0x00000001230e5895 sp=0x000070000d0dc630
Event: 18,174 Thread 0x00007fdff016a000 DEOPT UNPACKING pc=0x0000000118c5b451 sp=0x000070000d0dbaf8 mode 3
Event: 18,179 Thread 0x00007fdff0147800 Uncommon trap: trap_request=0xffffffcd fr.pc=0x00000001230ec80c relative=0x00000000000007ec
Event: 18,179 Thread 0x00007fdff0147800 Uncommon trap: reason=intrinsic_or_type_checked_inlining action=reinterpret pc=0x00000001230ec80c method=java.lang.Thread.blockedOn(Lsun/nio/ch/Interruptible;)V @ 18 jvmci
Event: 18,179 Thread 0x00007fdff0147800 DEOPT PACKING pc=0x00000001230ec80c sp=0x00007000085fd660
Event: 18,179 Thread 0x00007fdff0147800 DEOPT UNPACKING pc=0x0000000118c5b451 sp=0x00007000085fc9c8 mode 3

Classes redefined (0 events):
No events

Internal exceptions (20 events):
Event: 8,743 Thread 0x00007fdfeff0c800 Exception <a 'sun/nio/fs/UnixException'{0x00000007866929d0}> (0x00000007866929d0) thrown at [./src/hotspot/share/prims/jni.cpp, line 611]
Event: 8,883 Thread 0x00007fdfeff0c800 Exception <a 'java/lang/IncompatibleClassChangeError'{0x00000007891f6ef0}: Found class java.lang.Object, but interface was expected> (0x00000007891f6ef0) thrown at [./src/hotspot/share/interpreter/linkResolver.cpp, line 839]
Event: 8,899 Thread 0x00007fdfeff0c800 Exception <a 'java/lang/IncompatibleClassChangeError'{0x0000000788ff45b0}: Found class java.lang.Object, but interface was expected> (0x0000000788ff45b0) thrown at [./src/hotspot/share/interpreter/linkResolver.cpp, line 839]
Event: 9,039 Thread 0x00007fdfeff0c800 Exception <a 'java/lang/NoSuchMethodError'{0x000000078bc08338}: 'java.lang.Object java.lang.invoke.DirectMethodHandle$Holder.invokeSpecialIFC(java.lang.Object, java.lang.Object, java.lang.Object, java.lang.Object)'> (0x000000078bc08338) thrown at [./src/hotspot/share/interpreter/linkResolver.cpp, line 773]
Event: 9,179 Thread 0x00007fdfeff0c800 Exception <a 'java/lang/NoSuchMethodError'{0x000000078abd9598}: 'long java.lang.invoke.DirectMethodHandle$Holder.invokeSpecial(java.lang.Object, java.lang.Object)'> (0x000000078abd9598) thrown at [./src/hotspot/share/interpreter/linkResolver.cpp, line 773]
Event: 9,181 Thread 0x00007fdfeff0c800 Exception <a 'java/lang/NoSuchMethodError'{0x000000078aa0b2d0}: 'long java.lang.invoke.DirectMethodHandle$Holder.invokeStatic(java.lang.Object, java.lang.Object)'> (0x000000078aa0b2d0) thrown at [./src/hotspot/share/interpreter/linkResolver.cpp, line 773]
Event: 9,181 Thread 0x00007fdfeff0c800 Exception <a 'java/lang/NoSuchMethodError'{0x000000078aa0e0f8}: 'long java.lang.invoke.DirectMethodHandle$Holder.invokeStaticInit(java.lang.Object, java.lang.Object)'> (0x000000078aa0e0f8) thrown at [./src/hotspot/share/interpreter/linkResolver.cpp, line 773]
Event: 9,183 Thread 0x00007fdfeff0c800 Exception <a 'java/lang/NoSuchMethodError'{0x000000078aa3aae0}: 'long java.lang.invoke.DirectMethodHandle$Holder.invokeInterface(java.lang.Object, java.lang.Object)'> (0x000000078aa3aae0) thrown at [./src/hotspot/share/interpreter/linkResolver.cpp, line 773]
Event: 9,183 Thread 0x00007fdfeff0c800 Exception <a 'java/lang/IncompatibleClassChangeError'{0x000000078aa3d878}: Found class java.lang.Object, but interface was expected> (0x000000078aa3d878) thrown at [./src/hotspot/share/interpreter/linkResolver.cpp, line 839]
Event: 9,194 Thread 0x00007fdfeff0c800 Implicit null exception at 0x000000012305f954 to 0x000000012305fa6f
Event: 9,224 Thread 0x00007fdfeff0c800 Exception <a 'sun/nio/fs/UnixException'{0x000000078a77d288}> (0x000000078a77d288) thrown at [./src/hotspot/share/prims/jni.cpp, line 611]
Event: 9,390 Thread 0x00007fdfeff0c800 Exception <a 'java/lang/NoSuchMethodError'{0x000000078990fa48}: 'void java.lang.invoke.DirectMethodHandle$Holder.invokeSpecial(java.lang.Object, java.lang.Object, float)'> (0x000000078990fa48) thrown at [./src/hotspot/share/interpreter/linkResolver.cpp, line 773]
Event: 9,406 Thread 0x00007fdfeff0c800 Exception <a 'java/lang/NoSuchMethodError'{0x00000007899b4eb8}: 'void java.lang.invoke.DirectMethodHandle$Holder.invokeStaticInit(java.lang.Object, java.lang.Object, java.lang.Object)'> (0x00000007899b4eb8) thrown at [./src/hotspot/share/interpreter/linkResolver.cpp, line 773]
Event: 9,413 Thread 0x00007fdfeff0c800 Exception <a 'sun/nio/fs/UnixException'{0x00000007898768d0}> (0x00000007898768d0) thrown at [./src/hotspot/share/prims/jni.cpp, line 611]
Event: 9,414 Thread 0x00007fdfeff0c800 Exception <a 'sun/nio/fs/UnixException'{0x0000000789877748}> (0x0000000789877748) thrown at [./src/hotspot/share/prims/jni.cpp, line 611]
Event: 9,414 Thread 0x00007fdfeff0c800 Exception <a 'sun/nio/fs/UnixException'{0x00000007898785c0}> (0x00000007898785c0) thrown at [./src/hotspot/share/prims/jni.cpp, line 611]
Event: 9,431 Thread 0x00007fdfeff0c800 Exception <a 'java/lang/NoSuchMethodError'{0x00000007897cb500}: 'java.lang.Object java.lang.invoke.DirectMethodHandle$Holder.invokeSpecial(java.lang.Object, java.lang.Object, java.lang.Object, java.lang.Object, java.lang.Object, java.lang.Object, java.lang.Object, java.lang.Object, java.lang.Object, java.lang.Object, java.lang.Object, java.lang.Object, java.lang.Object, java.lang.Object)'> (0x00000007897cb500) thrown at [./src/hotspot/share/interpreter/linkResolver.cpp, line 773]
Event: 9,431 Thread 0x00007fdfeff0c800 Exception <a 'java/lang/NoSuchMethodError'{0x00000007897cffc8}: 'java.lang.Object java.lang.invoke.Invokers$Holder.linkToTargetMethod(java.lang.Object, java.lang.Object, java.lang.Object, java.lang.Object, java.lang.Object, java.lang.Object, java.lang.Object, java.lang.Object, java.lang.Object, java.lang.Object, java.lang.Object, java.lang.Object, java.lang.Object)'> (0x00000007897cffc8) thrown at [./src/hotspot/share/interpreter/linkResolver.cpp, line 773]
Event: 9,513 Thread 0x00007fdfed4da800 Exception <a 'java/lang/NoSuchMethodError'{0x0000000789163d08}: 'void java.lang.invoke.DirectMethodHandle$Holder.invokeSpecial(java.lang.Object, java.lang.Object, int, java.lang.Object, java.lang.Object, java.lang.Object)'> (0x0000000789163d08) thrown at [./src/hotspot/share/interpreter/linkResolver.cpp, line 773]
Event: 9,546 Thread 0x00007fdfed00c800 Exception <a 'java/lang/IncompatibleClassChangeError'{0x00000007890b0918}: Found class java.lang.Object, but interface was expected> (0x00000007890b0918) thrown at [./src/hotspot/share/interpreter/linkResolver.cpp, line 839]

Events (20 events):
Event: 18,180 loading class io/vertx/core/file/impl/FileCache
Event: 18,180 loading class io/vertx/core/file/impl/FileCache done
Event: 18,181 Protecting memory [0x00007000073cc000,0x00007000073d0000] with protection modes 3
Event: 18,182 Thread 0x00007fdfef9da000 Thread added: 0x00007fdfef9da000
Event: 18,182 Thread 0x00007fdfed4d8800 Thread exited: 0x00007fdfed4d8800
Event: 18,182 Protecting memory [0x000070000890b000,0x000070000890f000] with protection modes 0
Event: 18,185 Protecting memory [0x000070000890b000,0x000070000890f000] with protection modes 3
Event: 18,185 Protecting memory [0x0000700008808000,0x000070000880c000] with protection modes 3
Event: 18,185 Thread 0x00007fdfef9da000 Thread exited: 0x00007fdfef9da000
Event: 18,185 Thread 0x00007fdfeddcc800 Thread exited: 0x00007fdfeddcc800
Event: 18,189 Executing VM operation: RevokeBias
Event: 18,189 Executing coalesced safepoint VM operation: RevokeBias
Event: 18,189 Executing coalesced safepoint VM operation: RevokeBias done
Event: 18,189 Executing VM operation: RevokeBias done
Event: 18,189 Executing VM operation: RevokeBias
Event: 18,189 Executing VM operation: RevokeBias done
Event: 18,189 Executing VM operation: RevokeBias
Event: 18,189 Executing VM operation: RevokeBias done
Event: 18,189 Executing VM operation: RevokeBias
Event: 18,189 Executing VM operation: RevokeBias done


Dynamic libraries:
0x00007fff2d179000 	/System/Library/Frameworks/Cocoa.framework/Versions/A/Cocoa
0x00007fff3a972000 	/System/Library/Frameworks/Security.framework/Versions/A/Security
0x00007fff2c0de000 	/System/Library/Frameworks/ApplicationServices.framework/Versions/A/ApplicationServices
0x00007fff6762f000 	/usr/lib/libz.1.dylib
0x0000000109094000 	/Users/plawn/.sdkman/candidates/java/21.2.0.r11-grl/lib/jli/libjli.dylib
0x00007fff650f3000 	/usr/lib/libSystem.B.dylib
0x00007fff2b2ce000 	/System/Library/Frameworks/AppKit.framework/Versions/C/AppKit
0x00007fff2dafd000 	/System/Library/Frameworks/CoreData.framework/Versions/A/CoreData
0x00007fff306d8000 	/System/Library/Frameworks/Foundation.framework/Versions/C/Foundation
0x00007fff5f108000 	/System/Library/PrivateFrameworks/UIFoundation.framework/Versions/A/UIFoundation
0x00007fff5a19c000 	/System/Library/PrivateFrameworks/RemoteViewServices.framework/Versions/A/RemoteViewServices
0x00007fff61c63000 	/System/Library/PrivateFrameworks/XCTTargetBootstrap.framework/Versions/A/XCTTargetBootstrap
0x00007fff2dee8000 	/System/Library/Frameworks/CoreDisplay.framework/Versions/A/CoreDisplay
0x00007fff33593000 	/System/Library/Frameworks/Metal.framework/Versions/A/Metal
0x00007fff48189000 	/System/Library/PrivateFrameworks/DesktopServicesPriv.framework/Versions/A/DesktopServicesPriv
0x00007fff6622e000 	/usr/lib/liblangid.dylib
0x00007fff4741e000 	/System/Library/PrivateFrameworks/CoreSVG.framework/Versions/A/CoreSVG
0x00007fff5d2f8000 	/System/Library/PrivateFrameworks/SkyLight.framework/Versions/A/SkyLight
0x00007fff2e49c000 	/System/Library/Frameworks/CoreGraphics.framework/Versions/A/CoreGraphics
0x00007fff29ca2000 	/System/Library/Frameworks/Accelerate.framework/Versions/A/Accelerate
0x00007fff67520000 	/usr/lib/libxml2.2.dylib
0x00007fff53127000 	/System/Library/PrivateFrameworks/IconServices.framework/Versions/A/IconServices
0x00007fff30eb7000 	/System/Library/Frameworks/IOSurface.framework/Versions/A/IOSurface
0x00007fff64c1d000 	/usr/lib/libDiagnosticMessagesClient.dylib
0x00007fff47fe3000 	/System/Library/PrivateFrameworks/DFRFoundation.framework/Versions/A/DFRFoundation
0x00007fff65fbd000 	/usr/lib/libicucore.A.dylib
0x00007fff2c410000 	/System/Library/Frameworks/AudioToolbox.framework/Versions/A/AudioToolbox
0x00007fff2c4f3000 	/System/Library/Frameworks/AudioUnit.framework/Versions/A/AudioUnit
0x00007fff652f5000 	/usr/lib/libauto.dylib
0x00007fff48085000 	/System/Library/PrivateFrameworks/DataDetectorsCore.framework/Versions/A/DataDetectorsCore
0x00007fff2cc9a000 	/System/Library/Frameworks/Carbon.framework/Versions/A/Frameworks/HIToolbox.framework/Versions/A/HIToolbox
0x00007fff39b6c000 	/System/Library/Frameworks/QuartzCore.framework/Versions/A/QuartzCore
0x00007fff2cfd9000 	/System/Library/Frameworks/Carbon.framework/Versions/A/Frameworks/SpeechRecognition.framework/Versions/A/SpeechRecognition
0x00007fff47af7000 	/System/Library/PrivateFrameworks/CoreUI.framework/Versions/A/CoreUI
0x00007fff2d568000 	/System/Library/Frameworks/CoreAudio.framework/Versions/A/CoreAudio
0x00007fff30397000 	/System/Library/Frameworks/DiskArbitration.framework/Versions/A/DiskArbitration
0x00007fff55177000 	/System/Library/PrivateFrameworks/MultitouchSupport.framework/Versions/A/MultitouchSupport
0x00007fff65e84000 	/usr/lib/libenergytrace.dylib
0x00007fff30e11000 	/System/Library/Frameworks/IOKit.framework/Versions/A/IOKit
0x00007fff2f403000 	/System/Library/Frameworks/CoreServices.framework/Versions/A/CoreServices
0x00007fff5732f000 	/System/Library/PrivateFrameworks/PerformanceAnalysis.framework/Versions/A/PerformanceAnalysis
0x00007fff38b9f000 	/System/Library/Frameworks/OpenGL.framework/Versions/A/OpenGL
0x00007fff66f53000 	/usr/lib/libobjc.A.dylib
0x00007fff2d187000 	/System/Library/Frameworks/ColorSync.framework/Versions/A/ColorSync
0x00007fff2e01b000 	/System/Library/Frameworks/CoreFoundation.framework/Versions/A/CoreFoundation
0x00007fff2eb1f000 	/System/Library/Frameworks/CoreImage.framework/Versions/A/CoreImage
0x00007fff2fe76000 	/System/Library/Frameworks/CoreText.framework/Versions/A/CoreText
0x00007fff30f47000 	/System/Library/Frameworks/ImageIO.framework/Versions/A/ImageIO
0x00007fff653d9000 	/usr/lib/libc++.1.dylib
0x00007fff65455000 	/usr/lib/libcompression.dylib
0x00007fff64f61000 	/usr/lib/libMobileGestalt.dylib
0x00007fff5ee72000 	/System/Library/PrivateFrameworks/TextureIO.framework/Versions/A/TextureIO
0x00007fff65258000 	/usr/lib/libate.dylib
0x00007fff53330000 	/System/Library/PrivateFrameworks/InternationalSupport.framework/Versions/A/InternationalSupport
0x00007fff67ef0000 	/usr/lib/system/libcache.dylib
0x00007fff67ef6000 	/usr/lib/system/libcommonCrypto.dylib
0x00007fff67f02000 	/usr/lib/system/libcompiler_rt.dylib
0x00007fff67f0a000 	/usr/lib/system/libcopyfile.dylib
0x00007fff67f14000 	/usr/lib/system/libcorecrypto.dylib
0x00007fff680b3000 	/usr/lib/system/libdispatch.dylib
0x00007fff680f4000 	/usr/lib/system/libdyld.dylib
0x00007fff6812b000 	/usr/lib/system/libkeymgr.dylib
0x00007fff68139000 	/usr/lib/system/liblaunch.dylib
0x00007fff6813a000 	/usr/lib/system/libmacho.dylib
0x00007fff68140000 	/usr/lib/system/libquarantine.dylib
0x00007fff68143000 	/usr/lib/system/libremovefile.dylib
0x00007fff68145000 	/usr/lib/system/libsystem_asl.dylib
0x00007fff6815d000 	/usr/lib/system/libsystem_blocks.dylib
0x00007fff6815e000 	/usr/lib/system/libsystem_c.dylib
0x00007fff681e6000 	/usr/lib/system/libsystem_configuration.dylib
0x00007fff681ea000 	/usr/lib/system/libsystem_coreservices.dylib
0x00007fff681ee000 	/usr/lib/system/libsystem_darwin.dylib
0x00007fff681f7000 	/usr/lib/system/libsystem_dnssd.dylib
0x00007fff681ff000 	/usr/lib/system/libsystem_featureflags.dylib
0x00007fff68201000 	/usr/lib/system/libsystem_info.dylib
0x00007fff6827c000 	/usr/lib/system/libsystem_m.dylib
0x00007fff682c4000 	/usr/lib/system/libsystem_malloc.dylib
0x00007fff682ec000 	/usr/lib/system/libsystem_networkextension.dylib
0x00007fff682fa000 	/usr/lib/system/libsystem_notify.dylib
0x00007fff68318000 	/usr/lib/system/libsystem_sandbox.dylib
0x00007fff6831d000 	/usr/lib/system/libsystem_secinit.dylib
0x00007fff6824f000 	/usr/lib/system/libsystem_kernel.dylib
0x00007fff68304000 	/usr/lib/system/libsystem_platform.dylib
0x00007fff6830d000 	/usr/lib/system/libsystem_pthread.dylib
0x00007fff68320000 	/usr/lib/system/libsystem_symptoms.dylib
0x00007fff68328000 	/usr/lib/system/libsystem_trace.dylib
0x00007fff68340000 	/usr/lib/system/libunwind.dylib
0x00007fff68346000 	/usr/lib/system/libxpc.dylib
0x00007fff6542c000 	/usr/lib/libc++abi.dylib
0x00007fff66230000 	/usr/lib/liblzma.5.dylib
0x00007fff65eab000 	/usr/lib/libfakelink.dylib
0x00007fff651e5000 	/usr/lib/libarchive.2.dylib
0x00007fff3ba23000 	/System/Library/Frameworks/SystemConfiguration.framework/Versions/A/SystemConfiguration
0x00007fff64b50000 	/usr/lib/libCRFSuite.dylib
0x00007fff2c88a000 	/System/Library/Frameworks/CFNetwork.framework/Versions/A/CFNetwork
0x00007fff653bb000 	/usr/lib/libbsm.0.dylib
0x00007fff6812c000 	/usr/lib/system/libkxld.dylib
0x00007fff41960000 	/System/Library/PrivateFrameworks/AppleFSCompression.framework/Versions/A/AppleFSCompression
0x00007fff65746000 	/usr/lib/libcoretls.dylib
0x00007fff6575d000 	/usr/lib/libcoretls_cfhelpers.dylib
0x00007fff66f99000 	/usr/lib/libpam.2.dylib
0x00007fff670ce000 	/usr/lib/libsqlite3.dylib
0x00007fff6750d000 	/usr/lib/libxar.1.dylib
0x00007fff653cc000 	/usr/lib/libbz2.1.0.dylib
0x00007fff65ecc000 	/usr/lib/libiconv.2.dylib
0x00007fff65442000 	/usr/lib/libcharset.1.dylib
0x00007fff66a36000 	/usr/lib/libnetwork.dylib
0x00007fff66fa0000 	/usr/lib/libpcap.A.dylib
0x00007fff6519a000 	/usr/lib/libapple_nghttp2.dylib
0x00007fff2f7ba000 	/System/Library/Frameworks/CoreServices.framework/Versions/A/Frameworks/FSEvents.framework/Versions/A/FSEvents
0x00007fff2f48a000 	/System/Library/Frameworks/CoreServices.framework/Versions/A/Frameworks/CarbonCore.framework/Versions/A/CarbonCore
0x00007fff2f9fe000 	/System/Library/Frameworks/CoreServices.framework/Versions/A/Frameworks/Metadata.framework/Versions/A/Metadata
0x00007fff2fa97000 	/System/Library/Frameworks/CoreServices.framework/Versions/A/Frameworks/OSServices.framework/Versions/A/OSServices
0x00007fff2fac5000 	/System/Library/Frameworks/CoreServices.framework/Versions/A/Frameworks/SearchKit.framework/Versions/A/SearchKit
0x00007fff2f404000 	/System/Library/Frameworks/CoreServices.framework/Versions/A/Frameworks/AE.framework/Versions/A/AE
0x00007fff2f7c3000 	/System/Library/Frameworks/CoreServices.framework/Versions/A/Frameworks/LaunchServices.framework/Versions/A/LaunchServices
0x00007fff2f76c000 	/System/Library/Frameworks/CoreServices.framework/Versions/A/Frameworks/DictionaryServices.framework/Versions/A/DictionaryServices
0x00007fff2fb2d000 	/System/Library/Frameworks/CoreServices.framework/Versions/A/Frameworks/SharedFileList.framework/Versions/A/SharedFileList
0x00007fff349be000 	/System/Library/Frameworks/NetFS.framework/Versions/A/NetFS
0x00007fff556a7000 	/System/Library/PrivateFrameworks/NetAuth.framework/Versions/A/NetAuth
0x00007fff62030000 	/System/Library/PrivateFrameworks/login.framework/Versions/A/Frameworks/loginsupport.framework/Versions/A/loginsupport
0x00007fff5e93d000 	/System/Library/PrivateFrameworks/TCC.framework/Versions/A/TCC
0x00007fff46591000 	/System/Library/PrivateFrameworks/CoreNLP.framework/Versions/A/CoreNLP
0x00007fff54ba4000 	/System/Library/PrivateFrameworks/MetadataUtilities.framework/Versions/A/MetadataUtilities
0x00007fff66308000 	/usr/lib/libmecabra.dylib
0x00007fff66260000 	/usr/lib/libmecab.dylib
0x00007fff65ebc000 	/usr/lib/libgermantok.dylib
0x00007fff65181000 	/usr/lib/libThaiTokenizer.dylib
0x00007fff64b87000 	/usr/lib/libChineseTokenizer.dylib
0x00007fff29cba000 	/System/Library/Frameworks/Accelerate.framework/Versions/A/Frameworks/vImage.framework/Versions/A/vImage
0x00007fff2b124000 	/System/Library/Frameworks/Accelerate.framework/Versions/A/Frameworks/vecLib.framework/Versions/A/vecLib
0x00007fff2b061000 	/System/Library/Frameworks/Accelerate.framework/Versions/A/Frameworks/vecLib.framework/Versions/A/libvMisc.dylib
0x00007fff2ae89000 	/System/Library/Frameworks/Accelerate.framework/Versions/A/Frameworks/vecLib.framework/Versions/A/libvDSP.dylib
0x00007fff2a311000 	/System/Library/Frameworks/Accelerate.framework/Versions/A/Frameworks/vecLib.framework/Versions/A/libBLAS.dylib
0x00007fff2aa4d000 	/System/Library/Frameworks/Accelerate.framework/Versions/A/Frameworks/vecLib.framework/Versions/A/libLAPACK.dylib
0x00007fff2ade9000 	/System/Library/Frameworks/Accelerate.framework/Versions/A/Frameworks/vecLib.framework/Versions/A/libLinearAlgebra.dylib
0x00007fff2ae76000 	/System/Library/Frameworks/Accelerate.framework/Versions/A/Frameworks/vecLib.framework/Versions/A/libSparseBLAS.dylib
0x00007fff2adff000 	/System/Library/Frameworks/Accelerate.framework/Versions/A/Frameworks/vecLib.framework/Versions/A/libQuadrature.dylib
0x00007fff2a579000 	/System/Library/Frameworks/Accelerate.framework/Versions/A/Frameworks/vecLib.framework/Versions/A/libBNNS.dylib
0x00007fff2ae05000 	/System/Library/Frameworks/Accelerate.framework/Versions/A/Frameworks/vecLib.framework/Versions/A/libSparse.dylib
0x00007fff53718000 	/System/Library/PrivateFrameworks/LanguageModeling.framework/Versions/A/LanguageModeling
0x00007fff45f41000 	/System/Library/PrivateFrameworks/CoreEmoji.framework/Versions/A/CoreEmoji
0x00007fff53836000 	/System/Library/PrivateFrameworks/LinguisticData.framework/Versions/A/LinguisticData
0x00007fff537e7000 	/System/Library/PrivateFrameworks/Lexicon.framework/Versions/A/Lexicon
0x00007fff65443000 	/usr/lib/libcmph.dylib
0x00007fff375ad000 	/System/Library/Frameworks/OpenDirectory.framework/Versions/A/Frameworks/CFOpenDirectory.framework/Versions/A/CFOpenDirectory
0x00007fff375ca000 	/System/Library/Frameworks/OpenDirectory.framework/Versions/A/OpenDirectory
0x00007fff3fa0d000 	/System/Library/PrivateFrameworks/APFS.framework/Versions/A/APFS
0x00007fff3acbc000 	/System/Library/Frameworks/SecurityFoundation.framework/Versions/A/SecurityFoundation
0x00007fff67509000 	/usr/lib/libutil.dylib
0x00007fff47476000 	/System/Library/PrivateFrameworks/CoreServicesStore.framework/Versions/A/CoreServicesStore
0x00007fff3ad73000 	/System/Library/Frameworks/ServiceManagement.framework/Versions/A/ServiceManagement
0x00007fff43130000 	/System/Library/PrivateFrameworks/BackgroundTaskManagement.framework/Versions/A/BackgroundTaskManagement
0x00007fff67606000 	/usr/lib/libxslt.1.dylib
0x00007fff41fd3000 	/System/Library/PrivateFrameworks/AppleSystemInfo.framework/Versions/A/AppleSystemInfo
0x00007fff31162000 	/System/Library/Frameworks/ImageIO.framework/Versions/A/Resources/libJPEG.dylib
0x00007fff31421000 	/System/Library/Frameworks/ImageIO.framework/Versions/A/Resources/libTIFF.dylib
0x00007fff31404000 	/System/Library/Frameworks/ImageIO.framework/Versions/A/Resources/libPng.dylib
0x00007fff310a4000 	/System/Library/Frameworks/ImageIO.framework/Versions/A/Resources/libGIF.dylib
0x00007fff310a8000 	/System/Library/Frameworks/ImageIO.framework/Versions/A/Resources/libJP2.dylib
0x00007fff3141f000 	/System/Library/Frameworks/ImageIO.framework/Versions/A/Resources/libRadiance.dylib
0x00007fff65e85000 	/usr/lib/libexpat.1.dylib
0x00007fff41abb000 	/System/Library/PrivateFrameworks/AppleJPEG.framework/Versions/A/AppleJPEG
0x00007fff4a78c000 	/System/Library/PrivateFrameworks/FontServices.framework/libFontParser.dylib
0x00007fff61032000 	/System/Library/PrivateFrameworks/WatchdogClient.framework/Versions/A/WatchdogClient
0x00007fff52d73000 	/System/Library/PrivateFrameworks/IOAccelerator.framework/Versions/A/IOAccelerator
0x00007fff3392e000 	/System/Library/Frameworks/MetalPerformanceShaders.framework/Versions/A/MetalPerformanceShaders
0x00007fff4f509000 	/System/Library/PrivateFrameworks/GPUWrangler.framework/Versions/A/GPUWrangler
0x00007fff52d88000 	/System/Library/PrivateFrameworks/IOPresentment.framework/Versions/A/IOPresentment
0x00007fff47ff6000 	/System/Library/PrivateFrameworks/DSExternalDisplay.framework/Versions/A/DSExternalDisplay
0x00007fff37f3e000 	/System/Library/Frameworks/OpenGL.framework/Versions/A/Libraries/libCoreFSCache.dylib
0x00007fff3367a000 	/System/Library/Frameworks/MetalPerformanceShaders.framework/Frameworks/MPSCore.framework/Versions/A/MPSCore
0x00007fff336b8000 	/System/Library/Frameworks/MetalPerformanceShaders.framework/Frameworks/MPSImage.framework/Versions/A/MPSImage
0x00007fff3377f000 	/System/Library/Frameworks/MetalPerformanceShaders.framework/Frameworks/MPSNeuralNetwork.framework/Versions/A/MPSNeuralNetwork
0x00007fff33743000 	/System/Library/Frameworks/MetalPerformanceShaders.framework/Frameworks/MPSMatrix.framework/Versions/A/MPSMatrix
0x00007fff338de000 	/System/Library/Frameworks/MetalPerformanceShaders.framework/Frameworks/MPSRayIntersector.framework/Versions/A/MPSRayIntersector
0x00007fff33769000 	/System/Library/Frameworks/MetalPerformanceShaders.framework/Frameworks/MPSNDArray.framework/Versions/A/MPSNDArray
0x00007fff54bf1000 	/System/Library/PrivateFrameworks/MetalTools.framework/Versions/A/MetalTools
0x00007fff40be7000 	/System/Library/PrivateFrameworks/AggregateDictionary.framework/Versions/A/AggregateDictionary
0x00007fff45989000 	/System/Library/PrivateFrameworks/CoreAnalytics.framework/Versions/A/CoreAnalytics
0x00007fff41ef2000 	/System/Library/PrivateFrameworks/AppleSauce.framework/Versions/A/AppleSauce
0x00007fff64e43000 	/usr/lib/libIOReport.dylib
0x00007fff3002e000 	/System/Library/Frameworks/CoreVideo.framework/Versions/A/CoreVideo
0x00007fff50982000 	/System/Library/PrivateFrameworks/GraphVisualizer.framework/Versions/A/GraphVisualizer
0x00007fff49cd2000 	/System/Library/PrivateFrameworks/FaceCore.framework/Versions/A/FaceCore
0x00007fff37554000 	/System/Library/Frameworks/OpenCL.framework/Versions/A/OpenCL
0x00007fff64c65000 	/usr/lib/libFosl_dynamic.dylib
0x00007fff560c7000 	/System/Library/PrivateFrameworks/OTSVG.framework/Versions/A/OTSVG
0x00007fff2c1e3000 	/System/Library/Frameworks/ApplicationServices.framework/Versions/A/Frameworks/ATS.framework/Versions/A/Resources/libFontRegistry.dylib
0x00007fff4a95d000 	/System/Library/PrivateFrameworks/FontServices.framework/libhvf.dylib
0x00007fff37f49000 	/System/Library/Frameworks/OpenGL.framework/Versions/A/Libraries/libGFXShared.dylib
0x00007fff38127000 	/System/Library/Frameworks/OpenGL.framework/Versions/A/Libraries/libGLU.dylib
0x00007fff37f52000 	/System/Library/Frameworks/OpenGL.framework/Versions/A/Libraries/libGL.dylib
0x00007fff37f5d000 	/System/Library/Frameworks/OpenGL.framework/Versions/A/Libraries/libGLImage.dylib
0x00007fff37f3b000 	/System/Library/Frameworks/OpenGL.framework/Versions/A/Libraries/libCVMSPluginSupport.dylib
0x00007fff37f44000 	/System/Library/Frameworks/OpenGL.framework/Versions/A/Libraries/libCoreVMClient.dylib
0x00007fff668d7000 	/usr/lib/libncurses.5.4.dylib
0x00007fff2c0df000 	/System/Library/Frameworks/ApplicationServices.framework/Versions/A/Frameworks/ATS.framework/Versions/A/ATS
0x00007fff2c2ac000 	/System/Library/Frameworks/ApplicationServices.framework/Versions/A/Frameworks/ColorSyncLegacy.framework/Versions/A/ColorSyncLegacy
0x00007fff2c34a000 	/System/Library/Frameworks/ApplicationServices.framework/Versions/A/Frameworks/HIServices.framework/Versions/A/HIServices
0x00007fff2c3a2000 	/System/Library/Frameworks/ApplicationServices.framework/Versions/A/Frameworks/LangAnalysis.framework/Versions/A/LangAnalysis
0x00007fff2c3b1000 	/System/Library/Frameworks/ApplicationServices.framework/Versions/A/Frameworks/PrintCore.framework/Versions/A/PrintCore
0x00007fff2c3f7000 	/System/Library/Frameworks/ApplicationServices.framework/Versions/A/Frameworks/QD.framework/Versions/A/QD
0x00007fff2c402000 	/System/Library/Frameworks/ApplicationServices.framework/Versions/A/Frameworks/SpeechSynthesis.framework/Versions/A/SpeechSynthesis
0x00007fff2c27c000 	/System/Library/Frameworks/ApplicationServices.framework/Versions/A/Frameworks/ATSUI.framework/Versions/A/ATSUI
0x00007fff65d1b000 	/usr/lib/libcups.2.dylib
0x00007fff329c9000 	/System/Library/Frameworks/Kerberos.framework/Versions/A/Kerberos
0x00007fff30b0a000 	/System/Library/Frameworks/GSS.framework/Versions/A/GSS
0x00007fff6705a000 	/usr/lib/libresolv.9.dylib
0x00007fff50b2f000 	/System/Library/PrivateFrameworks/Heimdal.framework/Versions/A/Heimdal
0x00007fff329dc000 	/System/Library/Frameworks/Kerberos.framework/Versions/A/Libraries/libHeimdalProxy.dylib
0x00007fff65ec2000 	/usr/lib/libheimdal-asn1.dylib
0x00007fff44e21000 	/System/Library/PrivateFrameworks/CommonAuth.framework/Versions/A/CommonAuth
0x00007fff42070000 	/System/Library/PrivateFrameworks/AssertionServices.framework/Versions/A/AssertionServices
0x00007fff42c13000 	/System/Library/PrivateFrameworks/AudioToolboxCore.framework/Versions/A/AudioToolboxCore
0x00007fff61ce0000 	/System/Library/PrivateFrameworks/caulk.framework/Versions/A/caulk
0x00007fff431dc000 	/System/Library/PrivateFrameworks/BaseBoard.framework/Versions/A/BaseBoard
0x00007fff5a32a000 	/System/Library/PrivateFrameworks/RunningBoardServices.framework/Versions/A/RunningBoardServices
0x00007fff5733b000 	/System/Library/PrivateFrameworks/PersistentConnection.framework/Versions/A/PersistentConnection
0x00007fff59d23000 	/System/Library/PrivateFrameworks/ProtocolBuffer.framework/Versions/A/ProtocolBuffer
0x00007fff44e45000 	/System/Library/PrivateFrameworks/CommonUtilities.framework/Versions/A/CommonUtilities
0x00007fff4336a000 	/System/Library/PrivateFrameworks/Bom.framework/Versions/A/Bom
0x00007fff64b16000 	/usr/lib/libAudioToolboxUtility.dylib
0x00007fff4313a000 	/System/Library/PrivateFrameworks/Backup.framework/Versions/A/Backup
0x00007fff47f17000 	/System/Library/PrivateFrameworks/CrashReporterSupport.framework/Versions/A/CrashReporterSupport
0x00007fff5bdbc000 	/System/Library/PrivateFrameworks/Sharing.framework/Versions/A/Sharing
0x00007fff4167e000 	/System/Library/PrivateFrameworks/Apple80211.framework/Versions/A/Apple80211
0x00007fff42e57000 	/System/Library/PrivateFrameworks/AuthKit.framework/Versions/A/AuthKit
0x00007fff47c24000 	/System/Library/PrivateFrameworks/CoreUtils.framework/Versions/A/CoreUtils
0x00007fff30073000 	/System/Library/Frameworks/CoreWLAN.framework/Versions/A/CoreWLAN
0x00007fff30c97000 	/System/Library/Frameworks/IOBluetooth.framework/Versions/A/IOBluetooth
0x00007fff54ef6000 	/System/Library/PrivateFrameworks/MobileKeyBag.framework/Versions/A/MobileKeyBag
0x00007fff46a29000 	/System/Library/PrivateFrameworks/CorePhoneNumbers.framework/Versions/A/CorePhoneNumbers
0x00007fff41a6e000 	/System/Library/PrivateFrameworks/AppleIDAuthSupport.framework/Versions/A/AppleIDAuthSupport
0x00007fff349cb000 	/System/Library/Frameworks/Network.framework/Versions/A/Network
0x00007fff535c4000 	/System/Library/PrivateFrameworks/KeychainCircle.framework/Versions/A/KeychainCircle
0x00007fff2dac4000 	/System/Library/Frameworks/CoreBluetooth.framework/Versions/A/CoreBluetooth
0x00007fff5de3b000 	/System/Library/PrivateFrameworks/SpeechRecognitionCore.framework/Versions/A/SpeechRecognitionCore
0x0000000109a00000 	/Users/plawn/.sdkman/candidates/java/21.2.0.r11-grl/lib/server/libjvm.dylib
0x00000001090b6000 	/Users/plawn/.sdkman/candidates/java/21.2.0.r11-grl/lib/libverify.dylib
0x00000001090c6000 	/Users/plawn/.sdkman/candidates/java/21.2.0.r11-grl/lib/libjava.dylib
0x00000001090f3000 	/Users/plawn/.sdkman/candidates/java/21.2.0.r11-grl/lib/libjimage.dylib
0x0000000109101000 	/Users/plawn/.sdkman/candidates/java/21.2.0.r11-grl/lib/libinstrument.dylib
0x0000000109110000 	/Users/plawn/.sdkman/candidates/java/21.2.0.r11-grl/lib/libjdwp.dylib
0x0000000109195000 	/Users/plawn/.sdkman/candidates/java/21.2.0.r11-grl/lib/libzip.dylib
0x0000000130f5d000 	/Users/plawn/.sdkman/candidates/java/21.2.0.r11-grl/lib/libjvmcicompiler.dylib
0x000000010f637000 	/Users/plawn/.sdkman/candidates/java/21.2.0.r11-grl/lib/libnio.dylib
0x000000010f649000 	/Users/plawn/.sdkman/candidates/java/21.2.0.r11-grl/lib/libnet.dylib
0x000000010f662000 	/Users/plawn/.sdkman/candidates/java/21.2.0.r11-grl/lib/libdt_socket.dylib
0x000000010f66c000 	/Users/plawn/.sdkman/candidates/java/21.2.0.r11-grl/lib/libmanagement.dylib
0x000000010f676000 	/Users/plawn/.sdkman/candidates/java/21.2.0.r11-grl/lib/libmanagement_ext.dylib
0x000000010f6a3000 	/Users/plawn/.sdkman/candidates/java/21.2.0.r11-grl/lib/libextnet.dylib


VM Arguments:
jvm_args: -XX:+UnlockExperimentalVMOptions -XX:+EnableJVMCIProduct -XX:-UnlockExperimentalVMOptions -XX:ThreadPriorityPolicy=1 -Xverify:none -Dquarkus-internal.serialized-app-model.path=/Users/plawn/Documents/petiteStack/petit_chat/target/quarkus/bootstrap/dev-app-model.dat -javaagent:/Users/plawn/.m2/repository/io/quarkus/quarkus-class-change-agent/2.15.0.Final/quarkus-class-change-agent-2.15.0.Final.jar -agentlib:jdwp=transport=dt_socket,address=localhost:5005,server=y,suspend=n -Djava.util.logging.manager=org.jboss.logmanager.LogManager 
java_command: /Users/plawn/Documents/petiteStack/petit_chat/target/petit_chat-dev.jar
java_class_path (initial): /Users/plawn/Documents/petiteStack/petit_chat/target/petit_chat-dev.jar
Launcher Type: SUN_STANDARD

[Global flags]
     bool BytecodeVerificationLocal                = false                                     {product} {command line}
     bool BytecodeVerificationRemote               = false                                     {product} {command line}
     intx CICompilerCount                          = 3                                         {product} {ergonomic}
     uint ConcGCThreads                            = 1                                         {product} {ergonomic}
     bool EnableJVMCIProduct                       = true                                {JVMCI product} {jimage}
     uint G1ConcRefinementThreads                  = 4                                         {product} {ergonomic}
   size_t G1HeapRegionSize                         = 1048576                                   {product} {ergonomic}
    uintx GCDrainStackTargetSize                   = 64                                        {product} {ergonomic}
   size_t InitialHeapSize                          = 134217728                                 {product} {ergonomic}
   size_t MarkStackSize                            = 4194304                                   {product} {ergonomic}
   size_t MaxHeapSize                              = 2147483648                                {product} {ergonomic}
   size_t MaxNewSize                               = 1287651328                                {product} {ergonomic}
   size_t MinHeapDeltaBytes                        = 1048576                                   {product} {ergonomic}
    uintx NonNMethodCodeHeapSize                   = 5830732                                {pd product} {ergonomic}
    uintx NonProfiledCodeHeapSize                  = 164856794                              {pd product} {ergonomic}
    uintx ProfiledCodeHeapSize                     = 164856794                              {pd product} {ergonomic}
    uintx ReservedCodeCacheSize                    = 335544320                              {pd product} {ergonomic}
     bool SegmentedCodeCache                       = true                                      {product} {ergonomic}
     intx ThreadPriorityPolicy                     = 1                                         {product} {jimage}
     bool UseCompressedClassPointers               = true                                 {lp64_product} {ergonomic}
     bool UseCompressedOops                        = true                                 {lp64_product} {ergonomic}
     bool UseG1GC                                  = true                                      {product} {ergonomic}

Logging:
Log output configuration:
 #0: stdout all=warning uptime,level,tags
 #1: stderr all=off uptime,level,tags

Environment Variables:
JAVA_HOME=/Users/plawn/.sdkman/candidates/java/current
PATH=/Users/plawn/.pyenv/shims:/Library/Frameworks/Python.framework/Versions/3.8/bin:/Library/Frameworks/Python.framework/Versions/3.9/bin:/Users/plawn/.cargo/bin:/Users/plawn/.yarn/bin:/Users/plawn/.config/yarn/global/node_modules/.bin:/Users/plawn/.deno/bin:/Users/plawn/.bun/bin:/opt/apache-maven-3.6.3/bin:/Users/plawn/Library/pnpm:/Applications/MATLAB_R2016a.app/bin/:/Library/Frameworks/Python.framework/Versions/3.7/bin:/usr/local/bin:/usr/bin:/bin:/usr/sbin:/sbin:/usr/local/go/bin:/Library/Apple/usr/bin:/Users/plawn/.sdkman/candidates/micronaut/current/bin:/Users/plawn/.sdkman/candidates/java/current/bin:/Users/plawn/.pyenv/shims:/Library/Frameworks/Python.framework/Versions/3.8/bin:/Library/Frameworks/Python.framework/Versions/3.9/bin:/Users/plawn/.cargo/bin:/Users/plawn/.yarn/bin:/Users/plawn/.config/yarn/global/node_modules/.bin:/Users/plawn/.deno/bin:/Users/plawn/.bun/bin:/opt/apache-maven-3.6.3/bin:/Users/plawn/Library/pnpm:/Applications/MATLAB_R2016a.app/bin/:/Library/Frameworks/Python.framework/Versions/3.7/bin:/Users/plawn/Applications/Tools/flutter/bin:/Users/plawn/Applications/Tools/flutter/bin
SHELL=/bin/bash
LANG=fr_FR.UTF-8

Signal Handlers:
SIGSEGV: [libjvm.dylib+0x7a19d8], sa_mask[0]=11111111011111110111111111111111, sa_flags=SA_ONSTACK|SA_RESTART|SA_SIGINFO
SIGBUS: [libjvm.dylib+0x7a19d8], sa_mask[0]=11111111011111110111111111111111, sa_flags=SA_RESTART|SA_SIGINFO
SIGFPE: [libjvm.dylib+0x7a19d8], sa_mask[0]=11111111011111110111111111111111, sa_flags=SA_RESTART|SA_SIGINFO
SIGPIPE: [libjvm.dylib+0x65df15], sa_mask[0]=11111111011111110111111111111111, sa_flags=SA_RESTART|SA_SIGINFO
SIGXFSZ: [libjvm.dylib+0x65df15], sa_mask[0]=11111111011111110111111111111111, sa_flags=SA_RESTART|SA_SIGINFO
SIGILL: [libjvm.dylib+0x7a19d8], sa_mask[0]=11111111011111110111111111111111, sa_flags=SA_RESTART|SA_SIGINFO
SIGUSR2: [libjvm.dylib+0x65e4ff], sa_mask[0]=00100000000000000000000000000000, sa_flags=SA_RESTART|SA_SIGINFO
SIGHUP: [libjvm.dylib+0x65d087], sa_mask[0]=11111111011111110111111111111111, sa_flags=SA_RESTART|SA_SIGINFO
SIGINT: [libjvm.dylib+0x65d087], sa_mask[0]=11111111011111110111111111111111, sa_flags=SA_RESTART|SA_SIGINFO
SIGTERM: [libjvm.dylib+0x65d087], sa_mask[0]=11111111011111110111111111111111, sa_flags=SA_RESTART|SA_SIGINFO
SIGQUIT: [libjvm.dylib+0x65d087], sa_mask[0]=11111111011111110111111111111111, sa_flags=SA_RESTART|SA_SIGINFO


---------------  S Y S T E M  ---------------

OS:uname:Darwin 19.6.0 Darwin Kernel Version 19.6.0: Mon Aug 31 22:12:52 PDT 2020; root:xnu-6153.141.2~1/RELEASE_X86_64 x86_64
OS uptime: 0 days 17:12 hours
rlimit (soft/hard): STACK 8192k/65532k , CORE 0k/infinity , NPROC 1392/2088 , NOFILE 10240/infinity , AS infinity/infinity , CPU infinity/infinity , DATA infinity/infinity , FSIZE infinity/infinity , MEMLOCK infinity/infinity , RSS infinity/infinity
load average:2,53 2,23 2,35

CPU:total 4 (initial active 4) (2 cores per cpu, 2 threads per core) family 6 model 142 stepping 9 microcode 0xd6, cmov, cx8, fxsr, mmx, sse, sse2, sse3, ssse3, sse4.1, sse4.2, popcnt, avx, avx2, aes, clmul, erms, rtm, 3dnowpref, lzcnt, ht, tsc, tscinvbit, bmi1, bmi2, adx, fma

Memory: 4k page, physical 8388608k(26828k free), swap 3145728k(1096704k free)

vm_info: OpenJDK 64-Bit Server VM (11.0.12+6-jvmci-21.2-b08) for bsd-amd64 JRE (11.0.12+6-jvmci-21.2-b08), built on Jul 19 2021 17:16:18 by "graal" with clang 4.2.1 Compatible Apple LLVM 10.0.0 (clang-1000.11.45.5)

END.
