#
# A fatal error has been detected by the Java Runtime Environment:
#
#  Internal Error (nativeInst_x86.cpp:270), pid=51272, tid=43791
#  guarantee(!os::is_MP() || is_aligned) failed: destination must be aligned
#
# JRE version: OpenJDK Runtime Environment GraalVM CE 21.2.0 (11.0.12+6) (build 11.0.12+6-jvmci-21.2-b08)
# Java VM: OpenJDK 64-Bit Server VM GraalVM CE 21.2.0 (11.0.12+6-jvmci-21.2-b08, mixed mode, sharing, tiered, jvmci, jvmci compiler, compressed oops, g1 gc, bsd-amd64)
# No core dump will be written. Core dumps have been disabled. To enable core dumping, try "ulimit -c unlimited" before starting Java again
#
# If you would like to submit a bug report, please visit:
#   https://github.com/oracle/graal/issues
#

---------------  S U M M A R Y ------------

Command Line: -XX:+UnlockExperimentalVMOptions -XX:+EnableJVMCIProduct -XX:-UnlockExperimentalVMOptions -XX:ThreadPriorityPolicy=1 -Xverify:none -Dquarkus-internal.serialized-app-model.path=/Users/plawn/Documents/petiteStack/petit_chat/target/quarkus/bootstrap/dev-app-model.dat -javaagent:/Users/plawn/.m2/repository/io/quarkus/quarkus-class-change-agent/2.15.0.Final/quarkus-class-change-agent-2.15.0.Final.jar -agentlib:jdwp=transport=dt_socket,address=localhost:5005,server=y,suspend=n -Djava.util.logging.manager=org.jboss.logmanager.LogManager /Users/plawn/Documents/petiteStack/petit_chat/target/petit_chat-dev.jar

Host: MacBookPro14,1 x86_64 2300 MHz, 4 cores, 8G, Darwin 19.6.0
Time: Tue Dec 27 22:28:10 2022 CET elapsed time: 83.155960 seconds (0d 0h 1m 23s)

---------------  T H R E A D  ---------------

Current thread (0x00007fc13db1f000):  JavaThread "Console Shutdown Hook" [_thread_in_vm, id=43791, stack(0x0000700003d50000,0x0000700003e50000)]

Stack: [0x0000700003d50000,0x0000700003e50000],  sp=0x0000700003e4bf60,  free space=1007k
Native frames: (J=compiled Java code, A=aot compiled Java code, j=interpreted, Vv=VM code, C=native code)
V  [libjvm.dylib+0x7a0ba3]  _ZN7VMError14report_and_dieEiPKcS1_P13__va_list_tagP6ThreadPhPvS7_S1_im+0x663
V  [libjvm.dylib+0x7a12a1]  _ZN7VMError14report_and_dieEP6ThreadPvPKciS4_S4_P13__va_list_tag+0x47
V  [libjvm.dylib+0x26c454]  _Z15report_vm_errorPKciS0_S0_z+0xa9
V  [libjvm.dylib+0x639c2c]  _ZN10NativeCall23set_destination_mt_safeEPh+0x66
V  [libjvm.dylib+0x23966d]  _ZN10CompiledIC27internal_set_ic_destinationEPhbPvb+0x77
V  [libjvm.dylib+0x6d561b]  _ZN13SharedRuntime19reresolve_call_siteEP10JavaThreadP6Thread+0x1ed
V  [libjvm.dylib+0x6d21d0]  _ZN13SharedRuntime19handle_wrong_methodEP10JavaThread+0xa4
v  ~RuntimeStub::wrong_method_stub
J 3454 jvmci java.util.regex.Pattern$GroupHead.match(Ljava/util/regex/Matcher;ILjava/lang/CharSequence;)Z java.base@11.0.12 (47 bytes) @ 0x0000000121e285a2 [0x0000000121e283a0+0x0000000000000202]
J 8453 jvmci java.util.regex.Pattern$Start.match(Ljava/util/regex/Matcher;ILjava/lang/CharSequence;)Z java.base@11.0.12 (90 bytes) @ 0x00000001220957d0 [0x00000001220956a0+0x0000000000000130]
J 5039 jvmci java.util.regex.Matcher.search(I)Z java.base@11.0.12 (154 bytes) @ 0x0000000121ebc0d7 [0x0000000121ebbf60+0x0000000000000177]
J 5043 c1 java.util.regex.Matcher.find()Z java.base@11.0.12 (69 bytes) @ 0x00000001189711cc [0x0000000118970fc0+0x000000000000020c]
j  org.aesh.readline.terminal.impl.ExecPty.doGetFlag(Ljava/lang/String;Ljava/lang/Enum;)Ljava/lang/Boolean;+39
j  org.aesh.readline.terminal.impl.ExecPty.doGetAttr(Ljava/lang/String;)Lorg/aesh/terminal/Attributes;+85
j  org.aesh.readline.terminal.impl.ExecPty.getAttr()Lorg/aesh/terminal/Attributes;+34
j  org.aesh.readline.terminal.impl.ExecPty.setAttr(Lorg/aesh/terminal/Attributes;)V+1
j  org.aesh.readline.terminal.impl.AbstractPosixTerminal.setAttributes(Lorg/aesh/terminal/Attributes;)V+5
j  org.aesh.readline.tty.terminal.TerminalConnection.setAttributes(Lorg/aesh/terminal/Attributes;)V+5
j  io.quarkus.deployment.console.AeshConsole.end(Lorg/aesh/terminal/Connection;)V+5
j  io.quarkus.deployment.console.AeshConsole.lambda$setup$2(Lorg/aesh/terminal/Connection;Ljava/lang/Void;)V+2
j  io.quarkus.deployment.console.AeshConsole$$Lambda$371.accept(Ljava/lang/Object;)V+12
j  org.aesh.readline.tty.terminal.TerminalConnection.close()V+17
j  io.quarkus.deployment.console.AeshConsole$2.run()V+4
j  java.lang.Thread.run()V+11 java.base@11.0.12
v  ~StubRoutines::call_stub
V  [libjvm.dylib+0x3a8fdc]  _ZN9JavaCalls11call_helperEP9JavaValueRK12methodHandleP17JavaCallArgumentsP6Thread+0x21c
V  [libjvm.dylib+0x3a8440]  _ZN9JavaCalls12call_virtualEP9JavaValueP5KlassP6SymbolS5_P17JavaCallArgumentsP6Thread+0xee
V  [libjvm.dylib+0x3a84fc]  _ZN9JavaCalls12call_virtualEP9JavaValue6HandleP5KlassP6SymbolS6_P6Thread+0x62
V  [libjvm.dylib+0x42df9d]  _ZL12thread_entryP10JavaThreadP6Thread+0x78
V  [libjvm.dylib+0x758aa8]  _ZN10JavaThread17thread_main_innerEv+0x82
V  [libjvm.dylib+0x7588f2]  _ZN10JavaThread3runEv+0x174
V  [libjvm.dylib+0x756698]  _ZN6Thread8call_runEv+0x68
V  [libjvm.dylib+0x65bdd9]  _ZL19thread_native_entryP6Thread+0x139
C  [libsystem_pthread.dylib+0x6109]  _pthread_start+0x94
C  [libsystem_pthread.dylib+0x1b8b]  thread_start+0xf

Java frames: (J=compiled Java code, j=interpreted, Vv=VM code)
v  ~RuntimeStub::wrong_method_stub
J 3454 jvmci java.util.regex.Pattern$GroupHead.match(Ljava/util/regex/Matcher;ILjava/lang/CharSequence;)Z java.base@11.0.12 (47 bytes) @ 0x0000000121e285a2 [0x0000000121e283a0+0x0000000000000202]
J 8453 jvmci java.util.regex.Pattern$Start.match(Ljava/util/regex/Matcher;ILjava/lang/CharSequence;)Z java.base@11.0.12 (90 bytes) @ 0x00000001220957d0 [0x00000001220956a0+0x0000000000000130]
J 5039 jvmci java.util.regex.Matcher.search(I)Z java.base@11.0.12 (154 bytes) @ 0x0000000121ebc0d7 [0x0000000121ebbf60+0x0000000000000177]
J 5043 c1 java.util.regex.Matcher.find()Z java.base@11.0.12 (69 bytes) @ 0x00000001189711cc [0x0000000118970fc0+0x000000000000020c]
j  org.aesh.readline.terminal.impl.ExecPty.doGetFlag(Ljava/lang/String;Ljava/lang/Enum;)Ljava/lang/Boolean;+39
j  org.aesh.readline.terminal.impl.ExecPty.doGetAttr(Ljava/lang/String;)Lorg/aesh/terminal/Attributes;+85
j  org.aesh.readline.terminal.impl.ExecPty.getAttr()Lorg/aesh/terminal/Attributes;+34
j  org.aesh.readline.terminal.impl.ExecPty.setAttr(Lorg/aesh/terminal/Attributes;)V+1
j  org.aesh.readline.terminal.impl.AbstractPosixTerminal.setAttributes(Lorg/aesh/terminal/Attributes;)V+5
j  org.aesh.readline.tty.terminal.TerminalConnection.setAttributes(Lorg/aesh/terminal/Attributes;)V+5
j  io.quarkus.deployment.console.AeshConsole.end(Lorg/aesh/terminal/Connection;)V+5
j  io.quarkus.deployment.console.AeshConsole.lambda$setup$2(Lorg/aesh/terminal/Connection;Ljava/lang/Void;)V+2
j  io.quarkus.deployment.console.AeshConsole$$Lambda$371.accept(Ljava/lang/Object;)V+12
j  org.aesh.readline.tty.terminal.TerminalConnection.close()V+17
j  io.quarkus.deployment.console.AeshConsole$2.run()V+4
j  java.lang.Thread.run()V+11 java.base@11.0.12
v  ~StubRoutines::call_stub

---------------  P R O C E S S  ---------------

Threads class SMR info:
_java_thread_list=0x00007fc142221d30, length=41, elements={
0x00007fc13d823800, 0x00007fc13c096800, 0x00007fc13e808800, 0x00007fc13c09a800,
0x00007fc13c812800, 0x00007fc13c825800, 0x00007fc13d824800, 0x00007fc13c10b800,
0x00007fc13c28a000, 0x00007fc13c28e800, 0x00007fc13ea1c800, 0x00007fc13f182000,
0x00007fc13c706800, 0x00007fc13dbeb800, 0x00007fc14005a000, 0x00007fc13daf6800,
0x00007fc13c6e3800, 0x00007fc13c6ff800, 0x00007fc140074800, 0x00007fc14009b800,
0x00007fc140096000, 0x00007fc1400a7800, 0x00007fc1400a8800, 0x00007fc13c00e000,
0x00007fc13c7b4800, 0x00007fc1401bb000, 0x00007fc1400eb000, 0x00007fc13f205800,
0x00007fc13c2fc800, 0x00007fc13f339000, 0x00007fc13dad6000, 0x00007fc13dbec800,
0x00007fc13f58d000, 0x00007fc13f33d800, 0x00007fc13f58c000, 0x00007fc13f1e7800,
0x00007fc1419b0800, 0x00007fc13db1f000, 0x00007fc1401e7800, 0x00007fc13f2b1000,
0x00007fc14184a800
}

Java Threads: ( => current thread )
  0x00007fc13d823800 JavaThread "Reference Handler" daemon [_thread_blocked, id=18179, stack(0x0000700002182000,0x0000700002282000)]
  0x00007fc13c096800 JavaThread "Finalizer" daemon [_thread_blocked, id=17411, stack(0x0000700002285000,0x0000700002385000)]
  0x00007fc13e808800 JavaThread "Signal Dispatcher" daemon [_thread_blocked, id=21763, stack(0x000070000248e000,0x000070000258e000)]
  0x00007fc13c09a800 JavaThread "Service Thread" daemon [_thread_blocked, id=43011, stack(0x0000700002591000,0x0000700002691000)]
  0x00007fc13c812800 JavaThread "JVMCI-native CompilerThread0" daemon [_thread_blocked, id=22275, stack(0x0000700002694000,0x0000700002894000)]
  0x00007fc13c825800 JavaThread "C1 CompilerThread0" daemon [_thread_blocked, id=22787, stack(0x0000700002897000,0x0000700002a97000)]
  0x00007fc13d824800 JavaThread "Sweeper thread" daemon [_thread_blocked, id=41731, stack(0x0000700002a9a000,0x0000700002b9a000)]
  0x00007fc13c10b800 JavaThread "Common-Cleaner" daemon [_thread_blocked, id=41475, stack(0x0000700002b9d000,0x0000700002c9d000)]
  0x00007fc13c28a000 JavaThread "JDWP Transport Listener: dt_socket" daemon [_thread_in_native, id=41219, stack(0x0000700002d23000,0x0000700002e23000)]
  0x00007fc13c28e800 JavaThread "JDWP Event Helper Thread" daemon [_thread_blocked, id=25091, stack(0x0000700002e26000,0x0000700002f26000)]
  0x00007fc13ea1c800 JavaThread "Libgraal MBean Registration" daemon [_thread_blocked, id=39683, stack(0x000070000302c000,0x000070000312c000)]
  0x00007fc13f182000 JavaThread "ForkJoinPool.commonPool-worker-3" daemon [_thread_blocked, id=38147, stack(0x0000700003841000,0x0000700003941000)]
  0x00007fc13c706800 JavaThread "Aesh InputStream Reader" daemon [_thread_in_native, id=126211, stack(0x0000700008f43000,0x0000700009043000)]
  0x00007fc13dbeb800 JavaThread "vertx-blocked-thread-checker" daemon [_thread_blocked, id=97795, stack(0x0000700009658000,0x0000700009758000)]
  0x00007fc14005a000 JavaThread "[DevConsole]vert.x-eventloop-thread-0" [_thread_in_native, id=123907, stack(0x000070000975b000,0x000070000985b000)]
  0x00007fc13daf6800 JavaThread "ForkJoinPool.commonPool-worker-7" daemon [_thread_blocked, id=44039, stack(0x0000700003a47000,0x0000700003b47000)]
  0x00007fc13c6e3800 JavaThread "ForkJoinPool.commonPool-worker-5" daemon [_thread_blocked, id=44295, stack(0x0000700003b4a000,0x0000700003c4a000)]
  0x00007fc13c6ff800 JavaThread "vertx-blocked-thread-checker" daemon [_thread_blocked, id=76551, stack(0x0000700003e53000,0x0000700003f53000)]
  0x00007fc140074800 JavaThread "vert.x-eventloop-thread-0" [_thread_in_native, id=81927, stack(0x0000700003f56000,0x0000700004056000)]
  0x00007fc14009b800 JavaThread "vert.x-eventloop-thread-1" [_thread_in_native, id=93191, stack(0x0000700004059000,0x0000700004159000)]
  0x00007fc140096000 JavaThread "vert.x-eventloop-thread-2" [_thread_in_native, id=54791, stack(0x000070000415c000,0x000070000425c000)]
  0x00007fc1400a7800 JavaThread "vert.x-acceptor-thread-0" [_thread_in_native, id=84999, stack(0x000070000425f000,0x000070000435f000)]
  0x00007fc1400a8800 JavaThread "vert.x-eventloop-thread-3" [_thread_in_native, id=54279, stack(0x0000700004362000,0x0000700004462000)]
  0x00007fc13c00e000 JavaThread "DestroyJavaVM" [_thread_blocked, id=9987, stack(0x0000700001a6d000,0x0000700001b6d000)]
  0x00007fc13c7b4800 JavaThread "vert.x-worker-thread-0" [_thread_blocked, id=24331, stack(0x000070000312f000,0x000070000322f000)]
  0x00007fc1401bb000 JavaThread "s0-timer-0" [_thread_blocked, id=77063, stack(0x0000700004465000,0x0000700004565000)]
  0x00007fc1400eb000 JavaThread "s0-admin-0" [_thread_blocked, id=67847, stack(0x0000700004568000,0x0000700004668000)]
  0x00007fc13f205800 JavaThread "s0-admin-1" [_thread_blocked, id=64775, stack(0x000070000466b000,0x000070000476b000)]
  0x00007fc13c2fc800 JavaThread "s0-io-0" [_thread_in_native, id=82951, stack(0x000070000476e000,0x000070000486e000)]
  0x00007fc13f339000 JavaThread "s0-io-1" [_thread_in_native, id=90119, stack(0x0000700004871000,0x0000700004971000)]
  0x00007fc13dad6000 JavaThread "s0-io-2" [_thread_in_native, id=79111, stack(0x0000700004974000,0x0000700004a74000)]
  0x00007fc13dbec800 JavaThread "s0-io-3" [_thread_in_native, id=48135, stack(0x0000700004a77000,0x0000700004b77000)]
  0x00007fc13f58d000 JavaThread "s0-io-4" [_thread_in_native, id=88071, stack(0x0000700004b7a000,0x0000700004c7a000)]
  0x00007fc13f33d800 JavaThread "s0-io-5" [_thread_in_native, id=57351, stack(0x0000700004c7d000,0x0000700004d7d000)]
  0x00007fc13f58c000 JavaThread "s0-io-6" [_thread_in_native, id=63239, stack(0x0000700004d80000,0x0000700004e80000)]
  0x00007fc13f1e7800 JavaThread "s0-io-7" [_thread_in_native, id=63495, stack(0x0000700004e83000,0x0000700004f83000)]
  0x00007fc1419b0800 JavaThread "Thread-124" daemon [_thread_blocked, id=66059, stack(0x0000700003c4d000,0x0000700003d4d000)]
=>0x00007fc13db1f000 JavaThread "Console Shutdown Hook" [_thread_in_vm, id=43791, stack(0x0000700003d50000,0x0000700003e50000)]
  0x00007fc1401e7800 JavaThread "Aesh Shutdown Hook" [_thread_blocked, id=97291, stack(0x000070000528f000,0x000070000538f000)]
  0x00007fc13f2b1000 JavaThread "process reaper" daemon [_thread_blocked, id=84239, stack(0x000070000240b000,0x000070000242f000)]
  0x00007fc14184a800 JavaThread "process reaper" daemon [_thread_blocked, id=36367, stack(0x0000700002432000,0x0000700002456000)]

Other Threads:
  0x00007fc13d823000 VMThread "VM Thread" [stack: 0x000070000207f000,0x000070000217f000] [id=18435]
  0x00007fc13e9b3800 WatcherThread [stack: 0x0000700002f29000,0x0000700003029000] [id=40451]
  0x00007fc13c00f000 GCTaskThread "GC Thread#0" [stack: 0x0000700001b70000,0x0000700001c70000] [id=20483]
  0x00007fc13ea21800 GCTaskThread "GC Thread#1" [stack: 0x0000700003332000,0x0000700003432000] [id=24583]
  0x00007fc13c89c800 GCTaskThread "GC Thread#2" [stack: 0x0000700003435000,0x0000700003535000] [id=26115]
  0x00007fc13c528000 GCTaskThread "GC Thread#3" [stack: 0x0000700003944000,0x0000700003a44000] [id=27395]
  0x00007fc13c045000 ConcurrentGCThread "G1 Main Marker" [stack: 0x0000700001c73000,0x0000700001d73000] [id=11267]
  0x00007fc13c046000 ConcurrentGCThread "G1 Conc#0" [stack: 0x0000700001d76000,0x0000700001e76000] [id=12291]
  0x00007fc13c093800 ConcurrentGCThread "G1 Refine#0" [stack: 0x0000700001e79000,0x0000700001f79000] [id=19971]
  0x00007fc13ea80800 ConcurrentGCThread "G1 Refine#1" [stack: 0x0000700003538000,0x0000700003638000] [id=39171]
  0x00007fc13f17d000 ConcurrentGCThread "G1 Refine#2" [stack: 0x000070000363b000,0x000070000373b000] [id=38659]
  0x00007fc13c809000 ConcurrentGCThread "G1 Young RemSet Sampling" [stack: 0x0000700001f7c000,0x000070000207c000] [id=19459]

Threads with active compile tasks:
JVMCI-native CompilerThread0  83162 9010       4       java.util.HashMap::removeNode (291 bytes)
C1 CompilerThread0  83162 9016       3       java.util.regex.Pattern$BmpCharPredicate$$Lambda$91/0x00000008400cc440::is (13 bytes)

VM state:synchronizing (normal execution)

VM Mutex/Monitor currently owned by a thread:  ([mutex/lock_event])
[0x00007fc13bc16b10] Patching_lock - owner thread: 0x00007fc13db1f000
[0x00007fc13bc17590] Threads_lock - owner thread: 0x00007fc13d823000
[0x00007fc13bc17e10] CompiledIC_lock - owner thread: 0x00007fc13db1f000

Heap address: 0x0000000780000000, size: 2048 MB, Compressed Oops mode: Zero based, Oop shift amount: 3
Narrow klass base: 0x0000000800000000, Narrow klass shift: 3
Compressed class space size: 1073741824 Address: 0x0000000840000000

Heap:
 garbage-first heap   total 247808K, used 146420K [0x0000000780000000, 0x0000000800000000)
  region size 1024K, 31 young (31744K), 1 survivors (1024K)
 Metaspace       used 77064K, capacity 80380K, committed 80544K, reserved 1120256K
  class space    used 9256K, capacity 10599K, committed 10700K, reserved 1048576K
Heap Regions: E=young(eden), S=young(survivor), O=old, HS=humongous(starts), HC=humongous(continues), CS=collection set, F=free, A=archive, TAMS=top-at-mark-start (previous, next)
|   0|0x0000000780000000, 0x0000000780100000, 0x0000000780100000|100%| O|  |TAMS 0x0000000780100000, 0x0000000780000000| Untracked 
|   1|0x0000000780100000, 0x0000000780200000, 0x0000000780200000|100%| O|  |TAMS 0x0000000780200000, 0x0000000780100000| Untracked 
|   2|0x0000000780200000, 0x0000000780300000, 0x0000000780300000|100%| O|  |TAMS 0x0000000780300000, 0x0000000780200000| Untracked 
|   3|0x0000000780300000, 0x0000000780400000, 0x0000000780400000|100%| O|  |TAMS 0x0000000780400000, 0x0000000780300000| Untracked 
|   4|0x0000000780400000, 0x0000000780500000, 0x0000000780500000|100%| O|  |TAMS 0x0000000780500000, 0x0000000780400000| Untracked 
|   5|0x0000000780500000, 0x0000000780600000, 0x0000000780600000|100%| O|  |TAMS 0x0000000780600000, 0x0000000780500000| Untracked 
|   6|0x0000000780600000, 0x0000000780700000, 0x0000000780700000|100%| O|  |TAMS 0x0000000780700000, 0x0000000780600000| Untracked 
|   7|0x0000000780700000, 0x0000000780800000, 0x0000000780800000|100%| O|  |TAMS 0x0000000780800000, 0x0000000780700000| Untracked 
|   8|0x0000000780800000, 0x0000000780900000, 0x0000000780900000|100%|HS|  |TAMS 0x0000000780900000, 0x0000000780800000| Complete 
|   9|0x0000000780900000, 0x0000000780a00000, 0x0000000780a00000|100%|HC|  |TAMS 0x0000000780a00000, 0x0000000780900000| Complete 
|  10|0x0000000780a00000, 0x0000000780b00000, 0x0000000780b00000|100%| O|  |TAMS 0x0000000780b00000, 0x0000000780a00000| Untracked 
|  11|0x0000000780b00000, 0x0000000780c00000, 0x0000000780c00000|100%| O|  |TAMS 0x0000000780c00000, 0x0000000780b00000| Untracked 
|  12|0x0000000780c00000, 0x0000000780d00000, 0x0000000780d00000|100%| O|  |TAMS 0x0000000780d00000, 0x0000000780c00000| Untracked 
|  13|0x0000000780d00000, 0x0000000780e00000, 0x0000000780e00000|100%| O|  |TAMS 0x0000000780e00000, 0x0000000780d00000| Untracked 
|  14|0x0000000780e00000, 0x0000000780f00000, 0x0000000780f00000|100%| O|  |TAMS 0x0000000780f00000, 0x0000000780e00000| Untracked 
|  15|0x0000000780f00000, 0x0000000781000000, 0x0000000781000000|100%| O|  |TAMS 0x0000000781000000, 0x0000000780f00000| Untracked 
|  16|0x0000000781000000, 0x0000000781100000, 0x0000000781100000|100%| O|  |TAMS 0x0000000781100000, 0x0000000781000000| Untracked 
|  17|0x0000000781100000, 0x0000000781200000, 0x0000000781200000|100%| O|  |TAMS 0x0000000781200000, 0x0000000781100000| Untracked 
|  18|0x0000000781200000, 0x0000000781300000, 0x0000000781300000|100%| O|  |TAMS 0x0000000781300000, 0x0000000781200000| Untracked 
|  19|0x0000000781300000, 0x0000000781400000, 0x0000000781400000|100%| O|  |TAMS 0x0000000781400000, 0x0000000781300000| Untracked 
|  20|0x0000000781400000, 0x0000000781500000, 0x0000000781500000|100%| O|  |TAMS 0x0000000781500000, 0x0000000781400000| Untracked 
|  21|0x0000000781500000, 0x0000000781600000, 0x0000000781600000|100%| O|  |TAMS 0x0000000781600000, 0x0000000781500000| Untracked 
|  22|0x0000000781600000, 0x0000000781700000, 0x0000000781700000|100%| O|  |TAMS 0x0000000781700000, 0x0000000781600000| Untracked 
|  23|0x0000000781700000, 0x0000000781800000, 0x0000000781800000|100%| O|  |TAMS 0x0000000781800000, 0x0000000781700000| Untracked 
|  24|0x0000000781800000, 0x0000000781900000, 0x0000000781900000|100%| O|  |TAMS 0x0000000781900000, 0x0000000781800000| Untracked 
|  25|0x0000000781900000, 0x0000000781a00000, 0x0000000781a00000|100%| O|  |TAMS 0x0000000781a00000, 0x0000000781900000| Untracked 
|  26|0x0000000781a00000, 0x0000000781b00000, 0x0000000781b00000|100%| O|  |TAMS 0x0000000781b00000, 0x0000000781a00000| Untracked 
|  27|0x0000000781b00000, 0x0000000781c00000, 0x0000000781c00000|100%| O|  |TAMS 0x0000000781c00000, 0x0000000781b00000| Untracked 
|  28|0x0000000781c00000, 0x0000000781d00000, 0x0000000781d00000|100%| O|  |TAMS 0x0000000781d00000, 0x0000000781c00000| Untracked 
|  29|0x0000000781d00000, 0x0000000781e00000, 0x0000000781e00000|100%| O|  |TAMS 0x0000000781e00000, 0x0000000781d00000| Untracked 
|  30|0x0000000781e00000, 0x0000000781f00000, 0x0000000781f00000|100%| O|  |TAMS 0x0000000781f00000, 0x0000000781e00000| Untracked 
|  31|0x0000000781f00000, 0x0000000782000000, 0x0000000782000000|100%| O|  |TAMS 0x0000000782000000, 0x0000000781f00000| Untracked 
|  32|0x0000000782000000, 0x0000000782100000, 0x0000000782100000|100%| O|  |TAMS 0x0000000782100000, 0x0000000782000000| Untracked 
|  33|0x0000000782100000, 0x0000000782200000, 0x0000000782200000|100%| O|  |TAMS 0x0000000782200000, 0x0000000782100000| Untracked 
|  34|0x0000000782200000, 0x0000000782300000, 0x0000000782300000|100%| O|  |TAMS 0x0000000782300000, 0x0000000782200000| Untracked 
|  35|0x0000000782300000, 0x0000000782400000, 0x0000000782400000|100%| O|  |TAMS 0x0000000782400000, 0x0000000782300000| Untracked 
|  36|0x0000000782400000, 0x0000000782500000, 0x0000000782500000|100%| O|  |TAMS 0x0000000782500000, 0x0000000782400000| Untracked 
|  37|0x0000000782500000, 0x0000000782600000, 0x0000000782600000|100%| O|  |TAMS 0x0000000782600000, 0x0000000782500000| Untracked 
|  38|0x0000000782600000, 0x0000000782700000, 0x0000000782700000|100%|HS|  |TAMS 0x0000000782700000, 0x0000000782600000| Complete 
|  39|0x0000000782700000, 0x0000000782800000, 0x0000000782800000|100%| O|  |TAMS 0x0000000782800000, 0x0000000782700000| Untracked 
|  40|0x0000000782800000, 0x0000000782900000, 0x0000000782900000|100%| O|  |TAMS 0x0000000782900000, 0x0000000782800000| Untracked 
|  41|0x0000000782900000, 0x0000000782a00000, 0x0000000782a00000|100%| O|  |TAMS 0x0000000782a00000, 0x0000000782900000| Untracked 
|  42|0x0000000782a00000, 0x0000000782b00000, 0x0000000782b00000|100%| O|  |TAMS 0x0000000782b00000, 0x0000000782a00000| Untracked 
|  43|0x0000000782b00000, 0x0000000782c00000, 0x0000000782c00000|100%| O|  |TAMS 0x0000000782c00000, 0x0000000782b00000| Untracked 
|  44|0x0000000782c00000, 0x0000000782d00000, 0x0000000782d00000|100%| O|  |TAMS 0x0000000782d00000, 0x0000000782c00000| Untracked 
|  45|0x0000000782d00000, 0x0000000782e00000, 0x0000000782e00000|100%| O|  |TAMS 0x0000000782e00000, 0x0000000782d00000| Untracked 
|  46|0x0000000782e00000, 0x0000000782f00000, 0x0000000782f00000|100%| O|  |TAMS 0x0000000782f00000, 0x0000000782e00000| Untracked 
|  47|0x0000000782f00000, 0x0000000783000000, 0x0000000783000000|100%| O|  |TAMS 0x0000000783000000, 0x0000000782f00000| Untracked 
|  48|0x0000000783000000, 0x0000000783100000, 0x0000000783100000|100%| O|  |TAMS 0x0000000783100000, 0x0000000783000000| Untracked 
|  49|0x0000000783100000, 0x0000000783200000, 0x0000000783200000|100%| O|  |TAMS 0x0000000783200000, 0x0000000783100000| Untracked 
|  50|0x0000000783200000, 0x0000000783300000, 0x0000000783300000|100%| O|  |TAMS 0x0000000783300000, 0x0000000783200000| Untracked 
|  51|0x0000000783300000, 0x0000000783400000, 0x0000000783400000|100%| O|  |TAMS 0x0000000783400000, 0x0000000783300000| Untracked 
|  52|0x0000000783400000, 0x0000000783500000, 0x0000000783500000|100%| O|  |TAMS 0x0000000783500000, 0x0000000783400000| Untracked 
|  53|0x0000000783500000, 0x0000000783600000, 0x0000000783600000|100%| O|  |TAMS 0x0000000783600000, 0x0000000783500000| Untracked 
|  54|0x0000000783600000, 0x0000000783700000, 0x0000000783700000|100%| O|  |TAMS 0x0000000783700000, 0x0000000783600000| Untracked 
|  55|0x0000000783700000, 0x0000000783800000, 0x0000000783800000|100%| O|  |TAMS 0x0000000783800000, 0x0000000783700000| Untracked 
|  56|0x0000000783800000, 0x0000000783900000, 0x0000000783900000|100%| O|  |TAMS 0x0000000783900000, 0x0000000783800000| Untracked 
|  57|0x0000000783900000, 0x0000000783a00000, 0x0000000783a00000|100%| O|  |TAMS 0x0000000783a00000, 0x0000000783900000| Untracked 
|  58|0x0000000783a00000, 0x0000000783b00000, 0x0000000783b00000|100%| O|  |TAMS 0x0000000783b00000, 0x0000000783a00000| Untracked 
|  59|0x0000000783b00000, 0x0000000783c00000, 0x0000000783c00000|100%| O|  |TAMS 0x0000000783c00000, 0x0000000783b00000| Untracked 
|  60|0x0000000783c00000, 0x0000000783d00000, 0x0000000783d00000|100%| O|  |TAMS 0x0000000783d00000, 0x0000000783c00000| Untracked 
|  61|0x0000000783d00000, 0x0000000783e00000, 0x0000000783e00000|100%| O|  |TAMS 0x0000000783e00000, 0x0000000783d00000| Untracked 
|  62|0x0000000783e00000, 0x0000000783f00000, 0x0000000783f00000|100%| O|  |TAMS 0x0000000783f00000, 0x0000000783e00000| Untracked 
|  63|0x0000000783f00000, 0x0000000784000000, 0x0000000784000000|100%| O|  |TAMS 0x0000000784000000, 0x0000000783f00000| Untracked 
|  64|0x0000000784000000, 0x0000000784100000, 0x0000000784100000|100%| O|  |TAMS 0x0000000784100000, 0x0000000784000000| Untracked 
|  65|0x0000000784100000, 0x0000000784200000, 0x0000000784200000|100%| O|  |TAMS 0x0000000784100000, 0x0000000784100000| Untracked 
|  66|0x0000000784200000, 0x0000000784300000, 0x0000000784300000|100%| O|  |TAMS 0x0000000784200000, 0x0000000784200000| Untracked 
|  67|0x0000000784300000, 0x0000000784400000, 0x0000000784400000|100%|HS|  |TAMS 0x0000000784400000, 0x0000000784300000| Complete 
|  68|0x0000000784400000, 0x0000000784500000, 0x0000000784500000|100%| O|  |TAMS 0x0000000784500000, 0x0000000784400000| Untracked 
|  69|0x0000000784500000, 0x0000000784600000, 0x0000000784600000|100%| O|  |TAMS 0x0000000784600000, 0x0000000784500000| Untracked 
|  70|0x0000000784600000, 0x0000000784700000, 0x0000000784700000|100%| O|  |TAMS 0x0000000784700000, 0x0000000784600000| Untracked 
|  71|0x0000000784700000, 0x0000000784800000, 0x0000000784800000|100%| O|  |TAMS 0x0000000784700000, 0x0000000784700000| Untracked 
|  72|0x0000000784800000, 0x0000000784900000, 0x0000000784900000|100%|HS|  |TAMS 0x0000000784900000, 0x0000000784800000| Complete 
|  73|0x0000000784900000, 0x0000000784a00000, 0x0000000784a00000|100%|HC|  |TAMS 0x0000000784a00000, 0x0000000784900000| Complete 
|  74|0x0000000784a00000, 0x0000000784b00000, 0x0000000784b00000|100%| O|  |TAMS 0x0000000784b00000, 0x0000000784a00000| Untracked 
|  75|0x0000000784b00000, 0x0000000784c00000, 0x0000000784c00000|100%| O|  |TAMS 0x0000000784b00000, 0x0000000784b00000| Untracked 
|  76|0x0000000784c00000, 0x0000000784d00000, 0x0000000784d00000|100%| O|  |TAMS 0x0000000784c00000, 0x0000000784c00000| Untracked 
|  77|0x0000000784d00000, 0x0000000784d00000, 0x0000000784e00000|  0%| F|  |TAMS 0x0000000784d00000, 0x0000000784d00000| Untracked 
|  78|0x0000000784e00000, 0x0000000784e00000, 0x0000000784f00000|  0%| F|  |TAMS 0x0000000784e00000, 0x0000000784e00000| Untracked 
|  79|0x0000000784f00000, 0x0000000785000000, 0x0000000785000000|100%| O|  |TAMS 0x0000000785000000, 0x0000000784f00000| Untracked 
|  80|0x0000000785000000, 0x0000000785100000, 0x0000000785100000|100%| O|  |TAMS 0x0000000785100000, 0x0000000785000000| Untracked 
|  81|0x0000000785100000, 0x0000000785200000, 0x0000000785200000|100%| O|  |TAMS 0x0000000785100000, 0x0000000785100000| Untracked 
|  82|0x0000000785200000, 0x0000000785300000, 0x0000000785300000|100%| O|  |TAMS 0x0000000785300000, 0x0000000785200000| Untracked 
|  83|0x0000000785300000, 0x0000000785400000, 0x0000000785400000|100%| O|  |TAMS 0x0000000785400000, 0x0000000785300000| Untracked 
|  84|0x0000000785400000, 0x0000000785500000, 0x0000000785500000|100%| O|  |TAMS 0x0000000785500000, 0x0000000785400000| Untracked 
|  85|0x0000000785500000, 0x0000000785600000, 0x0000000785600000|100%| O|  |TAMS 0x0000000785600000, 0x0000000785500000| Untracked 
|  86|0x0000000785600000, 0x0000000785700000, 0x0000000785700000|100%| O|  |TAMS 0x0000000785700000, 0x0000000785600000| Untracked 
|  87|0x0000000785700000, 0x0000000785800000, 0x0000000785800000|100%| O|  |TAMS 0x0000000785800000, 0x0000000785700000| Untracked 
|  88|0x0000000785800000, 0x0000000785900000, 0x0000000785900000|100%| O|  |TAMS 0x0000000785900000, 0x0000000785800000| Untracked 
|  89|0x0000000785900000, 0x0000000785a00000, 0x0000000785a00000|100%| O|  |TAMS 0x0000000785900000, 0x0000000785900000| Untracked 
|  90|0x0000000785a00000, 0x0000000785b00000, 0x0000000785b00000|100%| O|  |TAMS 0x0000000785b00000, 0x0000000785a00000| Untracked 
|  91|0x0000000785b00000, 0x0000000785c00000, 0x0000000785c00000|100%| O|  |TAMS 0x0000000785c00000, 0x0000000785b00000| Untracked 
|  92|0x0000000785c00000, 0x0000000785d00000, 0x0000000785d00000|100%| O|  |TAMS 0x0000000785d00000, 0x0000000785c00000| Untracked 
|  93|0x0000000785d00000, 0x0000000785e00000, 0x0000000785e00000|100%| O|  |TAMS 0x0000000785e00000, 0x0000000785d00000| Untracked 
|  94|0x0000000785e00000, 0x0000000785f00000, 0x0000000785f00000|100%| O|  |TAMS 0x0000000785f00000, 0x0000000785e00000| Untracked 
|  95|0x0000000785f00000, 0x0000000786000000, 0x0000000786000000|100%| O|  |TAMS 0x0000000786000000, 0x0000000785f00000| Untracked 
|  96|0x0000000786000000, 0x0000000786100000, 0x0000000786100000|100%| O|  |TAMS 0x0000000786100000, 0x0000000786000000| Untracked 
|  97|0x0000000786100000, 0x0000000786200000, 0x0000000786200000|100%| O|  |TAMS 0x0000000786200000, 0x0000000786100000| Untracked 
|  98|0x0000000786200000, 0x0000000786300000, 0x0000000786300000|100%| O|  |TAMS 0x0000000786300000, 0x0000000786200000| Untracked 
|  99|0x0000000786300000, 0x0000000786400000, 0x0000000786400000|100%| O|  |TAMS 0x0000000786400000, 0x0000000786300000| Untracked 
| 100|0x0000000786400000, 0x0000000786500000, 0x0000000786500000|100%| O|  |TAMS 0x0000000786500000, 0x0000000786400000| Untracked 
| 101|0x0000000786500000, 0x0000000786600000, 0x0000000786600000|100%| O|  |TAMS 0x0000000786600000, 0x0000000786500000| Untracked 
| 102|0x0000000786600000, 0x0000000786700000, 0x0000000786700000|100%| O|  |TAMS 0x0000000786700000, 0x0000000786600000| Untracked 
| 103|0x0000000786700000, 0x0000000786800000, 0x0000000786800000|100%| O|  |TAMS 0x0000000786800000, 0x0000000786700000| Untracked 
| 104|0x0000000786800000, 0x0000000786900000, 0x0000000786900000|100%| O|  |TAMS 0x0000000786900000, 0x0000000786800000| Untracked 
| 105|0x0000000786900000, 0x0000000786a00000, 0x0000000786a00000|100%| O|  |TAMS 0x0000000786a00000, 0x0000000786900000| Untracked 
| 106|0x0000000786a00000, 0x0000000786b00000, 0x0000000786b00000|100%| O|  |TAMS 0x0000000786b00000, 0x0000000786a00000| Untracked 
| 107|0x0000000786b00000, 0x0000000786c00000, 0x0000000786c00000|100%| O|  |TAMS 0x0000000786c00000, 0x0000000786b00000| Untracked 
| 108|0x0000000786c00000, 0x0000000786d00000, 0x0000000786d00000|100%| O|  |TAMS 0x0000000786c00000, 0x0000000786c00000| Untracked 
| 109|0x0000000786d00000, 0x0000000786e00000, 0x0000000786e00000|100%| O|  |TAMS 0x0000000786d00000, 0x0000000786d00000| Untracked 
| 110|0x0000000786e00000, 0x0000000786f00000, 0x0000000786f00000|100%| O|  |TAMS 0x0000000786e00000, 0x0000000786e00000| Untracked 
| 111|0x0000000786f00000, 0x0000000787000000, 0x0000000787000000|100%| O|  |TAMS 0x0000000786f00000, 0x0000000786f00000| Untracked 
| 112|0x0000000787000000, 0x0000000787100000, 0x0000000787100000|100%| O|  |TAMS 0x0000000787000000, 0x0000000787000000| Untracked 
| 113|0x0000000787100000, 0x0000000787200000, 0x0000000787200000|100%| O|  |TAMS 0x0000000787100000, 0x0000000787100000| Untracked 
| 114|0x0000000787200000, 0x0000000787300000, 0x0000000787300000|100%| O|  |TAMS 0x0000000787200000, 0x0000000787200000| Untracked 
| 115|0x0000000787300000, 0x0000000787346200, 0x0000000787400000| 27%| O|  |TAMS 0x0000000787300000, 0x0000000787300000| Untracked 
| 116|0x0000000787400000, 0x0000000787400000, 0x0000000787500000|  0%| F|  |TAMS 0x0000000787400000, 0x0000000787400000| Untracked 
| 117|0x0000000787500000, 0x0000000787500000, 0x0000000787600000|  0%| F|  |TAMS 0x0000000787500000, 0x0000000787500000| Untracked 
| 118|0x0000000787600000, 0x0000000787600000, 0x0000000787700000|  0%| F|  |TAMS 0x0000000787600000, 0x0000000787600000| Untracked 
| 119|0x0000000787700000, 0x0000000787700000, 0x0000000787800000|  0%| F|  |TAMS 0x0000000787700000, 0x0000000787700000| Untracked 
| 120|0x0000000787800000, 0x0000000787800000, 0x0000000787900000|  0%| F|  |TAMS 0x0000000787800000, 0x0000000787800000| Untracked 
| 121|0x0000000787900000, 0x0000000787900000, 0x0000000787a00000|  0%| F|  |TAMS 0x0000000787900000, 0x0000000787900000| Untracked 
| 122|0x0000000787a00000, 0x0000000787a00000, 0x0000000787b00000|  0%| F|  |TAMS 0x0000000787a00000, 0x0000000787a00000| Untracked 
| 123|0x0000000787b00000, 0x0000000787b00000, 0x0000000787c00000|  0%| F|  |TAMS 0x0000000787b00000, 0x0000000787b00000| Untracked 
| 124|0x0000000787c00000, 0x0000000787c00000, 0x0000000787d00000|  0%| F|  |TAMS 0x0000000787c00000, 0x0000000787c00000| Untracked 
| 125|0x0000000787d00000, 0x0000000787d00000, 0x0000000787e00000|  0%| F|  |TAMS 0x0000000787d00000, 0x0000000787d00000| Untracked 
| 126|0x0000000787e00000, 0x0000000787e00000, 0x0000000787f00000|  0%| F|  |TAMS 0x0000000787e00000, 0x0000000787e00000| Untracked 
| 127|0x0000000787f00000, 0x0000000787f00000, 0x0000000788000000|  0%| F|  |TAMS 0x0000000787f00000, 0x0000000787f00000| Untracked 
| 128|0x0000000788000000, 0x0000000788000000, 0x0000000788100000|  0%| F|  |TAMS 0x0000000788000000, 0x0000000788000000| Untracked 
| 129|0x0000000788100000, 0x0000000788100000, 0x0000000788200000|  0%| F|  |TAMS 0x0000000788100000, 0x0000000788100000| Untracked 
| 130|0x0000000788200000, 0x0000000788200000, 0x0000000788300000|  0%| F|  |TAMS 0x0000000788200000, 0x0000000788200000| Untracked 
| 131|0x0000000788300000, 0x0000000788300000, 0x0000000788400000|  0%| F|  |TAMS 0x0000000788300000, 0x0000000788300000| Untracked 
| 132|0x0000000788400000, 0x0000000788400000, 0x0000000788500000|  0%| F|  |TAMS 0x0000000788400000, 0x0000000788400000| Untracked 
| 133|0x0000000788500000, 0x0000000788500000, 0x0000000788600000|  0%| F|  |TAMS 0x0000000788500000, 0x0000000788500000| Untracked 
| 134|0x0000000788600000, 0x0000000788600000, 0x0000000788700000|  0%| F|  |TAMS 0x0000000788600000, 0x0000000788600000| Untracked 
| 135|0x0000000788700000, 0x0000000788700000, 0x0000000788800000|  0%| F|  |TAMS 0x0000000788700000, 0x0000000788700000| Untracked 
| 136|0x0000000788800000, 0x0000000788800000, 0x0000000788900000|  0%| F|  |TAMS 0x0000000788800000, 0x0000000788800000| Untracked 
| 137|0x0000000788900000, 0x0000000788900000, 0x0000000788a00000|  0%| F|  |TAMS 0x0000000788900000, 0x0000000788900000| Untracked 
| 138|0x0000000788a00000, 0x0000000788a00000, 0x0000000788b00000|  0%| F|  |TAMS 0x0000000788a00000, 0x0000000788a00000| Untracked 
| 139|0x0000000788b00000, 0x0000000788b00000, 0x0000000788c00000|  0%| F|  |TAMS 0x0000000788b00000, 0x0000000788b00000| Untracked 
| 140|0x0000000788c00000, 0x0000000788c00000, 0x0000000788d00000|  0%| F|  |TAMS 0x0000000788c00000, 0x0000000788c00000| Untracked 
| 141|0x0000000788d00000, 0x0000000788d00000, 0x0000000788e00000|  0%| F|  |TAMS 0x0000000788d00000, 0x0000000788d00000| Untracked 
| 142|0x0000000788e00000, 0x0000000788e00000, 0x0000000788f00000|  0%| F|  |TAMS 0x0000000788e00000, 0x0000000788e00000| Untracked 
| 143|0x0000000788f00000, 0x0000000788f00000, 0x0000000789000000|  0%| F|  |TAMS 0x0000000788f00000, 0x0000000788f00000| Untracked 
| 144|0x0000000789000000, 0x0000000789000000, 0x0000000789100000|  0%| F|  |TAMS 0x0000000789000000, 0x0000000789000000| Untracked 
| 145|0x0000000789100000, 0x0000000789100000, 0x0000000789200000|  0%| F|  |TAMS 0x0000000789100000, 0x0000000789100000| Untracked 
| 146|0x0000000789200000, 0x0000000789200000, 0x0000000789300000|  0%| F|  |TAMS 0x0000000789200000, 0x0000000789200000| Untracked 
| 147|0x0000000789300000, 0x0000000789300000, 0x0000000789400000|  0%| F|  |TAMS 0x0000000789300000, 0x0000000789300000| Untracked 
| 148|0x0000000789400000, 0x0000000789400000, 0x0000000789500000|  0%| F|  |TAMS 0x0000000789400000, 0x0000000789400000| Untracked 
| 149|0x0000000789500000, 0x0000000789500000, 0x0000000789600000|  0%| F|  |TAMS 0x0000000789500000, 0x0000000789500000| Untracked 
| 150|0x0000000789600000, 0x0000000789600000, 0x0000000789700000|  0%| F|  |TAMS 0x0000000789600000, 0x0000000789600000| Untracked 
| 151|0x0000000789700000, 0x0000000789700000, 0x0000000789800000|  0%| F|  |TAMS 0x0000000789700000, 0x0000000789700000| Untracked 
| 152|0x0000000789800000, 0x0000000789800000, 0x0000000789900000|  0%| F|  |TAMS 0x0000000789800000, 0x0000000789800000| Untracked 
| 153|0x0000000789900000, 0x0000000789900000, 0x0000000789a00000|  0%| F|  |TAMS 0x0000000789900000, 0x0000000789900000| Untracked 
| 154|0x0000000789a00000, 0x0000000789a00000, 0x0000000789b00000|  0%| F|  |TAMS 0x0000000789a00000, 0x0000000789a00000| Untracked 
| 155|0x0000000789b00000, 0x0000000789b00000, 0x0000000789c00000|  0%| F|  |TAMS 0x0000000789b00000, 0x0000000789b00000| Untracked 
| 156|0x0000000789c00000, 0x0000000789c00000, 0x0000000789d00000|  0%| F|  |TAMS 0x0000000789c00000, 0x0000000789c00000| Untracked 
| 157|0x0000000789d00000, 0x0000000789d00000, 0x0000000789e00000|  0%| F|  |TAMS 0x0000000789d00000, 0x0000000789d00000| Untracked 
| 158|0x0000000789e00000, 0x0000000789e00000, 0x0000000789f00000|  0%| F|  |TAMS 0x0000000789e00000, 0x0000000789e00000| Untracked 
| 159|0x0000000789f00000, 0x0000000789f00000, 0x000000078a000000|  0%| F|  |TAMS 0x0000000789f00000, 0x0000000789f00000| Untracked 
| 160|0x000000078a000000, 0x000000078a000000, 0x000000078a100000|  0%| F|  |TAMS 0x000000078a000000, 0x000000078a000000| Untracked 
| 161|0x000000078a100000, 0x000000078a100000, 0x000000078a200000|  0%| F|  |TAMS 0x000000078a100000, 0x000000078a100000| Untracked 
| 162|0x000000078a200000, 0x000000078a200000, 0x000000078a300000|  0%| F|  |TAMS 0x000000078a200000, 0x000000078a200000| Untracked 
| 163|0x000000078a300000, 0x000000078a300000, 0x000000078a400000|  0%| F|  |TAMS 0x000000078a300000, 0x000000078a300000| Untracked 
| 164|0x000000078a400000, 0x000000078a400000, 0x000000078a500000|  0%| F|  |TAMS 0x000000078a400000, 0x000000078a400000| Untracked 
| 165|0x000000078a500000, 0x000000078a500000, 0x000000078a600000|  0%| F|  |TAMS 0x000000078a500000, 0x000000078a500000| Untracked 
| 166|0x000000078a600000, 0x000000078a600000, 0x000000078a700000|  0%| F|  |TAMS 0x000000078a600000, 0x000000078a600000| Untracked 
| 167|0x000000078a700000, 0x000000078a700000, 0x000000078a800000|  0%| F|  |TAMS 0x000000078a700000, 0x000000078a700000| Untracked 
| 168|0x000000078a800000, 0x000000078a800000, 0x000000078a900000|  0%| F|  |TAMS 0x000000078a800000, 0x000000078a800000| Untracked 
| 169|0x000000078a900000, 0x000000078a900000, 0x000000078aa00000|  0%| F|  |TAMS 0x000000078a900000, 0x000000078a900000| Untracked 
| 170|0x000000078aa00000, 0x000000078aa00000, 0x000000078ab00000|  0%| F|  |TAMS 0x000000078aa00000, 0x000000078aa00000| Untracked 
| 171|0x000000078ab00000, 0x000000078ab00000, 0x000000078ac00000|  0%| F|  |TAMS 0x000000078ab00000, 0x000000078ab00000| Untracked 
| 172|0x000000078ac00000, 0x000000078ac00000, 0x000000078ad00000|  0%| F|  |TAMS 0x000000078ac00000, 0x000000078ac00000| Untracked 
| 173|0x000000078ad00000, 0x000000078ad00000, 0x000000078ae00000|  0%| F|  |TAMS 0x000000078ad00000, 0x000000078ad00000| Untracked 
| 174|0x000000078ae00000, 0x000000078ae00000, 0x000000078af00000|  0%| F|  |TAMS 0x000000078ae00000, 0x000000078ae00000| Untracked 
| 175|0x000000078af00000, 0x000000078af00000, 0x000000078b000000|  0%| F|  |TAMS 0x000000078af00000, 0x000000078af00000| Untracked 
| 176|0x000000078b000000, 0x000000078b000000, 0x000000078b100000|  0%| F|  |TAMS 0x000000078b000000, 0x000000078b000000| Untracked 
| 177|0x000000078b100000, 0x000000078b100000, 0x000000078b200000|  0%| F|  |TAMS 0x000000078b100000, 0x000000078b100000| Untracked 
| 178|0x000000078b200000, 0x000000078b200000, 0x000000078b300000|  0%| F|  |TAMS 0x000000078b200000, 0x000000078b200000| Untracked 
| 179|0x000000078b300000, 0x000000078b300000, 0x000000078b400000|  0%| F|  |TAMS 0x000000078b300000, 0x000000078b300000| Untracked 
| 180|0x000000078b400000, 0x000000078b400000, 0x000000078b500000|  0%| F|  |TAMS 0x000000078b400000, 0x000000078b400000| Untracked 
| 181|0x000000078b500000, 0x000000078b500000, 0x000000078b600000|  0%| F|  |TAMS 0x000000078b500000, 0x000000078b500000| Untracked 
| 182|0x000000078b600000, 0x000000078b600000, 0x000000078b700000|  0%| F|  |TAMS 0x000000078b600000, 0x000000078b600000| Untracked 
| 183|0x000000078b700000, 0x000000078b700000, 0x000000078b800000|  0%| F|  |TAMS 0x000000078b700000, 0x000000078b700000| Untracked 
| 184|0x000000078b800000, 0x000000078b800000, 0x000000078b900000|  0%| F|  |TAMS 0x000000078b800000, 0x000000078b800000| Untracked 
| 185|0x000000078b900000, 0x000000078b900000, 0x000000078ba00000|  0%| F|  |TAMS 0x000000078b900000, 0x000000078b900000| Untracked 
| 186|0x000000078ba00000, 0x000000078ba00000, 0x000000078bb00000|  0%| F|  |TAMS 0x000000078ba00000, 0x000000078ba00000| Untracked 
| 187|0x000000078bb00000, 0x000000078bb00000, 0x000000078bc00000|  0%| F|  |TAMS 0x000000078bb00000, 0x000000078bb00000| Untracked 
| 188|0x000000078bc00000, 0x000000078bc00000, 0x000000078bd00000|  0%| F|  |TAMS 0x000000078bc00000, 0x000000078bc00000| Untracked 
| 189|0x000000078bd00000, 0x000000078bd00000, 0x000000078be00000|  0%| F|  |TAMS 0x000000078bd00000, 0x000000078bd00000| Untracked 
| 190|0x000000078be00000, 0x000000078be00000, 0x000000078bf00000|  0%| F|  |TAMS 0x000000078be00000, 0x000000078be00000| Untracked 
| 191|0x000000078bf00000, 0x000000078bf00000, 0x000000078c000000|  0%| F|  |TAMS 0x000000078bf00000, 0x000000078bf00000| Untracked 
| 192|0x000000078c000000, 0x000000078c000000, 0x000000078c100000|  0%| F|  |TAMS 0x000000078c000000, 0x000000078c000000| Untracked 
| 193|0x000000078c100000, 0x000000078c100000, 0x000000078c200000|  0%| F|  |TAMS 0x000000078c100000, 0x000000078c100000| Untracked 
| 194|0x000000078c200000, 0x000000078c200000, 0x000000078c300000|  0%| F|  |TAMS 0x000000078c200000, 0x000000078c200000| Untracked 
| 195|0x000000078c300000, 0x000000078c300000, 0x000000078c400000|  0%| F|  |TAMS 0x000000078c300000, 0x000000078c300000| Untracked 
| 196|0x000000078c400000, 0x000000078c400000, 0x000000078c500000|  0%| F|  |TAMS 0x000000078c400000, 0x000000078c400000| Untracked 
| 197|0x000000078c500000, 0x000000078c500000, 0x000000078c600000|  0%| F|  |TAMS 0x000000078c500000, 0x000000078c500000| Untracked 
| 198|0x000000078c600000, 0x000000078c600000, 0x000000078c700000|  0%| F|  |TAMS 0x000000078c600000, 0x000000078c600000| Untracked 
| 199|0x000000078c700000, 0x000000078c700000, 0x000000078c800000|  0%| F|  |TAMS 0x000000078c700000, 0x000000078c700000| Untracked 
| 200|0x000000078c800000, 0x000000078c800000, 0x000000078c900000|  0%| F|  |TAMS 0x000000078c800000, 0x000000078c800000| Untracked 
| 201|0x000000078c900000, 0x000000078c900000, 0x000000078ca00000|  0%| F|  |TAMS 0x000000078c900000, 0x000000078c900000| Untracked 
| 202|0x000000078ca00000, 0x000000078ca00000, 0x000000078cb00000|  0%| F|  |TAMS 0x000000078ca00000, 0x000000078ca00000| Untracked 
| 203|0x000000078cb00000, 0x000000078cb00000, 0x000000078cc00000|  0%| F|  |TAMS 0x000000078cb00000, 0x000000078cb00000| Untracked 
| 204|0x000000078cc00000, 0x000000078cc00000, 0x000000078cd00000|  0%| F|  |TAMS 0x000000078cc00000, 0x000000078cc00000| Untracked 
| 205|0x000000078cd00000, 0x000000078cd00000, 0x000000078ce00000|  0%| F|  |TAMS 0x000000078cd00000, 0x000000078cd00000| Untracked 
| 206|0x000000078ce00000, 0x000000078ce00000, 0x000000078cf00000|  0%| F|  |TAMS 0x000000078ce00000, 0x000000078ce00000| Untracked 
| 207|0x000000078cf00000, 0x000000078cf00000, 0x000000078d000000|  0%| F|  |TAMS 0x000000078cf00000, 0x000000078cf00000| Untracked 
| 208|0x000000078d000000, 0x000000078d000000, 0x000000078d100000|  0%| F|  |TAMS 0x000000078d000000, 0x000000078d000000| Untracked 
| 209|0x000000078d100000, 0x000000078d1429d8, 0x000000078d200000| 26%| E|  |TAMS 0x000000078d100000, 0x000000078d100000| Complete 
| 210|0x000000078d200000, 0x000000078d300000, 0x000000078d300000|100%| E|CS|TAMS 0x000000078d200000, 0x000000078d200000| Complete 
| 211|0x000000078d300000, 0x000000078d400000, 0x000000078d400000|100%| E|  |TAMS 0x000000078d300000, 0x000000078d300000| Complete 
| 212|0x000000078d400000, 0x000000078d500000, 0x000000078d500000|100%| E|CS|TAMS 0x000000078d400000, 0x000000078d400000| Complete 
| 213|0x000000078d500000, 0x000000078d600000, 0x000000078d600000|100%| E|CS|TAMS 0x000000078d500000, 0x000000078d500000| Complete 
| 214|0x000000078d600000, 0x000000078d700000, 0x000000078d700000|100%| E|CS|TAMS 0x000000078d600000, 0x000000078d600000| Complete 
| 215|0x000000078d700000, 0x000000078d800000, 0x000000078d800000|100%| E|CS|TAMS 0x000000078d700000, 0x000000078d700000| Complete 
| 216|0x000000078d800000, 0x000000078d900000, 0x000000078d900000|100%| E|CS|TAMS 0x000000078d800000, 0x000000078d800000| Complete 
| 217|0x000000078d900000, 0x000000078da00000, 0x000000078da00000|100%| E|CS|TAMS 0x000000078d900000, 0x000000078d900000| Complete 
| 218|0x000000078da00000, 0x000000078db00000, 0x000000078db00000|100%| E|CS|TAMS 0x000000078da00000, 0x000000078da00000| Complete 
| 219|0x000000078db00000, 0x000000078dc00000, 0x000000078dc00000|100%| E|CS|TAMS 0x000000078db00000, 0x000000078db00000| Complete 
| 220|0x000000078dc00000, 0x000000078dd00000, 0x000000078dd00000|100%| E|CS|TAMS 0x000000078dc00000, 0x000000078dc00000| Complete 
| 221|0x000000078dd00000, 0x000000078de00000, 0x000000078de00000|100%| E|CS|TAMS 0x000000078dd00000, 0x000000078dd00000| Complete 
| 222|0x000000078de00000, 0x000000078df00000, 0x000000078df00000|100%| E|CS|TAMS 0x000000078de00000, 0x000000078de00000| Complete 
| 223|0x000000078df00000, 0x000000078e000000, 0x000000078e000000|100%| E|CS|TAMS 0x000000078df00000, 0x000000078df00000| Complete 
| 224|0x000000078e000000, 0x000000078e100000, 0x000000078e100000|100%| E|CS|TAMS 0x000000078e000000, 0x000000078e000000| Complete 
| 225|0x000000078e100000, 0x000000078e200000, 0x000000078e200000|100%| E|CS|TAMS 0x000000078e100000, 0x000000078e100000| Complete 
| 226|0x000000078e200000, 0x000000078e300000, 0x000000078e300000|100%| E|CS|TAMS 0x000000078e200000, 0x000000078e200000| Complete 
| 227|0x000000078e300000, 0x000000078e400000, 0x000000078e400000|100%| E|CS|TAMS 0x000000078e300000, 0x000000078e300000| Complete 
| 228|0x000000078e400000, 0x000000078e500000, 0x000000078e500000|100%| E|CS|TAMS 0x000000078e400000, 0x000000078e400000| Complete 
| 229|0x000000078e500000, 0x000000078e600000, 0x000000078e600000|100%| E|CS|TAMS 0x000000078e500000, 0x000000078e500000| Complete 
| 230|0x000000078e600000, 0x000000078e700000, 0x000000078e700000|100%| E|CS|TAMS 0x000000078e600000, 0x000000078e600000| Complete 
| 231|0x000000078e700000, 0x000000078e800000, 0x000000078e800000|100%| E|CS|TAMS 0x000000078e700000, 0x000000078e700000| Complete 
| 232|0x000000078e800000, 0x000000078e900000, 0x000000078e900000|100%| E|CS|TAMS 0x000000078e800000, 0x000000078e800000| Complete 
| 233|0x000000078e900000, 0x000000078ea00000, 0x000000078ea00000|100%| E|CS|TAMS 0x000000078e900000, 0x000000078e900000| Complete 
| 234|0x000000078ea00000, 0x000000078eb00000, 0x000000078eb00000|100%| S|CS|TAMS 0x000000078ea00000, 0x000000078ea00000| Complete 
| 235|0x000000078eb00000, 0x000000078ec00000, 0x000000078ec00000|100%| E|CS|TAMS 0x000000078eb00000, 0x000000078eb00000| Complete 
| 236|0x000000078ec00000, 0x000000078ed00000, 0x000000078ed00000|100%| E|CS|TAMS 0x000000078ec00000, 0x000000078ec00000| Complete 
| 237|0x000000078ed00000, 0x000000078ee00000, 0x000000078ee00000|100%| E|CS|TAMS 0x000000078ed00000, 0x000000078ed00000| Complete 
| 238|0x000000078ee00000, 0x000000078ef00000, 0x000000078ef00000|100%| E|CS|TAMS 0x000000078ee00000, 0x000000078ee00000| Complete 
| 239|0x000000078ef00000, 0x000000078f000000, 0x000000078f000000|100%| E|CS|TAMS 0x000000078ef00000, 0x000000078ef00000| Complete 
|1020|0x00000007bfc00000, 0x00000007bfc4c000, 0x00000007bfd00000| 29%|OA|  |TAMS 0x00000007bfc4c000, 0x00000007bfc00000| Untracked 
|1021|0x00000007bfd00000, 0x00000007bfd6b000, 0x00000007bfe00000| 41%|CA|  |TAMS 0x00000007bfd6b000, 0x00000007bfd00000| Untracked 

Card table byte_map: [0x0000000106cc8000,0x00000001070c8000] _byte_map_base: 0x00000001030c8000

Marking Bits (Prev, Next): (CMBitMap*) 0x00007fc13c03c850, (CMBitMap*) 0x00007fc13c03c818
 Prev Bits: [0x00000001094c8000, 0x000000010b4c8000)
 Next Bits: [0x00000001074c8000, 0x00000001094c8000)

Polling page: 0x0000000104fe3000

Metaspace:

Usage:
  Non-class:     68,15 MB capacity,    66,22 MB ( 97%) used,     1,55 MB (  2%) free+waste,   386,06 KB ( <1%) overhead. 
      Class:     10,35 MB capacity,     9,04 MB ( 87%) used,     1,13 MB ( 11%) free+waste,   180,56 KB (  2%) overhead. 
       Both:     78,50 MB capacity,    75,26 MB ( 96%) used,     2,68 MB (  3%) free+waste,   566,62 KB ( <1%) overhead. 

Virtual space:
  Non-class space:       70,00 MB reserved,      68,21 MB ( 97%) committed 
      Class space:        1,00 GB reserved,      10,45 MB (  1%) committed 
             Both:        1,07 GB reserved,      78,66 MB (  7%) committed 

Chunk freelists:
   Non-Class:  63,00 KB
       Class:  0 bytes
        Both:  63,00 KB

MaxMetaspaceSize: unlimited
CompressedClassSpaceSize: 1,00 GB
Initial GC threshold: 20,80 MB
Current GC threshold: 125,68 MB
CDS: on

CodeHeap 'non-profiled nmethods': size=160992Kb used=4302Kb max_used=4302Kb free=156689Kb
 bounds [0x0000000121c91000, 0x0000000122c91000, 0x000000012b9c9000]
CodeHeap 'profiled nmethods': size=160992Kb used=22241Kb max_used=22241Kb free=138750Kb
 bounds [0x0000000117f59000, 0x0000000119519000, 0x0000000121c91000]
CodeHeap 'non-nmethods': size=5696Kb used=1570Kb max_used=1578Kb free=4125Kb
 bounds [0x00000001179c9000, 0x0000000117f59000, 0x0000000117f59000]
 total_blobs=9647 nmethods=8819 adapters=747
 compilation: enabled
              stopped_count=0, restarted_count=0
 full_count=0

JVMCI Events (6 events):
Event: 0,023 Thread 0x00007fc13c00e000 created new JVMCI runtime 0 (0x00007fc13d70a1f0)
Event: 0,023 Thread 0x00007fc13c00e000 created new JVMCI runtime -1 (0x00007fc13d70a350)
Event: 0,076 Thread 0x00007fc13c812800 loaded JVMCI shared library from /Users/plawn/.sdkman/candidates/java/21.2.0.r11-grl/lib/libjvmcicompiler.dylib
Event: 0,077 Thread 0x00007fc13c812800 created JavaVM[1]@0x0000000130193738 for JVMCI runtime 0
Event: 0,077 Thread 0x00007fc13c812800 initializing JVMCI runtime 0
Event: 0,079 Thread 0x00007fc13c812800 initialized JVMCI runtime 0

Compilation events (20 events):
Event: 75,537 Thread 0x00007fc13c825800 9002       3       java.util.WeakHashMap$EntryIterator::next (5 bytes)
Event: 75,538 Thread 0x00007fc13c825800 nmethod 9002 0x000000011950d710 code [0x000000011950d8c0, 0x000000011950dc60]
Event: 75,538 Thread 0x00007fc13c825800 9003       3       java.util.WeakHashMap$EntryIterator::next (5 bytes)
Event: 75,538 Thread 0x00007fc13c825800 nmethod 9003 0x000000011950dd10 code [0x000000011950dec0, 0x000000011950e200]
Event: 75,762 Thread 0x00007fc13c825800 9004       3       java.util.concurrent.TimeUnit::convert (77 bytes)
Event: 75,763 Thread 0x00007fc13c825800 nmethod 9004 0x000000011950e290 code [0x000000011950e480, 0x000000011950e800]
Event: 79,543 Thread 0x00007fc13c825800 9005       3       io.netty.util.internal.DefaultPriorityQueue::peek (5 bytes)
Event: 79,543 Thread 0x00007fc13c825800 nmethod 9005 0x000000011950ea10 code [0x000000011950ebc0, 0x000000011950edd0]
Event: 79,544 Thread 0x00007fc13c825800 9006       3       io.netty.util.internal.DefaultPriorityQueue::peek (18 bytes)
Event: 79,544 Thread 0x00007fc13c825800 nmethod 9006 0x000000011950ef10 code [0x000000011950f0c0, 0x000000011950f270]
Event: 79,544 Thread 0x00007fc13c825800 9007       3       com.datastax.oss.driver.shaded.guava.common.collect.HashBiMap::seekByKey (47 bytes)
Event: 79,545 Thread 0x00007fc13c825800 nmethod 9007 0x000000011950f390 code [0x000000011950f560, 0x000000011950fb80]
Event: 79,578 Thread 0x00007fc13c825800 9008       3       io.netty.buffer.UnpooledSlicedByteBuf::unwrap (8 bytes)
Event: 79,578 Thread 0x00007fc13c825800 nmethod 9008 0x000000011950fd90 code [0x000000011950ff40, 0x00000001195102d0]
Event: 83,141 Thread 0x00007fc13c812800 9009   !   4       jdk.nio.zipfs.ZipFileSystem::getInflater (59 bytes)
Event: 83,146 Thread 0x00007fc13c812800 nmethod 9009 0x00000001220c4010 code [0x00000001220c41c0, 0x00000001220c4910]
Event: 83,151 Thread 0x00007fc13c812800 9010       4       java.util.HashMap::removeNode (291 bytes)
Event: 83,155 Thread 0x00007fc13c825800 9011       3       java.util.concurrent.SynchronousQueue$TransferStack::shouldSpin (30 bytes)
Event: 83,155 Thread 0x00007fc13c825800 nmethod 9011 0x0000000119510390 code [0x0000000119510540, 0x00000001195107f0]
Event: 83,155 Thread 0x00007fc13c825800 9015       3       java.util.regex.Pattern$BmpCharProperty::match (55 bytes)

GC Heap History (20 events):
Event: 8,674 GC heap before
{Heap before GC invocations=15 (full 0):
 garbage-first heap   total 159744K, used 120723K [0x0000000780000000, 0x0000000800000000)
  region size 1024K, 57 young (58368K), 8 survivors (8192K)
 Metaspace       used 35528K, capacity 37701K, committed 37964K, reserved 1081344K
  class space    used 4326K, capacity 5188K, committed 5196K, reserved 1048576K
}
Event: 8,689 GC heap after
{Heap after GC invocations=16 (full 0):
 garbage-first heap   total 159744K, used 79391K [0x0000000780000000, 0x0000000800000000)
  region size 1024K, 8 young (8192K), 8 survivors (8192K)
 Metaspace       used 35528K, capacity 37701K, committed 37964K, reserved 1081344K
  class space    used 4326K, capacity 5188K, committed 5196K, reserved 1048576K
}
Event: 8,959 GC heap before
{Heap before GC invocations=16 (full 0):
 garbage-first heap   total 159744K, used 123423K [0x0000000780000000, 0x0000000800000000)
  region size 1024K, 51 young (52224K), 8 survivors (8192K)
 Metaspace       used 36526K, capacity 38700K, committed 38988K, reserved 1083392K
  class space    used 4446K, capacity 5341K, committed 5452K, reserved 1048576K
}
Event: 8,978 GC heap after
{Heap after GC invocations=17 (full 0):
 garbage-first heap   total 247808K, used 91548K [0x0000000780000000, 0x0000000800000000)
  region size 1024K, 7 young (7168K), 7 survivors (7168K)
 Metaspace       used 36526K, capacity 38700K, committed 38988K, reserved 1083392K
  class space    used 4446K, capacity 5341K, committed 5452K, reserved 1048576K
}
Event: 9,816 GC heap before
{Heap before GC invocations=18 (full 0):
 garbage-first heap   total 247808K, used 164252K [0x0000000780000000, 0x0000000800000000)
  region size 1024K, 79 young (80896K), 7 survivors (7168K)
 Metaspace       used 49941K, capacity 52451K, committed 52556K, reserved 1095680K
  class space    used 6146K, capacity 7146K, committed 7244K, reserved 1048576K
}
Event: 9,832 GC heap after
{Heap after GC invocations=19 (full 0):
 garbage-first heap   total 247808K, used 96664K [0x0000000780000000, 0x0000000800000000)
  region size 1024K, 4 young (4096K), 4 survivors (4096K)
 Metaspace       used 49941K, capacity 52451K, committed 52556K, reserved 1095680K
  class space    used 6146K, capacity 7146K, committed 7244K, reserved 1048576K
}
Event: 9,936 GC heap before
{Heap before GC invocations=19 (full 0):
 garbage-first heap   total 247808K, used 103832K [0x0000000780000000, 0x0000000800000000)
  region size 1024K, 12 young (12288K), 4 survivors (4096K)
 Metaspace       used 52120K, capacity 54653K, committed 54860K, reserved 1097728K
  class space    used 6403K, capacity 7414K, committed 7500K, reserved 1048576K
}
Event: 9,943 GC heap after
{Heap after GC invocations=20 (full 0):
 garbage-first heap   total 247808K, used 87925K [0x0000000780000000, 0x0000000800000000)
  region size 1024K, 1 young (1024K), 1 survivors (1024K)
 Metaspace       used 52120K, capacity 54653K, committed 54860K, reserved 1097728K
  class space    used 6403K, capacity 7414K, committed 7500K, reserved 1048576K
}
Event: 69,282 GC heap before
{Heap before GC invocations=20 (full 0):
 garbage-first heap   total 247808K, used 159605K [0x0000000780000000, 0x0000000800000000)
  region size 1024K, 73 young (74752K), 1 survivors (1024K)
 Metaspace       used 65817K, capacity 68585K, committed 68812K, reserved 1110016K
  class space    used 8006K, capacity 9135K, committed 9164K, reserved 1048576K
}
Event: 69,292 GC heap after
{Heap after GC invocations=21 (full 0):
 garbage-first heap   total 247808K, used 92956K [0x0000000780000000, 0x0000000800000000)
  region size 1024K, 6 young (6144K), 6 survivors (6144K)
 Metaspace       used 65817K, capacity 68585K, committed 68812K, reserved 1110016K
  class space    used 8006K, capacity 9135K, committed 9164K, reserved 1048576K
}
Event: 70,127 GC heap before
{Heap before GC invocations=22 (full 0):
 garbage-first heap   total 247808K, used 182044K [0x0000000780000000, 0x0000000800000000)
  region size 1024K, 86 young (88064K), 6 survivors (6144K)
 Metaspace       used 71418K, capacity 74311K, committed 74656K, reserved 1114112K
  class space    used 8610K, capacity 9806K, committed 9932K, reserved 1048576K
}
Event: 70,140 GC heap after
{Heap after GC invocations=23 (full 0):
 garbage-first heap   total 247808K, used 108966K [0x0000000780000000, 0x0000000800000000)
  region size 1024K, 11 young (11264K), 11 survivors (11264K)
 Metaspace       used 71418K, capacity 74311K, committed 74656K, reserved 1114112K
  class space    used 8610K, capacity 9806K, committed 9932K, reserved 1048576K
}
Event: 70,141 GC heap before
{Heap before GC invocations=23 (full 0):
 garbage-first heap   total 247808K, used 109990K [0x0000000780000000, 0x0000000800000000)
  region size 1024K, 12 young (12288K), 11 survivors (11264K)
 Metaspace       used 71423K, capacity 74311K, committed 74656K, reserved 1114112K
  class space    used 8610K, capacity 9806K, committed 9932K, reserved 1048576K
}
Event: 70,152 GC heap after
{Heap after GC invocations=24 (full 0):
 garbage-first heap   total 247808K, used 103565K [0x0000000780000000, 0x0000000800000000)
  region size 1024K, 1 young (1024K), 1 survivors (1024K)
 Metaspace       used 71423K, capacity 74311K, committed 74656K, reserved 1114112K
  class space    used 8610K, capacity 9806K, committed 9932K, reserved 1048576K
}
Event: 70,490 GC heap before
{Heap before GC invocations=24 (full 0):
 garbage-first heap   total 247808K, used 188557K [0x0000000780000000, 0x0000000800000000)
  region size 1024K, 81 young (82944K), 1 survivors (1024K)
 Metaspace       used 72953K, capacity 75924K, committed 76064K, reserved 1116160K
  class space    used 8794K, capacity 10047K, committed 10060K, reserved 1048576K
}
Event: 70,500 GC heap after
{Heap after GC invocations=25 (full 0):
 garbage-first heap   total 247808K, used 118492K [0x0000000780000000, 0x0000000800000000)
  region size 1024K, 11 young (11264K), 11 survivors (11264K)
 Metaspace       used 72953K, capacity 75924K, committed 76064K, reserved 1116160K
  class space    used 8794K, capacity 10047K, committed 10060K, reserved 1048576K
}
Event: 71,258 GC heap before
{Heap before GC invocations=26 (full 0):
 garbage-first heap   total 247808K, used 188124K [0x0000000780000000, 0x0000000800000000)
  region size 1024K, 81 young (82944K), 11 survivors (11264K)
 Metaspace       used 76550K, capacity 79833K, committed 80032K, reserved 1118208K
  class space    used 9215K, capacity 10576K, committed 10700K, reserved 1048576K
}
Event: 71,270 GC heap after
{Heap after GC invocations=27 (full 0):
 garbage-first heap   total 247808K, used 118069K [0x0000000780000000, 0x0000000800000000)
  region size 1024K, 7 young (7168K), 7 survivors (7168K)
 Metaspace       used 76550K, capacity 79833K, committed 80032K, reserved 1118208K
  class space    used 9215K, capacity 10576K, committed 10700K, reserved 1048576K
}
Event: 71,335 GC heap before
{Heap before GC invocations=27 (full 0):
 garbage-first heap   total 247808K, used 122165K [0x0000000780000000, 0x0000000800000000)
  region size 1024K, 12 young (12288K), 7 survivors (7168K)
 Metaspace       used 76556K, capacity 79836K, committed 80032K, reserved 1118208K
  class space    used 9215K, capacity 10576K, committed 10700K, reserved 1048576K
}
Event: 71,344 GC heap after
{Heap after GC invocations=28 (full 0):
 garbage-first heap   total 247808K, used 117748K [0x0000000780000000, 0x0000000800000000)
  region size 1024K, 1 young (1024K), 1 survivors (1024K)
 Metaspace       used 76556K, capacity 79836K, committed 80032K, reserved 1118208K
  class space    used 9215K, capacity 10576K, committed 10700K, reserved 1048576K
}

Deoptimization events (20 events):
Event: 71,469 Thread 0x00007fc13c7b4800 DEOPT PACKING pc=0x00000001188e6ee4 sp=0x000070000322d9b0
Event: 71,469 Thread 0x00007fc13c7b4800 DEOPT UNPACKING pc=0x0000000117a13451 sp=0x000070000322cf08 mode 1
Event: 71,469 Thread 0x00007fc13c7b4800 DEOPT PACKING pc=0x00000001188e6ee4 sp=0x000070000322d9b0
Event: 71,469 Thread 0x00007fc13c7b4800 DEOPT UNPACKING pc=0x0000000117a13451 sp=0x000070000322cf08 mode 1
Event: 71,479 Thread 0x00007fc13c7b4800 Uncommon trap: trap_request=0xffffffed fr.pc=0x000000012202074d relative=0x000000000000012d
Event: 71,479 Thread 0x00007fc13c7b4800 Uncommon trap: reason=null_assert_or_unreached0 action=reinterpret pc=0x000000012202074d method=java.util.concurrent.TimeUnit.convert(JLjava/util/concurrent/TimeUnit;)J @ 0 jvmci
Event: 71,479 Thread 0x00007fc13c7b4800 DEOPT PACKING pc=0x000000012202074d sp=0x000070000322e2e0
Event: 71,479 Thread 0x00007fc13c7b4800 DEOPT UNPACKING pc=0x0000000117a13451 sp=0x000070000322d798 mode 3
Event: 71,493 Thread 0x00007fc14009b800 Uncommon trap: trap_request=0xffffffcd fr.pc=0x0000000121fc2445 relative=0x00000000000000a5
Event: 71,493 Thread 0x00007fc14009b800 Uncommon trap: reason=intrinsic_or_type_checked_inlining action=reinterpret pc=0x0000000121fc2445 method=io.netty.buffer.UnpooledSlicedByteBuf.unwrap()Lio/netty/buffer/ByteBuf; @ 0 jvmci
Event: 71,493 Thread 0x00007fc14009b800 DEOPT PACKING pc=0x0000000121fc2445 sp=0x0000700004157560
Event: 71,493 Thread 0x00007fc14009b800 DEOPT UNPACKING pc=0x0000000117a13451 sp=0x0000700004156a08 mode 3
Event: 71,493 Thread 0x00007fc14009b800 Uncommon trap: trap_request=0xffffffcd fr.pc=0x0000000121fc20c5 relative=0x00000000000000a5
Event: 71,493 Thread 0x00007fc14009b800 Uncommon trap: reason=intrinsic_or_type_checked_inlining action=reinterpret pc=0x0000000121fc20c5 method=io.netty.buffer.UnpooledSlicedByteBuf.unwrap()Lio/netty/buffer/AbstractByteBuf; @ 0 jvmci
Event: 71,493 Thread 0x00007fc14009b800 DEOPT PACKING pc=0x0000000121fc20c5 sp=0x00007000041574f0
Event: 71,493 Thread 0x00007fc14009b800 DEOPT UNPACKING pc=0x0000000117a13451 sp=0x0000700004156998 mode 3
Event: 83,155 Thread 0x00007fc13db1f000 Uncommon trap: trap_request=0xffffffed fr.pc=0x000000012208eaa8 relative=0x0000000000001168
Event: 83,155 Thread 0x00007fc13db1f000 Uncommon trap: reason=null_assert_or_unreached0 action=reinterpret pc=0x000000012208eaa8 method=java.util.regex.Pattern.skip()I @ 21 jvmci
Event: 83,155 Thread 0x00007fc13db1f000 DEOPT PACKING pc=0x000000012208eaa8 sp=0x0000700003e4e820
Event: 83,155 Thread 0x00007fc13db1f000 DEOPT UNPACKING pc=0x0000000117a13451 sp=0x0000700003e4dc48 mode 3

Classes redefined (0 events):
No events

Internal exceptions (20 events):
Event: 71,089 Thread 0x00007fc13c770000 Exception <a 'java/lang/NoSuchMethodError'{0x000000078c384478}: 'java.lang.Object java.lang.invoke.Invokers$Holder.linkToTargetMethod(java.lang.Object, java.lang.Object, int, int, int, java.lang.Object)'> (0x000000078c384478) thrown at [./src/hotspot/share/interpreter/linkResolver.cpp, line 773]
Event: 71,140 Thread 0x00007fc13c7b4800 Exception <a 'sun/nio/fs/UnixException'{0x000000078be22310}> (0x000000078be22310) thrown at [./src/hotspot/share/prims/jni.cpp, line 611]
Event: 71,222 Thread 0x00007fc141533000 Exception <a 'sun/nio/fs/UnixException'{0x000000078b232f10}> (0x000000078b232f10) thrown at [./src/hotspot/share/prims/jni.cpp, line 611]
Event: 71,222 Thread 0x00007fc141533000 Exception <a 'sun/nio/fs/UnixException'{0x000000078b2333e0}> (0x000000078b2333e0) thrown at [./src/hotspot/share/prims/jni.cpp, line 611]
Event: 71,222 Thread 0x00007fc141533000 Exception <a 'sun/nio/fs/UnixException'{0x000000078b233870}> (0x000000078b233870) thrown at [./src/hotspot/share/prims/jni.cpp, line 611]
Event: 71,223 Thread 0x00007fc141533000 Exception <a 'sun/nio/fs/UnixException'{0x000000078b143870}> (0x000000078b143870) thrown at [./src/hotspot/share/prims/jni.cpp, line 611]
Event: 71,233 Thread 0x00007fc141533000 Exception <a 'sun/nio/fs/UnixException'{0x000000078aeb2c08}> (0x000000078aeb2c08) thrown at [./src/hotspot/share/prims/jni.cpp, line 611]
Event: 71,233 Thread 0x00007fc141533000 Exception <a 'sun/nio/fs/UnixException'{0x000000078aeb30f0}> (0x000000078aeb30f0) thrown at [./src/hotspot/share/prims/jni.cpp, line 611]
Event: 71,233 Thread 0x00007fc141533000 Exception <a 'sun/nio/fs/UnixException'{0x000000078aeb35c0}> (0x000000078aeb35c0) thrown at [./src/hotspot/share/prims/jni.cpp, line 611]
Event: 71,233 Thread 0x00007fc141533000 Exception <a 'sun/nio/fs/UnixException'{0x000000078aeb3a80}> (0x000000078aeb3a80) thrown at [./src/hotspot/share/prims/jni.cpp, line 611]
Event: 71,234 Thread 0x00007fc141533000 Exception <a 'sun/nio/fs/UnixException'{0x000000078aeb90c8}> (0x000000078aeb90c8) thrown at [./src/hotspot/share/prims/jni.cpp, line 611]
Event: 71,390 Thread 0x00007fc13f515800 Exception <a 'java/lang/ClassNotFoundException'{0x000000078e320f80}: io/smallrye/openapi/api/models/PathItemImplBeanInfo> (0x000000078e320f80) thrown at [./src/hotspot/share/classfile/systemDictionary.cpp, line 228]
Event: 71,391 Thread 0x00007fc13f515800 Exception <a 'java/lang/ClassNotFoundException'{0x000000078e349520}: io/smallrye/openapi/api/models/ExtensibleImplBeanInfo> (0x000000078e349520) thrown at [./src/hotspot/share/classfile/systemDictionary.cpp, line 228]
Event: 71,391 Thread 0x00007fc13f515800 Exception <a 'java/lang/ClassNotFoundException'{0x000000078e34a248}: java/lang/ObjectBeanInfo> (0x000000078e34a248) thrown at [./src/hotspot/share/classfile/systemDictionary.cpp, line 228]
Event: 71,391 Thread 0x00007fc13f515800 Exception <a 'java/lang/ClassNotFoundException'{0x000000078e34af60}: java/lang/ObjectCustomizer> (0x000000078e34af60) thrown at [./src/hotspot/share/classfile/systemDictionary.cpp, line 228]
Event: 71,392 Thread 0x00007fc13f515800 Exception <a 'java/lang/ClassNotFoundException'{0x000000078e3bab90}: io/smallrye/openapi/api/models/ExtensibleImplCustomizer> (0x000000078e3bab90) thrown at [./src/hotspot/share/classfile/systemDictionary.cpp, line 228]
Event: 71,392 Thread 0x00007fc13f515800 Exception <a 'java/lang/ClassNotFoundException'{0x000000078e3fd140}: io/smallrye/openapi/api/models/PathItemImplCustomizer> (0x000000078e3fd140) thrown at [./src/hotspot/share/classfile/systemDictionary.cpp, line 228]
Event: 71,397 Thread 0x00007fc13f515800 Exception <a 'java/lang/ClassNotFoundException'{0x000000078e18db80}: io/smallrye/openapi/api/models/media/SchemaImplBeanInfo> (0x000000078e18db80) thrown at [./src/hotspot/share/classfile/systemDictionary.cpp, line 228]
Event: 71,398 Thread 0x00007fc13f515800 Exception <a 'java/lang/ClassNotFoundException'{0x000000078e1cd3e0}: io/smallrye/openapi/api/models/media/SchemaImplCustomizer> (0x000000078e1cd3e0) thrown at [./src/hotspot/share/classfile/systemDictionary.cpp, line 228]
Event: 71,458 Thread 0x00007fc13db54800 Exception <a 'java/lang/reflect/InvocationTargetException'{0x000000078d58e0c8}> (0x000000078d58e0c8) thrown at [./src/hotspot/share/runtime/reflection.cpp, line 1247]

Events (20 events):
Event: 83,149 Thread 0x00007fc13f2b1000 Thread added: 0x00007fc13f2b1000
Event: 83,150 Protecting memory [0x0000700005392000,0x0000700005396000] with protection modes 0
Event: 83,150 Executing VM operation: RevokeBias done
Event: 83,150 Protecting memory [0x000070000373e000,0x0000700003742000] with protection modes 3
Event: 83,150 Thread 0x00007fc14184a800 Thread exited: 0x00007fc14184a800
Event: 83,150 Thread 0x00007fc13c516000 Thread exited: 0x00007fc13c516000
Event: 83,150 Protecting memory [0x0000700005089000,0x000070000508d000] with protection modes 3
Event: 83,150 Thread 0x00007fc13db54800 Thread exited: 0x00007fc13db54800
Event: 83,151 Protecting memory [0x0000700005392000,0x0000700005396000] with protection modes 3
Event: 83,151 Thread 0x00007fc13f2b1000 Thread exited: 0x00007fc13f2b1000
Event: 83,151 Protecting memory [0x0000700004f86000,0x0000700004f8a000] with protection modes 3
Event: 83,151 Thread 0x00007fc141702000 Thread exited: 0x00007fc141702000
Event: 83,153 Thread 0x00007fc13f2b1000 Thread added: 0x00007fc13f2b1000
Event: 83,153 Protecting memory [0x000070000240b000,0x000070000240f000] with protection modes 0
Event: 83,154 Thread 0x00007fc14184a800 Thread added: 0x00007fc14184a800
Event: 83,154 Protecting memory [0x0000700002432000,0x0000700002436000] with protection modes 0
Event: 83,155 Executing VM operation: RevokeBias
Event: 83,155 Executing VM operation: RevokeBias done
Event: 83,155 Executing VM operation: RevokeBias
Event: 83,155 Executing VM operation: RevokeBias done


Dynamic libraries:
0x00007fff2d179000 	/System/Library/Frameworks/Cocoa.framework/Versions/A/Cocoa
0x00007fff3a972000 	/System/Library/Frameworks/Security.framework/Versions/A/Security
0x00007fff2c0de000 	/System/Library/Frameworks/ApplicationServices.framework/Versions/A/ApplicationServices
0x00007fff6762f000 	/usr/lib/libz.1.dylib
0x0000000104f77000 	/Users/plawn/.sdkman/candidates/java/21.2.0.r11-grl/lib/jli/libjli.dylib
0x00007fff650f3000 	/usr/lib/libSystem.B.dylib
0x00007fff2b2ce000 	/System/Library/Frameworks/AppKit.framework/Versions/C/AppKit
0x00007fff2dafd000 	/System/Library/Frameworks/CoreData.framework/Versions/A/CoreData
0x00007fff306d8000 	/System/Library/Frameworks/Foundation.framework/Versions/C/Foundation
0x00007fff5f108000 	/System/Library/PrivateFrameworks/UIFoundation.framework/Versions/A/UIFoundation
0x00007fff5a19c000 	/System/Library/PrivateFrameworks/RemoteViewServices.framework/Versions/A/RemoteViewServices
0x00007fff61c63000 	/System/Library/PrivateFrameworks/XCTTargetBootstrap.framework/Versions/A/XCTTargetBootstrap
0x00007fff2dee8000 	/System/Library/Frameworks/CoreDisplay.framework/Versions/A/CoreDisplay
0x00007fff33593000 	/System/Library/Frameworks/Metal.framework/Versions/A/Metal
0x00007fff48189000 	/System/Library/PrivateFrameworks/DesktopServicesPriv.framework/Versions/A/DesktopServicesPriv
0x00007fff6622e000 	/usr/lib/liblangid.dylib
0x00007fff4741e000 	/System/Library/PrivateFrameworks/CoreSVG.framework/Versions/A/CoreSVG
0x00007fff5d2f8000 	/System/Library/PrivateFrameworks/SkyLight.framework/Versions/A/SkyLight
0x00007fff2e49c000 	/System/Library/Frameworks/CoreGraphics.framework/Versions/A/CoreGraphics
0x00007fff29ca2000 	/System/Library/Frameworks/Accelerate.framework/Versions/A/Accelerate
0x00007fff67520000 	/usr/lib/libxml2.2.dylib
0x00007fff53127000 	/System/Library/PrivateFrameworks/IconServices.framework/Versions/A/IconServices
0x00007fff30eb7000 	/System/Library/Frameworks/IOSurface.framework/Versions/A/IOSurface
0x00007fff64c1d000 	/usr/lib/libDiagnosticMessagesClient.dylib
0x00007fff47fe3000 	/System/Library/PrivateFrameworks/DFRFoundation.framework/Versions/A/DFRFoundation
0x00007fff65fbd000 	/usr/lib/libicucore.A.dylib
0x00007fff2c410000 	/System/Library/Frameworks/AudioToolbox.framework/Versions/A/AudioToolbox
0x00007fff2c4f3000 	/System/Library/Frameworks/AudioUnit.framework/Versions/A/AudioUnit
0x00007fff652f5000 	/usr/lib/libauto.dylib
0x00007fff48085000 	/System/Library/PrivateFrameworks/DataDetectorsCore.framework/Versions/A/DataDetectorsCore
0x00007fff2cc9a000 	/System/Library/Frameworks/Carbon.framework/Versions/A/Frameworks/HIToolbox.framework/Versions/A/HIToolbox
0x00007fff39b6c000 	/System/Library/Frameworks/QuartzCore.framework/Versions/A/QuartzCore
0x00007fff2cfd9000 	/System/Library/Frameworks/Carbon.framework/Versions/A/Frameworks/SpeechRecognition.framework/Versions/A/SpeechRecognition
0x00007fff47af7000 	/System/Library/PrivateFrameworks/CoreUI.framework/Versions/A/CoreUI
0x00007fff2d568000 	/System/Library/Frameworks/CoreAudio.framework/Versions/A/CoreAudio
0x00007fff30397000 	/System/Library/Frameworks/DiskArbitration.framework/Versions/A/DiskArbitration
0x00007fff55177000 	/System/Library/PrivateFrameworks/MultitouchSupport.framework/Versions/A/MultitouchSupport
0x00007fff65e84000 	/usr/lib/libenergytrace.dylib
0x00007fff30e11000 	/System/Library/Frameworks/IOKit.framework/Versions/A/IOKit
0x00007fff2f403000 	/System/Library/Frameworks/CoreServices.framework/Versions/A/CoreServices
0x00007fff5732f000 	/System/Library/PrivateFrameworks/PerformanceAnalysis.framework/Versions/A/PerformanceAnalysis
0x00007fff38b9f000 	/System/Library/Frameworks/OpenGL.framework/Versions/A/OpenGL
0x00007fff66f53000 	/usr/lib/libobjc.A.dylib
0x00007fff2d187000 	/System/Library/Frameworks/ColorSync.framework/Versions/A/ColorSync
0x00007fff2e01b000 	/System/Library/Frameworks/CoreFoundation.framework/Versions/A/CoreFoundation
0x00007fff2eb1f000 	/System/Library/Frameworks/CoreImage.framework/Versions/A/CoreImage
0x00007fff2fe76000 	/System/Library/Frameworks/CoreText.framework/Versions/A/CoreText
0x00007fff30f47000 	/System/Library/Frameworks/ImageIO.framework/Versions/A/ImageIO
0x00007fff653d9000 	/usr/lib/libc++.1.dylib
0x00007fff65455000 	/usr/lib/libcompression.dylib
0x00007fff64f61000 	/usr/lib/libMobileGestalt.dylib
0x00007fff5ee72000 	/System/Library/PrivateFrameworks/TextureIO.framework/Versions/A/TextureIO
0x00007fff65258000 	/usr/lib/libate.dylib
0x00007fff53330000 	/System/Library/PrivateFrameworks/InternationalSupport.framework/Versions/A/InternationalSupport
0x00007fff67ef0000 	/usr/lib/system/libcache.dylib
0x00007fff67ef6000 	/usr/lib/system/libcommonCrypto.dylib
0x00007fff67f02000 	/usr/lib/system/libcompiler_rt.dylib
0x00007fff67f0a000 	/usr/lib/system/libcopyfile.dylib
0x00007fff67f14000 	/usr/lib/system/libcorecrypto.dylib
0x00007fff680b3000 	/usr/lib/system/libdispatch.dylib
0x00007fff680f4000 	/usr/lib/system/libdyld.dylib
0x00007fff6812b000 	/usr/lib/system/libkeymgr.dylib
0x00007fff68139000 	/usr/lib/system/liblaunch.dylib
0x00007fff6813a000 	/usr/lib/system/libmacho.dylib
0x00007fff68140000 	/usr/lib/system/libquarantine.dylib
0x00007fff68143000 	/usr/lib/system/libremovefile.dylib
0x00007fff68145000 	/usr/lib/system/libsystem_asl.dylib
0x00007fff6815d000 	/usr/lib/system/libsystem_blocks.dylib
0x00007fff6815e000 	/usr/lib/system/libsystem_c.dylib
0x00007fff681e6000 	/usr/lib/system/libsystem_configuration.dylib
0x00007fff681ea000 	/usr/lib/system/libsystem_coreservices.dylib
0x00007fff681ee000 	/usr/lib/system/libsystem_darwin.dylib
0x00007fff681f7000 	/usr/lib/system/libsystem_dnssd.dylib
0x00007fff681ff000 	/usr/lib/system/libsystem_featureflags.dylib
0x00007fff68201000 	/usr/lib/system/libsystem_info.dylib
0x00007fff6827c000 	/usr/lib/system/libsystem_m.dylib
0x00007fff682c4000 	/usr/lib/system/libsystem_malloc.dylib
0x00007fff682ec000 	/usr/lib/system/libsystem_networkextension.dylib
0x00007fff682fa000 	/usr/lib/system/libsystem_notify.dylib
0x00007fff68318000 	/usr/lib/system/libsystem_sandbox.dylib
0x00007fff6831d000 	/usr/lib/system/libsystem_secinit.dylib
0x00007fff6824f000 	/usr/lib/system/libsystem_kernel.dylib
0x00007fff68304000 	/usr/lib/system/libsystem_platform.dylib
0x00007fff6830d000 	/usr/lib/system/libsystem_pthread.dylib
0x00007fff68320000 	/usr/lib/system/libsystem_symptoms.dylib
0x00007fff68328000 	/usr/lib/system/libsystem_trace.dylib
0x00007fff68340000 	/usr/lib/system/libunwind.dylib
0x00007fff68346000 	/usr/lib/system/libxpc.dylib
0x00007fff6542c000 	/usr/lib/libc++abi.dylib
0x00007fff66230000 	/usr/lib/liblzma.5.dylib
0x00007fff65eab000 	/usr/lib/libfakelink.dylib
0x00007fff651e5000 	/usr/lib/libarchive.2.dylib
0x00007fff3ba23000 	/System/Library/Frameworks/SystemConfiguration.framework/Versions/A/SystemConfiguration
0x00007fff64b50000 	/usr/lib/libCRFSuite.dylib
0x00007fff2c88a000 	/System/Library/Frameworks/CFNetwork.framework/Versions/A/CFNetwork
0x00007fff653bb000 	/usr/lib/libbsm.0.dylib
0x00007fff6812c000 	/usr/lib/system/libkxld.dylib
0x00007fff41960000 	/System/Library/PrivateFrameworks/AppleFSCompression.framework/Versions/A/AppleFSCompression
0x00007fff65746000 	/usr/lib/libcoretls.dylib
0x00007fff6575d000 	/usr/lib/libcoretls_cfhelpers.dylib
0x00007fff66f99000 	/usr/lib/libpam.2.dylib
0x00007fff670ce000 	/usr/lib/libsqlite3.dylib
0x00007fff6750d000 	/usr/lib/libxar.1.dylib
0x00007fff653cc000 	/usr/lib/libbz2.1.0.dylib
0x00007fff65ecc000 	/usr/lib/libiconv.2.dylib
0x00007fff65442000 	/usr/lib/libcharset.1.dylib
0x00007fff66a36000 	/usr/lib/libnetwork.dylib
0x00007fff66fa0000 	/usr/lib/libpcap.A.dylib
0x00007fff6519a000 	/usr/lib/libapple_nghttp2.dylib
0x00007fff2f7ba000 	/System/Library/Frameworks/CoreServices.framework/Versions/A/Frameworks/FSEvents.framework/Versions/A/FSEvents
0x00007fff2f48a000 	/System/Library/Frameworks/CoreServices.framework/Versions/A/Frameworks/CarbonCore.framework/Versions/A/CarbonCore
0x00007fff2f9fe000 	/System/Library/Frameworks/CoreServices.framework/Versions/A/Frameworks/Metadata.framework/Versions/A/Metadata
0x00007fff2fa97000 	/System/Library/Frameworks/CoreServices.framework/Versions/A/Frameworks/OSServices.framework/Versions/A/OSServices
0x00007fff2fac5000 	/System/Library/Frameworks/CoreServices.framework/Versions/A/Frameworks/SearchKit.framework/Versions/A/SearchKit
0x00007fff2f404000 	/System/Library/Frameworks/CoreServices.framework/Versions/A/Frameworks/AE.framework/Versions/A/AE
0x00007fff2f7c3000 	/System/Library/Frameworks/CoreServices.framework/Versions/A/Frameworks/LaunchServices.framework/Versions/A/LaunchServices
0x00007fff2f76c000 	/System/Library/Frameworks/CoreServices.framework/Versions/A/Frameworks/DictionaryServices.framework/Versions/A/DictionaryServices
0x00007fff2fb2d000 	/System/Library/Frameworks/CoreServices.framework/Versions/A/Frameworks/SharedFileList.framework/Versions/A/SharedFileList
0x00007fff349be000 	/System/Library/Frameworks/NetFS.framework/Versions/A/NetFS
0x00007fff556a7000 	/System/Library/PrivateFrameworks/NetAuth.framework/Versions/A/NetAuth
0x00007fff62030000 	/System/Library/PrivateFrameworks/login.framework/Versions/A/Frameworks/loginsupport.framework/Versions/A/loginsupport
0x00007fff5e93d000 	/System/Library/PrivateFrameworks/TCC.framework/Versions/A/TCC
0x00007fff46591000 	/System/Library/PrivateFrameworks/CoreNLP.framework/Versions/A/CoreNLP
0x00007fff54ba4000 	/System/Library/PrivateFrameworks/MetadataUtilities.framework/Versions/A/MetadataUtilities
0x00007fff66308000 	/usr/lib/libmecabra.dylib
0x00007fff66260000 	/usr/lib/libmecab.dylib
0x00007fff65ebc000 	/usr/lib/libgermantok.dylib
0x00007fff65181000 	/usr/lib/libThaiTokenizer.dylib
0x00007fff64b87000 	/usr/lib/libChineseTokenizer.dylib
0x00007fff29cba000 	/System/Library/Frameworks/Accelerate.framework/Versions/A/Frameworks/vImage.framework/Versions/A/vImage
0x00007fff2b124000 	/System/Library/Frameworks/Accelerate.framework/Versions/A/Frameworks/vecLib.framework/Versions/A/vecLib
0x00007fff2b061000 	/System/Library/Frameworks/Accelerate.framework/Versions/A/Frameworks/vecLib.framework/Versions/A/libvMisc.dylib
0x00007fff2ae89000 	/System/Library/Frameworks/Accelerate.framework/Versions/A/Frameworks/vecLib.framework/Versions/A/libvDSP.dylib
0x00007fff2a311000 	/System/Library/Frameworks/Accelerate.framework/Versions/A/Frameworks/vecLib.framework/Versions/A/libBLAS.dylib
0x00007fff2aa4d000 	/System/Library/Frameworks/Accelerate.framework/Versions/A/Frameworks/vecLib.framework/Versions/A/libLAPACK.dylib
0x00007fff2ade9000 	/System/Library/Frameworks/Accelerate.framework/Versions/A/Frameworks/vecLib.framework/Versions/A/libLinearAlgebra.dylib
0x00007fff2ae76000 	/System/Library/Frameworks/Accelerate.framework/Versions/A/Frameworks/vecLib.framework/Versions/A/libSparseBLAS.dylib
0x00007fff2adff000 	/System/Library/Frameworks/Accelerate.framework/Versions/A/Frameworks/vecLib.framework/Versions/A/libQuadrature.dylib
0x00007fff2a579000 	/System/Library/Frameworks/Accelerate.framework/Versions/A/Frameworks/vecLib.framework/Versions/A/libBNNS.dylib
0x00007fff2ae05000 	/System/Library/Frameworks/Accelerate.framework/Versions/A/Frameworks/vecLib.framework/Versions/A/libSparse.dylib
0x00007fff53718000 	/System/Library/PrivateFrameworks/LanguageModeling.framework/Versions/A/LanguageModeling
0x00007fff45f41000 	/System/Library/PrivateFrameworks/CoreEmoji.framework/Versions/A/CoreEmoji
0x00007fff53836000 	/System/Library/PrivateFrameworks/LinguisticData.framework/Versions/A/LinguisticData
0x00007fff537e7000 	/System/Library/PrivateFrameworks/Lexicon.framework/Versions/A/Lexicon
0x00007fff65443000 	/usr/lib/libcmph.dylib
0x00007fff375ad000 	/System/Library/Frameworks/OpenDirectory.framework/Versions/A/Frameworks/CFOpenDirectory.framework/Versions/A/CFOpenDirectory
0x00007fff375ca000 	/System/Library/Frameworks/OpenDirectory.framework/Versions/A/OpenDirectory
0x00007fff3fa0d000 	/System/Library/PrivateFrameworks/APFS.framework/Versions/A/APFS
0x00007fff3acbc000 	/System/Library/Frameworks/SecurityFoundation.framework/Versions/A/SecurityFoundation
0x00007fff67509000 	/usr/lib/libutil.dylib
0x00007fff47476000 	/System/Library/PrivateFrameworks/CoreServicesStore.framework/Versions/A/CoreServicesStore
0x00007fff3ad73000 	/System/Library/Frameworks/ServiceManagement.framework/Versions/A/ServiceManagement
0x00007fff43130000 	/System/Library/PrivateFrameworks/BackgroundTaskManagement.framework/Versions/A/BackgroundTaskManagement
0x00007fff67606000 	/usr/lib/libxslt.1.dylib
0x00007fff41fd3000 	/System/Library/PrivateFrameworks/AppleSystemInfo.framework/Versions/A/AppleSystemInfo
0x00007fff31162000 	/System/Library/Frameworks/ImageIO.framework/Versions/A/Resources/libJPEG.dylib
0x00007fff31421000 	/System/Library/Frameworks/ImageIO.framework/Versions/A/Resources/libTIFF.dylib
0x00007fff31404000 	/System/Library/Frameworks/ImageIO.framework/Versions/A/Resources/libPng.dylib
0x00007fff310a4000 	/System/Library/Frameworks/ImageIO.framework/Versions/A/Resources/libGIF.dylib
0x00007fff310a8000 	/System/Library/Frameworks/ImageIO.framework/Versions/A/Resources/libJP2.dylib
0x00007fff3141f000 	/System/Library/Frameworks/ImageIO.framework/Versions/A/Resources/libRadiance.dylib
0x00007fff65e85000 	/usr/lib/libexpat.1.dylib
0x00007fff41abb000 	/System/Library/PrivateFrameworks/AppleJPEG.framework/Versions/A/AppleJPEG
0x00007fff4a78c000 	/System/Library/PrivateFrameworks/FontServices.framework/libFontParser.dylib
0x00007fff61032000 	/System/Library/PrivateFrameworks/WatchdogClient.framework/Versions/A/WatchdogClient
0x00007fff52d73000 	/System/Library/PrivateFrameworks/IOAccelerator.framework/Versions/A/IOAccelerator
0x00007fff3392e000 	/System/Library/Frameworks/MetalPerformanceShaders.framework/Versions/A/MetalPerformanceShaders
0x00007fff4f509000 	/System/Library/PrivateFrameworks/GPUWrangler.framework/Versions/A/GPUWrangler
0x00007fff52d88000 	/System/Library/PrivateFrameworks/IOPresentment.framework/Versions/A/IOPresentment
0x00007fff47ff6000 	/System/Library/PrivateFrameworks/DSExternalDisplay.framework/Versions/A/DSExternalDisplay
0x00007fff37f3e000 	/System/Library/Frameworks/OpenGL.framework/Versions/A/Libraries/libCoreFSCache.dylib
0x00007fff3367a000 	/System/Library/Frameworks/MetalPerformanceShaders.framework/Frameworks/MPSCore.framework/Versions/A/MPSCore
0x00007fff336b8000 	/System/Library/Frameworks/MetalPerformanceShaders.framework/Frameworks/MPSImage.framework/Versions/A/MPSImage
0x00007fff3377f000 	/System/Library/Frameworks/MetalPerformanceShaders.framework/Frameworks/MPSNeuralNetwork.framework/Versions/A/MPSNeuralNetwork
0x00007fff33743000 	/System/Library/Frameworks/MetalPerformanceShaders.framework/Frameworks/MPSMatrix.framework/Versions/A/MPSMatrix
0x00007fff338de000 	/System/Library/Frameworks/MetalPerformanceShaders.framework/Frameworks/MPSRayIntersector.framework/Versions/A/MPSRayIntersector
0x00007fff33769000 	/System/Library/Frameworks/MetalPerformanceShaders.framework/Frameworks/MPSNDArray.framework/Versions/A/MPSNDArray
0x00007fff54bf1000 	/System/Library/PrivateFrameworks/MetalTools.framework/Versions/A/MetalTools
0x00007fff40be7000 	/System/Library/PrivateFrameworks/AggregateDictionary.framework/Versions/A/AggregateDictionary
0x00007fff45989000 	/System/Library/PrivateFrameworks/CoreAnalytics.framework/Versions/A/CoreAnalytics
0x00007fff41ef2000 	/System/Library/PrivateFrameworks/AppleSauce.framework/Versions/A/AppleSauce
0x00007fff64e43000 	/usr/lib/libIOReport.dylib
0x00007fff3002e000 	/System/Library/Frameworks/CoreVideo.framework/Versions/A/CoreVideo
0x00007fff50982000 	/System/Library/PrivateFrameworks/GraphVisualizer.framework/Versions/A/GraphVisualizer
0x00007fff49cd2000 	/System/Library/PrivateFrameworks/FaceCore.framework/Versions/A/FaceCore
0x00007fff37554000 	/System/Library/Frameworks/OpenCL.framework/Versions/A/OpenCL
0x00007fff64c65000 	/usr/lib/libFosl_dynamic.dylib
0x00007fff560c7000 	/System/Library/PrivateFrameworks/OTSVG.framework/Versions/A/OTSVG
0x00007fff2c1e3000 	/System/Library/Frameworks/ApplicationServices.framework/Versions/A/Frameworks/ATS.framework/Versions/A/Resources/libFontRegistry.dylib
0x00007fff4a95d000 	/System/Library/PrivateFrameworks/FontServices.framework/libhvf.dylib
0x00007fff37f49000 	/System/Library/Frameworks/OpenGL.framework/Versions/A/Libraries/libGFXShared.dylib
0x00007fff38127000 	/System/Library/Frameworks/OpenGL.framework/Versions/A/Libraries/libGLU.dylib
0x00007fff37f52000 	/System/Library/Frameworks/OpenGL.framework/Versions/A/Libraries/libGL.dylib
0x00007fff37f5d000 	/System/Library/Frameworks/OpenGL.framework/Versions/A/Libraries/libGLImage.dylib
0x00007fff37f3b000 	/System/Library/Frameworks/OpenGL.framework/Versions/A/Libraries/libCVMSPluginSupport.dylib
0x00007fff37f44000 	/System/Library/Frameworks/OpenGL.framework/Versions/A/Libraries/libCoreVMClient.dylib
0x00007fff668d7000 	/usr/lib/libncurses.5.4.dylib
0x00007fff2c0df000 	/System/Library/Frameworks/ApplicationServices.framework/Versions/A/Frameworks/ATS.framework/Versions/A/ATS
0x00007fff2c2ac000 	/System/Library/Frameworks/ApplicationServices.framework/Versions/A/Frameworks/ColorSyncLegacy.framework/Versions/A/ColorSyncLegacy
0x00007fff2c34a000 	/System/Library/Frameworks/ApplicationServices.framework/Versions/A/Frameworks/HIServices.framework/Versions/A/HIServices
0x00007fff2c3a2000 	/System/Library/Frameworks/ApplicationServices.framework/Versions/A/Frameworks/LangAnalysis.framework/Versions/A/LangAnalysis
0x00007fff2c3b1000 	/System/Library/Frameworks/ApplicationServices.framework/Versions/A/Frameworks/PrintCore.framework/Versions/A/PrintCore
0x00007fff2c3f7000 	/System/Library/Frameworks/ApplicationServices.framework/Versions/A/Frameworks/QD.framework/Versions/A/QD
0x00007fff2c402000 	/System/Library/Frameworks/ApplicationServices.framework/Versions/A/Frameworks/SpeechSynthesis.framework/Versions/A/SpeechSynthesis
0x00007fff2c27c000 	/System/Library/Frameworks/ApplicationServices.framework/Versions/A/Frameworks/ATSUI.framework/Versions/A/ATSUI
0x00007fff65d1b000 	/usr/lib/libcups.2.dylib
0x00007fff329c9000 	/System/Library/Frameworks/Kerberos.framework/Versions/A/Kerberos
0x00007fff30b0a000 	/System/Library/Frameworks/GSS.framework/Versions/A/GSS
0x00007fff6705a000 	/usr/lib/libresolv.9.dylib
0x00007fff50b2f000 	/System/Library/PrivateFrameworks/Heimdal.framework/Versions/A/Heimdal
0x00007fff329dc000 	/System/Library/Frameworks/Kerberos.framework/Versions/A/Libraries/libHeimdalProxy.dylib
0x00007fff65ec2000 	/usr/lib/libheimdal-asn1.dylib
0x00007fff44e21000 	/System/Library/PrivateFrameworks/CommonAuth.framework/Versions/A/CommonAuth
0x00007fff42070000 	/System/Library/PrivateFrameworks/AssertionServices.framework/Versions/A/AssertionServices
0x00007fff42c13000 	/System/Library/PrivateFrameworks/AudioToolboxCore.framework/Versions/A/AudioToolboxCore
0x00007fff61ce0000 	/System/Library/PrivateFrameworks/caulk.framework/Versions/A/caulk
0x00007fff431dc000 	/System/Library/PrivateFrameworks/BaseBoard.framework/Versions/A/BaseBoard
0x00007fff5a32a000 	/System/Library/PrivateFrameworks/RunningBoardServices.framework/Versions/A/RunningBoardServices
0x00007fff5733b000 	/System/Library/PrivateFrameworks/PersistentConnection.framework/Versions/A/PersistentConnection
0x00007fff59d23000 	/System/Library/PrivateFrameworks/ProtocolBuffer.framework/Versions/A/ProtocolBuffer
0x00007fff44e45000 	/System/Library/PrivateFrameworks/CommonUtilities.framework/Versions/A/CommonUtilities
0x00007fff4336a000 	/System/Library/PrivateFrameworks/Bom.framework/Versions/A/Bom
0x00007fff64b16000 	/usr/lib/libAudioToolboxUtility.dylib
0x00007fff4313a000 	/System/Library/PrivateFrameworks/Backup.framework/Versions/A/Backup
0x00007fff47f17000 	/System/Library/PrivateFrameworks/CrashReporterSupport.framework/Versions/A/CrashReporterSupport
0x00007fff5bdbc000 	/System/Library/PrivateFrameworks/Sharing.framework/Versions/A/Sharing
0x00007fff4167e000 	/System/Library/PrivateFrameworks/Apple80211.framework/Versions/A/Apple80211
0x00007fff42e57000 	/System/Library/PrivateFrameworks/AuthKit.framework/Versions/A/AuthKit
0x00007fff47c24000 	/System/Library/PrivateFrameworks/CoreUtils.framework/Versions/A/CoreUtils
0x00007fff30073000 	/System/Library/Frameworks/CoreWLAN.framework/Versions/A/CoreWLAN
0x00007fff30c97000 	/System/Library/Frameworks/IOBluetooth.framework/Versions/A/IOBluetooth
0x00007fff54ef6000 	/System/Library/PrivateFrameworks/MobileKeyBag.framework/Versions/A/MobileKeyBag
0x00007fff46a29000 	/System/Library/PrivateFrameworks/CorePhoneNumbers.framework/Versions/A/CorePhoneNumbers
0x00007fff41a6e000 	/System/Library/PrivateFrameworks/AppleIDAuthSupport.framework/Versions/A/AppleIDAuthSupport
0x00007fff349cb000 	/System/Library/Frameworks/Network.framework/Versions/A/Network
0x00007fff535c4000 	/System/Library/PrivateFrameworks/KeychainCircle.framework/Versions/A/KeychainCircle
0x00007fff2dac4000 	/System/Library/Frameworks/CoreBluetooth.framework/Versions/A/CoreBluetooth
0x00007fff5de3b000 	/System/Library/PrivateFrameworks/SpeechRecognitionCore.framework/Versions/A/SpeechRecognitionCore
0x0000000105800000 	/Users/plawn/.sdkman/candidates/java/21.2.0.r11-grl/lib/server/libjvm.dylib
0x0000000104f9a000 	/Users/plawn/.sdkman/candidates/java/21.2.0.r11-grl/lib/libverify.dylib
0x0000000104faa000 	/Users/plawn/.sdkman/candidates/java/21.2.0.r11-grl/lib/libjava.dylib
0x0000000104fd7000 	/Users/plawn/.sdkman/candidates/java/21.2.0.r11-grl/lib/libjimage.dylib
0x0000000104fe5000 	/Users/plawn/.sdkman/candidates/java/21.2.0.r11-grl/lib/libinstrument.dylib
0x00000001065bd000 	/Users/plawn/.sdkman/candidates/java/21.2.0.r11-grl/lib/libjdwp.dylib
0x000000010663a000 	/Users/plawn/.sdkman/candidates/java/21.2.0.r11-grl/lib/libzip.dylib
0x000000012d515000 	/Users/plawn/.sdkman/candidates/java/21.2.0.r11-grl/lib/libjvmcicompiler.dylib
0x000000010dd18000 	/Users/plawn/.sdkman/candidates/java/21.2.0.r11-grl/lib/libnio.dylib
0x000000010dd2a000 	/Users/plawn/.sdkman/candidates/java/21.2.0.r11-grl/lib/libnet.dylib
0x000000010dd43000 	/Users/plawn/.sdkman/candidates/java/21.2.0.r11-grl/lib/libdt_socket.dylib
0x000000010dd6f000 	/Users/plawn/.sdkman/candidates/java/21.2.0.r11-grl/lib/libmanagement.dylib
0x000000010dd79000 	/Users/plawn/.sdkman/candidates/java/21.2.0.r11-grl/lib/libmanagement_ext.dylib
0x000000010dd4e000 	/Users/plawn/.sdkman/candidates/java/21.2.0.r11-grl/lib/libextnet.dylib
0x000000010dda6000 	/private/var/folders/gb/tqpm_mpx409c0j4yhtky9r8r0000gn/T/jffi13692343363759373455.dylib
0x00007fff674ae000 	/usr/lib/libusrtcp.dylib


VM Arguments:
jvm_args: -XX:+UnlockExperimentalVMOptions -XX:+EnableJVMCIProduct -XX:-UnlockExperimentalVMOptions -XX:ThreadPriorityPolicy=1 -Xverify:none -Dquarkus-internal.serialized-app-model.path=/Users/plawn/Documents/petiteStack/petit_chat/target/quarkus/bootstrap/dev-app-model.dat -javaagent:/Users/plawn/.m2/repository/io/quarkus/quarkus-class-change-agent/2.15.0.Final/quarkus-class-change-agent-2.15.0.Final.jar -agentlib:jdwp=transport=dt_socket,address=localhost:5005,server=y,suspend=n -Djava.util.logging.manager=org.jboss.logmanager.LogManager 
java_command: /Users/plawn/Documents/petiteStack/petit_chat/target/petit_chat-dev.jar
java_class_path (initial): /Users/plawn/Documents/petiteStack/petit_chat/target/petit_chat-dev.jar
Launcher Type: SUN_STANDARD

[Global flags]
     bool BytecodeVerificationLocal                = false                                     {product} {command line}
     bool BytecodeVerificationRemote               = false                                     {product} {command line}
     intx CICompilerCount                          = 3                                         {product} {ergonomic}
     uint ConcGCThreads                            = 1                                         {product} {ergonomic}
     bool EnableJVMCIProduct                       = true                                {JVMCI product} {jimage}
     uint G1ConcRefinementThreads                  = 4                                         {product} {ergonomic}
   size_t G1HeapRegionSize                         = 1048576                                   {product} {ergonomic}
    uintx GCDrainStackTargetSize                   = 64                                        {product} {ergonomic}
   size_t InitialHeapSize                          = 134217728                                 {product} {ergonomic}
   size_t MarkStackSize                            = 4194304                                   {product} {ergonomic}
   size_t MaxHeapSize                              = 2147483648                                {product} {ergonomic}
   size_t MaxNewSize                               = 1287651328                                {product} {ergonomic}
   size_t MinHeapDeltaBytes                        = 1048576                                   {product} {ergonomic}
    uintx NonNMethodCodeHeapSize                   = 5830732                                {pd product} {ergonomic}
    uintx NonProfiledCodeHeapSize                  = 164856794                              {pd product} {ergonomic}
    uintx ProfiledCodeHeapSize                     = 164856794                              {pd product} {ergonomic}
    uintx ReservedCodeCacheSize                    = 335544320                              {pd product} {ergonomic}
     bool SegmentedCodeCache                       = true                                      {product} {ergonomic}
     intx ThreadPriorityPolicy                     = 1                                         {product} {jimage}
     bool UseCompressedClassPointers               = true                                 {lp64_product} {ergonomic}
     bool UseCompressedOops                        = true                                 {lp64_product} {ergonomic}
     bool UseG1GC                                  = true                                      {product} {ergonomic}

Logging:
Log output configuration:
 #0: stdout all=warning uptime,level,tags
 #1: stderr all=off uptime,level,tags

Environment Variables:
JAVA_HOME=/Users/plawn/.sdkman/candidates/java/current
PATH=/Users/plawn/.pyenv/shims:/Library/Frameworks/Python.framework/Versions/3.8/bin:/Library/Frameworks/Python.framework/Versions/3.9/bin:/Users/plawn/.cargo/bin:/Users/plawn/.yarn/bin:/Users/plawn/.config/yarn/global/node_modules/.bin:/Users/plawn/.deno/bin:/Users/plawn/.bun/bin:/opt/apache-maven-3.6.3/bin:/Users/plawn/Library/pnpm:/Applications/MATLAB_R2016a.app/bin/:/Library/Frameworks/Python.framework/Versions/3.7/bin:/usr/local/bin:/usr/bin:/bin:/usr/sbin:/sbin:/usr/local/go/bin:/Library/Apple/usr/bin:/Users/plawn/.sdkman/candidates/micronaut/current/bin:/Users/plawn/.sdkman/candidates/java/current/bin:/Users/plawn/.pyenv/shims:/Library/Frameworks/Python.framework/Versions/3.8/bin:/Library/Frameworks/Python.framework/Versions/3.9/bin:/Users/plawn/.cargo/bin:/Users/plawn/.yarn/bin:/Users/plawn/.config/yarn/global/node_modules/.bin:/Users/plawn/.deno/bin:/Users/plawn/.bun/bin:/opt/apache-maven-3.6.3/bin:/Users/plawn/Library/pnpm:/Applications/MATLAB_R2016a.app/bin/:/Library/Frameworks/Python.framework/Versions/3.7/bin:/Users/plawn/Applications/Tools/flutter/bin:/Users/plawn/Applications/Tools/flutter/bin
SHELL=/bin/bash
LANG=fr_FR.UTF-8

Signal Handlers:
SIGSEGV: [libjvm.dylib+0x7a19d8], sa_mask[0]=11111111011111110111111111111111, sa_flags=SA_ONSTACK|SA_RESTART|SA_SIGINFO
SIGBUS: [libjvm.dylib+0x7a19d8], sa_mask[0]=11111111011111110111111111111111, sa_flags=SA_RESTART|SA_SIGINFO
SIGFPE: [libjvm.dylib+0x7a19d8], sa_mask[0]=11111111011111110111111111111111, sa_flags=SA_RESTART|SA_SIGINFO
SIGPIPE: [libjvm.dylib+0x65df15], sa_mask[0]=11111111011111110111111111111111, sa_flags=SA_RESTART|SA_SIGINFO
SIGXFSZ: [libjvm.dylib+0x65df15], sa_mask[0]=11111111011111110111111111111111, sa_flags=SA_RESTART|SA_SIGINFO
SIGILL: [libjvm.dylib+0x7a19d8], sa_mask[0]=11111111011111110111111111111111, sa_flags=SA_RESTART|SA_SIGINFO
SIGUSR2: [libjvm.dylib+0x65e4ff], sa_mask[0]=00100000000000000000000000000000, sa_flags=SA_RESTART|SA_SIGINFO
SIGHUP: [libjvm.dylib+0x65d087], sa_mask[0]=11111111011111110111111111111111, sa_flags=SA_RESTART|SA_SIGINFO
SIGINT: [libjvm.dylib+0x65d087], sa_mask[0]=11111111011111110111111111111111, sa_flags=SA_RESTART|SA_SIGINFO
SIGTERM: [libjvm.dylib+0x65d087], sa_mask[0]=11111111011111110111111111111111, sa_flags=SA_RESTART|SA_SIGINFO
SIGQUIT: [libjvm.dylib+0x65d087], sa_mask[0]=11111111011111110111111111111111, sa_flags=SA_RESTART|SA_SIGINFO


---------------  S Y S T E M  ---------------

OS:uname:Darwin 19.6.0 Darwin Kernel Version 19.6.0: Mon Aug 31 22:12:52 PDT 2020; root:xnu-6153.141.2~1/RELEASE_X86_64 x86_64
OS uptime: 2 days 21:25 hours
rlimit (soft/hard): STACK 8192k/65532k , CORE 0k/infinity , NPROC 1392/2088 , NOFILE 10240/infinity , AS infinity/infinity , CPU infinity/infinity , DATA infinity/infinity , FSIZE infinity/infinity , MEMLOCK infinity/infinity , RSS infinity/infinity
load average:14,49 22,92 12,67

CPU:total 4 (initial active 4) (2 cores per cpu, 2 threads per core) family 6 model 142 stepping 9 microcode 0xd6, cmov, cx8, fxsr, mmx, sse, sse2, sse3, ssse3, sse4.1, sse4.2, popcnt, avx, avx2, aes, clmul, erms, rtm, 3dnowpref, lzcnt, ht, tsc, tscinvbit, bmi1, bmi2, adx, fma

Memory: 4k page, physical 8388608k(68048k free), swap 6291456k(1176576k free)

vm_info: OpenJDK 64-Bit Server VM (11.0.12+6-jvmci-21.2-b08) for bsd-amd64 JRE (11.0.12+6-jvmci-21.2-b08), built on Jul 19 2021 17:16:18 by "graal" with clang 4.2.1 Compatible Apple LLVM 10.0.0 (clang-1000.11.45.5)

END.
