#
# A fatal error has been detected by the Java Runtime Environment:
#
#  Internal Error (nativeInst_x86.cpp:270), pid=51088, tid=35591
#  guarantee(!os::is_MP() || is_aligned) failed: destination must be aligned
#
# JRE version: OpenJDK Runtime Environment GraalVM CE 21.2.0 (11.0.12+6) (build 11.0.12+6-jvmci-21.2-b08)
# Java VM: OpenJDK 64-Bit Server VM GraalVM CE 21.2.0 (11.0.12+6-jvmci-21.2-b08, mixed mode, sharing, tiered, jvmci, jvmci compiler, compressed oops, g1 gc, bsd-amd64)
# No core dump will be written. Core dumps have been disabled. To enable core dumping, try "ulimit -c unlimited" before starting Java again
#
# If you would like to submit a bug report, please visit:
#   https://github.com/oracle/graal/issues
#

---------------  S U M M A R Y ------------

Command Line: -XX:+UnlockExperimentalVMOptions -XX:+EnableJVMCIProduct -XX:-UnlockExperimentalVMOptions -XX:ThreadPriorityPolicy=1 -Xverify:none -Dquarkus-internal.serialized-app-model.path=/Users/plawn/Documents/petiteStack/petit_chat/target/quarkus/bootstrap/dev-app-model.dat -javaagent:/Users/plawn/.m2/repository/io/quarkus/quarkus-class-change-agent/2.15.0.Final/quarkus-class-change-agent-2.15.0.Final.jar -agentlib:jdwp=transport=dt_socket,address=localhost:5005,server=y,suspend=n -Djava.util.logging.manager=org.jboss.logmanager.LogManager /Users/plawn/Documents/petiteStack/petit_chat/target/petit_chat-dev.jar

Host: MacBookPro14,1 x86_64 2300 MHz, 4 cores, 8G, Darwin 19.6.0
Time: Tue Dec 27 22:26:35 2022 CET elapsed time: 62.550332 seconds (0d 0h 1m 2s)

---------------  T H R E A D  ---------------

Current thread (0x00007fccd37e8800):  JavaThread "Aesh Shutdown Hook" [_thread_in_vm, id=35591, stack(0x00007000036f4000,0x00007000037f4000)]

Stack: [0x00007000036f4000,0x00007000037f4000],  sp=0x00007000037f0010,  free space=1008k
Native frames: (J=compiled Java code, A=aot compiled Java code, j=interpreted, Vv=VM code, C=native code)
V  [libjvm.dylib+0x7a0ba3]  VMError::report_and_die(int, char const*, char const*, __va_list_tag*, Thread*, unsigned char*, void*, void*, char const*, int, unsigned long)+0x663
V  [libjvm.dylib+0x7a12a1]  VMError::report_and_die(Thread*, void*, char const*, int, char const*, char const*, __va_list_tag*)+0x47
V  [libjvm.dylib+0x26c454]  report_vm_error(char const*, int, char const*, char const*, ...)+0xa9
V  [libjvm.dylib+0x639c2c]  NativeCall::set_destination_mt_safe(unsigned char*)+0x66
V  [libjvm.dylib+0x23966d]  CompiledIC::internal_set_ic_destination(unsigned char*, bool, void*, bool)+0x77
V  [libjvm.dylib+0x6d561b]  SharedRuntime::reresolve_call_site(JavaThread*, Thread*)+0x1ed
V  [libjvm.dylib+0x6d21d0]  SharedRuntime::handle_wrong_method(JavaThread*)+0xa4
v  ~RuntimeStub::wrong_method_stub
J 4190 jvmci java.util.regex.Pattern$GroupHead.match(Ljava/util/regex/Matcher;ILjava/lang/CharSequence;)Z java.base@11.0.12 (47 bytes) @ 0x000000011ca25f22 [0x000000011ca25d20+0x0000000000000202]
J 3330 c1 java.util.regex.Pattern$Start.match(Ljava/util/regex/Matcher;ILjava/lang/CharSequence;)Z java.base@11.0.12 (90 bytes) @ 0x000000011326e264 [0x000000011326df60+0x0000000000000304]
J 4943 jvmci java.util.regex.Matcher.search(I)Z java.base@11.0.12 (154 bytes) @ 0x000000011ca666d6 [0x000000011ca66560+0x0000000000000176]
J 3645 c1 java.util.regex.Matcher.find()Z java.base@11.0.12 (69 bytes) @ 0x00000001132f14dc [0x00000001132f13c0+0x000000000000011c]
j  org.aesh.readline.terminal.impl.ExecPty.doGetFlag(Ljava/lang/String;Ljava/lang/Enum;)Ljava/lang/Boolean;+39
j  org.aesh.readline.terminal.impl.ExecPty.doGetAttr(Ljava/lang/String;)Lorg/aesh/terminal/Attributes;+33
j  org.aesh.readline.terminal.impl.ExecPty.getAttr()Lorg/aesh/terminal/Attributes;+34
j  org.aesh.readline.terminal.impl.ExecPty.setAttr(Lorg/aesh/terminal/Attributes;)V+1
j  org.aesh.readline.terminal.impl.AbstractPosixTerminal.close()V+8
j  org.aesh.readline.terminal.impl.PosixSysTerminal.close()V+66
j  org.aesh.readline.terminal.impl.PosixSysTerminal$$Lambda$358.run()V+4
j  org.aesh.readline.terminal.utils.ShutdownHooks.runTasks()V+61
j  org.aesh.readline.terminal.utils.ShutdownHooks.access$000()V+0
j  org.aesh.readline.terminal.utils.ShutdownHooks$1.run()V+0
v  ~StubRoutines::call_stub
V  [libjvm.dylib+0x3a8fdc]  JavaCalls::call_helper(JavaValue*, methodHandle const&, JavaCallArguments*, Thread*)+0x21c
V  [libjvm.dylib+0x3a8440]  JavaCalls::call_virtual(JavaValue*, Klass*, Symbol*, Symbol*, JavaCallArguments*, Thread*)+0xee
V  [libjvm.dylib+0x3a84fc]  JavaCalls::call_virtual(JavaValue*, Handle, Klass*, Symbol*, Symbol*, Thread*)+0x62
V  [libjvm.dylib+0x42df9d]  thread_entry(JavaThread*, Thread*)+0x78
V  [libjvm.dylib+0x758aa8]  JavaThread::thread_main_inner()+0x82
V  [libjvm.dylib+0x7588f2]  JavaThread::run()+0x174
V  [libjvm.dylib+0x756698]  Thread::call_run()+0x68
V  [libjvm.dylib+0x65bdd9]  thread_native_entry(Thread*)+0x139
C  [libsystem_pthread.dylib+0x6109]  _pthread_start+0x94
C  [libsystem_pthread.dylib+0x1b8b]  thread_start+0xf

Java frames: (J=compiled Java code, j=interpreted, Vv=VM code)
v  ~RuntimeStub::wrong_method_stub
J 4190 jvmci java.util.regex.Pattern$GroupHead.match(Ljava/util/regex/Matcher;ILjava/lang/CharSequence;)Z java.base@11.0.12 (47 bytes) @ 0x000000011ca25f22 [0x000000011ca25d20+0x0000000000000202]
J 3330 c1 java.util.regex.Pattern$Start.match(Ljava/util/regex/Matcher;ILjava/lang/CharSequence;)Z java.base@11.0.12 (90 bytes) @ 0x000000011326e264 [0x000000011326df60+0x0000000000000304]
J 4943 jvmci java.util.regex.Matcher.search(I)Z java.base@11.0.12 (154 bytes) @ 0x000000011ca666d6 [0x000000011ca66560+0x0000000000000176]
J 3645 c1 java.util.regex.Matcher.find()Z java.base@11.0.12 (69 bytes) @ 0x00000001132f14dc [0x00000001132f13c0+0x000000000000011c]
j  org.aesh.readline.terminal.impl.ExecPty.doGetFlag(Ljava/lang/String;Ljava/lang/Enum;)Ljava/lang/Boolean;+39
j  org.aesh.readline.terminal.impl.ExecPty.doGetAttr(Ljava/lang/String;)Lorg/aesh/terminal/Attributes;+33
j  org.aesh.readline.terminal.impl.ExecPty.getAttr()Lorg/aesh/terminal/Attributes;+34
j  org.aesh.readline.terminal.impl.ExecPty.setAttr(Lorg/aesh/terminal/Attributes;)V+1
j  org.aesh.readline.terminal.impl.AbstractPosixTerminal.close()V+8
j  org.aesh.readline.terminal.impl.PosixSysTerminal.close()V+66
j  org.aesh.readline.terminal.impl.PosixSysTerminal$$Lambda$358.run()V+4
j  org.aesh.readline.terminal.utils.ShutdownHooks.runTasks()V+61
j  org.aesh.readline.terminal.utils.ShutdownHooks.access$000()V+0
j  org.aesh.readline.terminal.utils.ShutdownHooks$1.run()V+0
v  ~StubRoutines::call_stub

---------------  P R O C E S S  ---------------

Threads class SMR info:
_java_thread_list=0x00007fccd1f5e910, length=33, elements={
0x00007fccd3818800, 0x00007fccd2808800, 0x00007fccd2024000, 0x00007fccd381c800,
0x00007fccd2034000, 0x00007fccd3014800, 0x00007fccd3825800, 0x00007fccd3015800,
0x00007fccd209a000, 0x00007fccd2929800, 0x00007fccd2198000, 0x00007fccd3ced000,
0x00007fccd377b800, 0x00007fccd3bf0800, 0x00007fccd37ec800, 0x00007fccd25fc000,
0x00007fccd25bb000, 0x00007fccd3472000, 0x00007fccd2cb9000, 0x00007fccd260a800,
0x00007fccd2583800, 0x00007fccd3a21800, 0x00007fccd2bf5000, 0x00007fccd3434000,
0x00007fccd374c000, 0x00007fccd37af000, 0x00007fccd3010000, 0x00007fccd256a000,
0x00007fccd376c800, 0x00007fccd376e800, 0x00007fccd37e8800, 0x00007fccd3b5a800,
0x00007fccd2cfd000
}

Java Threads: ( => current thread )
  0x00007fccd3818800 JavaThread "Reference Handler" daemon [_thread_blocked, id=15107, stack(0x0000700001108000,0x0000700001208000)]
  0x00007fccd2808800 JavaThread "Finalizer" daemon [_thread_blocked, id=15619, stack(0x000070000120b000,0x000070000130b000)]
  0x00007fccd2024000 JavaThread "Signal Dispatcher" daemon [_thread_blocked, id=21763, stack(0x0000700001414000,0x0000700001514000)]
  0x00007fccd381c800 JavaThread "Service Thread" daemon [_thread_blocked, id=43267, stack(0x0000700001517000,0x0000700001617000)]
  0x00007fccd2034000 JavaThread "JVMCI-native CompilerThread0" daemon [_thread_blocked, id=23043, stack(0x000070000161a000,0x000070000181a000)]
  0x00007fccd3014800 JavaThread "C1 CompilerThread0" daemon [_thread_in_vm, id=23555, stack(0x000070000181d000,0x0000700001a1d000)]
  0x00007fccd3825800 JavaThread "Sweeper thread" daemon [_thread_blocked, id=24323, stack(0x0000700001a20000,0x0000700001b20000)]
  0x00007fccd3015800 JavaThread "Common-Cleaner" daemon [_thread_blocked, id=42243, stack(0x0000700001b23000,0x0000700001c23000)]
  0x00007fccd209a000 JavaThread "JDWP Transport Listener: dt_socket" daemon [_thread_in_native, id=41219, stack(0x0000700001ca9000,0x0000700001da9000)]
  0x00007fccd2929800 JavaThread "JDWP Event Helper Thread" daemon [_thread_blocked, id=25603, stack(0x0000700001dac000,0x0000700001eac000)]
  0x00007fccd2198000 JavaThread "Libgraal MBean Registration" daemon [_thread_blocked, id=40195, stack(0x00007000021b5000,0x00007000022b5000)]
  0x00007fccd3ced000 JavaThread "ForkJoinPool.commonPool-worker-3" daemon [_thread_blocked, id=27651, stack(0x00007000027c7000,0x00007000028c7000)]
  0x00007fccd377b800 JavaThread "process reaper" daemon [_thread_blocked, id=75267, stack(0x0000700001391000,0x00007000013b5000)]
  0x00007fccd3bf0800 JavaThread "Aesh InputStream Reader" daemon [_thread_in_native, id=74755, stack(0x0000700005754000,0x0000700005854000)]
  0x00007fccd37ec800 JavaThread "vertx-blocked-thread-checker" daemon [_thread_blocked, id=60163, stack(0x0000700006172000,0x0000700006272000)]
  0x00007fccd25fc000 JavaThread "[DevConsole]vert.x-eventloop-thread-0" [_thread_in_native, id=70147, stack(0x0000700006275000,0x0000700006375000)]
  0x00007fccd25bb000 JavaThread "ForkJoinPool.commonPool-worker-5" daemon [_thread_blocked, id=87047, stack(0x00007000029cd000,0x0000700002acd000)]
  0x00007fccd3472000 JavaThread "ForkJoinPool.commonPool-worker-7" daemon [_thread_blocked, id=43783, stack(0x0000700002ad0000,0x0000700002bd0000)]
  0x00007fccd2cb9000 JavaThread "Quarkus Main Thread" [_thread_blocked, id=51975, stack(0x0000700002bd3000,0x0000700002cd3000)]
  0x00007fccd260a800 JavaThread "executor-thread-0" daemon [_thread_blocked, id=86795, stack(0x0000700002cd6000,0x0000700002dd6000)]
  0x00007fccd2583800 JavaThread "vertx-blocked-thread-checker" daemon [_thread_blocked, id=47623, stack(0x0000700002dd9000,0x0000700002ed9000)]
  0x00007fccd3a21800 JavaThread "vert.x-eventloop-thread-0" [_thread_in_native, id=49927, stack(0x0000700002edc000,0x0000700002fdc000)]
  0x00007fccd2bf5000 JavaThread "vert.x-eventloop-thread-1" [_thread_in_native, id=81671, stack(0x0000700002fdf000,0x00007000030df000)]
  0x00007fccd3434000 JavaThread "vert.x-eventloop-thread-2" [_thread_in_native, id=58375, stack(0x00007000030e2000,0x00007000031e2000)]
  0x00007fccd374c000 JavaThread "vert.x-acceptor-thread-0" [_thread_in_native, id=71943, stack(0x00007000031e5000,0x00007000032e5000)]
  0x00007fccd37af000 JavaThread "vert.x-eventloop-thread-3" [_thread_in_native, id=72199, stack(0x00007000032e8000,0x00007000033e8000)]
  0x00007fccd3010000 JavaThread "DestroyJavaVM" [_thread_blocked, id=10243, stack(0x00007000009f3000,0x0000700000af3000)]
  0x00007fccd256a000 JavaThread "Thread-58" daemon [_thread_blocked, id=48903, stack(0x00007000033eb000,0x00007000034eb000)]
  0x00007fccd376c800 JavaThread "Shutdown thread" [_thread_blocked, id=86023, stack(0x00007000034ee000,0x00007000035ee000)]
  0x00007fccd376e800 JavaThread "Console Shutdown Hook" [_thread_in_vm, id=29703, stack(0x00007000035f1000,0x00007000036f1000)]
=>0x00007fccd37e8800 JavaThread "Aesh Shutdown Hook" [_thread_in_vm, id=35591, stack(0x00007000036f4000,0x00007000037f4000)]
  0x00007fccd3b5a800 JavaThread "Quarkus Shutdown Thread" [_thread_blocked, id=37127, stack(0x00007000039fd000,0x0000700003afd000)]
  0x00007fccd2cfd000 JavaThread "process reaper" daemon [_thread_blocked, id=27143, stack(0x00007000013b8000,0x00007000013dc000)]

Other Threads:
  0x00007fccd2020800 VMThread "VM Thread" [stack: 0x0000700001005000,0x0000700001105000] [id=14339]
  0x00007fccd209b000 WatcherThread [stack: 0x0000700001eaf000,0x0000700001faf000] [id=40963]
  0x00007fccd2810000 GCTaskThread "GC Thread#0" [stack: 0x0000700000af6000,0x0000700000bf6000] [id=20995]
  0x00007fccd315f000 GCTaskThread "GC Thread#1" [stack: 0x0000700001fb2000,0x00007000020b2000] [id=40455]
  0x00007fccd315f800 GCTaskThread "GC Thread#2" [stack: 0x00007000022b8000,0x00007000023b8000] [id=40711]
  0x00007fccd3ee1000 GCTaskThread "GC Thread#3" [stack: 0x00007000028ca000,0x00007000029ca000] [id=27907]
  0x00007fccd2831800 ConcurrentGCThread "G1 Main Marker" [stack: 0x0000700000bf9000,0x0000700000cf9000] [id=20483]
  0x00007fccd2832000 ConcurrentGCThread "G1 Conc#0" [stack: 0x0000700000cfc000,0x0000700000dfc000] [id=19715]
  0x00007fccd2883000 ConcurrentGCThread "G1 Refine#0" [stack: 0x0000700000dff000,0x0000700000eff000] [id=12035]
  0x00007fccd316c000 ConcurrentGCThread "G1 Refine#1" [stack: 0x00007000023bb000,0x00007000024bb000] [id=24583]
  0x00007fccd23b6800 ConcurrentGCThread "G1 Refine#2" [stack: 0x00007000024be000,0x00007000025be000] [id=41479]
  0x00007fccd2b0e800 ConcurrentGCThread "G1 Refine#3" [stack: 0x00007000025c1000,0x00007000026c1000] [id=39683]
  0x00007fccd2883800 ConcurrentGCThread "G1 Young RemSet Sampling" [stack: 0x0000700000f02000,0x0000700001002000] [id=12547]

Threads with active compile tasks:
JVMCI-native CompilerThread0  62562 5952       4       io.quarkus.paths.PathTreeWithManifest::apply (11 bytes)
C1 CompilerThread0  62562 5964       3       java.util.regex.CharPredicates$$Lambda$30/0x0000000840084040::is (5 bytes)

VM state:not at safepoint (normal execution)

VM Mutex/Monitor currently owned by a thread:  ([mutex/lock_event])
[0x00007fccd1f0b940] Patching_lock - owner thread: 0x00007fccd37e8800
[0x00007fccd1f0cc40] CompiledIC_lock - owner thread: 0x00007fccd37e8800
[0x00007fccd1f0cfc0] Compile_lock - owner thread: 0x00007fccd3014800
[0x00007fccd1f0d140] MethodCompileQueue_lock - owner thread: 0x00007fccd3014800

Heap address: 0x0000000780000000, size: 2048 MB, Compressed Oops mode: Zero based, Oop shift amount: 3
Narrow klass base: 0x0000000800000000, Narrow klass shift: 3
Compressed class space size: 1073741824 Address: 0x0000000840000000

Heap:
 garbage-first heap   total 192512K, used 139090K [0x0000000780000000, 0x0000000800000000)
  region size 1024K, 58 young (59392K), 6 survivors (6144K)
 Metaspace       used 52189K, capacity 54714K, committed 54832K, reserved 1097728K
  class space    used 6432K, capacity 7453K, committed 7552K, reserved 1048576K
Heap Regions: E=young(eden), S=young(survivor), O=old, HS=humongous(starts), HC=humongous(continues), CS=collection set, F=free, A=archive, TAMS=top-at-mark-start (previous, next)
|   0|0x0000000780000000, 0x0000000780100000, 0x0000000780100000|100%| O|  |TAMS 0x0000000780100000, 0x0000000780000000| Untracked 
|   1|0x0000000780100000, 0x0000000780200000, 0x0000000780200000|100%| O|  |TAMS 0x0000000780200000, 0x0000000780100000| Untracked 
|   2|0x0000000780200000, 0x0000000780300000, 0x0000000780300000|100%| O|  |TAMS 0x0000000780300000, 0x0000000780200000| Untracked 
|   3|0x0000000780300000, 0x0000000780400000, 0x0000000780400000|100%| O|  |TAMS 0x0000000780400000, 0x0000000780300000| Untracked 
|   4|0x0000000780400000, 0x0000000780500000, 0x0000000780500000|100%| O|  |TAMS 0x0000000780500000, 0x0000000780400000| Untracked 
|   5|0x0000000780500000, 0x0000000780600000, 0x0000000780600000|100%| O|  |TAMS 0x0000000780600000, 0x0000000780500000| Untracked 
|   6|0x0000000780600000, 0x0000000780700000, 0x0000000780700000|100%| O|  |TAMS 0x0000000780700000, 0x0000000780600000| Untracked 
|   7|0x0000000780700000, 0x0000000780800000, 0x0000000780800000|100%| O|  |TAMS 0x0000000780800000, 0x0000000780700000| Complete 
|   8|0x0000000780800000, 0x0000000780900000, 0x0000000780900000|100%|HS|  |TAMS 0x0000000780900000, 0x0000000780800000| Complete 
|   9|0x0000000780900000, 0x0000000780a00000, 0x0000000780a00000|100%|HC|  |TAMS 0x0000000780a00000, 0x0000000780900000| Complete 
|  10|0x0000000780a00000, 0x0000000780b00000, 0x0000000780b00000|100%| O|  |TAMS 0x0000000780b00000, 0x0000000780a00000| Untracked 
|  11|0x0000000780b00000, 0x0000000780c00000, 0x0000000780c00000|100%| O|  |TAMS 0x0000000780c00000, 0x0000000780b00000| Complete 
|  12|0x0000000780c00000, 0x0000000780d00000, 0x0000000780d00000|100%| O|  |TAMS 0x0000000780d00000, 0x0000000780c00000| Untracked 
|  13|0x0000000780d00000, 0x0000000780e00000, 0x0000000780e00000|100%| O|  |TAMS 0x0000000780e00000, 0x0000000780d00000| Untracked 
|  14|0x0000000780e00000, 0x0000000780f00000, 0x0000000780f00000|100%| O|  |TAMS 0x0000000780f00000, 0x0000000780e00000| Untracked 
|  15|0x0000000780f00000, 0x0000000781000000, 0x0000000781000000|100%| O|  |TAMS 0x0000000781000000, 0x0000000780f00000| Untracked 
|  16|0x0000000781000000, 0x0000000781100000, 0x0000000781100000|100%| O|  |TAMS 0x0000000781100000, 0x0000000781000000| Untracked 
|  17|0x0000000781100000, 0x0000000781200000, 0x0000000781200000|100%| O|  |TAMS 0x0000000781200000, 0x0000000781100000| Untracked 
|  18|0x0000000781200000, 0x0000000781300000, 0x0000000781300000|100%| O|  |TAMS 0x0000000781300000, 0x0000000781200000| Complete 
|  19|0x0000000781300000, 0x0000000781400000, 0x0000000781400000|100%| O|  |TAMS 0x0000000781400000, 0x0000000781300000| Complete 
|  20|0x0000000781400000, 0x0000000781500000, 0x0000000781500000|100%| O|  |TAMS 0x0000000781500000, 0x0000000781400000| Complete 
|  21|0x0000000781500000, 0x0000000781600000, 0x0000000781600000|100%| O|  |TAMS 0x0000000781600000, 0x0000000781500000| Untracked 
|  22|0x0000000781600000, 0x0000000781700000, 0x0000000781700000|100%| O|  |TAMS 0x0000000781700000, 0x0000000781600000| Untracked 
|  23|0x0000000781700000, 0x0000000781800000, 0x0000000781800000|100%| O|  |TAMS 0x0000000781800000, 0x0000000781700000| Complete 
|  24|0x0000000781800000, 0x0000000781900000, 0x0000000781900000|100%| O|  |TAMS 0x0000000781900000, 0x0000000781800000| Complete 
|  25|0x0000000781900000, 0x0000000781a00000, 0x0000000781a00000|100%| O|  |TAMS 0x0000000781a00000, 0x0000000781900000| Complete 
|  26|0x0000000781a00000, 0x0000000781b00000, 0x0000000781b00000|100%| O|  |TAMS 0x0000000781b00000, 0x0000000781a00000| Complete 
|  27|0x0000000781b00000, 0x0000000781c00000, 0x0000000781c00000|100%| O|  |TAMS 0x0000000781c00000, 0x0000000781b00000| Complete 
|  28|0x0000000781c00000, 0x0000000781d00000, 0x0000000781d00000|100%| O|  |TAMS 0x0000000781d00000, 0x0000000781c00000| Complete 
|  29|0x0000000781d00000, 0x0000000781e00000, 0x0000000781e00000|100%| O|  |TAMS 0x0000000781e00000, 0x0000000781d00000| Complete 
|  30|0x0000000781e00000, 0x0000000781f00000, 0x0000000781f00000|100%| O|  |TAMS 0x0000000781f00000, 0x0000000781e00000| Complete 
|  31|0x0000000781f00000, 0x0000000782000000, 0x0000000782000000|100%| O|  |TAMS 0x0000000782000000, 0x0000000781f00000| Untracked 
|  32|0x0000000782000000, 0x0000000782100000, 0x0000000782100000|100%| O|  |TAMS 0x0000000782100000, 0x0000000782000000| Complete 
|  33|0x0000000782100000, 0x0000000782200000, 0x0000000782200000|100%| O|  |TAMS 0x0000000782200000, 0x0000000782100000| Complete 
|  34|0x0000000782200000, 0x0000000782300000, 0x0000000782300000|100%| O|  |TAMS 0x0000000782300000, 0x0000000782200000| Untracked 
|  35|0x0000000782300000, 0x0000000782400000, 0x0000000782400000|100%| O|  |TAMS 0x0000000782400000, 0x0000000782300000| Untracked 
|  36|0x0000000782400000, 0x0000000782500000, 0x0000000782500000|100%| O|  |TAMS 0x0000000782500000, 0x0000000782400000| Untracked 
|  37|0x0000000782500000, 0x0000000782600000, 0x0000000782600000|100%| O|  |TAMS 0x0000000782600000, 0x0000000782500000| Complete 
|  38|0x0000000782600000, 0x0000000782700000, 0x0000000782700000|100%|HS|  |TAMS 0x0000000782700000, 0x0000000782600000| Complete 
|  39|0x0000000782700000, 0x0000000782800000, 0x0000000782800000|100%| O|  |TAMS 0x0000000782800000, 0x0000000782700000| Complete 
|  40|0x0000000782800000, 0x0000000782900000, 0x0000000782900000|100%| O|  |TAMS 0x0000000782900000, 0x0000000782800000| Untracked 
|  41|0x0000000782900000, 0x0000000782a00000, 0x0000000782a00000|100%| O|  |TAMS 0x0000000782a00000, 0x0000000782900000| Untracked 
|  42|0x0000000782a00000, 0x0000000782b00000, 0x0000000782b00000|100%| O|  |TAMS 0x0000000782b00000, 0x0000000782a00000| Untracked 
|  43|0x0000000782b00000, 0x0000000782c00000, 0x0000000782c00000|100%| O|  |TAMS 0x0000000782c00000, 0x0000000782b00000| Complete 
|  44|0x0000000782c00000, 0x0000000782d00000, 0x0000000782d00000|100%| O|  |TAMS 0x0000000782d00000, 0x0000000782c00000| Complete 
|  45|0x0000000782d00000, 0x0000000782e00000, 0x0000000782e00000|100%| O|  |TAMS 0x0000000782e00000, 0x0000000782d00000| Complete 
|  46|0x0000000782e00000, 0x0000000782f00000, 0x0000000782f00000|100%| O|  |TAMS 0x0000000782f00000, 0x0000000782e00000| Untracked 
|  47|0x0000000782f00000, 0x0000000783000000, 0x0000000783000000|100%| O|  |TAMS 0x0000000783000000, 0x0000000782f00000| Complete 
|  48|0x0000000783000000, 0x0000000783100000, 0x0000000783100000|100%| O|  |TAMS 0x0000000783100000, 0x0000000783000000| Complete 
|  49|0x0000000783100000, 0x0000000783200000, 0x0000000783200000|100%| O|  |TAMS 0x0000000783200000, 0x0000000783100000| Complete 
|  50|0x0000000783200000, 0x0000000783300000, 0x0000000783300000|100%| O|  |TAMS 0x0000000783300000, 0x0000000783200000| Complete 
|  51|0x0000000783300000, 0x0000000783400000, 0x0000000783400000|100%| O|  |TAMS 0x0000000783400000, 0x0000000783300000| Complete 
|  52|0x0000000783400000, 0x0000000783500000, 0x0000000783500000|100%| O|  |TAMS 0x0000000783500000, 0x0000000783400000| Untracked 
|  53|0x0000000783500000, 0x0000000783600000, 0x0000000783600000|100%| O|  |TAMS 0x0000000783600000, 0x0000000783500000| Complete 
|  54|0x0000000783600000, 0x0000000783700000, 0x0000000783700000|100%| O|  |TAMS 0x0000000783700000, 0x0000000783600000| Untracked 
|  55|0x0000000783700000, 0x0000000783800000, 0x0000000783800000|100%| O|  |TAMS 0x0000000783800000, 0x0000000783700000| Complete 
|  56|0x0000000783800000, 0x0000000783900000, 0x0000000783900000|100%| O|  |TAMS 0x0000000783900000, 0x0000000783800000| Complete 
|  57|0x0000000783900000, 0x0000000783a00000, 0x0000000783a00000|100%| O|  |TAMS 0x0000000783a00000, 0x0000000783900000| Untracked 
|  58|0x0000000783a00000, 0x0000000783b00000, 0x0000000783b00000|100%| O|  |TAMS 0x0000000783b00000, 0x0000000783a00000| Untracked 
|  59|0x0000000783b00000, 0x0000000783c00000, 0x0000000783c00000|100%| O|  |TAMS 0x0000000783c00000, 0x0000000783b00000| Untracked 
|  60|0x0000000783c00000, 0x0000000783d00000, 0x0000000783d00000|100%| O|  |TAMS 0x0000000783d00000, 0x0000000783c00000| Complete 
|  61|0x0000000783d00000, 0x0000000783e00000, 0x0000000783e00000|100%| O|  |TAMS 0x0000000783e00000, 0x0000000783d00000| Complete 
|  62|0x0000000783e00000, 0x0000000783e00000, 0x0000000783f00000|  0%| F|  |TAMS 0x0000000783e00000, 0x0000000783e00000| Untracked 
|  63|0x0000000783f00000, 0x0000000784000000, 0x0000000784000000|100%| O|  |TAMS 0x0000000784000000, 0x0000000783f00000| Complete 
|  64|0x0000000784000000, 0x0000000784100000, 0x0000000784100000|100%| O|  |TAMS 0x0000000784100000, 0x0000000784000000| Untracked 
|  65|0x0000000784100000, 0x0000000784200000, 0x0000000784200000|100%| O|  |TAMS 0x0000000784200000, 0x0000000784100000| Untracked 
|  66|0x0000000784200000, 0x0000000784300000, 0x0000000784300000|100%| O|  |TAMS 0x0000000784300000, 0x0000000784200000| Complete 
|  67|0x0000000784300000, 0x0000000784400000, 0x0000000784400000|100%| O|  |TAMS 0x0000000784400000, 0x0000000784300000| Complete 
|  68|0x0000000784400000, 0x0000000784500000, 0x0000000784500000|100%| O|  |TAMS 0x0000000784500000, 0x0000000784400000| Complete 
|  69|0x0000000784500000, 0x0000000784500000, 0x0000000784600000|  0%| F|  |TAMS 0x0000000784500000, 0x0000000784500000| Untracked 
|  70|0x0000000784600000, 0x0000000784700000, 0x0000000784700000|100%| O|  |TAMS 0x0000000784700000, 0x0000000784600000| Complete 
|  71|0x0000000784700000, 0x0000000784800000, 0x0000000784800000|100%| O|  |TAMS 0x0000000784800000, 0x0000000784700000| Complete 
|  72|0x0000000784800000, 0x0000000784900000, 0x0000000784900000|100%| O|  |TAMS 0x0000000784900000, 0x0000000784800000| Untracked 
|  73|0x0000000784900000, 0x0000000784a00000, 0x0000000784a00000|100%| O|  |TAMS 0x0000000784a00000, 0x0000000784900000| Untracked 
|  74|0x0000000784a00000, 0x0000000784b00000, 0x0000000784b00000|100%| O|  |TAMS 0x0000000784b00000, 0x0000000784a00000| Untracked 
|  75|0x0000000784b00000, 0x0000000784c00000, 0x0000000784c00000|100%| O|  |TAMS 0x0000000784c00000, 0x0000000784b00000| Complete 
|  76|0x0000000784c00000, 0x0000000784d00000, 0x0000000784d00000|100%| O|  |TAMS 0x0000000784d00000, 0x0000000784c00000| Complete 
|  77|0x0000000784d00000, 0x0000000784e00000, 0x0000000784e00000|100%| O|  |TAMS 0x0000000784e00000, 0x0000000784d00000| Untracked 
|  78|0x0000000784e00000, 0x0000000784f00000, 0x0000000784f00000|100%| O|  |TAMS 0x0000000784f00000, 0x0000000784e00000| Complete 
|  79|0x0000000784f00000, 0x0000000785000000, 0x0000000785000000|100%| O|  |TAMS 0x0000000785000000, 0x0000000784f00000| Complete 
|  80|0x0000000785000000, 0x00000007850b6800, 0x0000000785100000| 71%| O|  |TAMS 0x00000007850b6800, 0x0000000785000000| Untracked 
|  81|0x0000000785100000, 0x0000000785100000, 0x0000000785200000|  0%| F|  |TAMS 0x0000000785100000, 0x0000000785100000| Untracked 
|  82|0x0000000785200000, 0x0000000785200000, 0x0000000785300000|  0%| F|  |TAMS 0x0000000785200000, 0x0000000785200000| Untracked 
|  83|0x0000000785300000, 0x0000000785300000, 0x0000000785400000|  0%| F|  |TAMS 0x0000000785300000, 0x0000000785300000| Untracked 
|  84|0x0000000785400000, 0x0000000785400000, 0x0000000785500000|  0%| F|  |TAMS 0x0000000785400000, 0x0000000785400000| Untracked 
|  85|0x0000000785500000, 0x0000000785500000, 0x0000000785600000|  0%| F|  |TAMS 0x0000000785500000, 0x0000000785500000| Untracked 
|  86|0x0000000785600000, 0x0000000785600000, 0x0000000785700000|  0%| F|  |TAMS 0x0000000785600000, 0x0000000785600000| Untracked 
|  87|0x0000000785700000, 0x0000000785700000, 0x0000000785800000|  0%| F|  |TAMS 0x0000000785700000, 0x0000000785700000| Untracked 
|  88|0x0000000785800000, 0x0000000785800000, 0x0000000785900000|  0%| F|  |TAMS 0x0000000785800000, 0x0000000785800000| Untracked 
|  89|0x0000000785900000, 0x0000000785900000, 0x0000000785a00000|  0%| F|  |TAMS 0x0000000785900000, 0x0000000785900000| Untracked 
|  90|0x0000000785a00000, 0x0000000785a00000, 0x0000000785b00000|  0%| F|  |TAMS 0x0000000785a00000, 0x0000000785a00000| Untracked 
|  91|0x0000000785b00000, 0x0000000785b00000, 0x0000000785c00000|  0%| F|  |TAMS 0x0000000785b00000, 0x0000000785b00000| Untracked 
|  92|0x0000000785c00000, 0x0000000785c00000, 0x0000000785d00000|  0%| F|  |TAMS 0x0000000785c00000, 0x0000000785c00000| Untracked 
|  93|0x0000000785d00000, 0x0000000785d00000, 0x0000000785e00000|  0%| F|  |TAMS 0x0000000785d00000, 0x0000000785d00000| Untracked 
|  94|0x0000000785e00000, 0x0000000785e00000, 0x0000000785f00000|  0%| F|  |TAMS 0x0000000785e00000, 0x0000000785e00000| Untracked 
|  95|0x0000000785f00000, 0x0000000785f00000, 0x0000000786000000|  0%| F|  |TAMS 0x0000000785f00000, 0x0000000785f00000| Untracked 
|  96|0x0000000786000000, 0x0000000786000000, 0x0000000786100000|  0%| F|  |TAMS 0x0000000786000000, 0x0000000786000000| Untracked 
|  97|0x0000000786100000, 0x0000000786100000, 0x0000000786200000|  0%| F|  |TAMS 0x0000000786100000, 0x0000000786100000| Untracked 
|  98|0x0000000786200000, 0x0000000786200000, 0x0000000786300000|  0%| F|  |TAMS 0x0000000786200000, 0x0000000786200000| Untracked 
|  99|0x0000000786300000, 0x0000000786300000, 0x0000000786400000|  0%| F|  |TAMS 0x0000000786300000, 0x0000000786300000| Untracked 
| 100|0x0000000786400000, 0x0000000786400000, 0x0000000786500000|  0%| F|  |TAMS 0x0000000786400000, 0x0000000786400000| Untracked 
| 101|0x0000000786500000, 0x0000000786500000, 0x0000000786600000|  0%| F|  |TAMS 0x0000000786500000, 0x0000000786500000| Untracked 
| 102|0x0000000786600000, 0x0000000786600000, 0x0000000786700000|  0%| F|  |TAMS 0x0000000786600000, 0x0000000786600000| Untracked 
| 103|0x0000000786700000, 0x0000000786700000, 0x0000000786800000|  0%| F|  |TAMS 0x0000000786700000, 0x0000000786700000| Untracked 
| 104|0x0000000786800000, 0x0000000786800000, 0x0000000786900000|  0%| F|  |TAMS 0x0000000786800000, 0x0000000786800000| Untracked 
| 105|0x0000000786900000, 0x0000000786900000, 0x0000000786a00000|  0%| F|  |TAMS 0x0000000786900000, 0x0000000786900000| Untracked 
| 106|0x0000000786a00000, 0x0000000786a00000, 0x0000000786b00000|  0%| F|  |TAMS 0x0000000786a00000, 0x0000000786a00000| Untracked 
| 107|0x0000000786b00000, 0x0000000786b00000, 0x0000000786c00000|  0%| F|  |TAMS 0x0000000786b00000, 0x0000000786b00000| Untracked 
| 108|0x0000000786c00000, 0x0000000786c00000, 0x0000000786d00000|  0%| F|  |TAMS 0x0000000786c00000, 0x0000000786c00000| Untracked 
| 109|0x0000000786d00000, 0x0000000786d00000, 0x0000000786e00000|  0%| F|  |TAMS 0x0000000786d00000, 0x0000000786d00000| Untracked 
| 110|0x0000000786e00000, 0x0000000786e00000, 0x0000000786f00000|  0%| F|  |TAMS 0x0000000786e00000, 0x0000000786e00000| Untracked 
| 111|0x0000000786f00000, 0x0000000786f00000, 0x0000000787000000|  0%| F|  |TAMS 0x0000000786f00000, 0x0000000786f00000| Untracked 
| 112|0x0000000787000000, 0x0000000787000000, 0x0000000787100000|  0%| F|  |TAMS 0x0000000787000000, 0x0000000787000000| Untracked 
| 113|0x0000000787100000, 0x0000000787100000, 0x0000000787200000|  0%| F|  |TAMS 0x0000000787100000, 0x0000000787100000| Untracked 
| 114|0x0000000787200000, 0x0000000787200000, 0x0000000787300000|  0%| F|  |TAMS 0x0000000787200000, 0x0000000787200000| Untracked 
| 115|0x0000000787300000, 0x0000000787300000, 0x0000000787400000|  0%| F|  |TAMS 0x0000000787300000, 0x0000000787300000| Untracked 
| 116|0x0000000787400000, 0x0000000787400000, 0x0000000787500000|  0%| F|  |TAMS 0x0000000787400000, 0x0000000787400000| Untracked 
| 117|0x0000000787500000, 0x0000000787500000, 0x0000000787600000|  0%| F|  |TAMS 0x0000000787500000, 0x0000000787500000| Untracked 
| 118|0x0000000787600000, 0x0000000787600000, 0x0000000787700000|  0%| F|  |TAMS 0x0000000787600000, 0x0000000787600000| Untracked 
| 119|0x0000000787700000, 0x0000000787700000, 0x0000000787800000|  0%| F|  |TAMS 0x0000000787700000, 0x0000000787700000| Untracked 
| 120|0x0000000787800000, 0x0000000787800000, 0x0000000787900000|  0%| F|  |TAMS 0x0000000787800000, 0x0000000787800000| Untracked 
| 121|0x0000000787900000, 0x0000000787900000, 0x0000000787a00000|  0%| F|  |TAMS 0x0000000787900000, 0x0000000787900000| Untracked 
| 122|0x0000000787a00000, 0x0000000787a00000, 0x0000000787b00000|  0%| F|  |TAMS 0x0000000787a00000, 0x0000000787a00000| Untracked 
| 123|0x0000000787b00000, 0x0000000787b00000, 0x0000000787c00000|  0%| F|  |TAMS 0x0000000787b00000, 0x0000000787b00000| Untracked 
| 124|0x0000000787c00000, 0x0000000787c00000, 0x0000000787d00000|  0%| F|  |TAMS 0x0000000787c00000, 0x0000000787c00000| Untracked 
| 125|0x0000000787d00000, 0x0000000787d00000, 0x0000000787e00000|  0%| F|  |TAMS 0x0000000787d00000, 0x0000000787d00000| Untracked 
| 126|0x0000000787e00000, 0x0000000787e00000, 0x0000000787f00000|  0%| F|  |TAMS 0x0000000787e00000, 0x0000000787e00000| Untracked 
| 127|0x0000000787f00000, 0x0000000787f00000, 0x0000000788000000|  0%| F|  |TAMS 0x0000000787f00000, 0x0000000787f00000| Untracked 
| 128|0x0000000788000000, 0x00000007880b5ce0, 0x0000000788100000| 71%| E|  |TAMS 0x0000000788000000, 0x0000000788000000| Complete 
| 129|0x0000000788100000, 0x0000000788200000, 0x0000000788200000|100%| E|CS|TAMS 0x0000000788100000, 0x0000000788100000| Complete 
| 130|0x0000000788200000, 0x0000000788300000, 0x0000000788300000|100%| E|CS|TAMS 0x0000000788200000, 0x0000000788200000| Complete 
| 131|0x0000000788300000, 0x0000000788400000, 0x0000000788400000|100%| E|CS|TAMS 0x0000000788300000, 0x0000000788300000| Complete 
| 132|0x0000000788400000, 0x0000000788500000, 0x0000000788500000|100%| E|CS|TAMS 0x0000000788400000, 0x0000000788400000| Complete 
| 133|0x0000000788500000, 0x00000007885671f8, 0x0000000788600000| 40%| S|CS|TAMS 0x0000000788500000, 0x0000000788500000| Complete 
| 134|0x0000000788600000, 0x0000000788700000, 0x0000000788700000|100%| S|CS|TAMS 0x0000000788600000, 0x0000000788600000| Complete 
| 135|0x0000000788700000, 0x0000000788800000, 0x0000000788800000|100%| S|CS|TAMS 0x0000000788700000, 0x0000000788700000| Complete 
| 136|0x0000000788800000, 0x0000000788900000, 0x0000000788900000|100%| S|CS|TAMS 0x0000000788800000, 0x0000000788800000| Complete 
| 137|0x0000000788900000, 0x0000000788a00000, 0x0000000788a00000|100%| S|CS|TAMS 0x0000000788900000, 0x0000000788900000| Complete 
| 138|0x0000000788a00000, 0x0000000788b00000, 0x0000000788b00000|100%| S|CS|TAMS 0x0000000788a00000, 0x0000000788a00000| Complete 
| 139|0x0000000788b00000, 0x0000000788c00000, 0x0000000788c00000|100%| E|CS|TAMS 0x0000000788b00000, 0x0000000788b00000| Complete 
| 140|0x0000000788c00000, 0x0000000788d00000, 0x0000000788d00000|100%| E|CS|TAMS 0x0000000788c00000, 0x0000000788c00000| Complete 
| 141|0x0000000788d00000, 0x0000000788e00000, 0x0000000788e00000|100%| E|CS|TAMS 0x0000000788d00000, 0x0000000788d00000| Complete 
| 142|0x0000000788e00000, 0x0000000788f00000, 0x0000000788f00000|100%| E|CS|TAMS 0x0000000788e00000, 0x0000000788e00000| Complete 
| 143|0x0000000788f00000, 0x0000000789000000, 0x0000000789000000|100%| E|CS|TAMS 0x0000000788f00000, 0x0000000788f00000| Complete 
| 144|0x0000000789000000, 0x0000000789100000, 0x0000000789100000|100%| E|CS|TAMS 0x0000000789000000, 0x0000000789000000| Complete 
| 145|0x0000000789100000, 0x0000000789200000, 0x0000000789200000|100%| E|CS|TAMS 0x0000000789100000, 0x0000000789100000| Complete 
| 146|0x0000000789200000, 0x0000000789300000, 0x0000000789300000|100%| E|CS|TAMS 0x0000000789200000, 0x0000000789200000| Complete 
| 147|0x0000000789300000, 0x0000000789400000, 0x0000000789400000|100%| E|CS|TAMS 0x0000000789300000, 0x0000000789300000| Complete 
| 148|0x0000000789400000, 0x0000000789500000, 0x0000000789500000|100%| E|CS|TAMS 0x0000000789400000, 0x0000000789400000| Complete 
| 149|0x0000000789500000, 0x0000000789600000, 0x0000000789600000|100%| E|CS|TAMS 0x0000000789500000, 0x0000000789500000| Complete 
| 150|0x0000000789600000, 0x0000000789700000, 0x0000000789700000|100%| E|CS|TAMS 0x0000000789600000, 0x0000000789600000| Complete 
| 151|0x0000000789700000, 0x0000000789800000, 0x0000000789800000|100%| E|CS|TAMS 0x0000000789700000, 0x0000000789700000| Complete 
| 152|0x0000000789800000, 0x0000000789900000, 0x0000000789900000|100%| E|CS|TAMS 0x0000000789800000, 0x0000000789800000| Complete 
| 153|0x0000000789900000, 0x0000000789a00000, 0x0000000789a00000|100%| E|CS|TAMS 0x0000000789900000, 0x0000000789900000| Complete 
| 154|0x0000000789a00000, 0x0000000789b00000, 0x0000000789b00000|100%| E|CS|TAMS 0x0000000789a00000, 0x0000000789a00000| Complete 
| 155|0x0000000789b00000, 0x0000000789c00000, 0x0000000789c00000|100%| E|CS|TAMS 0x0000000789b00000, 0x0000000789b00000| Complete 
| 156|0x0000000789c00000, 0x0000000789d00000, 0x0000000789d00000|100%| E|CS|TAMS 0x0000000789c00000, 0x0000000789c00000| Complete 
| 157|0x0000000789d00000, 0x0000000789e00000, 0x0000000789e00000|100%| E|CS|TAMS 0x0000000789d00000, 0x0000000789d00000| Complete 
| 158|0x0000000789e00000, 0x0000000789f00000, 0x0000000789f00000|100%| E|CS|TAMS 0x0000000789e00000, 0x0000000789e00000| Complete 
| 159|0x0000000789f00000, 0x000000078a000000, 0x000000078a000000|100%| E|CS|TAMS 0x0000000789f00000, 0x0000000789f00000| Complete 
| 160|0x000000078a000000, 0x000000078a100000, 0x000000078a100000|100%| E|CS|TAMS 0x000000078a000000, 0x000000078a000000| Complete 
| 161|0x000000078a100000, 0x000000078a200000, 0x000000078a200000|100%| E|CS|TAMS 0x000000078a100000, 0x000000078a100000| Complete 
| 162|0x000000078a200000, 0x000000078a300000, 0x000000078a300000|100%| E|CS|TAMS 0x000000078a200000, 0x000000078a200000| Complete 
| 163|0x000000078a300000, 0x000000078a400000, 0x000000078a400000|100%| E|CS|TAMS 0x000000078a300000, 0x000000078a300000| Complete 
| 164|0x000000078a400000, 0x000000078a500000, 0x000000078a500000|100%| E|CS|TAMS 0x000000078a400000, 0x000000078a400000| Complete 
| 165|0x000000078a500000, 0x000000078a600000, 0x000000078a600000|100%| E|CS|TAMS 0x000000078a500000, 0x000000078a500000| Complete 
| 166|0x000000078a600000, 0x000000078a700000, 0x000000078a700000|100%| E|CS|TAMS 0x000000078a600000, 0x000000078a600000| Complete 
| 167|0x000000078a700000, 0x000000078a800000, 0x000000078a800000|100%| E|CS|TAMS 0x000000078a700000, 0x000000078a700000| Complete 
| 168|0x000000078a800000, 0x000000078a900000, 0x000000078a900000|100%| E|CS|TAMS 0x000000078a800000, 0x000000078a800000| Complete 
| 169|0x000000078a900000, 0x000000078aa00000, 0x000000078aa00000|100%| E|CS|TAMS 0x000000078a900000, 0x000000078a900000| Complete 
| 170|0x000000078aa00000, 0x000000078ab00000, 0x000000078ab00000|100%| E|CS|TAMS 0x000000078aa00000, 0x000000078aa00000| Complete 
| 171|0x000000078ab00000, 0x000000078ac00000, 0x000000078ac00000|100%| E|CS|TAMS 0x000000078ab00000, 0x000000078ab00000| Complete 
| 172|0x000000078ac00000, 0x000000078ad00000, 0x000000078ad00000|100%| E|CS|TAMS 0x000000078ac00000, 0x000000078ac00000| Complete 
| 173|0x000000078ad00000, 0x000000078ae00000, 0x000000078ae00000|100%| E|CS|TAMS 0x000000078ad00000, 0x000000078ad00000| Complete 
| 174|0x000000078ae00000, 0x000000078af00000, 0x000000078af00000|100%| E|CS|TAMS 0x000000078ae00000, 0x000000078ae00000| Complete 
| 175|0x000000078af00000, 0x000000078b000000, 0x000000078b000000|100%| E|CS|TAMS 0x000000078af00000, 0x000000078af00000| Complete 
| 176|0x000000078b000000, 0x000000078b100000, 0x000000078b100000|100%| E|CS|TAMS 0x000000078b000000, 0x000000078b000000| Complete 
| 177|0x000000078b100000, 0x000000078b200000, 0x000000078b200000|100%| E|CS|TAMS 0x000000078b100000, 0x000000078b100000| Complete 
| 178|0x000000078b200000, 0x000000078b300000, 0x000000078b300000|100%| E|CS|TAMS 0x000000078b200000, 0x000000078b200000| Complete 
| 179|0x000000078b300000, 0x000000078b400000, 0x000000078b400000|100%| E|CS|TAMS 0x000000078b300000, 0x000000078b300000| Complete 
| 180|0x000000078b400000, 0x000000078b500000, 0x000000078b500000|100%| E|CS|TAMS 0x000000078b400000, 0x000000078b400000| Complete 
| 181|0x000000078b500000, 0x000000078b600000, 0x000000078b600000|100%| E|CS|TAMS 0x000000078b500000, 0x000000078b500000| Complete 
| 182|0x000000078b600000, 0x000000078b700000, 0x000000078b700000|100%| E|CS|TAMS 0x000000078b600000, 0x000000078b600000| Complete 
| 183|0x000000078b700000, 0x000000078b800000, 0x000000078b800000|100%| E|CS|TAMS 0x000000078b700000, 0x000000078b700000| Complete 
| 184|0x000000078b800000, 0x000000078b900000, 0x000000078b900000|100%| E|CS|TAMS 0x000000078b800000, 0x000000078b800000| Complete 
| 185|0x000000078b900000, 0x000000078ba00000, 0x000000078ba00000|100%| E|CS|TAMS 0x000000078b900000, 0x000000078b900000| Complete 
|1020|0x00000007bfc00000, 0x00000007bfc4c000, 0x00000007bfd00000| 29%|OA|  |TAMS 0x00000007bfc4c000, 0x00000007bfc00000| Untracked 
|1021|0x00000007bfd00000, 0x00000007bfd6b000, 0x00000007bfe00000| 41%|CA|  |TAMS 0x00000007bfd6b000, 0x00000007bfd00000| Untracked 

Card table byte_map: [0x0000000126b74000,0x0000000126f74000] _byte_map_base: 0x0000000122f74000

Marking Bits (Prev, Next): (CMBitMap*) 0x00007fccd2828a50, (CMBitMap*) 0x00007fccd2828a18
 Prev Bits: [0x0000000129374000, 0x000000012b374000)
 Next Bits: [0x0000000127374000, 0x0000000129374000)

Polling page: 0x0000000107be4000

Metaspace:

Usage:
  Non-class:     46,15 MB capacity,    44,68 MB ( 97%) used,     1,19 MB (  3%) free+waste,   288,88 KB ( <1%) overhead. 
      Class:      7,28 MB capacity,     6,28 MB ( 86%) used,   882,25 KB ( 12%) free+waste,   138,06 KB (  2%) overhead. 
       Both:     53,43 MB capacity,    50,97 MB ( 95%) used,     2,05 MB (  4%) free+waste,   426,94 KB ( <1%) overhead. 

Virtual space:
  Non-class space:       48,00 MB reserved,      46,17 MB ( 96%) committed 
      Class space:        1,00 GB reserved,       7,38 MB ( <1%) committed 
             Both:        1,05 GB reserved,      53,55 MB (  5%) committed 

Chunk freelists:
   Non-Class:  19,00 KB
       Class:  3,00 KB
        Both:  22,00 KB

MaxMetaspaceSize: unlimited
CompressedClassSpaceSize: 1,00 GB
Initial GC threshold: 20,80 MB
Current GC threshold: 76,04 MB
CDS: on

CodeHeap 'non-profiled nmethods': size=160992Kb used=1809Kb max_used=1809Kb free=159182Kb
 bounds [0x000000011c901000, 0x000000011d901000, 0x0000000126639000]
CodeHeap 'profiled nmethods': size=160992Kb used=12008Kb max_used=12008Kb free=148983Kb
 bounds [0x0000000112bc9000, 0x0000000113bc9000, 0x000000011c901000]
CodeHeap 'non-nmethods': size=5696Kb used=1413Kb max_used=1425Kb free=4282Kb
 bounds [0x0000000112639000, 0x0000000112bc9000, 0x0000000112bc9000]
 total_blobs=6269 nmethods=5635 adapters=553
 compilation: enabled
              stopped_count=0, restarted_count=0
 full_count=0

JVMCI Events (6 events):
Event: 0,079 Thread 0x00007fccd3010000 created new JVMCI runtime 0 (0x00007fccd1c139a0)
Event: 0,079 Thread 0x00007fccd3010000 created new JVMCI runtime -1 (0x00007fccd1c13b00)
Event: 0,216 Thread 0x00007fccd2034000 loaded JVMCI shared library from /Users/plawn/.sdkman/candidates/java/21.2.0.r11-grl/lib/libjvmcicompiler.dylib
Event: 0,224 Thread 0x00007fccd2034000 created JavaVM[1]@0x0000000132293738 for JVMCI runtime 0
Event: 0,224 Thread 0x00007fccd2034000 initializing JVMCI runtime 0
Event: 0,226 Thread 0x00007fccd2034000 initialized JVMCI runtime 0

Compilation events (20 events):
Event: 57,315 Thread 0x00007fccd3014800 5950       3       java.util.TaskQueue::isEmpty (13 bytes)
Event: 57,315 Thread 0x00007fccd3014800 nmethod 5950 0x000000011377d810 code [0x000000011377d9a0, 0x000000011377db10]
Event: 62,537 Thread 0x00007fccd3014800 5951       3       org.jboss.logging.Logger::getLogger (10 bytes)
Event: 62,538 Thread 0x00007fccd3014800 nmethod 5951 0x000000011377db90 code [0x000000011377dd80, 0x000000011377e2f0]
Event: 62,538 Thread 0x00007fccd2034000 5952       4       io.quarkus.paths.PathTreeWithManifest::apply (11 bytes)
Event: 62,539 Thread 0x00007fccd3014800 5953       3       java.lang.ThreadLocal::setInitialValue (50 bytes)
Event: 62,540 Thread 0x00007fccd3014800 nmethod 5953 0x000000011377e490 code [0x000000011377e6c0, 0x000000011377fb50]
Event: 62,541 Thread 0x00007fccd3014800 5954       3       java.util.concurrent.atomic.AtomicLong::compareAndSet (13 bytes)
Event: 62,541 Thread 0x00007fccd3014800 nmethod 5954 0x000000011377fd90 code [0x000000011377ff20, 0x0000000113780050]
Event: 62,541 Thread 0x00007fccd3014800 5955       3       java.util.concurrent.locks.AbstractQueuedSynchronizer::release (33 bytes)
Event: 62,542 Thread 0x00007fccd3014800 nmethod 5955 0x0000000113780110 code [0x00000001137802e0, 0x0000000113780750]
Event: 62,546 Thread 0x00007fccd3014800 5956  s    3       java.io.BufferedInputStream::read (49 bytes)
Event: 62,547 Thread 0x00007fccd3014800 nmethod 5956 0x0000000113780890 code [0x0000000113780a80, 0x0000000113781010]
Event: 62,548 Thread 0x00007fccd3014800 5957       3       java.util.concurrent.SynchronousQueue$TransferStack::shouldSpin (30 bytes)
Event: 62,548 Thread 0x00007fccd3014800 nmethod 5957 0x0000000113781190 code [0x0000000113781340, 0x00000001137815f0]
Event: 62,548 Thread 0x00007fccd3014800 5962       3       java.util.regex.Pattern$Begin::match (62 bytes)
Event: 62,548 Thread 0x00007fccd3014800 nmethod 5962 0x0000000113781710 code [0x00000001137818e0, 0x0000000113781dc0]
Event: 62,548 Thread 0x00007fccd3014800 5963       3       java.util.regex.Pattern$BmpCharProperty::match (55 bytes)
Event: 62,548 Thread 0x00007fccd3014800 nmethod 5963 0x0000000113781f10 code [0x00000001137820e0, 0x00000001137829c0]
Event: 62,549 Thread 0x00007fccd3014800 5964       3       java.util.regex.CharPredicates$$Lambda$30/0x0000000840084040::is (5 bytes)

GC Heap History (20 events):
Event: 8,223 GC heap before
{Heap before GC invocations=5 (full 0):
 garbage-first heap   total 133120K, used 61400K [0x0000000780000000, 0x0000000800000000)
  region size 1024K, 28 young (28672K), 5 survivors (5120K)
 Metaspace       used 4605K, capacity 6217K, committed 6272K, reserved 1056768K
  class space    used 407K, capacity 638K, committed 640K, reserved 1048576K
}
Event: 8,240 GC heap after
{Heap after GC invocations=6 (full 0):
 garbage-first heap   total 133120K, used 43717K [0x0000000780000000, 0x0000000800000000)
  region size 1024K, 4 young (4096K), 4 survivors (4096K)
 Metaspace       used 4605K, capacity 6217K, committed 6272K, reserved 1056768K
  class space    used 407K, capacity 638K, committed 640K, reserved 1048576K
}
Event: 9,186 GC heap before
{Heap before GC invocations=6 (full 0):
 garbage-first heap   total 133120K, used 77509K [0x0000000780000000, 0x0000000800000000)
  region size 1024K, 36 young (36864K), 4 survivors (4096K)
 Metaspace       used 9015K, capacity 9521K, committed 9600K, reserved 1058816K
  class space    used 904K, capacity 1090K, committed 1152K, reserved 1048576K
}
Event: 9,213 GC heap after
{Heap after GC invocations=7 (full 0):
 garbage-first heap   total 133120K, used 52956K [0x0000000780000000, 0x0000000800000000)
  region size 1024K, 5 young (5120K), 5 survivors (5120K)
 Metaspace       used 9015K, capacity 9521K, committed 9600K, reserved 1058816K
  class space    used 904K, capacity 1090K, committed 1152K, reserved 1048576K
}
Event: 11,448 GC heap before
{Heap before GC invocations=7 (full 0):
 garbage-first heap   total 133120K, used 84700K [0x0000000780000000, 0x0000000800000000)
  region size 1024K, 36 young (36864K), 5 survivors (5120K)
 Metaspace       used 14253K, capacity 14930K, committed 15232K, reserved 1062912K
  class space    used 1519K, capacity 1806K, committed 1920K, reserved 1048576K
}
Event: 11,473 GC heap after
{Heap after GC invocations=8 (full 0):
 garbage-first heap   total 159744K, used 55556K [0x0000000780000000, 0x0000000800000000)
  region size 1024K, 3 young (3072K), 3 survivors (3072K)
 Metaspace       used 14253K, capacity 14930K, committed 15232K, reserved 1062912K
  class space    used 1519K, capacity 1806K, committed 1920K, reserved 1048576K
}
Event: 12,247 GC heap before
{Heap before GC invocations=8 (full 0):
 garbage-first heap   total 159744K, used 95492K [0x0000000780000000, 0x0000000800000000)
  region size 1024K, 42 young (43008K), 3 survivors (3072K)
 Metaspace       used 18388K, capacity 19210K, committed 19456K, reserved 1067008K
  class space    used 2081K, capacity 2443K, committed 2560K, reserved 1048576K
}
Event: 12,255 GC heap after
{Heap after GC invocations=9 (full 0):
 garbage-first heap   total 159744K, used 58798K [0x0000000780000000, 0x0000000800000000)
  region size 1024K, 6 young (6144K), 6 survivors (6144K)
 Metaspace       used 18388K, capacity 19210K, committed 19456K, reserved 1067008K
  class space    used 2081K, capacity 2443K, committed 2560K, reserved 1048576K
}
Event: 12,437 GC heap before
{Heap before GC invocations=9 (full 0):
 garbage-first heap   total 159744K, used 74158K [0x0000000780000000, 0x0000000800000000)
  region size 1024K, 23 young (23552K), 6 survivors (6144K)
 Metaspace       used 20296K, capacity 21185K, committed 21296K, reserved 1069056K
  class space    used 2310K, capacity 2650K, committed 2688K, reserved 1048576K
}
Event: 12,458 GC heap after
{Heap after GC invocations=10 (full 0):
 garbage-first heap   total 159744K, used 60003K [0x0000000780000000, 0x0000000800000000)
  region size 1024K, 5 young (5120K), 5 survivors (5120K)
 Metaspace       used 20296K, capacity 21185K, committed 21296K, reserved 1069056K
  class space    used 2310K, capacity 2650K, committed 2688K, reserved 1048576K
}
Event: 13,134 GC heap before
{Heap before GC invocations=11 (full 0):
 garbage-first heap   total 159744K, used 112227K [0x0000000780000000, 0x0000000800000000)
  region size 1024K, 58 young (59392K), 5 survivors (5120K)
 Metaspace       used 24645K, capacity 25732K, committed 25776K, reserved 1071104K
  class space    used 2807K, capacity 3289K, committed 3328K, reserved 1048576K
}
Event: 13,149 GC heap after
{Heap after GC invocations=12 (full 0):
 garbage-first heap   total 159744K, used 62424K [0x0000000780000000, 0x0000000800000000)
  region size 1024K, 5 young (5120K), 5 survivors (5120K)
 Metaspace       used 24645K, capacity 25732K, committed 25776K, reserved 1071104K
  class space    used 2807K, capacity 3289K, committed 3328K, reserved 1048576K
}
Event: 13,690 GC heap before
{Heap before GC invocations=13 (full 0):
 garbage-first heap   total 159744K, used 115672K [0x0000000780000000, 0x0000000800000000)
  region size 1024K, 58 young (59392K), 5 survivors (5120K)
 Metaspace       used 27829K, capacity 29415K, committed 29488K, reserved 1075200K
  class space    used 3275K, capacity 3923K, committed 3968K, reserved 1048576K
}
Event: 13,710 GC heap after
{Heap after GC invocations=14 (full 0):
 garbage-first heap   total 159744K, used 65803K [0x0000000780000000, 0x0000000800000000)
  region size 1024K, 7 young (7168K), 7 survivors (7168K)
 Metaspace       used 27829K, capacity 29415K, committed 29488K, reserved 1075200K
  class space    used 3275K, capacity 3923K, committed 3968K, reserved 1048576K
}
Event: 14,075 GC heap before
{Heap before GC invocations=14 (full 0):
 garbage-first heap   total 159744K, used 119051K [0x0000000780000000, 0x0000000800000000)
  region size 1024K, 60 young (61440K), 7 survivors (7168K)
 Metaspace       used 29818K, capacity 31561K, committed 31664K, reserved 1077248K
  class space    used 3569K, capacity 4310K, committed 4352K, reserved 1048576K
}
Event: 14,104 GC heap after
{Heap after GC invocations=15 (full 0):
 garbage-first heap   total 192512K, used 73963K [0x0000000780000000, 0x0000000800000000)
  region size 1024K, 8 young (8192K), 8 survivors (8192K)
 Metaspace       used 29818K, capacity 31561K, committed 31664K, reserved 1077248K
  class space    used 3569K, capacity 4310K, committed 4352K, reserved 1048576K
}
Event: 15,035 GC heap before
{Heap before GC invocations=15 (full 0):
 garbage-first heap   total 192512K, used 135403K [0x0000000780000000, 0x0000000800000000)
  region size 1024K, 69 young (70656K), 8 survivors (8192K)
 Metaspace       used 36136K, capacity 38367K, committed 38576K, reserved 1083392K
  class space    used 4409K, capacity 5292K, committed 5376K, reserved 1048576K
}
Event: 15,051 GC heap after
{Heap after GC invocations=16 (full 0):
 garbage-first heap   total 192512K, used 83676K [0x0000000780000000, 0x0000000800000000)
  region size 1024K, 9 young (9216K), 9 survivors (9216K)
 Metaspace       used 36136K, capacity 38367K, committed 38576K, reserved 1083392K
  class space    used 4409K, capacity 5292K, committed 5376K, reserved 1048576K
}
Event: 15,642 GC heap before
{Heap before GC invocations=16 (full 0):
 garbage-first heap   total 192512K, used 129756K [0x0000000780000000, 0x0000000800000000)
  region size 1024K, 56 young (57344K), 9 survivors (9216K)
 Metaspace       used 42357K, capacity 44772K, committed 44848K, reserved 1087488K
  class space    used 5224K, capacity 6229K, committed 6272K, reserved 1048576K
}
Event: 15,656 GC heap after
{Heap after GC invocations=17 (full 0):
 garbage-first heap   total 192512K, used 88914K [0x0000000780000000, 0x0000000800000000)
  region size 1024K, 6 young (6144K), 6 survivors (6144K)
 Metaspace       used 42357K, capacity 44772K, committed 44848K, reserved 1087488K
  class space    used 5224K, capacity 6229K, committed 6272K, reserved 1048576K
}

Deoptimization events (20 events):
Event: 16,492 Thread 0x00007fccd3434000 DEOPT UNPACKING pc=0x0000000112683451 sp=0x00007000031e03f0 mode 3
Event: 16,492 Thread 0x00007fccd2bf5000 DEOPT UNPACKING pc=0x0000000112683451 sp=0x00007000030dd400 mode 3
Event: 16,509 Thread 0x00007fccd2bf5000 DEOPT PACKING pc=0x00000001136ebb44 sp=0x00007000030dc720
Event: 16,509 Thread 0x00007fccd2bf5000 DEOPT UNPACKING pc=0x0000000112683451 sp=0x00007000030dbca8 mode 0
Event: 16,558 Thread 0x00007fccd2bf5000 Uncommon trap: trap_request=0xffffffed fr.pc=0x000000011caa97cf relative=0x0000000000000a4f
Event: 16,558 Thread 0x00007fccd2bf5000 Uncommon trap: reason=null_assert_or_unreached0 action=reinterpret pc=0x000000011caa97cf method=java.util.HashMap.putVal(ILjava/lang/Object;Ljava/lang/Object;ZZ)Ljava/lang/Object; @ 292 jvmci
Event: 16,558 Thread 0x00007fccd2bf5000 DEOPT PACKING pc=0x000000011caa97cf sp=0x00007000030dd640
Event: 16,558 Thread 0x00007fccd2bf5000 DEOPT UNPACKING pc=0x0000000112683451 sp=0x00007000030dcaf0 mode 3
Event: 62,529 Thread 0x00007fccd3bf0800 Uncommon trap: trap_request=0xffffffcd fr.pc=0x000000011c97fa98 relative=0x0000000000000278
Event: 62,529 Thread 0x00007fccd3bf0800 Uncommon trap: reason=intrinsic_or_type_checked_inlining action=reinterpret pc=0x000000011c97fa98 method=java.nio.HeapByteBuffer.put(Ljava/nio/ByteBuffer;)Ljava/nio/ByteBuffer; @ 0 jvmci
Event: 62,529 Thread 0x00007fccd3bf0800 DEOPT PACKING pc=0x000000011c97fa98 sp=0x0000700005853790
Event: 62,529 Thread 0x00007fccd3bf0800 DEOPT UNPACKING pc=0x0000000112683451 sp=0x0000700005852c58 mode 3
Event: 62,530 Thread 0x00007fccd3bf0800 Uncommon trap: trap_request=0xffffffcd fr.pc=0x000000011cabbe31 relative=0x0000000000000351
Event: 62,530 Thread 0x00007fccd3bf0800 Uncommon trap: reason=intrinsic_or_type_checked_inlining action=reinterpret pc=0x000000011cabbe31 method=java.nio.Buffer.<init>(IIII)V @ 31 jvmci
Event: 62,530 Thread 0x00007fccd3bf0800 DEOPT PACKING pc=0x000000011cabbe31 sp=0x0000700005853630
Event: 62,530 Thread 0x00007fccd3bf0800 DEOPT UNPACKING pc=0x0000000112683451 sp=0x0000700005852af8 mode 3
Event: 62,536 Thread 0x00007fccd376c800 Uncommon trap: trap_request=0xffffffed fr.pc=0x000000011ca7f9d7 relative=0x00000000000002f7
Event: 62,536 Thread 0x00007fccd376c800 Uncommon trap: reason=null_assert_or_unreached0 action=reinterpret pc=0x000000011ca7f9d7 method=java.util.concurrent.locks.AbstractQueuedSynchronizer.release(I)Z @ 12 jvmci
Event: 62,536 Thread 0x00007fccd376c800 DEOPT PACKING pc=0x000000011ca7f9d7 sp=0x00007000035eda50
Event: 62,536 Thread 0x00007fccd376c800 DEOPT UNPACKING pc=0x0000000112683451 sp=0x00007000035ecee8 mode 3

Classes redefined (0 events):
No events

Internal exceptions (20 events):
Event: 14,914 Thread 0x00007fccd3baf800 Implicit null exception at 0x000000011c9d5772 to 0x000000011c9d58b7
Event: 14,914 Thread 0x00007fccd3baf800 Implicit null exception at 0x000000011c9ad132 to 0x000000011c9ad252
Event: 14,914 Thread 0x00007fccd3baf800 Implicit null exception at 0x000000011c9af382 to 0x000000011c9af4cb
Event: 15,347 Thread 0x00007fccd2cb9000 Exception <a 'sun/nio/fs/UnixException'{0x000000078a0f0478}> (0x000000078a0f0478) thrown at [./src/hotspot/share/prims/jni.cpp, line 611]
Event: 15,519 Thread 0x00007fccd2cb9000 Exception <a 'java/lang/IncompatibleClassChangeError'{0x00000007893a5280}: Found class java.lang.Object, but interface was expected> (0x00000007893a5280) thrown at [./src/hotspot/share/interpreter/linkResolver.cpp, line 839]
Event: 15,540 Thread 0x00007fccd2cb9000 Exception <a 'java/lang/IncompatibleClassChangeError'{0x00000007891a5d50}: Found class java.lang.Object, but interface was expected> (0x00000007891a5d50) thrown at [./src/hotspot/share/interpreter/linkResolver.cpp, line 839]
Event: 15,716 Thread 0x00007fccd2cb9000 Exception <a 'java/lang/NoSuchMethodError'{0x000000078b5c7a38}: 'java.lang.Object java.lang.invoke.DirectMethodHandle$Holder.invokeSpecialIFC(java.lang.Object, java.lang.Object, java.lang.Object, java.lang.Object)'> (0x000000078b5c7a38) thrown at [./src/hotspot/share/interpreter/linkResolver.cpp, line 773]
Event: 16,021 Thread 0x00007fccd2cb9000 Exception <a 'java/lang/NoSuchMethodError'{0x000000078a3e7220}: 'long java.lang.invoke.DirectMethodHandle$Holder.invokeSpecial(java.lang.Object, java.lang.Object)'> (0x000000078a3e7220) thrown at [./src/hotspot/share/interpreter/linkResolver.cpp, line 773]
Event: 16,025 Thread 0x00007fccd2cb9000 Exception <a 'java/lang/NoSuchMethodError'{0x000000078a219210}: 'long java.lang.invoke.DirectMethodHandle$Holder.invokeStatic(java.lang.Object, java.lang.Object)'> (0x000000078a219210) thrown at [./src/hotspot/share/interpreter/linkResolver.cpp, line 773]
Event: 16,026 Thread 0x00007fccd2cb9000 Exception <a 'java/lang/NoSuchMethodError'{0x000000078a21c038}: 'long java.lang.invoke.DirectMethodHandle$Holder.invokeStaticInit(java.lang.Object, java.lang.Object)'> (0x000000078a21c038) thrown at [./src/hotspot/share/interpreter/linkResolver.cpp, line 773]
Event: 16,028 Thread 0x00007fccd2cb9000 Exception <a 'java/lang/NoSuchMethodError'{0x000000078a248858}: 'long java.lang.invoke.DirectMethodHandle$Holder.invokeInterface(java.lang.Object, java.lang.Object)'> (0x000000078a248858) thrown at [./src/hotspot/share/interpreter/linkResolver.cpp, line 773]
Event: 16,031 Thread 0x00007fccd2cb9000 Exception <a 'java/lang/IncompatibleClassChangeError'{0x000000078a24b5f0}: Found class java.lang.Object, but interface was expected> (0x000000078a24b5f0) thrown at [./src/hotspot/share/interpreter/linkResolver.cpp, line 839]
Event: 16,124 Thread 0x00007fccd2cb9000 Exception <a 'sun/nio/fs/UnixException'{0x0000000789fe5f88}> (0x0000000789fe5f88) thrown at [./src/hotspot/share/prims/jni.cpp, line 611]
Event: 16,395 Thread 0x00007fccd2cb9000 Exception <a 'java/lang/NoSuchMethodError'{0x00000007891f1d98}: 'void java.lang.invoke.DirectMethodHandle$Holder.invokeSpecial(java.lang.Object, java.lang.Object, float)'> (0x00000007891f1d98) thrown at [./src/hotspot/share/interpreter/linkResolver.cpp, line 773]
Event: 16,409 Thread 0x00007fccd2cb9000 Exception <a 'java/lang/NoSuchMethodError'{0x00000007890a8058}: 'void java.lang.invoke.DirectMethodHandle$Holder.invokeStaticInit(java.lang.Object, java.lang.Object, java.lang.Object)'> (0x00000007890a8058) thrown at [./src/hotspot/share/interpreter/linkResolver.cpp, line 773]
Event: 16,439 Thread 0x00007fccd2cb9000 Exception <a 'sun/nio/fs/UnixException'{0x0000000788f5af88}> (0x0000000788f5af88) thrown at [./src/hotspot/share/prims/jni.cpp, line 611]
Event: 16,487 Thread 0x00007fccd2cb9000 Exception <a 'java/lang/NoSuchMethodError'{0x0000000788ed72c8}: 'java.lang.Object java.lang.invoke.DirectMethodHandle$Holder.invokeSpecial(java.lang.Object, java.lang.Object, java.lang.Object, java.lang.Object, java.lang.Object, java.lang.Object, java.lang.Object, java.lang.Object, java.lang.Object, java.lang.Object, java.lang.Object, java.lang.Object, java.lang.Object, java.lang.Object)'> (0x0000000788ed72c8) thrown at [./src/hotspot/share/interpreter/linkResolver.cpp, line 773]
Event: 16,487 Thread 0x00007fccd2cb9000 Exception <a 'java/lang/NoSuchMethodError'{0x0000000788edbd90}: 'java.lang.Object java.lang.invoke.Invokers$Holder.linkToTargetMethod(java.lang.Object, java.lang.Object, java.lang.Object, java.lang.Object, java.lang.Object, java.lang.Object, java.lang.Object, java.lang.Object, java.lang.Object, java.lang.Object, java.lang.Object, java.lang.Object, java.lang.Object)'> (0x0000000788edbd90) thrown at [./src/hotspot/share/interpreter/linkResolver.cpp, line 773]
Event: 16,568 Thread 0x00007fccd2bf5000 Exception <a 'java/lang/NoSuchMethodError'{0x0000000788243da0}: 'void java.lang.invoke.DirectMethodHandle$Holder.invokeSpecial(java.lang.Object, java.lang.Object, int, java.lang.Object, java.lang.Object, java.lang.Object)'> (0x0000000788243da0) thrown at [./src/hotspot/share/interpreter/linkResolver.cpp, line 773]
Event: 16,605 Thread 0x00007fccd3010000 Exception <a 'java/lang/IncompatibleClassChangeError'{0x000000078816cbe0}: Found class java.lang.Object, but interface was expected> (0x000000078816cbe0) thrown at [./src/hotspot/share/interpreter/linkResolver.cpp, line 839]

Events (20 events):
Event: 62,546 Thread 0x00007fccd2cfd000 Thread added: 0x00007fccd2cfd000
Event: 62,546 Protecting memory [0x00007000013b8000,0x00007000013bc000] with protection modes 0
Event: 62,546 Executing VM operation: RevokeBias
Event: 62,546 Executing VM operation: RevokeBias done
Event: 62,546 Executing VM operation: RevokeBias
Event: 62,546 Executing VM operation: RevokeBias done
Event: 62,546 Executing VM operation: RevokeBias
Event: 62,546 Executing VM operation: RevokeBias done
Event: 62,546 Executing VM operation: RevokeBias
Event: 62,546 Executing VM operation: RevokeBias done
Event: 62,547 Executing VM operation: RevokeBias
Event: 62,547 Executing VM operation: RevokeBias done
Event: 62,547 Executing VM operation: RevokeBias
Event: 62,547 Executing VM operation: RevokeBias done
Event: 62,547 Executing VM operation: RevokeBias
Event: 62,547 Executing VM operation: RevokeBias done
Event: 62,547 Executing VM operation: RevokeBias
Event: 62,547 Executing VM operation: RevokeBias done
Event: 62,548 Executing VM operation: RevokeBias
Event: 62,548 Executing VM operation: RevokeBias done


Dynamic libraries:
0x00007fff2d179000 	/System/Library/Frameworks/Cocoa.framework/Versions/A/Cocoa
0x00007fff3a972000 	/System/Library/Frameworks/Security.framework/Versions/A/Security
0x00007fff2c0de000 	/System/Library/Frameworks/ApplicationServices.framework/Versions/A/ApplicationServices
0x00007fff6762f000 	/usr/lib/libz.1.dylib
0x0000000107b7a000 	/Users/plawn/.sdkman/candidates/java/21.2.0.r11-grl/lib/jli/libjli.dylib
0x00007fff650f3000 	/usr/lib/libSystem.B.dylib
0x00007fff2b2ce000 	/System/Library/Frameworks/AppKit.framework/Versions/C/AppKit
0x00007fff2dafd000 	/System/Library/Frameworks/CoreData.framework/Versions/A/CoreData
0x00007fff306d8000 	/System/Library/Frameworks/Foundation.framework/Versions/C/Foundation
0x00007fff5f108000 	/System/Library/PrivateFrameworks/UIFoundation.framework/Versions/A/UIFoundation
0x00007fff5a19c000 	/System/Library/PrivateFrameworks/RemoteViewServices.framework/Versions/A/RemoteViewServices
0x00007fff61c63000 	/System/Library/PrivateFrameworks/XCTTargetBootstrap.framework/Versions/A/XCTTargetBootstrap
0x00007fff2dee8000 	/System/Library/Frameworks/CoreDisplay.framework/Versions/A/CoreDisplay
0x00007fff33593000 	/System/Library/Frameworks/Metal.framework/Versions/A/Metal
0x00007fff48189000 	/System/Library/PrivateFrameworks/DesktopServicesPriv.framework/Versions/A/DesktopServicesPriv
0x00007fff6622e000 	/usr/lib/liblangid.dylib
0x00007fff4741e000 	/System/Library/PrivateFrameworks/CoreSVG.framework/Versions/A/CoreSVG
0x00007fff5d2f8000 	/System/Library/PrivateFrameworks/SkyLight.framework/Versions/A/SkyLight
0x00007fff2e49c000 	/System/Library/Frameworks/CoreGraphics.framework/Versions/A/CoreGraphics
0x00007fff29ca2000 	/System/Library/Frameworks/Accelerate.framework/Versions/A/Accelerate
0x00007fff67520000 	/usr/lib/libxml2.2.dylib
0x00007fff53127000 	/System/Library/PrivateFrameworks/IconServices.framework/Versions/A/IconServices
0x00007fff30eb7000 	/System/Library/Frameworks/IOSurface.framework/Versions/A/IOSurface
0x00007fff64c1d000 	/usr/lib/libDiagnosticMessagesClient.dylib
0x00007fff47fe3000 	/System/Library/PrivateFrameworks/DFRFoundation.framework/Versions/A/DFRFoundation
0x00007fff65fbd000 	/usr/lib/libicucore.A.dylib
0x00007fff2c410000 	/System/Library/Frameworks/AudioToolbox.framework/Versions/A/AudioToolbox
0x00007fff2c4f3000 	/System/Library/Frameworks/AudioUnit.framework/Versions/A/AudioUnit
0x00007fff652f5000 	/usr/lib/libauto.dylib
0x00007fff48085000 	/System/Library/PrivateFrameworks/DataDetectorsCore.framework/Versions/A/DataDetectorsCore
0x00007fff2cc9a000 	/System/Library/Frameworks/Carbon.framework/Versions/A/Frameworks/HIToolbox.framework/Versions/A/HIToolbox
0x00007fff39b6c000 	/System/Library/Frameworks/QuartzCore.framework/Versions/A/QuartzCore
0x00007fff2cfd9000 	/System/Library/Frameworks/Carbon.framework/Versions/A/Frameworks/SpeechRecognition.framework/Versions/A/SpeechRecognition
0x00007fff47af7000 	/System/Library/PrivateFrameworks/CoreUI.framework/Versions/A/CoreUI
0x00007fff2d568000 	/System/Library/Frameworks/CoreAudio.framework/Versions/A/CoreAudio
0x00007fff30397000 	/System/Library/Frameworks/DiskArbitration.framework/Versions/A/DiskArbitration
0x00007fff55177000 	/System/Library/PrivateFrameworks/MultitouchSupport.framework/Versions/A/MultitouchSupport
0x00007fff65e84000 	/usr/lib/libenergytrace.dylib
0x00007fff30e11000 	/System/Library/Frameworks/IOKit.framework/Versions/A/IOKit
0x00007fff2f403000 	/System/Library/Frameworks/CoreServices.framework/Versions/A/CoreServices
0x00007fff5732f000 	/System/Library/PrivateFrameworks/PerformanceAnalysis.framework/Versions/A/PerformanceAnalysis
0x00007fff38b9f000 	/System/Library/Frameworks/OpenGL.framework/Versions/A/OpenGL
0x00007fff66f53000 	/usr/lib/libobjc.A.dylib
0x00007fff2d187000 	/System/Library/Frameworks/ColorSync.framework/Versions/A/ColorSync
0x00007fff2e01b000 	/System/Library/Frameworks/CoreFoundation.framework/Versions/A/CoreFoundation
0x00007fff2eb1f000 	/System/Library/Frameworks/CoreImage.framework/Versions/A/CoreImage
0x00007fff2fe76000 	/System/Library/Frameworks/CoreText.framework/Versions/A/CoreText
0x00007fff30f47000 	/System/Library/Frameworks/ImageIO.framework/Versions/A/ImageIO
0x00007fff653d9000 	/usr/lib/libc++.1.dylib
0x00007fff65455000 	/usr/lib/libcompression.dylib
0x00007fff64f61000 	/usr/lib/libMobileGestalt.dylib
0x00007fff5ee72000 	/System/Library/PrivateFrameworks/TextureIO.framework/Versions/A/TextureIO
0x00007fff65258000 	/usr/lib/libate.dylib
0x00007fff53330000 	/System/Library/PrivateFrameworks/InternationalSupport.framework/Versions/A/InternationalSupport
0x00007fff67ef0000 	/usr/lib/system/libcache.dylib
0x00007fff67ef6000 	/usr/lib/system/libcommonCrypto.dylib
0x00007fff67f02000 	/usr/lib/system/libcompiler_rt.dylib
0x00007fff67f0a000 	/usr/lib/system/libcopyfile.dylib
0x00007fff67f14000 	/usr/lib/system/libcorecrypto.dylib
0x00007fff680b3000 	/usr/lib/system/libdispatch.dylib
0x00007fff680f4000 	/usr/lib/system/libdyld.dylib
0x00007fff6812b000 	/usr/lib/system/libkeymgr.dylib
0x00007fff68139000 	/usr/lib/system/liblaunch.dylib
0x00007fff6813a000 	/usr/lib/system/libmacho.dylib
0x00007fff68140000 	/usr/lib/system/libquarantine.dylib
0x00007fff68143000 	/usr/lib/system/libremovefile.dylib
0x00007fff68145000 	/usr/lib/system/libsystem_asl.dylib
0x00007fff6815d000 	/usr/lib/system/libsystem_blocks.dylib
0x00007fff6815e000 	/usr/lib/system/libsystem_c.dylib
0x00007fff681e6000 	/usr/lib/system/libsystem_configuration.dylib
0x00007fff681ea000 	/usr/lib/system/libsystem_coreservices.dylib
0x00007fff681ee000 	/usr/lib/system/libsystem_darwin.dylib
0x00007fff681f7000 	/usr/lib/system/libsystem_dnssd.dylib
0x00007fff681ff000 	/usr/lib/system/libsystem_featureflags.dylib
0x00007fff68201000 	/usr/lib/system/libsystem_info.dylib
0x00007fff6827c000 	/usr/lib/system/libsystem_m.dylib
0x00007fff682c4000 	/usr/lib/system/libsystem_malloc.dylib
0x00007fff682ec000 	/usr/lib/system/libsystem_networkextension.dylib
0x00007fff682fa000 	/usr/lib/system/libsystem_notify.dylib
0x00007fff68318000 	/usr/lib/system/libsystem_sandbox.dylib
0x00007fff6831d000 	/usr/lib/system/libsystem_secinit.dylib
0x00007fff6824f000 	/usr/lib/system/libsystem_kernel.dylib
0x00007fff68304000 	/usr/lib/system/libsystem_platform.dylib
0x00007fff6830d000 	/usr/lib/system/libsystem_pthread.dylib
0x00007fff68320000 	/usr/lib/system/libsystem_symptoms.dylib
0x00007fff68328000 	/usr/lib/system/libsystem_trace.dylib
0x00007fff68340000 	/usr/lib/system/libunwind.dylib
0x00007fff68346000 	/usr/lib/system/libxpc.dylib
0x00007fff6542c000 	/usr/lib/libc++abi.dylib
0x00007fff66230000 	/usr/lib/liblzma.5.dylib
0x00007fff65eab000 	/usr/lib/libfakelink.dylib
0x00007fff651e5000 	/usr/lib/libarchive.2.dylib
0x00007fff3ba23000 	/System/Library/Frameworks/SystemConfiguration.framework/Versions/A/SystemConfiguration
0x00007fff64b50000 	/usr/lib/libCRFSuite.dylib
0x00007fff2c88a000 	/System/Library/Frameworks/CFNetwork.framework/Versions/A/CFNetwork
0x00007fff653bb000 	/usr/lib/libbsm.0.dylib
0x00007fff6812c000 	/usr/lib/system/libkxld.dylib
0x00007fff41960000 	/System/Library/PrivateFrameworks/AppleFSCompression.framework/Versions/A/AppleFSCompression
0x00007fff65746000 	/usr/lib/libcoretls.dylib
0x00007fff6575d000 	/usr/lib/libcoretls_cfhelpers.dylib
0x00007fff66f99000 	/usr/lib/libpam.2.dylib
0x00007fff670ce000 	/usr/lib/libsqlite3.dylib
0x00007fff6750d000 	/usr/lib/libxar.1.dylib
0x00007fff653cc000 	/usr/lib/libbz2.1.0.dylib
0x00007fff65ecc000 	/usr/lib/libiconv.2.dylib
0x00007fff65442000 	/usr/lib/libcharset.1.dylib
0x00007fff66a36000 	/usr/lib/libnetwork.dylib
0x00007fff66fa0000 	/usr/lib/libpcap.A.dylib
0x00007fff6519a000 	/usr/lib/libapple_nghttp2.dylib
0x00007fff2f7ba000 	/System/Library/Frameworks/CoreServices.framework/Versions/A/Frameworks/FSEvents.framework/Versions/A/FSEvents
0x00007fff2f48a000 	/System/Library/Frameworks/CoreServices.framework/Versions/A/Frameworks/CarbonCore.framework/Versions/A/CarbonCore
0x00007fff2f9fe000 	/System/Library/Frameworks/CoreServices.framework/Versions/A/Frameworks/Metadata.framework/Versions/A/Metadata
0x00007fff2fa97000 	/System/Library/Frameworks/CoreServices.framework/Versions/A/Frameworks/OSServices.framework/Versions/A/OSServices
0x00007fff2fac5000 	/System/Library/Frameworks/CoreServices.framework/Versions/A/Frameworks/SearchKit.framework/Versions/A/SearchKit
0x00007fff2f404000 	/System/Library/Frameworks/CoreServices.framework/Versions/A/Frameworks/AE.framework/Versions/A/AE
0x00007fff2f7c3000 	/System/Library/Frameworks/CoreServices.framework/Versions/A/Frameworks/LaunchServices.framework/Versions/A/LaunchServices
0x00007fff2f76c000 	/System/Library/Frameworks/CoreServices.framework/Versions/A/Frameworks/DictionaryServices.framework/Versions/A/DictionaryServices
0x00007fff2fb2d000 	/System/Library/Frameworks/CoreServices.framework/Versions/A/Frameworks/SharedFileList.framework/Versions/A/SharedFileList
0x00007fff349be000 	/System/Library/Frameworks/NetFS.framework/Versions/A/NetFS
0x00007fff556a7000 	/System/Library/PrivateFrameworks/NetAuth.framework/Versions/A/NetAuth
0x00007fff62030000 	/System/Library/PrivateFrameworks/login.framework/Versions/A/Frameworks/loginsupport.framework/Versions/A/loginsupport
0x00007fff5e93d000 	/System/Library/PrivateFrameworks/TCC.framework/Versions/A/TCC
0x00007fff46591000 	/System/Library/PrivateFrameworks/CoreNLP.framework/Versions/A/CoreNLP
0x00007fff54ba4000 	/System/Library/PrivateFrameworks/MetadataUtilities.framework/Versions/A/MetadataUtilities
0x00007fff66308000 	/usr/lib/libmecabra.dylib
0x00007fff66260000 	/usr/lib/libmecab.dylib
0x00007fff65ebc000 	/usr/lib/libgermantok.dylib
0x00007fff65181000 	/usr/lib/libThaiTokenizer.dylib
0x00007fff64b87000 	/usr/lib/libChineseTokenizer.dylib
0x00007fff29cba000 	/System/Library/Frameworks/Accelerate.framework/Versions/A/Frameworks/vImage.framework/Versions/A/vImage
0x00007fff2b124000 	/System/Library/Frameworks/Accelerate.framework/Versions/A/Frameworks/vecLib.framework/Versions/A/vecLib
0x00007fff2b061000 	/System/Library/Frameworks/Accelerate.framework/Versions/A/Frameworks/vecLib.framework/Versions/A/libvMisc.dylib
0x00007fff2ae89000 	/System/Library/Frameworks/Accelerate.framework/Versions/A/Frameworks/vecLib.framework/Versions/A/libvDSP.dylib
0x00007fff2a311000 	/System/Library/Frameworks/Accelerate.framework/Versions/A/Frameworks/vecLib.framework/Versions/A/libBLAS.dylib
0x00007fff2aa4d000 	/System/Library/Frameworks/Accelerate.framework/Versions/A/Frameworks/vecLib.framework/Versions/A/libLAPACK.dylib
0x00007fff2ade9000 	/System/Library/Frameworks/Accelerate.framework/Versions/A/Frameworks/vecLib.framework/Versions/A/libLinearAlgebra.dylib
0x00007fff2ae76000 	/System/Library/Frameworks/Accelerate.framework/Versions/A/Frameworks/vecLib.framework/Versions/A/libSparseBLAS.dylib
0x00007fff2adff000 	/System/Library/Frameworks/Accelerate.framework/Versions/A/Frameworks/vecLib.framework/Versions/A/libQuadrature.dylib
0x00007fff2a579000 	/System/Library/Frameworks/Accelerate.framework/Versions/A/Frameworks/vecLib.framework/Versions/A/libBNNS.dylib
0x00007fff2ae05000 	/System/Library/Frameworks/Accelerate.framework/Versions/A/Frameworks/vecLib.framework/Versions/A/libSparse.dylib
0x00007fff53718000 	/System/Library/PrivateFrameworks/LanguageModeling.framework/Versions/A/LanguageModeling
0x00007fff45f41000 	/System/Library/PrivateFrameworks/CoreEmoji.framework/Versions/A/CoreEmoji
0x00007fff53836000 	/System/Library/PrivateFrameworks/LinguisticData.framework/Versions/A/LinguisticData
0x00007fff537e7000 	/System/Library/PrivateFrameworks/Lexicon.framework/Versions/A/Lexicon
0x00007fff65443000 	/usr/lib/libcmph.dylib
0x00007fff375ad000 	/System/Library/Frameworks/OpenDirectory.framework/Versions/A/Frameworks/CFOpenDirectory.framework/Versions/A/CFOpenDirectory
0x00007fff375ca000 	/System/Library/Frameworks/OpenDirectory.framework/Versions/A/OpenDirectory
0x00007fff3fa0d000 	/System/Library/PrivateFrameworks/APFS.framework/Versions/A/APFS
0x00007fff3acbc000 	/System/Library/Frameworks/SecurityFoundation.framework/Versions/A/SecurityFoundation
0x00007fff67509000 	/usr/lib/libutil.dylib
0x00007fff47476000 	/System/Library/PrivateFrameworks/CoreServicesStore.framework/Versions/A/CoreServicesStore
0x00007fff3ad73000 	/System/Library/Frameworks/ServiceManagement.framework/Versions/A/ServiceManagement
0x00007fff43130000 	/System/Library/PrivateFrameworks/BackgroundTaskManagement.framework/Versions/A/BackgroundTaskManagement
0x00007fff67606000 	/usr/lib/libxslt.1.dylib
0x00007fff41fd3000 	/System/Library/PrivateFrameworks/AppleSystemInfo.framework/Versions/A/AppleSystemInfo
0x00007fff31162000 	/System/Library/Frameworks/ImageIO.framework/Versions/A/Resources/libJPEG.dylib
0x00007fff31421000 	/System/Library/Frameworks/ImageIO.framework/Versions/A/Resources/libTIFF.dylib
0x00007fff31404000 	/System/Library/Frameworks/ImageIO.framework/Versions/A/Resources/libPng.dylib
0x00007fff310a4000 	/System/Library/Frameworks/ImageIO.framework/Versions/A/Resources/libGIF.dylib
0x00007fff310a8000 	/System/Library/Frameworks/ImageIO.framework/Versions/A/Resources/libJP2.dylib
0x00007fff3141f000 	/System/Library/Frameworks/ImageIO.framework/Versions/A/Resources/libRadiance.dylib
0x00007fff65e85000 	/usr/lib/libexpat.1.dylib
0x00007fff41abb000 	/System/Library/PrivateFrameworks/AppleJPEG.framework/Versions/A/AppleJPEG
0x00007fff4a78c000 	/System/Library/PrivateFrameworks/FontServices.framework/libFontParser.dylib
0x00007fff61032000 	/System/Library/PrivateFrameworks/WatchdogClient.framework/Versions/A/WatchdogClient
0x00007fff52d73000 	/System/Library/PrivateFrameworks/IOAccelerator.framework/Versions/A/IOAccelerator
0x00007fff3392e000 	/System/Library/Frameworks/MetalPerformanceShaders.framework/Versions/A/MetalPerformanceShaders
0x00007fff4f509000 	/System/Library/PrivateFrameworks/GPUWrangler.framework/Versions/A/GPUWrangler
0x00007fff52d88000 	/System/Library/PrivateFrameworks/IOPresentment.framework/Versions/A/IOPresentment
0x00007fff47ff6000 	/System/Library/PrivateFrameworks/DSExternalDisplay.framework/Versions/A/DSExternalDisplay
0x00007fff37f3e000 	/System/Library/Frameworks/OpenGL.framework/Versions/A/Libraries/libCoreFSCache.dylib
0x00007fff3367a000 	/System/Library/Frameworks/MetalPerformanceShaders.framework/Frameworks/MPSCore.framework/Versions/A/MPSCore
0x00007fff336b8000 	/System/Library/Frameworks/MetalPerformanceShaders.framework/Frameworks/MPSImage.framework/Versions/A/MPSImage
0x00007fff3377f000 	/System/Library/Frameworks/MetalPerformanceShaders.framework/Frameworks/MPSNeuralNetwork.framework/Versions/A/MPSNeuralNetwork
0x00007fff33743000 	/System/Library/Frameworks/MetalPerformanceShaders.framework/Frameworks/MPSMatrix.framework/Versions/A/MPSMatrix
0x00007fff338de000 	/System/Library/Frameworks/MetalPerformanceShaders.framework/Frameworks/MPSRayIntersector.framework/Versions/A/MPSRayIntersector
0x00007fff33769000 	/System/Library/Frameworks/MetalPerformanceShaders.framework/Frameworks/MPSNDArray.framework/Versions/A/MPSNDArray
0x00007fff54bf1000 	/System/Library/PrivateFrameworks/MetalTools.framework/Versions/A/MetalTools
0x00007fff40be7000 	/System/Library/PrivateFrameworks/AggregateDictionary.framework/Versions/A/AggregateDictionary
0x00007fff45989000 	/System/Library/PrivateFrameworks/CoreAnalytics.framework/Versions/A/CoreAnalytics
0x00007fff41ef2000 	/System/Library/PrivateFrameworks/AppleSauce.framework/Versions/A/AppleSauce
0x00007fff64e43000 	/usr/lib/libIOReport.dylib
0x00007fff3002e000 	/System/Library/Frameworks/CoreVideo.framework/Versions/A/CoreVideo
0x00007fff50982000 	/System/Library/PrivateFrameworks/GraphVisualizer.framework/Versions/A/GraphVisualizer
0x00007fff49cd2000 	/System/Library/PrivateFrameworks/FaceCore.framework/Versions/A/FaceCore
0x00007fff37554000 	/System/Library/Frameworks/OpenCL.framework/Versions/A/OpenCL
0x00007fff64c65000 	/usr/lib/libFosl_dynamic.dylib
0x00007fff560c7000 	/System/Library/PrivateFrameworks/OTSVG.framework/Versions/A/OTSVG
0x00007fff2c1e3000 	/System/Library/Frameworks/ApplicationServices.framework/Versions/A/Frameworks/ATS.framework/Versions/A/Resources/libFontRegistry.dylib
0x00007fff4a95d000 	/System/Library/PrivateFrameworks/FontServices.framework/libhvf.dylib
0x00007fff37f49000 	/System/Library/Frameworks/OpenGL.framework/Versions/A/Libraries/libGFXShared.dylib
0x00007fff38127000 	/System/Library/Frameworks/OpenGL.framework/Versions/A/Libraries/libGLU.dylib
0x00007fff37f52000 	/System/Library/Frameworks/OpenGL.framework/Versions/A/Libraries/libGL.dylib
0x00007fff37f5d000 	/System/Library/Frameworks/OpenGL.framework/Versions/A/Libraries/libGLImage.dylib
0x00007fff37f3b000 	/System/Library/Frameworks/OpenGL.framework/Versions/A/Libraries/libCVMSPluginSupport.dylib
0x00007fff37f44000 	/System/Library/Frameworks/OpenGL.framework/Versions/A/Libraries/libCoreVMClient.dylib
0x00007fff668d7000 	/usr/lib/libncurses.5.4.dylib
0x00007fff2c0df000 	/System/Library/Frameworks/ApplicationServices.framework/Versions/A/Frameworks/ATS.framework/Versions/A/ATS
0x00007fff2c2ac000 	/System/Library/Frameworks/ApplicationServices.framework/Versions/A/Frameworks/ColorSyncLegacy.framework/Versions/A/ColorSyncLegacy
0x00007fff2c34a000 	/System/Library/Frameworks/ApplicationServices.framework/Versions/A/Frameworks/HIServices.framework/Versions/A/HIServices
0x00007fff2c3a2000 	/System/Library/Frameworks/ApplicationServices.framework/Versions/A/Frameworks/LangAnalysis.framework/Versions/A/LangAnalysis
0x00007fff2c3b1000 	/System/Library/Frameworks/ApplicationServices.framework/Versions/A/Frameworks/PrintCore.framework/Versions/A/PrintCore
0x00007fff2c3f7000 	/System/Library/Frameworks/ApplicationServices.framework/Versions/A/Frameworks/QD.framework/Versions/A/QD
0x00007fff2c402000 	/System/Library/Frameworks/ApplicationServices.framework/Versions/A/Frameworks/SpeechSynthesis.framework/Versions/A/SpeechSynthesis
0x00007fff2c27c000 	/System/Library/Frameworks/ApplicationServices.framework/Versions/A/Frameworks/ATSUI.framework/Versions/A/ATSUI
0x00007fff65d1b000 	/usr/lib/libcups.2.dylib
0x00007fff329c9000 	/System/Library/Frameworks/Kerberos.framework/Versions/A/Kerberos
0x00007fff30b0a000 	/System/Library/Frameworks/GSS.framework/Versions/A/GSS
0x00007fff6705a000 	/usr/lib/libresolv.9.dylib
0x00007fff50b2f000 	/System/Library/PrivateFrameworks/Heimdal.framework/Versions/A/Heimdal
0x00007fff329dc000 	/System/Library/Frameworks/Kerberos.framework/Versions/A/Libraries/libHeimdalProxy.dylib
0x00007fff65ec2000 	/usr/lib/libheimdal-asn1.dylib
0x00007fff44e21000 	/System/Library/PrivateFrameworks/CommonAuth.framework/Versions/A/CommonAuth
0x00007fff42070000 	/System/Library/PrivateFrameworks/AssertionServices.framework/Versions/A/AssertionServices
0x00007fff42c13000 	/System/Library/PrivateFrameworks/AudioToolboxCore.framework/Versions/A/AudioToolboxCore
0x00007fff61ce0000 	/System/Library/PrivateFrameworks/caulk.framework/Versions/A/caulk
0x00007fff431dc000 	/System/Library/PrivateFrameworks/BaseBoard.framework/Versions/A/BaseBoard
0x00007fff5a32a000 	/System/Library/PrivateFrameworks/RunningBoardServices.framework/Versions/A/RunningBoardServices
0x00007fff5733b000 	/System/Library/PrivateFrameworks/PersistentConnection.framework/Versions/A/PersistentConnection
0x00007fff59d23000 	/System/Library/PrivateFrameworks/ProtocolBuffer.framework/Versions/A/ProtocolBuffer
0x00007fff44e45000 	/System/Library/PrivateFrameworks/CommonUtilities.framework/Versions/A/CommonUtilities
0x00007fff4336a000 	/System/Library/PrivateFrameworks/Bom.framework/Versions/A/Bom
0x00007fff64b16000 	/usr/lib/libAudioToolboxUtility.dylib
0x00007fff4313a000 	/System/Library/PrivateFrameworks/Backup.framework/Versions/A/Backup
0x00007fff47f17000 	/System/Library/PrivateFrameworks/CrashReporterSupport.framework/Versions/A/CrashReporterSupport
0x00007fff5bdbc000 	/System/Library/PrivateFrameworks/Sharing.framework/Versions/A/Sharing
0x00007fff4167e000 	/System/Library/PrivateFrameworks/Apple80211.framework/Versions/A/Apple80211
0x00007fff42e57000 	/System/Library/PrivateFrameworks/AuthKit.framework/Versions/A/AuthKit
0x00007fff47c24000 	/System/Library/PrivateFrameworks/CoreUtils.framework/Versions/A/CoreUtils
0x00007fff30073000 	/System/Library/Frameworks/CoreWLAN.framework/Versions/A/CoreWLAN
0x00007fff30c97000 	/System/Library/Frameworks/IOBluetooth.framework/Versions/A/IOBluetooth
0x00007fff54ef6000 	/System/Library/PrivateFrameworks/MobileKeyBag.framework/Versions/A/MobileKeyBag
0x00007fff46a29000 	/System/Library/PrivateFrameworks/CorePhoneNumbers.framework/Versions/A/CorePhoneNumbers
0x00007fff41a6e000 	/System/Library/PrivateFrameworks/AppleIDAuthSupport.framework/Versions/A/AppleIDAuthSupport
0x00007fff349cb000 	/System/Library/Frameworks/Network.framework/Versions/A/Network
0x00007fff535c4000 	/System/Library/PrivateFrameworks/KeychainCircle.framework/Versions/A/KeychainCircle
0x00007fff2dac4000 	/System/Library/Frameworks/CoreBluetooth.framework/Versions/A/CoreBluetooth
0x00007fff5de3b000 	/System/Library/PrivateFrameworks/SpeechRecognitionCore.framework/Versions/A/SpeechRecognitionCore
0x0000000108400000 	/Users/plawn/.sdkman/candidates/java/21.2.0.r11-grl/lib/server/libjvm.dylib
0x0000000107b9b000 	/Users/plawn/.sdkman/candidates/java/21.2.0.r11-grl/lib/libverify.dylib
0x0000000107bab000 	/Users/plawn/.sdkman/candidates/java/21.2.0.r11-grl/lib/libjava.dylib
0x0000000107bd8000 	/Users/plawn/.sdkman/candidates/java/21.2.0.r11-grl/lib/libjimage.dylib
0x0000000107be6000 	/Users/plawn/.sdkman/candidates/java/21.2.0.r11-grl/lib/libinstrument.dylib
0x00000001091bd000 	/Users/plawn/.sdkman/candidates/java/21.2.0.r11-grl/lib/libjdwp.dylib
0x000000010923a000 	/Users/plawn/.sdkman/candidates/java/21.2.0.r11-grl/lib/libzip.dylib
0x000000012f6c0000 	/Users/plawn/.sdkman/candidates/java/21.2.0.r11-grl/lib/libjvmcicompiler.dylib
0x00000001093e1000 	/Users/plawn/.sdkman/candidates/java/21.2.0.r11-grl/lib/libnio.dylib
0x00000001093f3000 	/Users/plawn/.sdkman/candidates/java/21.2.0.r11-grl/lib/libnet.dylib
0x000000010940c000 	/Users/plawn/.sdkman/candidates/java/21.2.0.r11-grl/lib/libdt_socket.dylib
0x0000000109416000 	/Users/plawn/.sdkman/candidates/java/21.2.0.r11-grl/lib/libmanagement.dylib
0x0000000109420000 	/Users/plawn/.sdkman/candidates/java/21.2.0.r11-grl/lib/libmanagement_ext.dylib
0x000000010942b000 	/Users/plawn/.sdkman/candidates/java/21.2.0.r11-grl/lib/libextnet.dylib


VM Arguments:
jvm_args: -XX:+UnlockExperimentalVMOptions -XX:+EnableJVMCIProduct -XX:-UnlockExperimentalVMOptions -XX:ThreadPriorityPolicy=1 -Xverify:none -Dquarkus-internal.serialized-app-model.path=/Users/plawn/Documents/petiteStack/petit_chat/target/quarkus/bootstrap/dev-app-model.dat -javaagent:/Users/plawn/.m2/repository/io/quarkus/quarkus-class-change-agent/2.15.0.Final/quarkus-class-change-agent-2.15.0.Final.jar -agentlib:jdwp=transport=dt_socket,address=localhost:5005,server=y,suspend=n -Djava.util.logging.manager=org.jboss.logmanager.LogManager 
java_command: /Users/plawn/Documents/petiteStack/petit_chat/target/petit_chat-dev.jar
java_class_path (initial): /Users/plawn/Documents/petiteStack/petit_chat/target/petit_chat-dev.jar
Launcher Type: SUN_STANDARD

[Global flags]
     bool BytecodeVerificationLocal                = false                                     {product} {command line}
     bool BytecodeVerificationRemote               = false                                     {product} {command line}
     intx CICompilerCount                          = 3                                         {product} {ergonomic}
     uint ConcGCThreads                            = 1                                         {product} {ergonomic}
     bool EnableJVMCIProduct                       = true                                {JVMCI product} {jimage}
     uint G1ConcRefinementThreads                  = 4                                         {product} {ergonomic}
   size_t G1HeapRegionSize                         = 1048576                                   {product} {ergonomic}
    uintx GCDrainStackTargetSize                   = 64                                        {product} {ergonomic}
   size_t InitialHeapSize                          = 134217728                                 {product} {ergonomic}
   size_t MarkStackSize                            = 4194304                                   {product} {ergonomic}
   size_t MaxHeapSize                              = 2147483648                                {product} {ergonomic}
   size_t MaxNewSize                               = 1287651328                                {product} {ergonomic}
   size_t MinHeapDeltaBytes                        = 1048576                                   {product} {ergonomic}
    uintx NonNMethodCodeHeapSize                   = 5830732                                {pd product} {ergonomic}
    uintx NonProfiledCodeHeapSize                  = 164856794                              {pd product} {ergonomic}
    uintx ProfiledCodeHeapSize                     = 164856794                              {pd product} {ergonomic}
    uintx ReservedCodeCacheSize                    = 335544320                              {pd product} {ergonomic}
     bool SegmentedCodeCache                       = true                                      {product} {ergonomic}
     intx ThreadPriorityPolicy                     = 1                                         {product} {jimage}
     bool UseCompressedClassPointers               = true                                 {lp64_product} {ergonomic}
     bool UseCompressedOops                        = true                                 {lp64_product} {ergonomic}
     bool UseG1GC                                  = true                                      {product} {ergonomic}

Logging:
Log output configuration:
 #0: stdout all=warning uptime,level,tags
 #1: stderr all=off uptime,level,tags

Environment Variables:
JAVA_HOME=/Users/plawn/.sdkman/candidates/java/current
PATH=/Users/plawn/.pyenv/shims:/Library/Frameworks/Python.framework/Versions/3.8/bin:/Library/Frameworks/Python.framework/Versions/3.9/bin:/Users/plawn/.cargo/bin:/Users/plawn/.yarn/bin:/Users/plawn/.config/yarn/global/node_modules/.bin:/Users/plawn/.deno/bin:/Users/plawn/.bun/bin:/opt/apache-maven-3.6.3/bin:/Users/plawn/Library/pnpm:/Applications/MATLAB_R2016a.app/bin/:/Library/Frameworks/Python.framework/Versions/3.7/bin:/usr/local/bin:/usr/bin:/bin:/usr/sbin:/sbin:/usr/local/go/bin:/Library/Apple/usr/bin:/Users/plawn/.sdkman/candidates/micronaut/current/bin:/Users/plawn/.sdkman/candidates/java/current/bin:/Users/plawn/.pyenv/shims:/Library/Frameworks/Python.framework/Versions/3.8/bin:/Library/Frameworks/Python.framework/Versions/3.9/bin:/Users/plawn/.cargo/bin:/Users/plawn/.yarn/bin:/Users/plawn/.config/yarn/global/node_modules/.bin:/Users/plawn/.deno/bin:/Users/plawn/.bun/bin:/opt/apache-maven-3.6.3/bin:/Users/plawn/Library/pnpm:/Applications/MATLAB_R2016a.app/bin/:/Library/Frameworks/Python.framework/Versions/3.7/bin:/Users/plawn/Applications/Tools/flutter/bin:/Users/plawn/Applications/Tools/flutter/bin
SHELL=/bin/bash
LANG=fr_FR.UTF-8

Signal Handlers:
SIGSEGV: [libjvm.dylib+0x7a19d8], sa_mask[0]=11111111011111110111111111111111, sa_flags=SA_ONSTACK|SA_RESTART|SA_SIGINFO
SIGBUS: [libjvm.dylib+0x7a19d8], sa_mask[0]=11111111011111110111111111111111, sa_flags=SA_RESTART|SA_SIGINFO
SIGFPE: [libjvm.dylib+0x7a19d8], sa_mask[0]=11111111011111110111111111111111, sa_flags=SA_RESTART|SA_SIGINFO
SIGPIPE: [libjvm.dylib+0x65df15], sa_mask[0]=11111111011111110111111111111111, sa_flags=SA_RESTART|SA_SIGINFO
SIGXFSZ: [libjvm.dylib+0x65df15], sa_mask[0]=11111111011111110111111111111111, sa_flags=SA_RESTART|SA_SIGINFO
SIGILL: [libjvm.dylib+0x7a19d8], sa_mask[0]=11111111011111110111111111111111, sa_flags=SA_RESTART|SA_SIGINFO
SIGUSR2: [libjvm.dylib+0x65e4ff], sa_mask[0]=00100000000000000000000000000000, sa_flags=SA_RESTART|SA_SIGINFO
SIGHUP: [libjvm.dylib+0x65d087], sa_mask[0]=11111111011111110111111111111111, sa_flags=SA_RESTART|SA_SIGINFO
SIGINT: [libjvm.dylib+0x65d087], sa_mask[0]=11111111011111110111111111111111, sa_flags=SA_RESTART|SA_SIGINFO
SIGTERM: [libjvm.dylib+0x65d087], sa_mask[0]=11111111011111110111111111111111, sa_flags=SA_RESTART|SA_SIGINFO
SIGQUIT: [libjvm.dylib+0x65d087], sa_mask[0]=11111111011111110111111111111111, sa_flags=SA_RESTART|SA_SIGINFO


---------------  S Y S T E M  ---------------

OS:uname:Darwin 19.6.0 Darwin Kernel Version 19.6.0: Mon Aug 31 22:12:52 PDT 2020; root:xnu-6153.141.2~1/RELEASE_X86_64 x86_64
OS uptime: 2 days 21:23 hours
rlimit (soft/hard): STACK 8192k/65532k , CORE 0k/infinity , NPROC 1392/2088 , NOFILE 10240/infinity , AS infinity/infinity , CPU infinity/infinity , DATA infinity/infinity , FSIZE infinity/infinity , MEMLOCK infinity/infinity , RSS infinity/infinity
load average:59,26 30,39 13,83

CPU:total 4 (initial active 4) (2 cores per cpu, 2 threads per core) family 6 model 142 stepping 9 microcode 0xd6, cmov, cx8, fxsr, mmx, sse, sse2, sse3, ssse3, sse4.1, sse4.2, popcnt, avx, avx2, aes, clmul, erms, rtm, 3dnowpref, lzcnt, ht, tsc, tscinvbit, bmi1, bmi2, adx, fma

Memory: 4k page, physical 8388608k(50048k free), swap 6291456k(717824k free)

vm_info: OpenJDK 64-Bit Server VM (11.0.12+6-jvmci-21.2-b08) for bsd-amd64 JRE (11.0.12+6-jvmci-21.2-b08), built on Jul 19 2021 17:16:18 by "graal" with clang 4.2.1 Compatible Apple LLVM 10.0.0 (clang-1000.11.45.5)

END.
