#
# A fatal error has been detected by the Java Runtime Environment:
#
#  Internal Error (nativeInst_x86.cpp:270), pid=5977, tid=130311
#  guarantee(!os::is_MP() || is_aligned) failed: destination must be aligned
#
# JRE version: OpenJDK Runtime Environment GraalVM CE 21.2.0 (11.0.12+6) (build 11.0.12+6-jvmci-21.2-b08)
# Java VM: OpenJDK 64-Bit Server VM GraalVM CE 21.2.0 (11.0.12+6-jvmci-21.2-b08, mixed mode, sharing, tiered, jvmci, jvmci compiler, compressed oops, g1 gc, bsd-amd64)
# No core dump will be written. Core dumps have been disabled. To enable core dumping, try "ulimit -c unlimited" before starting Java again
#
# If you would like to submit a bug report, please visit:
#   https://github.com/oracle/graal/issues
#

---------------  S U M M A R Y ------------

Command Line: -XX:+UnlockExperimentalVMOptions -XX:+EnableJVMCIProduct -XX:-UnlockExperimentalVMOptions -XX:ThreadPriorityPolicy=1 -Xverify:none -Dquarkus-internal.serialized-app-model.path=/Users/plawn/Documents/petiteStack/petit_chat/target/quarkus/bootstrap/dev-app-model.dat -javaagent:/Users/plawn/.m2/repository/io/quarkus/quarkus-class-change-agent/2.15.0.Final/quarkus-class-change-agent-2.15.0.Final.jar -agentlib:jdwp=transport=dt_socket,address=localhost:5005,server=y,suspend=n -Djava.util.logging.manager=org.jboss.logmanager.LogManager /Users/plawn/Documents/petiteStack/petit_chat/target/petit_chat-dev.jar

Host: MacBookPro14,1 x86_64 2300 MHz, 4 cores, 8G, Darwin 19.6.0
Time: Sun Dec 25 17:27:05 2022 CET elapsed time: 65.383825 seconds (0d 0h 1m 5s)

---------------  T H R E A D  ---------------

Current thread (0x00007fa7ec648000):  JavaThread "Aesh Shutdown Hook" [_thread_in_vm, id=130311, stack(0x000070000713a000,0x000070000723a000)]

Stack: [0x000070000713a000,0x000070000723a000],  sp=0x0000700007235fc0,  free space=1007k
Native frames: (J=compiled Java code, A=aot compiled Java code, j=interpreted, Vv=VM code, C=native code)
V  [libjvm.dylib+0x7a0ba3]  _ZN7VMError14report_and_dieEiPKcS1_P13__va_list_tagP6ThreadPhPvS7_S1_im+0x663
V  [libjvm.dylib+0x7a12a1]  _ZN7VMError14report_and_dieEP6ThreadPvPKciS4_S4_P13__va_list_tag+0x47
V  [libjvm.dylib+0x26c454]  _Z15report_vm_errorPKciS0_S0_z+0xa9
V  [libjvm.dylib+0x639c2c]  _ZN10NativeCall23set_destination_mt_safeEPh+0x66
V  [libjvm.dylib+0x23966d]  _ZN10CompiledIC27internal_set_ic_destinationEPhbPvb+0x77
V  [libjvm.dylib+0x6d561b]  _ZN13SharedRuntime19reresolve_call_siteEP10JavaThreadP6Thread+0x1ed
V  [libjvm.dylib+0x6d21d0]  _ZN13SharedRuntime19handle_wrong_methodEP10JavaThread+0xa4
v  ~RuntimeStub::wrong_method_stub
J 4404 jvmci java.util.regex.Pattern$GroupHead.match(Ljava/util/regex/Matcher;ILjava/lang/CharSequence;)Z java.base@11.0.12 (47 bytes) @ 0x00000001209396a2 [0x00000001209394a0+0x0000000000000202]
J 3403 c1 java.util.regex.Pattern$Start.match(Ljava/util/regex/Matcher;ILjava/lang/CharSequence;)Z java.base@11.0.12 (90 bytes) @ 0x00000001171d00e4 [0x00000001171cfde0+0x0000000000000304]
J 2514 c1 java.util.regex.Matcher.search(I)Z java.base@11.0.12 (154 bytes) @ 0x0000000117000db4 [0x00000001170006a0+0x0000000000000714]
J 3031 c1 java.util.regex.Matcher.find()Z java.base@11.0.12 (69 bytes) @ 0x000000011716efcc [0x000000011716edc0+0x000000000000020c]
j  org.aesh.readline.terminal.impl.ExecPty.doGetFlag(Ljava/lang/String;Ljava/lang/Enum;)Ljava/lang/Boolean;+39
j  org.aesh.readline.terminal.impl.ExecPty.doGetAttr(Ljava/lang/String;)Lorg/aesh/terminal/Attributes;+33
j  org.aesh.readline.terminal.impl.ExecPty.getAttr()Lorg/aesh/terminal/Attributes;+34
j  org.aesh.readline.terminal.impl.ExecPty.setAttr(Lorg/aesh/terminal/Attributes;)V+1
j  org.aesh.readline.terminal.impl.AbstractPosixTerminal.close()V+8
j  org.aesh.readline.terminal.impl.PosixSysTerminal.close()V+66
j  org.aesh.readline.terminal.impl.PosixSysTerminal$$Lambda$355.run()V+4
j  org.aesh.readline.terminal.utils.ShutdownHooks.runTasks()V+61
j  org.aesh.readline.terminal.utils.ShutdownHooks.access$000()V+0
j  org.aesh.readline.terminal.utils.ShutdownHooks$1.run()V+0
v  ~StubRoutines::call_stub
V  [libjvm.dylib+0x3a8fdc]  _ZN9JavaCalls11call_helperEP9JavaValueRK12methodHandleP17JavaCallArgumentsP6Thread+0x21c
V  [libjvm.dylib+0x3a8440]  _ZN9JavaCalls12call_virtualEP9JavaValueP5KlassP6SymbolS5_P17JavaCallArgumentsP6Thread+0xee
V  [libjvm.dylib+0x3a84fc]  _ZN9JavaCalls12call_virtualEP9JavaValue6HandleP5KlassP6SymbolS6_P6Thread+0x62
V  [libjvm.dylib+0x42df9d]  _ZL12thread_entryP10JavaThreadP6Thread+0x78
V  [libjvm.dylib+0x758aa8]  _ZN10JavaThread17thread_main_innerEv+0x82
V  [libjvm.dylib+0x7588f2]  _ZN10JavaThread3runEv+0x174
V  [libjvm.dylib+0x756698]  _ZN6Thread8call_runEv+0x68
V  [libjvm.dylib+0x65bdd9]  _ZL19thread_native_entryP6Thread+0x139
C  [libsystem_pthread.dylib+0x6109]  _pthread_start+0x94
C  [libsystem_pthread.dylib+0x1b8b]  thread_start+0xf

Java frames: (J=compiled Java code, j=interpreted, Vv=VM code)
v  ~RuntimeStub::wrong_method_stub
J 4404 jvmci java.util.regex.Pattern$GroupHead.match(Ljava/util/regex/Matcher;ILjava/lang/CharSequence;)Z java.base@11.0.12 (47 bytes) @ 0x00000001209396a2 [0x00000001209394a0+0x0000000000000202]
J 3403 c1 java.util.regex.Pattern$Start.match(Ljava/util/regex/Matcher;ILjava/lang/CharSequence;)Z java.base@11.0.12 (90 bytes) @ 0x00000001171d00e4 [0x00000001171cfde0+0x0000000000000304]
J 2514 c1 java.util.regex.Matcher.search(I)Z java.base@11.0.12 (154 bytes) @ 0x0000000117000db4 [0x00000001170006a0+0x0000000000000714]
J 3031 c1 java.util.regex.Matcher.find()Z java.base@11.0.12 (69 bytes) @ 0x000000011716efcc [0x000000011716edc0+0x000000000000020c]
j  org.aesh.readline.terminal.impl.ExecPty.doGetFlag(Ljava/lang/String;Ljava/lang/Enum;)Ljava/lang/Boolean;+39
j  org.aesh.readline.terminal.impl.ExecPty.doGetAttr(Ljava/lang/String;)Lorg/aesh/terminal/Attributes;+33
j  org.aesh.readline.terminal.impl.ExecPty.getAttr()Lorg/aesh/terminal/Attributes;+34
j  org.aesh.readline.terminal.impl.ExecPty.setAttr(Lorg/aesh/terminal/Attributes;)V+1
j  org.aesh.readline.terminal.impl.AbstractPosixTerminal.close()V+8
j  org.aesh.readline.terminal.impl.PosixSysTerminal.close()V+66
j  org.aesh.readline.terminal.impl.PosixSysTerminal$$Lambda$355.run()V+4
j  org.aesh.readline.terminal.utils.ShutdownHooks.runTasks()V+61
j  org.aesh.readline.terminal.utils.ShutdownHooks.access$000()V+0
j  org.aesh.readline.terminal.utils.ShutdownHooks$1.run()V+0
v  ~StubRoutines::call_stub

---------------  P R O C E S S  ---------------

Threads class SMR info:
_java_thread_list=0x00007fa7efb0a440, length=26, elements={
0x00007fa7ed013000, 0x00007fa7ec021800, 0x00007fa7ec80e800, 0x00007fa7ec813800,
0x00007fa7ec814800, 0x00007fa7ed01a800, 0x00007fa7ec022000, 0x00007fa7ec818000,
0x00007fa7ed1a7800, 0x00007fa7ed1a8800, 0x00007fa7ec28c000, 0x00007fa7ec8e8000,
0x00007fa7ef254000, 0x00007fa7ef258000, 0x00007fa7ecd64000, 0x00007fa7ee5d4000,
0x00007fa7ec580000, 0x00007fa7ecd7f800, 0x00007fa7ef2a9800, 0x00007fa7ec52e000,
0x00007fa7ec59c000, 0x00007fa7ef291800, 0x00007fa7ecdc4800, 0x00007fa7ec648000,
0x00007fa7ecdad000, 0x00007fa7ed5f8000
}

Java Threads: ( => current thread )
  0x00007fa7ed013000 JavaThread "Reference Handler" daemon [_thread_blocked, id=14595, stack(0x000070000505a000,0x000070000515a000)]
  0x00007fa7ec021800 JavaThread "Finalizer" daemon [_thread_blocked, id=14851, stack(0x000070000515d000,0x000070000525d000)]
  0x00007fa7ec80e800 JavaThread "Signal Dispatcher" daemon [_thread_blocked, id=21763, stack(0x0000700005366000,0x0000700005466000)]
  0x00007fa7ec813800 JavaThread "Service Thread" daemon [_thread_blocked, id=43267, stack(0x0000700005469000,0x0000700005569000)]
  0x00007fa7ec814800 JavaThread "JVMCI-native CompilerThread0" daemon [_thread_blocked, id=42755, stack(0x000070000556c000,0x000070000576c000)]
  0x00007fa7ed01a800 JavaThread "C1 CompilerThread0" daemon [_thread_in_vm, id=42243, stack(0x000070000576f000,0x000070000596f000)]
  0x00007fa7ec022000 JavaThread "Sweeper thread" daemon [_thread_blocked, id=41731, stack(0x0000700005972000,0x0000700005a72000)]
  0x00007fa7ec818000 JavaThread "Common-Cleaner" daemon [_thread_blocked, id=41219, stack(0x0000700005a75000,0x0000700005b75000)]
  0x00007fa7ed1a7800 JavaThread "JDWP Transport Listener: dt_socket" daemon [_thread_in_native, id=40195, stack(0x0000700005bfb000,0x0000700005cfb000)]
  0x00007fa7ed1a8800 JavaThread "JDWP Event Helper Thread" daemon [_thread_blocked, id=24323, stack(0x0000700005cfe000,0x0000700005dfe000)]
  0x00007fa7ec28c000 JavaThread "Libgraal MBean Registration" daemon [_thread_blocked, id=39427, stack(0x0000700005f04000,0x0000700006004000)]
  0x00007fa7ec8e8000 JavaThread "ForkJoinPool.commonPool-worker-3" daemon [_thread_blocked, id=26115, stack(0x0000700006619000,0x0000700006719000)]
  0x00007fa7ef254000 JavaThread "process reaper" daemon [_thread_blocked, id=92163, stack(0x00007000052e3000,0x0000700005307000)]
  0x00007fa7ef258000 JavaThread "Aesh InputStream Reader" daemon [_thread_in_native, id=122627, stack(0x000070000c024000,0x000070000c124000)]
  0x00007fa7ecd64000 JavaThread "vertx-blocked-thread-checker" daemon [_thread_blocked, id=87559, stack(0x000070000681f000,0x000070000691f000)]
  0x00007fa7ee5d4000 JavaThread "vert.x-eventloop-thread-0" [_thread_in_native, id=58119, stack(0x0000700006922000,0x0000700006a22000)]
  0x00007fa7ec580000 JavaThread "vert.x-eventloop-thread-1" [_thread_in_native, id=52231, stack(0x0000700006a25000,0x0000700006b25000)]
  0x00007fa7ecd7f800 JavaThread "vert.x-acceptor-thread-0" [_thread_in_native, id=45319, stack(0x0000700006b28000,0x0000700006c28000)]
  0x00007fa7ef2a9800 JavaThread "vert.x-eventloop-thread-2" [_thread_in_native, id=33799, stack(0x0000700006c2b000,0x0000700006d2b000)]
  0x00007fa7ec52e000 JavaThread "vertx-blocked-thread-checker" daemon [_thread_blocked, id=85255, stack(0x0000700006d2e000,0x0000700006e2e000)]
  0x00007fa7ec59c000 JavaThread "[DevConsole]vert.x-eventloop-thread-0" [_thread_in_native, id=85767, stack(0x0000700006e31000,0x0000700006f31000)]
  0x00007fa7ef291800 JavaThread "DestroyJavaVM" [_thread_blocked, id=9987, stack(0x0000700004945000,0x0000700004a45000)]
  0x00007fa7ecdc4800 JavaThread "Thread-90" daemon [_thread_blocked, id=49671, stack(0x0000700006f34000,0x0000700007034000)]
=>0x00007fa7ec648000 JavaThread "Aesh Shutdown Hook" [_thread_in_vm, id=130311, stack(0x000070000713a000,0x000070000723a000)]
  0x00007fa7ecdad000 JavaThread "Console Shutdown Hook" [_thread_in_vm, id=130823, stack(0x000070000723d000,0x000070000733d000)]
  0x00007fa7ed5f8000 JavaThread "process reaper" daemon [_thread_blocked, id=89871, stack(0x000070000530a000,0x000070000532e000)]

Other Threads:
  0x00007fa7ec80c000 VMThread "VM Thread" [stack: 0x0000700004f57000,0x0000700005057000] [id=18947]
  0x00007fa7ed1a9800 WatcherThread [stack: 0x0000700005e01000,0x0000700005f01000] [id=24835]
  0x00007fa7ee00a800 GCTaskThread "GC Thread#0" [stack: 0x0000700004a48000,0x0000700004b48000] [id=21251]
  0x00007fa7ee110000 GCTaskThread "GC Thread#1" [stack: 0x0000700006007000,0x0000700006107000] [id=16647]
  0x00007fa7ec840800 GCTaskThread "GC Thread#2" [stack: 0x000070000610a000,0x000070000620a000] [id=40455]
  0x00007fa7ed346000 GCTaskThread "GC Thread#3" [stack: 0x000070000671c000,0x000070000681c000] [id=26371]
  0x00007fa7ee039000 ConcurrentGCThread "G1 Main Marker" [stack: 0x0000700004b4b000,0x0000700004c4b000] [id=20995]
  0x00007fa7ee039800 ConcurrentGCThread "G1 Conc#0" [stack: 0x0000700004c4e000,0x0000700004d4e000] [id=20483]
  0x00007fa7ee08a800 ConcurrentGCThread "G1 Refine#0" [stack: 0x0000700004d51000,0x0000700004e51000] [id=20227]
  0x00007fa7ec3c3000 ConcurrentGCThread "G1 Refine#1" [stack: 0x000070000620d000,0x000070000630d000] [id=39171]
  0x00007fa7ec3c3800 ConcurrentGCThread "G1 Refine#2" [stack: 0x0000700006310000,0x0000700006410000] [id=38659]
  0x00007fa7ee40b800 ConcurrentGCThread "G1 Refine#3" [stack: 0x0000700006413000,0x0000700006513000] [id=38147]
  0x00007fa7ec009800 ConcurrentGCThread "G1 Young RemSet Sampling" [stack: 0x0000700004e54000,0x0000700004f54000] [id=13315]

Threads with active compile tasks:
JVMCI-native CompilerThread0  65400 4669       4       java.util.regex.Pattern$Start::match (90 bytes)
C1 CompilerThread0  65400 4665       3       java.util.regex.Pattern$BmpCharPredicate$$Lambda$91/0x00000008400cc440::is (13 bytes)

VM state:not at safepoint (normal execution)

VM Mutex/Monitor currently owned by a thread:  ([mutex/lock_event])
[0x00007fa7ebf09b60] Patching_lock - owner thread: 0x00007fa7ec648000
[0x00007fa7ebf0ae60] CompiledIC_lock - owner thread: 0x00007fa7ec648000
[0x00007fa7ebf0b1e0] Compile_lock - owner thread: 0x00007fa7ed01a800
[0x00007fa7ebf0b360] MethodCompileQueue_lock - owner thread: 0x00007fa7ed01a800

Heap address: 0x0000000780000000, size: 2048 MB, Compressed Oops mode: Zero based, Oop shift amount: 3
Narrow klass base: 0x0000000800000000, Narrow klass shift: 3
Compressed class space size: 1073741824 Address: 0x0000000840000000

Heap:
 garbage-first heap   total 159744K, used 57393K [0x0000000780000000, 0x0000000800000000)
  region size 1024K, 16 young (16384K), 8 survivors (8192K)
 Metaspace       used 35433K, capacity 37221K, committed 37420K, reserved 1081344K
  class space    used 4133K, capacity 4867K, committed 4992K, reserved 1048576K
Heap Regions: E=young(eden), S=young(survivor), O=old, HS=humongous(starts), HC=humongous(continues), CS=collection set, F=free, A=archive, TAMS=top-at-mark-start (previous, next)
|   0|0x0000000780000000, 0x0000000780100000, 0x0000000780100000|100%| O|  |TAMS 0x0000000780100000, 0x0000000780000000| Untracked 
|   1|0x0000000780100000, 0x0000000780200000, 0x0000000780200000|100%| O|  |TAMS 0x0000000780200000, 0x0000000780100000| Untracked 
|   2|0x0000000780200000, 0x0000000780300000, 0x0000000780300000|100%| O|  |TAMS 0x0000000780300000, 0x0000000780200000| Untracked 
|   3|0x0000000780300000, 0x0000000780400000, 0x0000000780400000|100%| O|  |TAMS 0x0000000780400000, 0x0000000780300000| Untracked 
|   4|0x0000000780400000, 0x0000000780500000, 0x0000000780500000|100%| O|  |TAMS 0x0000000780500000, 0x0000000780400000| Untracked 
|   5|0x0000000780500000, 0x0000000780600000, 0x0000000780600000|100%| O|  |TAMS 0x0000000780600000, 0x0000000780500000| Untracked 
|   6|0x0000000780600000, 0x0000000780700000, 0x0000000780700000|100%| O|  |TAMS 0x0000000780700000, 0x0000000780600000| Untracked 
|   7|0x0000000780700000, 0x0000000780800000, 0x0000000780800000|100%| O|  |TAMS 0x0000000780800000, 0x0000000780700000| Untracked 
|   8|0x0000000780800000, 0x0000000780900000, 0x0000000780900000|100%| O|  |TAMS 0x0000000780900000, 0x0000000780800000| Untracked 
|   9|0x0000000780900000, 0x0000000780a00000, 0x0000000780a00000|100%| O|  |TAMS 0x0000000780a00000, 0x0000000780900000| Untracked 
|  10|0x0000000780a00000, 0x0000000780b00000, 0x0000000780b00000|100%| O|  |TAMS 0x0000000780b00000, 0x0000000780a00000| Untracked 
|  11|0x0000000780b00000, 0x0000000780c00000, 0x0000000780c00000|100%| O|  |TAMS 0x0000000780c00000, 0x0000000780b00000| Untracked 
|  12|0x0000000780c00000, 0x0000000780d00000, 0x0000000780d00000|100%| O|  |TAMS 0x0000000780d00000, 0x0000000780c00000| Untracked 
|  13|0x0000000780d00000, 0x0000000780e00000, 0x0000000780e00000|100%| O|  |TAMS 0x0000000780e00000, 0x0000000780d00000| Untracked 
|  14|0x0000000780e00000, 0x0000000780f00000, 0x0000000780f00000|100%| O|  |TAMS 0x0000000780f00000, 0x0000000780e00000| Untracked 
|  15|0x0000000780f00000, 0x0000000781000000, 0x0000000781000000|100%| O|  |TAMS 0x0000000781000000, 0x0000000780f00000| Untracked 
|  16|0x0000000781000000, 0x0000000781100000, 0x0000000781100000|100%| O|  |TAMS 0x0000000781100000, 0x0000000781000000| Untracked 
|  17|0x0000000781100000, 0x0000000781200000, 0x0000000781200000|100%| O|  |TAMS 0x0000000781200000, 0x0000000781100000| Untracked 
|  18|0x0000000781200000, 0x0000000781300000, 0x0000000781300000|100%| O|  |TAMS 0x0000000781300000, 0x0000000781200000| Untracked 
|  19|0x0000000781300000, 0x0000000781400000, 0x0000000781400000|100%| O|  |TAMS 0x0000000781400000, 0x0000000781300000| Untracked 
|  20|0x0000000781400000, 0x0000000781500000, 0x0000000781500000|100%| O|  |TAMS 0x0000000781500000, 0x0000000781400000| Untracked 
|  21|0x0000000781500000, 0x0000000781600000, 0x0000000781600000|100%| O|  |TAMS 0x0000000781600000, 0x0000000781500000| Untracked 
|  22|0x0000000781600000, 0x0000000781700000, 0x0000000781700000|100%| O|  |TAMS 0x0000000781700000, 0x0000000781600000| Untracked 
|  23|0x0000000781700000, 0x0000000781800000, 0x0000000781800000|100%| O|  |TAMS 0x0000000781800000, 0x0000000781700000| Untracked 
|  24|0x0000000781800000, 0x0000000781900000, 0x0000000781900000|100%| O|  |TAMS 0x0000000781900000, 0x0000000781800000| Untracked 
|  25|0x0000000781900000, 0x0000000781a00000, 0x0000000781a00000|100%| O|  |TAMS 0x0000000781a00000, 0x0000000781900000| Untracked 
|  26|0x0000000781a00000, 0x0000000781b00000, 0x0000000781b00000|100%| O|  |TAMS 0x0000000781b00000, 0x0000000781a00000| Untracked 
|  27|0x0000000781b00000, 0x0000000781c00000, 0x0000000781c00000|100%| O|  |TAMS 0x0000000781c00000, 0x0000000781b00000| Untracked 
|  28|0x0000000781c00000, 0x0000000781d00000, 0x0000000781d00000|100%| O|  |TAMS 0x0000000781d00000, 0x0000000781c00000| Untracked 
|  29|0x0000000781d00000, 0x0000000781e00000, 0x0000000781e00000|100%| O|  |TAMS 0x0000000781e00000, 0x0000000781d00000| Untracked 
|  30|0x0000000781e00000, 0x0000000781f00000, 0x0000000781f00000|100%| O|  |TAMS 0x0000000781f00000, 0x0000000781e00000| Untracked 
|  31|0x0000000781f00000, 0x0000000782000000, 0x0000000782000000|100%| O|  |TAMS 0x0000000782000000, 0x0000000781f00000| Untracked 
|  32|0x0000000782000000, 0x0000000782100000, 0x0000000782100000|100%| O|  |TAMS 0x0000000782100000, 0x0000000782000000| Untracked 
|  33|0x0000000782100000, 0x0000000782200000, 0x0000000782200000|100%| O|  |TAMS 0x0000000782200000, 0x0000000782100000| Untracked 
|  34|0x0000000782200000, 0x0000000782300000, 0x0000000782300000|100%| O|  |TAMS 0x0000000782300000, 0x0000000782200000| Untracked 
|  35|0x0000000782300000, 0x0000000782400000, 0x0000000782400000|100%| O|  |TAMS 0x0000000782400000, 0x0000000782300000| Untracked 
|  36|0x0000000782400000, 0x0000000782500000, 0x0000000782500000|100%| O|  |TAMS 0x0000000782500000, 0x0000000782400000| Untracked 
|  37|0x0000000782500000, 0x0000000782600000, 0x0000000782600000|100%| O|  |TAMS 0x0000000782600000, 0x0000000782500000| Untracked 
|  38|0x0000000782600000, 0x0000000782700000, 0x0000000782700000|100%| O|  |TAMS 0x0000000782673400, 0x0000000782600000| Untracked 
|  39|0x0000000782700000, 0x0000000782800000, 0x0000000782800000|100%| O|  |TAMS 0x0000000782700000, 0x0000000782700000| Untracked 
|  40|0x0000000782800000, 0x000000078287f400, 0x0000000782900000| 49%| O|  |TAMS 0x0000000782800000, 0x0000000782800000| Untracked 
|  41|0x0000000782900000, 0x0000000782900000, 0x0000000782a00000|  0%| F|  |TAMS 0x0000000782900000, 0x0000000782900000| Untracked 
|  42|0x0000000782a00000, 0x0000000782a00000, 0x0000000782b00000|  0%| F|  |TAMS 0x0000000782a00000, 0x0000000782a00000| Untracked 
|  43|0x0000000782b00000, 0x0000000782b00000, 0x0000000782c00000|  0%| F|  |TAMS 0x0000000782b00000, 0x0000000782b00000| Untracked 
|  44|0x0000000782c00000, 0x0000000782c00000, 0x0000000782d00000|  0%| F|  |TAMS 0x0000000782c00000, 0x0000000782c00000| Untracked 
|  45|0x0000000782d00000, 0x0000000782d00000, 0x0000000782e00000|  0%| F|  |TAMS 0x0000000782d00000, 0x0000000782d00000| Untracked 
|  46|0x0000000782e00000, 0x0000000782e00000, 0x0000000782f00000|  0%| F|  |TAMS 0x0000000782e00000, 0x0000000782e00000| Untracked 
|  47|0x0000000782f00000, 0x0000000782f00000, 0x0000000783000000|  0%| F|  |TAMS 0x0000000782f00000, 0x0000000782f00000| Untracked 
|  48|0x0000000783000000, 0x0000000783000000, 0x0000000783100000|  0%| F|  |TAMS 0x0000000783000000, 0x0000000783000000| Untracked 
|  49|0x0000000783100000, 0x0000000783100000, 0x0000000783200000|  0%| F|  |TAMS 0x0000000783100000, 0x0000000783100000| Untracked 
|  50|0x0000000783200000, 0x0000000783200000, 0x0000000783300000|  0%| F|  |TAMS 0x0000000783200000, 0x0000000783200000| Untracked 
|  51|0x0000000783300000, 0x0000000783300000, 0x0000000783400000|  0%| F|  |TAMS 0x0000000783300000, 0x0000000783300000| Untracked 
|  52|0x0000000783400000, 0x0000000783400000, 0x0000000783500000|  0%| F|  |TAMS 0x0000000783400000, 0x0000000783400000| Untracked 
|  53|0x0000000783500000, 0x0000000783500000, 0x0000000783600000|  0%| F|  |TAMS 0x0000000783500000, 0x0000000783500000| Untracked 
|  54|0x0000000783600000, 0x0000000783600000, 0x0000000783700000|  0%| F|  |TAMS 0x0000000783600000, 0x0000000783600000| Untracked 
|  55|0x0000000783700000, 0x0000000783700000, 0x0000000783800000|  0%| F|  |TAMS 0x0000000783700000, 0x0000000783700000| Untracked 
|  56|0x0000000783800000, 0x0000000783800000, 0x0000000783900000|  0%| F|  |TAMS 0x0000000783800000, 0x0000000783800000| Untracked 
|  57|0x0000000783900000, 0x0000000783900000, 0x0000000783a00000|  0%| F|  |TAMS 0x0000000783900000, 0x0000000783900000| Untracked 
|  58|0x0000000783a00000, 0x0000000783a00000, 0x0000000783b00000|  0%| F|  |TAMS 0x0000000783a00000, 0x0000000783a00000| Untracked 
|  59|0x0000000783b00000, 0x0000000783b00000, 0x0000000783c00000|  0%| F|  |TAMS 0x0000000783b00000, 0x0000000783b00000| Untracked 
|  60|0x0000000783c00000, 0x0000000783c00000, 0x0000000783d00000|  0%| F|  |TAMS 0x0000000783c00000, 0x0000000783c00000| Untracked 
|  61|0x0000000783d00000, 0x0000000783d00000, 0x0000000783e00000|  0%| F|  |TAMS 0x0000000783d00000, 0x0000000783d00000| Untracked 
|  62|0x0000000783e00000, 0x0000000783e00000, 0x0000000783f00000|  0%| F|  |TAMS 0x0000000783e00000, 0x0000000783e00000| Untracked 
|  63|0x0000000783f00000, 0x0000000783f00000, 0x0000000784000000|  0%| F|  |TAMS 0x0000000783f00000, 0x0000000783f00000| Untracked 
|  64|0x0000000784000000, 0x0000000784000000, 0x0000000784100000|  0%| F|  |TAMS 0x0000000784000000, 0x0000000784000000| Untracked 
|  65|0x0000000784100000, 0x0000000784100000, 0x0000000784200000|  0%| F|  |TAMS 0x0000000784100000, 0x0000000784100000| Untracked 
|  66|0x0000000784200000, 0x0000000784200000, 0x0000000784300000|  0%| F|  |TAMS 0x0000000784200000, 0x0000000784200000| Untracked 
|  67|0x0000000784300000, 0x0000000784300000, 0x0000000784400000|  0%| F|  |TAMS 0x0000000784300000, 0x0000000784300000| Untracked 
|  68|0x0000000784400000, 0x0000000784400000, 0x0000000784500000|  0%| F|  |TAMS 0x0000000784400000, 0x0000000784400000| Untracked 
|  69|0x0000000784500000, 0x0000000784500000, 0x0000000784600000|  0%| F|  |TAMS 0x0000000784500000, 0x0000000784500000| Untracked 
|  70|0x0000000784600000, 0x0000000784600000, 0x0000000784700000|  0%| F|  |TAMS 0x0000000784600000, 0x0000000784600000| Untracked 
|  71|0x0000000784700000, 0x00000007847d63b0, 0x0000000784800000| 83%| S|CS|TAMS 0x0000000784700000, 0x0000000784700000| Complete 
|  72|0x0000000784800000, 0x0000000784900000, 0x0000000784900000|100%| S|CS|TAMS 0x0000000784800000, 0x0000000784800000| Complete 
|  73|0x0000000784900000, 0x0000000784a00000, 0x0000000784a00000|100%| S|CS|TAMS 0x0000000784900000, 0x0000000784900000| Complete 
|  74|0x0000000784a00000, 0x0000000784b00000, 0x0000000784b00000|100%| S|CS|TAMS 0x0000000784a00000, 0x0000000784a00000| Complete 
|  75|0x0000000784b00000, 0x0000000784c00000, 0x0000000784c00000|100%| S|CS|TAMS 0x0000000784b00000, 0x0000000784b00000| Complete 
|  76|0x0000000784c00000, 0x0000000784d00000, 0x0000000784d00000|100%| S|CS|TAMS 0x0000000784c00000, 0x0000000784c00000| Complete 
|  77|0x0000000784d00000, 0x0000000784e00000, 0x0000000784e00000|100%| S|CS|TAMS 0x0000000784d00000, 0x0000000784d00000| Complete 
|  78|0x0000000784e00000, 0x0000000784f00000, 0x0000000784f00000|100%| S|CS|TAMS 0x0000000784e00000, 0x0000000784e00000| Complete 
|  79|0x0000000784f00000, 0x0000000784f00000, 0x0000000785000000|  0%| F|  |TAMS 0x0000000784f00000, 0x0000000784f00000| Untracked 
|  80|0x0000000785000000, 0x0000000785000000, 0x0000000785100000|  0%| F|  |TAMS 0x0000000785000000, 0x0000000785000000| Untracked 
|  81|0x0000000785100000, 0x0000000785100000, 0x0000000785200000|  0%| F|  |TAMS 0x0000000785100000, 0x0000000785100000| Untracked 
|  82|0x0000000785200000, 0x0000000785200000, 0x0000000785300000|  0%| F|  |TAMS 0x0000000785200000, 0x0000000785200000| Untracked 
|  83|0x0000000785300000, 0x0000000785300000, 0x0000000785400000|  0%| F|  |TAMS 0x0000000785300000, 0x0000000785300000| Untracked 
|  84|0x0000000785400000, 0x0000000785400000, 0x0000000785500000|  0%| F|  |TAMS 0x0000000785400000, 0x0000000785400000| Untracked 
|  85|0x0000000785500000, 0x0000000785500000, 0x0000000785600000|  0%| F|  |TAMS 0x0000000785500000, 0x0000000785500000| Untracked 
|  86|0x0000000785600000, 0x0000000785600000, 0x0000000785700000|  0%| F|  |TAMS 0x0000000785600000, 0x0000000785600000| Untracked 
|  87|0x0000000785700000, 0x0000000785700000, 0x0000000785800000|  0%| F|  |TAMS 0x0000000785700000, 0x0000000785700000| Untracked 
|  88|0x0000000785800000, 0x0000000785800000, 0x0000000785900000|  0%| F|  |TAMS 0x0000000785800000, 0x0000000785800000| Untracked 
|  89|0x0000000785900000, 0x0000000785900000, 0x0000000785a00000|  0%| F|  |TAMS 0x0000000785900000, 0x0000000785900000| Untracked 
|  90|0x0000000785a00000, 0x0000000785a00000, 0x0000000785b00000|  0%| F|  |TAMS 0x0000000785a00000, 0x0000000785a00000| Untracked 
|  91|0x0000000785b00000, 0x0000000785b00000, 0x0000000785c00000|  0%| F|  |TAMS 0x0000000785b00000, 0x0000000785b00000| Untracked 
|  92|0x0000000785c00000, 0x0000000785c00000, 0x0000000785d00000|  0%| F|  |TAMS 0x0000000785c00000, 0x0000000785c00000| Untracked 
|  93|0x0000000785d00000, 0x0000000785d00000, 0x0000000785e00000|  0%| F|  |TAMS 0x0000000785d00000, 0x0000000785d00000| Untracked 
|  94|0x0000000785e00000, 0x0000000785e00000, 0x0000000785f00000|  0%| F|  |TAMS 0x0000000785e00000, 0x0000000785e00000| Untracked 
|  95|0x0000000785f00000, 0x0000000785f00000, 0x0000000786000000|  0%| F|  |TAMS 0x0000000785f00000, 0x0000000785f00000| Untracked 
|  96|0x0000000786000000, 0x0000000786000000, 0x0000000786100000|  0%| F|  |TAMS 0x0000000786000000, 0x0000000786000000| Untracked 
|  97|0x0000000786100000, 0x0000000786100000, 0x0000000786200000|  0%| F|  |TAMS 0x0000000786100000, 0x0000000786100000| Untracked 
|  98|0x0000000786200000, 0x0000000786200000, 0x0000000786300000|  0%| F|  |TAMS 0x0000000786200000, 0x0000000786200000| Untracked 
|  99|0x0000000786300000, 0x0000000786300000, 0x0000000786400000|  0%| F|  |TAMS 0x0000000786300000, 0x0000000786300000| Untracked 
| 100|0x0000000786400000, 0x0000000786400000, 0x0000000786500000|  0%| F|  |TAMS 0x0000000786400000, 0x0000000786400000| Untracked 
| 101|0x0000000786500000, 0x0000000786500000, 0x0000000786600000|  0%| F|  |TAMS 0x0000000786500000, 0x0000000786500000| Untracked 
| 102|0x0000000786600000, 0x0000000786600000, 0x0000000786700000|  0%| F|  |TAMS 0x0000000786600000, 0x0000000786600000| Untracked 
| 103|0x0000000786700000, 0x0000000786700000, 0x0000000786800000|  0%| F|  |TAMS 0x0000000786700000, 0x0000000786700000| Untracked 
| 104|0x0000000786800000, 0x0000000786800000, 0x0000000786900000|  0%| F|  |TAMS 0x0000000786800000, 0x0000000786800000| Untracked 
| 105|0x0000000786900000, 0x0000000786900000, 0x0000000786a00000|  0%| F|  |TAMS 0x0000000786900000, 0x0000000786900000| Untracked 
| 106|0x0000000786a00000, 0x0000000786a00000, 0x0000000786b00000|  0%| F|  |TAMS 0x0000000786a00000, 0x0000000786a00000| Untracked 
| 107|0x0000000786b00000, 0x0000000786b00000, 0x0000000786c00000|  0%| F|  |TAMS 0x0000000786b00000, 0x0000000786b00000| Untracked 
| 108|0x0000000786c00000, 0x0000000786c00000, 0x0000000786d00000|  0%| F|  |TAMS 0x0000000786c00000, 0x0000000786c00000| Untracked 
| 109|0x0000000786d00000, 0x0000000786d00000, 0x0000000786e00000|  0%| F|  |TAMS 0x0000000786d00000, 0x0000000786d00000| Untracked 
| 110|0x0000000786e00000, 0x0000000786e00000, 0x0000000786f00000|  0%| F|  |TAMS 0x0000000786e00000, 0x0000000786e00000| Untracked 
| 111|0x0000000786f00000, 0x0000000786f00000, 0x0000000787000000|  0%| F|  |TAMS 0x0000000786f00000, 0x0000000786f00000| Untracked 
| 112|0x0000000787000000, 0x0000000787000000, 0x0000000787100000|  0%| F|  |TAMS 0x0000000787000000, 0x0000000787000000| Untracked 
| 113|0x0000000787100000, 0x0000000787100000, 0x0000000787200000|  0%| F|  |TAMS 0x0000000787100000, 0x0000000787100000| Untracked 
| 114|0x0000000787200000, 0x0000000787200000, 0x0000000787300000|  0%| F|  |TAMS 0x0000000787200000, 0x0000000787200000| Untracked 
| 115|0x0000000787300000, 0x0000000787300000, 0x0000000787400000|  0%| F|  |TAMS 0x0000000787300000, 0x0000000787300000| Untracked 
| 116|0x0000000787400000, 0x0000000787400000, 0x0000000787500000|  0%| F|  |TAMS 0x0000000787400000, 0x0000000787400000| Untracked 
| 117|0x0000000787500000, 0x0000000787500000, 0x0000000787600000|  0%| F|  |TAMS 0x0000000787500000, 0x0000000787500000| Untracked 
| 118|0x0000000787600000, 0x0000000787600000, 0x0000000787700000|  0%| F|  |TAMS 0x0000000787600000, 0x0000000787600000| Untracked 
| 119|0x0000000787700000, 0x0000000787700000, 0x0000000787800000|  0%| F|  |TAMS 0x0000000787700000, 0x0000000787700000| Untracked 
| 120|0x0000000787800000, 0x0000000787800000, 0x0000000787900000|  0%| F|  |TAMS 0x0000000787800000, 0x0000000787800000| Untracked 
| 121|0x0000000787900000, 0x0000000787900000, 0x0000000787a00000|  0%| F|  |TAMS 0x0000000787900000, 0x0000000787900000| Untracked 
| 122|0x0000000787a00000, 0x0000000787a00000, 0x0000000787b00000|  0%| F|  |TAMS 0x0000000787a00000, 0x0000000787a00000| Untracked 
| 123|0x0000000787b00000, 0x0000000787b00000, 0x0000000787c00000|  0%| F|  |TAMS 0x0000000787b00000, 0x0000000787b00000| Untracked 
| 124|0x0000000787c00000, 0x0000000787c00000, 0x0000000787d00000|  0%| F|  |TAMS 0x0000000787c00000, 0x0000000787c00000| Untracked 
| 125|0x0000000787d00000, 0x0000000787d00000, 0x0000000787e00000|  0%| F|  |TAMS 0x0000000787d00000, 0x0000000787d00000| Untracked 
| 126|0x0000000787e00000, 0x0000000787e00000, 0x0000000787f00000|  0%| F|  |TAMS 0x0000000787e00000, 0x0000000787e00000| Untracked 
| 127|0x0000000787f00000, 0x0000000787f00000, 0x0000000788000000|  0%| F|  |TAMS 0x0000000787f00000, 0x0000000787f00000| Untracked 
| 128|0x0000000788000000, 0x0000000788000000, 0x0000000788100000|  0%| F|  |TAMS 0x0000000788000000, 0x0000000788000000| Untracked 
| 129|0x0000000788100000, 0x0000000788100000, 0x0000000788200000|  0%| F|  |TAMS 0x0000000788100000, 0x0000000788100000| Untracked 
| 130|0x0000000788200000, 0x0000000788200000, 0x0000000788300000|  0%| F|  |TAMS 0x0000000788200000, 0x0000000788200000| Untracked 
| 131|0x0000000788300000, 0x0000000788300000, 0x0000000788400000|  0%| F|  |TAMS 0x0000000788300000, 0x0000000788300000| Untracked 
| 132|0x0000000788400000, 0x0000000788400000, 0x0000000788500000|  0%| F|  |TAMS 0x0000000788400000, 0x0000000788400000| Untracked 
| 133|0x0000000788500000, 0x0000000788500000, 0x0000000788600000|  0%| F|  |TAMS 0x0000000788500000, 0x0000000788500000| Untracked 
| 134|0x0000000788600000, 0x0000000788600000, 0x0000000788700000|  0%| F|  |TAMS 0x0000000788600000, 0x0000000788600000| Untracked 
| 135|0x0000000788700000, 0x0000000788700000, 0x0000000788800000|  0%| F|  |TAMS 0x0000000788700000, 0x0000000788700000| Untracked 
| 136|0x0000000788800000, 0x0000000788800000, 0x0000000788900000|  0%| F|  |TAMS 0x0000000788800000, 0x0000000788800000| Untracked 
| 137|0x0000000788900000, 0x0000000788900000, 0x0000000788a00000|  0%| F|  |TAMS 0x0000000788900000, 0x0000000788900000| Untracked 
| 138|0x0000000788a00000, 0x0000000788a00000, 0x0000000788b00000|  0%| F|  |TAMS 0x0000000788a00000, 0x0000000788a00000| Untracked 
| 139|0x0000000788b00000, 0x0000000788b00000, 0x0000000788c00000|  0%| F|  |TAMS 0x0000000788b00000, 0x0000000788b00000| Untracked 
| 140|0x0000000788c00000, 0x0000000788c00000, 0x0000000788d00000|  0%| F|  |TAMS 0x0000000788c00000, 0x0000000788c00000| Untracked 
| 141|0x0000000788d00000, 0x0000000788d00000, 0x0000000788e00000|  0%| F|  |TAMS 0x0000000788d00000, 0x0000000788d00000| Untracked 
| 142|0x0000000788e00000, 0x0000000788e00000, 0x0000000788f00000|  0%| F|  |TAMS 0x0000000788e00000, 0x0000000788e00000| Untracked 
| 143|0x0000000788f00000, 0x0000000788f00000, 0x0000000789000000|  0%| F|  |TAMS 0x0000000788f00000, 0x0000000788f00000| Untracked 
| 144|0x0000000789000000, 0x0000000789000000, 0x0000000789100000|  0%| F|  |TAMS 0x0000000789000000, 0x0000000789000000| Untracked 
| 145|0x0000000789100000, 0x0000000789100000, 0x0000000789200000|  0%| F|  |TAMS 0x0000000789100000, 0x0000000789100000| Untracked 
| 146|0x0000000789200000, 0x00000007892ab570, 0x0000000789300000| 66%| E|  |TAMS 0x0000000789200000, 0x0000000789200000| Complete 
| 147|0x0000000789300000, 0x0000000789400000, 0x0000000789400000|100%| E|CS|TAMS 0x0000000789300000, 0x0000000789300000| Complete 
| 148|0x0000000789400000, 0x0000000789500000, 0x0000000789500000|100%| E|CS|TAMS 0x0000000789400000, 0x0000000789400000| Complete 
| 149|0x0000000789500000, 0x0000000789600000, 0x0000000789600000|100%| E|CS|TAMS 0x0000000789500000, 0x0000000789500000| Complete 
| 150|0x0000000789600000, 0x0000000789700000, 0x0000000789700000|100%| E|CS|TAMS 0x0000000789600000, 0x0000000789600000| Complete 
| 151|0x0000000789700000, 0x0000000789800000, 0x0000000789800000|100%| E|CS|TAMS 0x0000000789700000, 0x0000000789700000| Complete 
| 152|0x0000000789800000, 0x0000000789900000, 0x0000000789900000|100%| E|CS|TAMS 0x0000000789800000, 0x0000000789800000| Complete 
| 153|0x0000000789900000, 0x0000000789a00000, 0x0000000789a00000|100%| E|CS|TAMS 0x0000000789900000, 0x0000000789900000| Complete 
|1020|0x00000007bfc00000, 0x00000007bfc4c000, 0x00000007bfd00000| 29%|OA|  |TAMS 0x00000007bfc4c000, 0x00000007bfc00000| Untracked 
|1021|0x00000007bfd00000, 0x00000007bfd6b000, 0x00000007bfe00000| 41%|CA|  |TAMS 0x00000007bfd6b000, 0x00000007bfd00000| Untracked 

Card table byte_map: [0x00000001130e8000,0x00000001134e8000] _byte_map_base: 0x000000010f4e8000

Marking Bits (Prev, Next): (CMBitMap*) 0x00007fa7ee030218, (CMBitMap*) 0x00007fa7ee030250
 Prev Bits: [0x00000001138e8000, 0x00000001158e8000)
 Next Bits: [0x000000012a504000, 0x000000012c504000)

Polling page: 0x00000001082db000

Metaspace:

Usage:
  Non-class:     31,60 MB capacity,    30,57 MB ( 97%) used,   868,25 KB (  3%) free+waste,   185,94 KB ( <1%) overhead. 
      Class:      4,75 MB capacity,     4,04 MB ( 85%) used,   644,02 KB ( 13%) free+waste,    89,06 KB (  2%) overhead. 
       Both:     36,35 MB capacity,    34,60 MB ( 95%) used,     1,48 MB (  4%) free+waste,   275,00 KB ( <1%) overhead. 

Virtual space:
  Non-class space:       32,00 MB reserved,      31,67 MB ( 99%) committed 
      Class space:        1,00 GB reserved,       4,88 MB ( <1%) committed 
             Both:        1,03 GB reserved,      36,54 MB (  3%) committed 

Chunk freelists:
   Non-Class:  10,00 KB
       Class:  0 bytes
        Both:  10,00 KB

MaxMetaspaceSize: unlimited
CompressedClassSpaceSize: 1,00 GB
Initial GC threshold: 20,80 MB
Current GC threshold: 43,82 MB
CDS: on

CodeHeap 'non-profiled nmethods': size=160992Kb used=1639Kb max_used=1639Kb free=159352Kb
 bounds [0x00000001207cc000, 0x00000001217cc000, 0x000000012a504000]
CodeHeap 'profiled nmethods': size=160992Kb used=9760Kb max_used=9760Kb free=151231Kb
 bounds [0x0000000116a94000, 0x0000000117a94000, 0x00000001207cc000]
CodeHeap 'non-nmethods': size=5696Kb used=1362Kb max_used=1369Kb free=4333Kb
 bounds [0x0000000116504000, 0x0000000116a94000, 0x0000000116a94000]
 total_blobs=5152 nmethods=4580 adapters=491
 compilation: enabled
              stopped_count=0, restarted_count=0
 full_count=0

JVMCI Events (6 events):
Event: 0,031 Thread 0x00007fa7ee009800 created new JVMCI runtime 0 (0x00007fa7ebc0ecd0)
Event: 0,031 Thread 0x00007fa7ee009800 created new JVMCI runtime -1 (0x00007fa7ebc0ee30)
Event: 0,086 Thread 0x00007fa7ec814800 loaded JVMCI shared library from /Users/plawn/.sdkman/candidates/java/21.2.0.r11-grl/lib/libjvmcicompiler.dylib
Event: 0,087 Thread 0x00007fa7ec814800 created JavaVM[1]@0x0000000132c93738 for JVMCI runtime 0
Event: 0,087 Thread 0x00007fa7ec814800 initializing JVMCI runtime 0
Event: 0,089 Thread 0x00007fa7ec814800 initialized JVMCI runtime 0

Compilation events (20 events):
Event: 23,759 Thread 0x00007fa7ed01a800 4656       1       java.util.WeakHashMap$Entry::getValue (5 bytes)
Event: 23,759 Thread 0x00007fa7ed01a800 nmethod 4656 0x0000000120965610 code [0x00000001209657a0, 0x0000000120965870]
Event: 24,472 Thread 0x00007fa7ed01a800 4657       3       java.util.WeakHashMap::isEmpty (13 bytes)
Event: 24,473 Thread 0x00007fa7ed01a800 nmethod 4657 0x0000000117418c90 code [0x0000000117418e40, 0x0000000117419280]
Event: 24,473 Thread 0x00007fa7ed01a800 4658       3       java.util.WeakHashMap::size (18 bytes)
Event: 24,473 Thread 0x00007fa7ed01a800 nmethod 4658 0x0000000117419390 code [0x0000000117419540, 0x00000001174196e0]
Event: 26,473 Thread 0x00007fa7ed01a800 4659       3       java.util.concurrent.TimeUnit::convert (77 bytes)
Event: 26,474 Thread 0x00007fa7ed01a800 nmethod 4659 0x0000000117419790 code [0x0000000117419980, 0x0000000117419d00]
Event: 48,485 Thread 0x00007fa7ed01a800 4660       3       java.util.concurrent.TimeUnit::toNanos (45 bytes)
Event: 48,485 Thread 0x00007fa7ed01a800 nmethod 4660 0x0000000117419f10 code [0x000000011741a0c0, 0x000000011741a2f0]
Event: 50,782 Thread 0x00007fa7ed01a800 4661       3       java.util.TaskQueue::isEmpty (13 bytes)
Event: 50,783 Thread 0x00007fa7ed01a800 nmethod 4661 0x000000011741a390 code [0x000000011741a520, 0x000000011741a690]
Event: 65,371 Thread 0x00007fa7ec814800 4662   !   4       java.lang.invoke.MemberName::getMethodType (203 bytes)
Event: 65,373 Thread 0x00007fa7ec814800 nmethod 4662 0x0000000120965910 code [0x0000000120965aa0, 0x0000000120965b60]
Event: 65,380 Thread 0x00007fa7ed01a800 4663       3       java.util.concurrent.SynchronousQueue$TransferStack::shouldSpin (30 bytes)
Event: 65,381 Thread 0x00007fa7ed01a800 nmethod 4663 0x000000011741a710 code [0x000000011741a8c0, 0x000000011741ab70]
Event: 65,381 Thread 0x00007fa7ed01a800 4667       3       java.util.regex.Pattern$BmpCharProperty::match (55 bytes)
Event: 65,381 Thread 0x00007fa7ec814800 4669       4       java.util.regex.Pattern$Start::match (90 bytes)
Event: 65,381 Thread 0x00007fa7ed01a800 nmethod 4667 0x000000011741ac90 code [0x000000011741ae60, 0x000000011741b740]
Event: 65,381 Thread 0x00007fa7ed01a800 4665       3       java.util.regex.Pattern$BmpCharPredicate$$Lambda$91/0x00000008400cc440::is (13 bytes)

GC Heap History (20 events):
Event: 5,766 GC heap before
{Heap before GC invocations=1 (full 0):
 garbage-first heap   total 133120K, used 28569K [0x0000000780000000, 0x0000000800000000)
  region size 1024K, 27 young (27648K), 2 survivors (2048K)
 Metaspace       used 4672K, capacity 6214K, committed 6272K, reserved 1056768K
  class space    used 406K, capacity 638K, committed 640K, reserved 1048576K
}
Event: 5,787 GC heap after
{Heap after GC invocations=2 (full 0):
 garbage-first heap   total 133120K, used 18398K [0x0000000780000000, 0x0000000800000000)
  region size 1024K, 4 young (4096K), 4 survivors (4096K)
 Metaspace       used 4672K, capacity 6214K, committed 6272K, reserved 1056768K
  class space    used 406K, capacity 638K, committed 640K, reserved 1048576K
}
Event: 5,971 GC heap before
{Heap before GC invocations=2 (full 0):
 garbage-first heap   total 133120K, used 38878K [0x0000000780000000, 0x0000000800000000)
  region size 1024K, 25 young (25600K), 4 survivors (4096K)
 Metaspace       used 4696K, capacity 6214K, committed 6272K, reserved 1056768K
  class space    used 406K, capacity 638K, committed 640K, reserved 1048576K
}
Event: 5,982 GC heap after
{Heap after GC invocations=3 (full 0):
 garbage-first heap   total 133120K, used 22383K [0x0000000780000000, 0x0000000800000000)
  region size 1024K, 4 young (4096K), 4 survivors (4096K)
 Metaspace       used 4696K, capacity 6214K, committed 6272K, reserved 1056768K
  class space    used 406K, capacity 638K, committed 640K, reserved 1048576K
}
Event: 6,052 GC heap before
{Heap before GC invocations=3 (full 0):
 garbage-first heap   total 133120K, used 41839K [0x0000000780000000, 0x0000000800000000)
  region size 1024K, 24 young (24576K), 4 survivors (4096K)
 Metaspace       used 4713K, capacity 6215K, committed 6272K, reserved 1056768K
  class space    used 406K, capacity 638K, committed 640K, reserved 1048576K
}
Event: 6,061 GC heap after
{Heap after GC invocations=4 (full 0):
 garbage-first heap   total 133120K, used 27356K [0x0000000780000000, 0x0000000800000000)
  region size 1024K, 3 young (3072K), 3 survivors (3072K)
 Metaspace       used 4713K, capacity 6215K, committed 6272K, reserved 1056768K
  class space    used 406K, capacity 638K, committed 640K, reserved 1048576K
}
Event: 6,405 GC heap before
{Heap before GC invocations=4 (full 0):
 garbage-first heap   total 133120K, used 49884K [0x0000000780000000, 0x0000000800000000)
  region size 1024K, 25 young (25600K), 3 survivors (3072K)
 Metaspace       used 6873K, capacity 7447K, committed 7552K, reserved 1056768K
  class space    used 630K, capacity 838K, committed 896K, reserved 1048576K
}
Event: 6,417 GC heap after
{Heap after GC invocations=5 (full 0):
 garbage-first heap   total 133120K, used 34480K [0x0000000780000000, 0x0000000800000000)
  region size 1024K, 4 young (4096K), 4 survivors (4096K)
 Metaspace       used 6873K, capacity 7447K, committed 7552K, reserved 1056768K
  class space    used 630K, capacity 838K, committed 896K, reserved 1048576K
}
Event: 7,023 GC heap before
{Heap before GC invocations=5 (full 0):
 garbage-first heap   total 133120K, used 69296K [0x0000000780000000, 0x0000000800000000)
  region size 1024K, 38 young (38912K), 4 survivors (4096K)
 Metaspace       used 13085K, capacity 13764K, committed 13952K, reserved 1060864K
  class space    used 1311K, capacity 1578K, committed 1664K, reserved 1048576K
}
Event: 7,033 GC heap after
{Heap after GC invocations=6 (full 0):
 garbage-first heap   total 133120K, used 37600K [0x0000000780000000, 0x0000000800000000)
  region size 1024K, 3 young (3072K), 3 survivors (3072K)
 Metaspace       used 13085K, capacity 13764K, committed 13952K, reserved 1060864K
  class space    used 1311K, capacity 1578K, committed 1664K, reserved 1048576K
}
Event: 7,308 GC heap before
{Heap before GC invocations=6 (full 0):
 garbage-first heap   total 133120K, used 76512K [0x0000000780000000, 0x0000000800000000)
  region size 1024K, 41 young (41984K), 3 survivors (3072K)
 Metaspace       used 15602K, capacity 16374K, committed 16640K, reserved 1064960K
  class space    used 1703K, capacity 1992K, committed 2048K, reserved 1048576K
}
Event: 7,315 GC heap after
{Heap after GC invocations=7 (full 0):
 garbage-first heap   total 133120K, used 40263K [0x0000000780000000, 0x0000000800000000)
  region size 1024K, 6 young (6144K), 6 survivors (6144K)
 Metaspace       used 15602K, capacity 16374K, committed 16640K, reserved 1064960K
  class space    used 1703K, capacity 1992K, committed 2048K, reserved 1048576K
}
Event: 7,527 GC heap before
{Heap before GC invocations=7 (full 0):
 garbage-first heap   total 133120K, used 82247K [0x0000000780000000, 0x0000000800000000)
  region size 1024K, 48 young (49152K), 6 survivors (6144K)
 Metaspace       used 19798K, capacity 20790K, committed 21120K, reserved 1067008K
  class space    used 2238K, capacity 2569K, committed 2688K, reserved 1048576K
}
Event: 7,541 GC heap after
{Heap after GC invocations=8 (full 0):
 garbage-first heap   total 133120K, used 43070K [0x0000000780000000, 0x0000000800000000)
  region size 1024K, 6 young (6144K), 6 survivors (6144K)
 Metaspace       used 19798K, capacity 20790K, committed 21120K, reserved 1067008K
  class space    used 2238K, capacity 2569K, committed 2688K, reserved 1048576K
}
Event: 7,576 GC heap before
{Heap before GC invocations=8 (full 0):
 garbage-first heap   total 133120K, used 47166K [0x0000000780000000, 0x0000000800000000)
  region size 1024K, 11 young (11264K), 6 survivors (6144K)
 Metaspace       used 20289K, capacity 21183K, committed 21296K, reserved 1069056K
  class space    used 2284K, capacity 2636K, committed 2688K, reserved 1048576K
}
Event: 7,584 GC heap after
{Heap after GC invocations=9 (full 0):
 garbage-first heap   total 159744K, used 43688K [0x0000000780000000, 0x0000000800000000)
  region size 1024K, 4 young (4096K), 4 survivors (4096K)
 Metaspace       used 20289K, capacity 21183K, committed 21296K, reserved 1069056K
  class space    used 2284K, capacity 2636K, committed 2688K, reserved 1048576K
}
Event: 8,089 GC heap before
{Heap before GC invocations=10 (full 0):
 garbage-first heap   total 159744K, used 106152K [0x0000000780000000, 0x0000000800000000)
  region size 1024K, 66 young (67584K), 4 survivors (4096K)
 Metaspace       used 25248K, capacity 26346K, committed 26540K, reserved 1073152K
  class space    used 2825K, capacity 3287K, committed 3328K, reserved 1048576K
}
Event: 8,102 GC heap after
{Heap after GC invocations=11 (full 0):
 garbage-first heap   total 159744K, used 46796K [0x0000000780000000, 0x0000000800000000)
  region size 1024K, 7 young (7168K), 7 survivors (7168K)
 Metaspace       used 25248K, capacity 26346K, committed 26540K, reserved 1073152K
  class space    used 2825K, capacity 3287K, committed 3328K, reserved 1048576K
}
Event: 8,762 GC heap before
{Heap before GC invocations=12 (full 0):
 garbage-first heap   total 159744K, used 115404K [0x0000000780000000, 0x0000000800000000)
  region size 1024K, 75 young (76800K), 7 survivors (7168K)
 Metaspace       used 33852K, capacity 35562K, committed 35884K, reserved 1081344K
  class space    used 3936K, capacity 4634K, committed 4736K, reserved 1048576K
}
Event: 8,779 GC heap after
{Heap after GC invocations=13 (full 0):
 garbage-first heap   total 159744K, used 50225K [0x0000000780000000, 0x0000000800000000)
  region size 1024K, 8 young (8192K), 8 survivors (8192K)
 Metaspace       used 33852K, capacity 35562K, committed 35884K, reserved 1081344K
  class space    used 3936K, capacity 4634K, committed 4736K, reserved 1048576K
}

Deoptimization events (20 events):
Event: 8,595 Thread 0x00007fa7ee009800 DEOPT PACKING pc=0x0000000116c4085c sp=0x0000700004a42ee0
Event: 8,595 Thread 0x00007fa7ee009800 DEOPT UNPACKING pc=0x000000011654e451 sp=0x0000700004a423a8 mode 1
Event: 8,595 Thread 0x00007fa7ee009800 DEOPT PACKING pc=0x000000011711cb14 sp=0x0000700004a42f30
Event: 8,595 Thread 0x00007fa7ee009800 DEOPT UNPACKING pc=0x000000011654e451 sp=0x0000700004a42580 mode 1
Event: 8,595 Thread 0x00007fa7ee009800 DEOPT PACKING pc=0x0000000116e76a7c sp=0x0000700004a43190
Event: 8,595 Thread 0x00007fa7ee009800 DEOPT UNPACKING pc=0x000000011654e451 sp=0x0000700004a42668 mode 1
Event: 8,602 Thread 0x00007fa7ee5d4000 Uncommon trap: trap_request=0xffffffcd fr.pc=0x00000001208daab0 relative=0x0000000000000830
Event: 8,602 Thread 0x00007fa7ee5d4000 Uncommon trap: reason=intrinsic_or_type_checked_inlining action=reinterpret pc=0x00000001208daab0 method=java.lang.Thread.blockedOn(Lsun/nio/ch/Interruptible;)V @ 18 jvmci
Event: 8,602 Thread 0x00007fa7ee5d4000 DEOPT PACKING pc=0x00000001208daab0 sp=0x0000700006a1fdf0
Event: 8,602 Thread 0x00007fa7ee5d4000 DEOPT UNPACKING pc=0x000000011654e451 sp=0x0000700006a1f158 mode 3
Event: 9,753 Thread 0x00007fa7ec52e000 Uncommon trap: trap_request=0xffffffed fr.pc=0x000000012083b085 relative=0x00000000000000e5
Event: 9,753 Thread 0x00007fa7ec52e000 Uncommon trap: reason=null_assert_or_unreached0 action=reinterpret pc=0x000000012083b085 method=java.util.concurrent.TimeUnit.convert(JLjava/util/concurrent/TimeUnit;)J @ 0 jvmci
Event: 9,753 Thread 0x00007fa7ec52e000 DEOPT PACKING pc=0x000000012083b085 sp=0x0000700006e2d8a0
Event: 9,753 Thread 0x00007fa7ec52e000 DEOPT UNPACKING pc=0x000000011654e451 sp=0x0000700006e2cd48 mode 3
Event: 65,366 Thread 0x00007fa7ef258000 Uncommon trap: trap_request=0xffffffcd fr.pc=0x0000000120882157 relative=0x00000000000002b7
Event: 65,366 Thread 0x00007fa7ef258000 Uncommon trap: reason=intrinsic_or_type_checked_inlining action=reinterpret pc=0x0000000120882157 method=java.nio.HeapByteBuffer.put(Ljava/nio/ByteBuffer;)Ljava/nio/ByteBuffer; @ 0 jvmci
Event: 65,366 Thread 0x00007fa7ef258000 DEOPT PACKING pc=0x0000000120882157 sp=0x000070000c123790
Event: 65,366 Thread 0x00007fa7ef258000 DEOPT UNPACKING pc=0x000000011654e451 sp=0x000070000c122c58 mode 3
Event: 65,381 Thread 0x00007fa7ec648000 DEOPT PACKING pc=0x00000001171d0283 sp=0x0000700007239560
Event: 65,381 Thread 0x00007fa7ec648000 DEOPT UNPACKING pc=0x000000011654e451 sp=0x0000700007238a20 mode 0

Classes redefined (0 events):
No events

Internal exceptions (20 events):
Event: 8,312 Thread 0x00007fa7ee5f9000 Exception <a 'java/lang/NoSuchMethodError'{0x0000000787a0aa28}: 'java.lang.Object java.lang.invoke.DirectMethodHandle$Holder.invokeInterface(java.lang.Object, java.lang.Object, java.lang.Object)'> (0x0000000787a0aa28) thrown at [./src/hotspot/share/interpreter/linkResolver.cpp, line 773]
Event: 8,312 Thread 0x00007fa7ee5f9000 Exception <a 'java/lang/IncompatibleClassChangeError'{0x0000000787a0d9b0}: Found class java.lang.Object, but interface was expected> (0x0000000787a0d9b0) thrown at [./src/hotspot/share/interpreter/linkResolver.cpp, line 839]
Event: 8,313 Thread 0x00007fa7ee5f9000 Exception <a 'java/lang/IncompatibleClassChangeError'{0x0000000787a1df98}: Found class java.lang.Object, but interface was expected> (0x0000000787a1df98) thrown at [./src/hotspot/share/interpreter/linkResolver.cpp, line 839]
Event: 8,314 Thread 0x00007fa7ee5f9000 Exception <a 'java/lang/IncompatibleClassChangeError'{0x0000000787a2c8c8}: Found class java.lang.Object, but interface was expected> (0x0000000787a2c8c8) thrown at [./src/hotspot/share/interpreter/linkResolver.cpp, line 839]
Event: 8,314 Thread 0x00007fa7ee5f9000 Exception <a 'java/lang/IncompatibleClassChangeError'{0x0000000787a36508}: Found class java.lang.Object, but interface was expected> (0x0000000787a36508) thrown at [./src/hotspot/share/interpreter/linkResolver.cpp, line 839]
Event: 8,314 Thread 0x00007fa7ee5f9000 Exception <a 'java/lang/IncompatibleClassChangeError'{0x0000000787a400c0}: Found class java.lang.Object, but interface was expected> (0x0000000787a400c0) thrown at [./src/hotspot/share/interpreter/linkResolver.cpp, line 839]
Event: 8,314 Thread 0x00007fa7ee5f9000 Exception <a 'java/lang/IncompatibleClassChangeError'{0x0000000787a49c88}: Found class java.lang.Object, but interface was expected> (0x0000000787a49c88) thrown at [./src/hotspot/share/interpreter/linkResolver.cpp, line 839]
Event: 8,315 Thread 0x00007fa7ee5f9000 Exception <a 'java/lang/IncompatibleClassChangeError'{0x0000000787a53798}: Found class java.lang.Object, but interface was expected> (0x0000000787a53798) thrown at [./src/hotspot/share/interpreter/linkResolver.cpp, line 839]
Event: 8,317 Thread 0x00007fa7ee5f9000 Exception <a 'java/lang/IncompatibleClassChangeError'{0x0000000787a9c720}: Found class java.lang.Object, but interface was expected> (0x0000000787a9c720) thrown at [./src/hotspot/share/interpreter/linkResolver.cpp, line 839]
Event: 8,317 Thread 0x00007fa7ee5f9000 Exception <a 'java/lang/IncompatibleClassChangeError'{0x0000000787aa6240}: Found class java.lang.Object, but interface was expected> (0x0000000787aa6240) thrown at [./src/hotspot/share/interpreter/linkResolver.cpp, line 839]
Event: 8,321 Thread 0x00007fa7ee5f9000 Exception <a 'java/lang/IncompatibleClassChangeError'{0x00000007879134a0}: Found class java.lang.Object, but interface was expected> (0x00000007879134a0) thrown at [./src/hotspot/share/interpreter/linkResolver.cpp, line 839]
Event: 8,322 Thread 0x00007fa7ee5f9000 Exception <a 'java/lang/IncompatibleClassChangeError'{0x00000007879303d0}: Found class java.lang.Object, but interface was expected> (0x00000007879303d0) thrown at [./src/hotspot/share/interpreter/linkResolver.cpp, line 839]
Event: 8,452 Thread 0x00007fa7ee009800 Exception <a 'java/lang/NoSuchMethodError'{0x00000007866108a8}: 'java.lang.Object java.lang.invoke.DirectMethodHandle$Holder.invokeStaticInit(java.lang.Object, java.lang.Object, java.lang.Object, java.lang.Object)'> (0x00000007866108a8) thrown at [./src/hotspot/share/interpreter/linkResolver.cpp, line 773]
Event: 8,597 Thread 0x00007fa7ee009800 Exception <a 'java/lang/NoSuchMethodError'{0x0000000785e623d8}: 'java.lang.Object java.lang.invoke.DirectMethodHandle$Holder.invokeSpecial(java.lang.Object, java.lang.Object, java.lang.Object, java.lang.Object, java.lang.Object, java.lang.Object, java.lang.Object, java.lang.Object, java.lang.Object, java.lang.Object, java.lang.Object, java.lang.Object, java.lang.Object, java.lang.Object)'> (0x0000000785e623d8) thrown at [./src/hotspot/share/interpreter/linkResolver.cpp, line 773]
Event: 8,598 Thread 0x00007fa7ee009800 Exception <a 'java/lang/NoSuchMethodError'{0x0000000785e66ea0}: 'java.lang.Object java.lang.invoke.Invokers$Holder.linkToTargetMethod(java.lang.Object, java.lang.Object, java.lang.Object, java.lang.Object, java.lang.Object, java.lang.Object, java.lang.Object, java.lang.Object, java.lang.Object, java.lang.Object, java.lang.Object, java.lang.Object, java.lang.Object)'> (0x0000000785e66ea0) thrown at [./src/hotspot/share/interpreter/linkResolver.cpp, line 773]
Event: 8,728 Thread 0x00007fa7ee5d4000 Exception <a 'java/lang/NoSuchMethodError'{0x00000007858e00b8}: 'void java.lang.invoke.DirectMethodHandle$Holder.invokeSpecial(java.lang.Object, java.lang.Object, int, java.lang.Object, java.lang.Object, java.lang.Object)'> (0x00000007858e00b8) thrown at [./src/hotspot/share/interpreter/linkResolver.cpp, line 773]
Event: 8,731 Thread 0x00007fa7ee5d4000 Exception <a 'java/lang/NoSuchMethodError'{0x00000007850068d8}: 'java.lang.Object java.lang.invoke.DirectMethodHandle$Holder.invokeSpecial(java.lang.Object, java.lang.Object, java.lang.Object, java.lang.Object, java.lang.Object, java.lang.Object, java.lang.Object, java.lang.Object, java.lang.Object, java.lang.Object, java.lang.Object, java.lang.Object, java.lang.Object)'> (0x00000007850068d8) thrown at [./src/hotspot/share/interpreter/linkResolver.cpp, line 773]
Event: 8,731 Thread 0x00007fa7ec580000 Exception <a 'java/lang/NoSuchMethodError'{0x000000078500fd78}: 'java.lang.Object java.lang.invoke.DirectMethodHandle$Holder.invokeSpecial(java.lang.Object, java.lang.Object, java.lang.Object, java.lang.Object, java.lang.Object, java.lang.Object, java.lang.Object, java.lang.Object, java.lang.Object, java.lang.Object, java.lang.Object, java.lang.Object, java.lang.Object)'> (0x000000078500fd78) thrown at [./src/hotspot/share/interpreter/linkResolver.cpp, line 773]
Event: 8,731 Thread 0x00007fa7ec580000 Exception <a 'java/lang/NoSuchMethodError'{0x0000000785013e48}: 'java.lang.Object java.lang.invoke.Invokers$Holder.linkToTargetMethod(java.lang.Object, java.lang.Object, java.lang.Object, java.lang.Object, java.lang.Object, java.lang.Object, java.lang.Object, java.lang.Object, java.lang.Object, java.lang.Object, java.lang.Object, java.lang.Object)'> (0x0000000785013e48) thrown at [./src/hotspot/share/interpreter/linkResolver.cpp, line 773]
Event: 8,731 Thread 0x00007fa7ee5d4000 Exception <a 'java/lang/NoSuchMethodError'{0x000000078500ad70}: 'java.lang.Object java.lang.invoke.Invokers$Holder.linkToTargetMethod(java.lang.Object, java.lang.Object, java.lang.Object, java.lang.Object, java.lang.Object, java.lang.Object, java.lang.Object, java.lang.Object, java.lang.Object, java.lang.Object, java.lang.Object, java.lang.Object)'> (0x000000078500ad70) thrown at [./src/hotspot/share/interpreter/linkResolver.cpp, line 773]

Events (20 events):
Event: 65,373 Thread 0x00007fa7ed5f5800 Thread added: 0x00007fa7ed5f5800
Event: 65,373 Protecting memory [0x0000700007037000,0x000070000703b000] with protection modes 0
Event: 65,376 Protecting memory [0x0000700007037000,0x000070000703b000] with protection modes 3
Event: 65,376 Thread 0x00007fa7ed5f5800 Thread exited: 0x00007fa7ed5f5800
Event: 65,376 Protecting memory [0x0000700006516000,0x000070000651a000] with protection modes 3
Event: 65,376 Thread 0x00007fa7ed5f8000 Thread exited: 0x00007fa7ed5f8000
Event: 65,377 Thread 0x00007fa7ed5f8000 Thread added: 0x00007fa7ed5f8000
Event: 65,377 Protecting memory [0x000070000530a000,0x000070000530e000] with protection modes 0
Event: 65,380 Executing VM operation: RevokeBias
Event: 65,380 Executing VM operation: RevokeBias done
Event: 65,380 Executing VM operation: RevokeBias
Event: 65,380 Executing VM operation: RevokeBias done
Event: 65,380 Executing VM operation: RevokeBias
Event: 65,380 Executing VM operation: RevokeBias done
Event: 65,380 Executing VM operation: RevokeBias
Event: 65,380 Executing VM operation: RevokeBias done
Event: 65,380 Executing VM operation: RevokeBias
Event: 65,380 Executing VM operation: RevokeBias done
Event: 65,381 Executing VM operation: RevokeBias
Event: 65,381 Executing VM operation: RevokeBias done


Dynamic libraries:
0x00007fff2d179000 	/System/Library/Frameworks/Cocoa.framework/Versions/A/Cocoa
0x00007fff3a972000 	/System/Library/Frameworks/Security.framework/Versions/A/Security
0x00007fff2c0de000 	/System/Library/Frameworks/ApplicationServices.framework/Versions/A/ApplicationServices
0x00007fff6762f000 	/usr/lib/libz.1.dylib
0x000000010826f000 	/Users/plawn/.sdkman/candidates/java/21.2.0.r11-grl/lib/jli/libjli.dylib
0x00007fff650f3000 	/usr/lib/libSystem.B.dylib
0x00007fff2b2ce000 	/System/Library/Frameworks/AppKit.framework/Versions/C/AppKit
0x00007fff2dafd000 	/System/Library/Frameworks/CoreData.framework/Versions/A/CoreData
0x00007fff306d8000 	/System/Library/Frameworks/Foundation.framework/Versions/C/Foundation
0x00007fff5f108000 	/System/Library/PrivateFrameworks/UIFoundation.framework/Versions/A/UIFoundation
0x00007fff5a19c000 	/System/Library/PrivateFrameworks/RemoteViewServices.framework/Versions/A/RemoteViewServices
0x00007fff61c63000 	/System/Library/PrivateFrameworks/XCTTargetBootstrap.framework/Versions/A/XCTTargetBootstrap
0x00007fff2dee8000 	/System/Library/Frameworks/CoreDisplay.framework/Versions/A/CoreDisplay
0x00007fff33593000 	/System/Library/Frameworks/Metal.framework/Versions/A/Metal
0x00007fff48189000 	/System/Library/PrivateFrameworks/DesktopServicesPriv.framework/Versions/A/DesktopServicesPriv
0x00007fff6622e000 	/usr/lib/liblangid.dylib
0x00007fff4741e000 	/System/Library/PrivateFrameworks/CoreSVG.framework/Versions/A/CoreSVG
0x00007fff5d2f8000 	/System/Library/PrivateFrameworks/SkyLight.framework/Versions/A/SkyLight
0x00007fff2e49c000 	/System/Library/Frameworks/CoreGraphics.framework/Versions/A/CoreGraphics
0x00007fff29ca2000 	/System/Library/Frameworks/Accelerate.framework/Versions/A/Accelerate
0x00007fff67520000 	/usr/lib/libxml2.2.dylib
0x00007fff53127000 	/System/Library/PrivateFrameworks/IconServices.framework/Versions/A/IconServices
0x00007fff30eb7000 	/System/Library/Frameworks/IOSurface.framework/Versions/A/IOSurface
0x00007fff64c1d000 	/usr/lib/libDiagnosticMessagesClient.dylib
0x00007fff47fe3000 	/System/Library/PrivateFrameworks/DFRFoundation.framework/Versions/A/DFRFoundation
0x00007fff65fbd000 	/usr/lib/libicucore.A.dylib
0x00007fff2c410000 	/System/Library/Frameworks/AudioToolbox.framework/Versions/A/AudioToolbox
0x00007fff2c4f3000 	/System/Library/Frameworks/AudioUnit.framework/Versions/A/AudioUnit
0x00007fff652f5000 	/usr/lib/libauto.dylib
0x00007fff48085000 	/System/Library/PrivateFrameworks/DataDetectorsCore.framework/Versions/A/DataDetectorsCore
0x00007fff2cc9a000 	/System/Library/Frameworks/Carbon.framework/Versions/A/Frameworks/HIToolbox.framework/Versions/A/HIToolbox
0x00007fff39b6c000 	/System/Library/Frameworks/QuartzCore.framework/Versions/A/QuartzCore
0x00007fff2cfd9000 	/System/Library/Frameworks/Carbon.framework/Versions/A/Frameworks/SpeechRecognition.framework/Versions/A/SpeechRecognition
0x00007fff47af7000 	/System/Library/PrivateFrameworks/CoreUI.framework/Versions/A/CoreUI
0x00007fff2d568000 	/System/Library/Frameworks/CoreAudio.framework/Versions/A/CoreAudio
0x00007fff30397000 	/System/Library/Frameworks/DiskArbitration.framework/Versions/A/DiskArbitration
0x00007fff55177000 	/System/Library/PrivateFrameworks/MultitouchSupport.framework/Versions/A/MultitouchSupport
0x00007fff65e84000 	/usr/lib/libenergytrace.dylib
0x00007fff30e11000 	/System/Library/Frameworks/IOKit.framework/Versions/A/IOKit
0x00007fff2f403000 	/System/Library/Frameworks/CoreServices.framework/Versions/A/CoreServices
0x00007fff5732f000 	/System/Library/PrivateFrameworks/PerformanceAnalysis.framework/Versions/A/PerformanceAnalysis
0x00007fff38b9f000 	/System/Library/Frameworks/OpenGL.framework/Versions/A/OpenGL
0x00007fff66f53000 	/usr/lib/libobjc.A.dylib
0x00007fff2d187000 	/System/Library/Frameworks/ColorSync.framework/Versions/A/ColorSync
0x00007fff2e01b000 	/System/Library/Frameworks/CoreFoundation.framework/Versions/A/CoreFoundation
0x00007fff2eb1f000 	/System/Library/Frameworks/CoreImage.framework/Versions/A/CoreImage
0x00007fff2fe76000 	/System/Library/Frameworks/CoreText.framework/Versions/A/CoreText
0x00007fff30f47000 	/System/Library/Frameworks/ImageIO.framework/Versions/A/ImageIO
0x00007fff653d9000 	/usr/lib/libc++.1.dylib
0x00007fff65455000 	/usr/lib/libcompression.dylib
0x00007fff64f61000 	/usr/lib/libMobileGestalt.dylib
0x00007fff5ee72000 	/System/Library/PrivateFrameworks/TextureIO.framework/Versions/A/TextureIO
0x00007fff65258000 	/usr/lib/libate.dylib
0x00007fff53330000 	/System/Library/PrivateFrameworks/InternationalSupport.framework/Versions/A/InternationalSupport
0x00007fff67ef0000 	/usr/lib/system/libcache.dylib
0x00007fff67ef6000 	/usr/lib/system/libcommonCrypto.dylib
0x00007fff67f02000 	/usr/lib/system/libcompiler_rt.dylib
0x00007fff67f0a000 	/usr/lib/system/libcopyfile.dylib
0x00007fff67f14000 	/usr/lib/system/libcorecrypto.dylib
0x00007fff680b3000 	/usr/lib/system/libdispatch.dylib
0x00007fff680f4000 	/usr/lib/system/libdyld.dylib
0x00007fff6812b000 	/usr/lib/system/libkeymgr.dylib
0x00007fff68139000 	/usr/lib/system/liblaunch.dylib
0x00007fff6813a000 	/usr/lib/system/libmacho.dylib
0x00007fff68140000 	/usr/lib/system/libquarantine.dylib
0x00007fff68143000 	/usr/lib/system/libremovefile.dylib
0x00007fff68145000 	/usr/lib/system/libsystem_asl.dylib
0x00007fff6815d000 	/usr/lib/system/libsystem_blocks.dylib
0x00007fff6815e000 	/usr/lib/system/libsystem_c.dylib
0x00007fff681e6000 	/usr/lib/system/libsystem_configuration.dylib
0x00007fff681ea000 	/usr/lib/system/libsystem_coreservices.dylib
0x00007fff681ee000 	/usr/lib/system/libsystem_darwin.dylib
0x00007fff681f7000 	/usr/lib/system/libsystem_dnssd.dylib
0x00007fff681ff000 	/usr/lib/system/libsystem_featureflags.dylib
0x00007fff68201000 	/usr/lib/system/libsystem_info.dylib
0x00007fff6827c000 	/usr/lib/system/libsystem_m.dylib
0x00007fff682c4000 	/usr/lib/system/libsystem_malloc.dylib
0x00007fff682ec000 	/usr/lib/system/libsystem_networkextension.dylib
0x00007fff682fa000 	/usr/lib/system/libsystem_notify.dylib
0x00007fff68318000 	/usr/lib/system/libsystem_sandbox.dylib
0x00007fff6831d000 	/usr/lib/system/libsystem_secinit.dylib
0x00007fff6824f000 	/usr/lib/system/libsystem_kernel.dylib
0x00007fff68304000 	/usr/lib/system/libsystem_platform.dylib
0x00007fff6830d000 	/usr/lib/system/libsystem_pthread.dylib
0x00007fff68320000 	/usr/lib/system/libsystem_symptoms.dylib
0x00007fff68328000 	/usr/lib/system/libsystem_trace.dylib
0x00007fff68340000 	/usr/lib/system/libunwind.dylib
0x00007fff68346000 	/usr/lib/system/libxpc.dylib
0x00007fff6542c000 	/usr/lib/libc++abi.dylib
0x00007fff66230000 	/usr/lib/liblzma.5.dylib
0x00007fff65eab000 	/usr/lib/libfakelink.dylib
0x00007fff651e5000 	/usr/lib/libarchive.2.dylib
0x00007fff3ba23000 	/System/Library/Frameworks/SystemConfiguration.framework/Versions/A/SystemConfiguration
0x00007fff64b50000 	/usr/lib/libCRFSuite.dylib
0x00007fff2c88a000 	/System/Library/Frameworks/CFNetwork.framework/Versions/A/CFNetwork
0x00007fff653bb000 	/usr/lib/libbsm.0.dylib
0x00007fff6812c000 	/usr/lib/system/libkxld.dylib
0x00007fff41960000 	/System/Library/PrivateFrameworks/AppleFSCompression.framework/Versions/A/AppleFSCompression
0x00007fff65746000 	/usr/lib/libcoretls.dylib
0x00007fff6575d000 	/usr/lib/libcoretls_cfhelpers.dylib
0x00007fff66f99000 	/usr/lib/libpam.2.dylib
0x00007fff670ce000 	/usr/lib/libsqlite3.dylib
0x00007fff6750d000 	/usr/lib/libxar.1.dylib
0x00007fff653cc000 	/usr/lib/libbz2.1.0.dylib
0x00007fff65ecc000 	/usr/lib/libiconv.2.dylib
0x00007fff65442000 	/usr/lib/libcharset.1.dylib
0x00007fff66a36000 	/usr/lib/libnetwork.dylib
0x00007fff66fa0000 	/usr/lib/libpcap.A.dylib
0x00007fff6519a000 	/usr/lib/libapple_nghttp2.dylib
0x00007fff2f7ba000 	/System/Library/Frameworks/CoreServices.framework/Versions/A/Frameworks/FSEvents.framework/Versions/A/FSEvents
0x00007fff2f48a000 	/System/Library/Frameworks/CoreServices.framework/Versions/A/Frameworks/CarbonCore.framework/Versions/A/CarbonCore
0x00007fff2f9fe000 	/System/Library/Frameworks/CoreServices.framework/Versions/A/Frameworks/Metadata.framework/Versions/A/Metadata
0x00007fff2fa97000 	/System/Library/Frameworks/CoreServices.framework/Versions/A/Frameworks/OSServices.framework/Versions/A/OSServices
0x00007fff2fac5000 	/System/Library/Frameworks/CoreServices.framework/Versions/A/Frameworks/SearchKit.framework/Versions/A/SearchKit
0x00007fff2f404000 	/System/Library/Frameworks/CoreServices.framework/Versions/A/Frameworks/AE.framework/Versions/A/AE
0x00007fff2f7c3000 	/System/Library/Frameworks/CoreServices.framework/Versions/A/Frameworks/LaunchServices.framework/Versions/A/LaunchServices
0x00007fff2f76c000 	/System/Library/Frameworks/CoreServices.framework/Versions/A/Frameworks/DictionaryServices.framework/Versions/A/DictionaryServices
0x00007fff2fb2d000 	/System/Library/Frameworks/CoreServices.framework/Versions/A/Frameworks/SharedFileList.framework/Versions/A/SharedFileList
0x00007fff349be000 	/System/Library/Frameworks/NetFS.framework/Versions/A/NetFS
0x00007fff556a7000 	/System/Library/PrivateFrameworks/NetAuth.framework/Versions/A/NetAuth
0x00007fff62030000 	/System/Library/PrivateFrameworks/login.framework/Versions/A/Frameworks/loginsupport.framework/Versions/A/loginsupport
0x00007fff5e93d000 	/System/Library/PrivateFrameworks/TCC.framework/Versions/A/TCC
0x00007fff46591000 	/System/Library/PrivateFrameworks/CoreNLP.framework/Versions/A/CoreNLP
0x00007fff54ba4000 	/System/Library/PrivateFrameworks/MetadataUtilities.framework/Versions/A/MetadataUtilities
0x00007fff66308000 	/usr/lib/libmecabra.dylib
0x00007fff66260000 	/usr/lib/libmecab.dylib
0x00007fff65ebc000 	/usr/lib/libgermantok.dylib
0x00007fff65181000 	/usr/lib/libThaiTokenizer.dylib
0x00007fff64b87000 	/usr/lib/libChineseTokenizer.dylib
0x00007fff29cba000 	/System/Library/Frameworks/Accelerate.framework/Versions/A/Frameworks/vImage.framework/Versions/A/vImage
0x00007fff2b124000 	/System/Library/Frameworks/Accelerate.framework/Versions/A/Frameworks/vecLib.framework/Versions/A/vecLib
0x00007fff2b061000 	/System/Library/Frameworks/Accelerate.framework/Versions/A/Frameworks/vecLib.framework/Versions/A/libvMisc.dylib
0x00007fff2ae89000 	/System/Library/Frameworks/Accelerate.framework/Versions/A/Frameworks/vecLib.framework/Versions/A/libvDSP.dylib
0x00007fff2a311000 	/System/Library/Frameworks/Accelerate.framework/Versions/A/Frameworks/vecLib.framework/Versions/A/libBLAS.dylib
0x00007fff2aa4d000 	/System/Library/Frameworks/Accelerate.framework/Versions/A/Frameworks/vecLib.framework/Versions/A/libLAPACK.dylib
0x00007fff2ade9000 	/System/Library/Frameworks/Accelerate.framework/Versions/A/Frameworks/vecLib.framework/Versions/A/libLinearAlgebra.dylib
0x00007fff2ae76000 	/System/Library/Frameworks/Accelerate.framework/Versions/A/Frameworks/vecLib.framework/Versions/A/libSparseBLAS.dylib
0x00007fff2adff000 	/System/Library/Frameworks/Accelerate.framework/Versions/A/Frameworks/vecLib.framework/Versions/A/libQuadrature.dylib
0x00007fff2a579000 	/System/Library/Frameworks/Accelerate.framework/Versions/A/Frameworks/vecLib.framework/Versions/A/libBNNS.dylib
0x00007fff2ae05000 	/System/Library/Frameworks/Accelerate.framework/Versions/A/Frameworks/vecLib.framework/Versions/A/libSparse.dylib
0x00007fff53718000 	/System/Library/PrivateFrameworks/LanguageModeling.framework/Versions/A/LanguageModeling
0x00007fff45f41000 	/System/Library/PrivateFrameworks/CoreEmoji.framework/Versions/A/CoreEmoji
0x00007fff53836000 	/System/Library/PrivateFrameworks/LinguisticData.framework/Versions/A/LinguisticData
0x00007fff537e7000 	/System/Library/PrivateFrameworks/Lexicon.framework/Versions/A/Lexicon
0x00007fff65443000 	/usr/lib/libcmph.dylib
0x00007fff375ad000 	/System/Library/Frameworks/OpenDirectory.framework/Versions/A/Frameworks/CFOpenDirectory.framework/Versions/A/CFOpenDirectory
0x00007fff375ca000 	/System/Library/Frameworks/OpenDirectory.framework/Versions/A/OpenDirectory
0x00007fff3fa0d000 	/System/Library/PrivateFrameworks/APFS.framework/Versions/A/APFS
0x00007fff3acbc000 	/System/Library/Frameworks/SecurityFoundation.framework/Versions/A/SecurityFoundation
0x00007fff67509000 	/usr/lib/libutil.dylib
0x00007fff47476000 	/System/Library/PrivateFrameworks/CoreServicesStore.framework/Versions/A/CoreServicesStore
0x00007fff3ad73000 	/System/Library/Frameworks/ServiceManagement.framework/Versions/A/ServiceManagement
0x00007fff43130000 	/System/Library/PrivateFrameworks/BackgroundTaskManagement.framework/Versions/A/BackgroundTaskManagement
0x00007fff67606000 	/usr/lib/libxslt.1.dylib
0x00007fff41fd3000 	/System/Library/PrivateFrameworks/AppleSystemInfo.framework/Versions/A/AppleSystemInfo
0x00007fff31162000 	/System/Library/Frameworks/ImageIO.framework/Versions/A/Resources/libJPEG.dylib
0x00007fff31421000 	/System/Library/Frameworks/ImageIO.framework/Versions/A/Resources/libTIFF.dylib
0x00007fff31404000 	/System/Library/Frameworks/ImageIO.framework/Versions/A/Resources/libPng.dylib
0x00007fff310a4000 	/System/Library/Frameworks/ImageIO.framework/Versions/A/Resources/libGIF.dylib
0x00007fff310a8000 	/System/Library/Frameworks/ImageIO.framework/Versions/A/Resources/libJP2.dylib
0x00007fff3141f000 	/System/Library/Frameworks/ImageIO.framework/Versions/A/Resources/libRadiance.dylib
0x00007fff65e85000 	/usr/lib/libexpat.1.dylib
0x00007fff41abb000 	/System/Library/PrivateFrameworks/AppleJPEG.framework/Versions/A/AppleJPEG
0x00007fff4a78c000 	/System/Library/PrivateFrameworks/FontServices.framework/libFontParser.dylib
0x00007fff61032000 	/System/Library/PrivateFrameworks/WatchdogClient.framework/Versions/A/WatchdogClient
0x00007fff52d73000 	/System/Library/PrivateFrameworks/IOAccelerator.framework/Versions/A/IOAccelerator
0x00007fff3392e000 	/System/Library/Frameworks/MetalPerformanceShaders.framework/Versions/A/MetalPerformanceShaders
0x00007fff4f509000 	/System/Library/PrivateFrameworks/GPUWrangler.framework/Versions/A/GPUWrangler
0x00007fff52d88000 	/System/Library/PrivateFrameworks/IOPresentment.framework/Versions/A/IOPresentment
0x00007fff47ff6000 	/System/Library/PrivateFrameworks/DSExternalDisplay.framework/Versions/A/DSExternalDisplay
0x00007fff37f3e000 	/System/Library/Frameworks/OpenGL.framework/Versions/A/Libraries/libCoreFSCache.dylib
0x00007fff3367a000 	/System/Library/Frameworks/MetalPerformanceShaders.framework/Frameworks/MPSCore.framework/Versions/A/MPSCore
0x00007fff336b8000 	/System/Library/Frameworks/MetalPerformanceShaders.framework/Frameworks/MPSImage.framework/Versions/A/MPSImage
0x00007fff3377f000 	/System/Library/Frameworks/MetalPerformanceShaders.framework/Frameworks/MPSNeuralNetwork.framework/Versions/A/MPSNeuralNetwork
0x00007fff33743000 	/System/Library/Frameworks/MetalPerformanceShaders.framework/Frameworks/MPSMatrix.framework/Versions/A/MPSMatrix
0x00007fff338de000 	/System/Library/Frameworks/MetalPerformanceShaders.framework/Frameworks/MPSRayIntersector.framework/Versions/A/MPSRayIntersector
0x00007fff33769000 	/System/Library/Frameworks/MetalPerformanceShaders.framework/Frameworks/MPSNDArray.framework/Versions/A/MPSNDArray
0x00007fff54bf1000 	/System/Library/PrivateFrameworks/MetalTools.framework/Versions/A/MetalTools
0x00007fff40be7000 	/System/Library/PrivateFrameworks/AggregateDictionary.framework/Versions/A/AggregateDictionary
0x00007fff45989000 	/System/Library/PrivateFrameworks/CoreAnalytics.framework/Versions/A/CoreAnalytics
0x00007fff41ef2000 	/System/Library/PrivateFrameworks/AppleSauce.framework/Versions/A/AppleSauce
0x00007fff64e43000 	/usr/lib/libIOReport.dylib
0x00007fff3002e000 	/System/Library/Frameworks/CoreVideo.framework/Versions/A/CoreVideo
0x00007fff50982000 	/System/Library/PrivateFrameworks/GraphVisualizer.framework/Versions/A/GraphVisualizer
0x00007fff49cd2000 	/System/Library/PrivateFrameworks/FaceCore.framework/Versions/A/FaceCore
0x00007fff37554000 	/System/Library/Frameworks/OpenCL.framework/Versions/A/OpenCL
0x00007fff64c65000 	/usr/lib/libFosl_dynamic.dylib
0x00007fff560c7000 	/System/Library/PrivateFrameworks/OTSVG.framework/Versions/A/OTSVG
0x00007fff2c1e3000 	/System/Library/Frameworks/ApplicationServices.framework/Versions/A/Frameworks/ATS.framework/Versions/A/Resources/libFontRegistry.dylib
0x00007fff4a95d000 	/System/Library/PrivateFrameworks/FontServices.framework/libhvf.dylib
0x00007fff37f49000 	/System/Library/Frameworks/OpenGL.framework/Versions/A/Libraries/libGFXShared.dylib
0x00007fff38127000 	/System/Library/Frameworks/OpenGL.framework/Versions/A/Libraries/libGLU.dylib
0x00007fff37f52000 	/System/Library/Frameworks/OpenGL.framework/Versions/A/Libraries/libGL.dylib
0x00007fff37f5d000 	/System/Library/Frameworks/OpenGL.framework/Versions/A/Libraries/libGLImage.dylib
0x00007fff37f3b000 	/System/Library/Frameworks/OpenGL.framework/Versions/A/Libraries/libCVMSPluginSupport.dylib
0x00007fff37f44000 	/System/Library/Frameworks/OpenGL.framework/Versions/A/Libraries/libCoreVMClient.dylib
0x00007fff668d7000 	/usr/lib/libncurses.5.4.dylib
0x00007fff2c0df000 	/System/Library/Frameworks/ApplicationServices.framework/Versions/A/Frameworks/ATS.framework/Versions/A/ATS
0x00007fff2c2ac000 	/System/Library/Frameworks/ApplicationServices.framework/Versions/A/Frameworks/ColorSyncLegacy.framework/Versions/A/ColorSyncLegacy
0x00007fff2c34a000 	/System/Library/Frameworks/ApplicationServices.framework/Versions/A/Frameworks/HIServices.framework/Versions/A/HIServices
0x00007fff2c3a2000 	/System/Library/Frameworks/ApplicationServices.framework/Versions/A/Frameworks/LangAnalysis.framework/Versions/A/LangAnalysis
0x00007fff2c3b1000 	/System/Library/Frameworks/ApplicationServices.framework/Versions/A/Frameworks/PrintCore.framework/Versions/A/PrintCore
0x00007fff2c3f7000 	/System/Library/Frameworks/ApplicationServices.framework/Versions/A/Frameworks/QD.framework/Versions/A/QD
0x00007fff2c402000 	/System/Library/Frameworks/ApplicationServices.framework/Versions/A/Frameworks/SpeechSynthesis.framework/Versions/A/SpeechSynthesis
0x00007fff2c27c000 	/System/Library/Frameworks/ApplicationServices.framework/Versions/A/Frameworks/ATSUI.framework/Versions/A/ATSUI
0x00007fff65d1b000 	/usr/lib/libcups.2.dylib
0x00007fff329c9000 	/System/Library/Frameworks/Kerberos.framework/Versions/A/Kerberos
0x00007fff30b0a000 	/System/Library/Frameworks/GSS.framework/Versions/A/GSS
0x00007fff6705a000 	/usr/lib/libresolv.9.dylib
0x00007fff50b2f000 	/System/Library/PrivateFrameworks/Heimdal.framework/Versions/A/Heimdal
0x00007fff329dc000 	/System/Library/Frameworks/Kerberos.framework/Versions/A/Libraries/libHeimdalProxy.dylib
0x00007fff65ec2000 	/usr/lib/libheimdal-asn1.dylib
0x00007fff44e21000 	/System/Library/PrivateFrameworks/CommonAuth.framework/Versions/A/CommonAuth
0x00007fff42070000 	/System/Library/PrivateFrameworks/AssertionServices.framework/Versions/A/AssertionServices
0x00007fff42c13000 	/System/Library/PrivateFrameworks/AudioToolboxCore.framework/Versions/A/AudioToolboxCore
0x00007fff61ce0000 	/System/Library/PrivateFrameworks/caulk.framework/Versions/A/caulk
0x00007fff431dc000 	/System/Library/PrivateFrameworks/BaseBoard.framework/Versions/A/BaseBoard
0x00007fff5a32a000 	/System/Library/PrivateFrameworks/RunningBoardServices.framework/Versions/A/RunningBoardServices
0x00007fff5733b000 	/System/Library/PrivateFrameworks/PersistentConnection.framework/Versions/A/PersistentConnection
0x00007fff59d23000 	/System/Library/PrivateFrameworks/ProtocolBuffer.framework/Versions/A/ProtocolBuffer
0x00007fff44e45000 	/System/Library/PrivateFrameworks/CommonUtilities.framework/Versions/A/CommonUtilities
0x00007fff4336a000 	/System/Library/PrivateFrameworks/Bom.framework/Versions/A/Bom
0x00007fff64b16000 	/usr/lib/libAudioToolboxUtility.dylib
0x00007fff4313a000 	/System/Library/PrivateFrameworks/Backup.framework/Versions/A/Backup
0x00007fff47f17000 	/System/Library/PrivateFrameworks/CrashReporterSupport.framework/Versions/A/CrashReporterSupport
0x00007fff5bdbc000 	/System/Library/PrivateFrameworks/Sharing.framework/Versions/A/Sharing
0x00007fff4167e000 	/System/Library/PrivateFrameworks/Apple80211.framework/Versions/A/Apple80211
0x00007fff42e57000 	/System/Library/PrivateFrameworks/AuthKit.framework/Versions/A/AuthKit
0x00007fff47c24000 	/System/Library/PrivateFrameworks/CoreUtils.framework/Versions/A/CoreUtils
0x00007fff30073000 	/System/Library/Frameworks/CoreWLAN.framework/Versions/A/CoreWLAN
0x00007fff30c97000 	/System/Library/Frameworks/IOBluetooth.framework/Versions/A/IOBluetooth
0x00007fff54ef6000 	/System/Library/PrivateFrameworks/MobileKeyBag.framework/Versions/A/MobileKeyBag
0x00007fff46a29000 	/System/Library/PrivateFrameworks/CorePhoneNumbers.framework/Versions/A/CorePhoneNumbers
0x00007fff41a6e000 	/System/Library/PrivateFrameworks/AppleIDAuthSupport.framework/Versions/A/AppleIDAuthSupport
0x00007fff349cb000 	/System/Library/Frameworks/Network.framework/Versions/A/Network
0x00007fff535c4000 	/System/Library/PrivateFrameworks/KeychainCircle.framework/Versions/A/KeychainCircle
0x00007fff2dac4000 	/System/Library/Frameworks/CoreBluetooth.framework/Versions/A/CoreBluetooth
0x00007fff5de3b000 	/System/Library/PrivateFrameworks/SpeechRecognitionCore.framework/Versions/A/SpeechRecognitionCore
0x0000000108c00000 	/Users/plawn/.sdkman/candidates/java/21.2.0.r11-grl/lib/server/libjvm.dylib
0x0000000108292000 	/Users/plawn/.sdkman/candidates/java/21.2.0.r11-grl/lib/libverify.dylib
0x00000001082a2000 	/Users/plawn/.sdkman/candidates/java/21.2.0.r11-grl/lib/libjava.dylib
0x00000001082cf000 	/Users/plawn/.sdkman/candidates/java/21.2.0.r11-grl/lib/libjimage.dylib
0x00000001082dd000 	/Users/plawn/.sdkman/candidates/java/21.2.0.r11-grl/lib/libinstrument.dylib
0x00000001082ec000 	/Users/plawn/.sdkman/candidates/java/21.2.0.r11-grl/lib/libjdwp.dylib
0x0000000108371000 	/Users/plawn/.sdkman/candidates/java/21.2.0.r11-grl/lib/libzip.dylib
0x0000000130050000 	/Users/plawn/.sdkman/candidates/java/21.2.0.r11-grl/lib/libjvmcicompiler.dylib
0x00000001083dd000 	/Users/plawn/.sdkman/candidates/java/21.2.0.r11-grl/lib/libnio.dylib
0x0000000116200000 	/Users/plawn/.sdkman/candidates/java/21.2.0.r11-grl/lib/libnet.dylib
0x00000001083ef000 	/Users/plawn/.sdkman/candidates/java/21.2.0.r11-grl/lib/libdt_socket.dylib
0x00000001160e8000 	/Users/plawn/.sdkman/candidates/java/21.2.0.r11-grl/lib/libmanagement.dylib
0x00000001160f2000 	/Users/plawn/.sdkman/candidates/java/21.2.0.r11-grl/lib/libmanagement_ext.dylib
0x0000000116219000 	/Users/plawn/.sdkman/candidates/java/21.2.0.r11-grl/lib/libextnet.dylib


VM Arguments:
jvm_args: -XX:+UnlockExperimentalVMOptions -XX:+EnableJVMCIProduct -XX:-UnlockExperimentalVMOptions -XX:ThreadPriorityPolicy=1 -Xverify:none -Dquarkus-internal.serialized-app-model.path=/Users/plawn/Documents/petiteStack/petit_chat/target/quarkus/bootstrap/dev-app-model.dat -javaagent:/Users/plawn/.m2/repository/io/quarkus/quarkus-class-change-agent/2.15.0.Final/quarkus-class-change-agent-2.15.0.Final.jar -agentlib:jdwp=transport=dt_socket,address=localhost:5005,server=y,suspend=n -Djava.util.logging.manager=org.jboss.logmanager.LogManager 
java_command: /Users/plawn/Documents/petiteStack/petit_chat/target/petit_chat-dev.jar
java_class_path (initial): /Users/plawn/Documents/petiteStack/petit_chat/target/petit_chat-dev.jar
Launcher Type: SUN_STANDARD

[Global flags]
     bool BytecodeVerificationLocal                = false                                     {product} {command line}
     bool BytecodeVerificationRemote               = false                                     {product} {command line}
     intx CICompilerCount                          = 3                                         {product} {ergonomic}
     uint ConcGCThreads                            = 1                                         {product} {ergonomic}
     bool EnableJVMCIProduct                       = true                                {JVMCI product} {jimage}
     uint G1ConcRefinementThreads                  = 4                                         {product} {ergonomic}
   size_t G1HeapRegionSize                         = 1048576                                   {product} {ergonomic}
    uintx GCDrainStackTargetSize                   = 64                                        {product} {ergonomic}
   size_t InitialHeapSize                          = 134217728                                 {product} {ergonomic}
   size_t MarkStackSize                            = 4194304                                   {product} {ergonomic}
   size_t MaxHeapSize                              = 2147483648                                {product} {ergonomic}
   size_t MaxNewSize                               = 1287651328                                {product} {ergonomic}
   size_t MinHeapDeltaBytes                        = 1048576                                   {product} {ergonomic}
    uintx NonNMethodCodeHeapSize                   = 5830732                                {pd product} {ergonomic}
    uintx NonProfiledCodeHeapSize                  = 164856794                              {pd product} {ergonomic}
    uintx ProfiledCodeHeapSize                     = 164856794                              {pd product} {ergonomic}
    uintx ReservedCodeCacheSize                    = 335544320                              {pd product} {ergonomic}
     bool SegmentedCodeCache                       = true                                      {product} {ergonomic}
     intx ThreadPriorityPolicy                     = 1                                         {product} {jimage}
     bool UseCompressedClassPointers               = true                                 {lp64_product} {ergonomic}
     bool UseCompressedOops                        = true                                 {lp64_product} {ergonomic}
     bool UseG1GC                                  = true                                      {product} {ergonomic}

Logging:
Log output configuration:
 #0: stdout all=warning uptime,level,tags
 #1: stderr all=off uptime,level,tags

Environment Variables:
JAVA_HOME=/Users/plawn/.sdkman/candidates/java/current
PATH=/Users/plawn/.pyenv/shims:/Library/Frameworks/Python.framework/Versions/3.8/bin:/Library/Frameworks/Python.framework/Versions/3.9/bin:/Users/plawn/.cargo/bin:/Users/plawn/.yarn/bin:/Users/plawn/.config/yarn/global/node_modules/.bin:/Users/plawn/.deno/bin:/Users/plawn/.bun/bin:/opt/apache-maven-3.6.3/bin:/Users/plawn/Library/pnpm:/Applications/MATLAB_R2016a.app/bin/:/Library/Frameworks/Python.framework/Versions/3.7/bin:/usr/local/bin:/usr/bin:/bin:/usr/sbin:/sbin:/usr/local/go/bin:/Library/Apple/usr/bin:/Users/plawn/.sdkman/candidates/micronaut/current/bin:/Users/plawn/.sdkman/candidates/java/current/bin:/Users/plawn/.pyenv/shims:/Library/Frameworks/Python.framework/Versions/3.8/bin:/Library/Frameworks/Python.framework/Versions/3.9/bin:/Users/plawn/.cargo/bin:/Users/plawn/.yarn/bin:/Users/plawn/.config/yarn/global/node_modules/.bin:/Users/plawn/.deno/bin:/Users/plawn/.bun/bin:/opt/apache-maven-3.6.3/bin:/Users/plawn/Library/pnpm:/Applications/MATLAB_R2016a.app/bin/:/Library/Frameworks/Python.framework/Versions/3.7/bin:/Users/plawn/Applications/Tools/flutter/bin:/Users/plawn/Applications/Tools/flutter/bin
SHELL=/bin/bash
LANG=fr_FR.UTF-8

Signal Handlers:
SIGSEGV: [libjvm.dylib+0x7a19d8], sa_mask[0]=11111111011111110111111111111111, sa_flags=SA_ONSTACK|SA_RESTART|SA_SIGINFO
SIGBUS: [libjvm.dylib+0x7a19d8], sa_mask[0]=11111111011111110111111111111111, sa_flags=SA_RESTART|SA_SIGINFO
SIGFPE: [libjvm.dylib+0x7a19d8], sa_mask[0]=11111111011111110111111111111111, sa_flags=SA_RESTART|SA_SIGINFO
SIGPIPE: [libjvm.dylib+0x65df15], sa_mask[0]=11111111011111110111111111111111, sa_flags=SA_RESTART|SA_SIGINFO
SIGXFSZ: [libjvm.dylib+0x65df15], sa_mask[0]=11111111011111110111111111111111, sa_flags=SA_RESTART|SA_SIGINFO
SIGILL: [libjvm.dylib+0x7a19d8], sa_mask[0]=11111111011111110111111111111111, sa_flags=SA_RESTART|SA_SIGINFO
SIGUSR2: [libjvm.dylib+0x65e4ff], sa_mask[0]=00100000000000000000000000000000, sa_flags=SA_RESTART|SA_SIGINFO
SIGHUP: [libjvm.dylib+0x65d087], sa_mask[0]=11111111011111110111111111111111, sa_flags=SA_RESTART|SA_SIGINFO
SIGINT: [libjvm.dylib+0x65d087], sa_mask[0]=11111111011111110111111111111111, sa_flags=SA_RESTART|SA_SIGINFO
SIGTERM: [libjvm.dylib+0x65d087], sa_mask[0]=11111111011111110111111111111111, sa_flags=SA_RESTART|SA_SIGINFO
SIGQUIT: [libjvm.dylib+0x65d087], sa_mask[0]=11111111011111110111111111111111, sa_flags=SA_RESTART|SA_SIGINFO


---------------  S Y S T E M  ---------------

OS:uname:Darwin 19.6.0 Darwin Kernel Version 19.6.0: Mon Aug 31 22:12:52 PDT 2020; root:xnu-6153.141.2~1/RELEASE_X86_64 x86_64
OS uptime: 0 days 16:24 hours
rlimit (soft/hard): STACK 8192k/65532k , CORE 0k/infinity , NPROC 1392/2088 , NOFILE 10240/infinity , AS infinity/infinity , CPU infinity/infinity , DATA infinity/infinity , FSIZE infinity/infinity , MEMLOCK infinity/infinity , RSS infinity/infinity
load average:5,72 3,81 3,50

CPU:total 4 (initial active 4) (2 cores per cpu, 2 threads per core) family 6 model 142 stepping 9 microcode 0xd6, cmov, cx8, fxsr, mmx, sse, sse2, sse3, ssse3, sse4.1, sse4.2, popcnt, avx, avx2, aes, clmul, erms, rtm, 3dnowpref, lzcnt, ht, tsc, tscinvbit, bmi1, bmi2, adx, fma

Memory: 4k page, physical 8388608k(78480k free), swap 3145728k(444928k free)

vm_info: OpenJDK 64-Bit Server VM (11.0.12+6-jvmci-21.2-b08) for bsd-amd64 JRE (11.0.12+6-jvmci-21.2-b08), built on Jul 19 2021 17:16:18 by "graal" with clang 4.2.1 Compatible Apple LLVM 10.0.0 (clang-1000.11.45.5)

END.
